[0.625s] Invoking command in '/home/markros2/rosproject/src/pubsub': PYTHONPATH=/home/markros2/rosproject/install/pubsub/lib/python3.8/site-packages:${PYTHONPATH} /usr/bin/python3 setup.py egg_info --egg-base ../../build/pubsub build --build-base /home/markros2/rosproject/build/pubsub/build install --prefix /home/markros2/rosproject/install/pubsub --record /home/markros2/rosproject/build/pubsub/install.log --single-version-externally-managed
[0.847s] running egg_info
[0.848s] writing ../../build/pubsub/pubsub.egg-info/PKG-INFO
[0.848s] writing dependency_links to ../../build/pubsub/pubsub.egg-info/dependency_links.txt
[0.848s] writing entry points to ../../build/pubsub/pubsub.egg-info/entry_points.txt
[0.849s] writing requirements to ../../build/pubsub/pubsub.egg-info/requires.txt
[0.849s] writing top-level names to ../../build/pubsub/pubsub.egg-info/top_level.txt
[0.884s] reading manifest file '../../build/pubsub/pubsub.egg-info/SOURCES.txt'
[0.885s] writing manifest file '../../build/pubsub/pubsub.egg-info/SOURCES.txt'
[0.885s] running build
[0.885s] running build_py
[0.885s] copying pubsub/publisher.py -> /home/markros2/rosproject/build/pubsub/build/lib/pubsub
[0.886s] running install
[0.886s] running install_lib
[0.887s] copying /home/markros2/rosproject/build/pubsub/build/lib/pubsub/publisher.py -> /home/markros2/rosproject/install/pubsub/lib/python3.8/site-packages/pubsub
[0.888s] byte-compiling /home/markros2/rosproject/install/pubsub/lib/python3.8/site-packages/pubsub/publisher.py to publisher.cpython-38.pyc
[0.889s]   File "/home/markros2/rosproject/install/pubsub/lib/python3.8/site-packages/pubsub/publisher.py", line 5
[0.889s]     from geom
[0.889s]             ^
[0.889s] SyntaxError: invalid syntax
[0.889s] 
[0.889s] running install_data
[0.890s] running install_egg_info
[0.891s] removing '/home/markros2/rosproject/install/pubsub/lib/python3.8/site-packages/pubsub-0.0.0-py3.8.egg-info' (and everything under it)
[0.891s] Copying ../../build/pubsub/pubsub.egg-info to /home/markros2/rosproject/install/pubsub/lib/python3.8/site-packages/pubsub-0.0.0-py3.8.egg-info
[0.892s] running install_scripts
[0.915s] Installing publisher script to /home/markros2/rosproject/install/pubsub/lib/pubsub
[0.915s] Installing subscriber script to /home/markros2/rosproject/install/pubsub/lib/pubsub
[0.915s] writing list of installed files to '/home/markros2/rosproject/build/pubsub/install.log'
[0.943s] Invoked command in '/home/markros2/rosproject/src/pubsub' returned '0': PYTHONPATH=/home/markros2/rosproject/install/pubsub/lib/python3.8/site-packages:${PYTHONPATH} /usr/bin/python3 setup.py egg_info --egg-base ../../build/pubsub build --build-base /home/markros2/rosproject/build/pubsub/build install --prefix /home/markros2/rosproject/install/pubsub --record /home/markros2/rosproject/build/pubsub/install.log --single-version-externally-managed
