[0.797s] Invoking command in '/home/text/rosproject/src/my_robot_slam': PYTHONPATH=/home/text/rosproject/install/my_robot_slam/lib/python3.8/site-packages:${PYTHONPATH} /usr/bin/python3 setup.py egg_info --egg-base ../../build/my_robot_slam build --build-base /home/text/rosproject/build/my_robot_slam/build install --prefix /home/text/rosproject/install/my_robot_slam --record /home/text/rosproject/build/my_robot_slam/install.log --single-version-externally-managed
[0.979s] running egg_info
[0.980s] writing ../../build/my_robot_slam/my_robot_slam.egg-info/PKG-INFO
[0.980s] writing dependency_links to ../../build/my_robot_slam/my_robot_slam.egg-info/dependency_links.txt
[0.981s] writing entry points to ../../build/my_robot_slam/my_robot_slam.egg-info/entry_points.txt
[0.981s] writing requirements to ../../build/my_robot_slam/my_robot_slam.egg-info/requires.txt
[0.982s] writing top-level names to ../../build/my_robot_slam/my_robot_slam.egg-info/top_level.txt
[1.013s] reading manifest file '../../build/my_robot_slam/my_robot_slam.egg-info/SOURCES.txt'
[1.013s] writing manifest file '../../build/my_robot_slam/my_robot_slam.egg-info/SOURCES.txt'
[1.013s] running build
[1.013s] running build_py
[1.013s] running install
[1.014s] running install_lib
[1.015s] running install_data
[1.016s] running install_egg_info
[1.017s] removing '/home/text/rosproject/install/my_robot_slam/lib/python3.8/site-packages/my_robot_slam-0.0.0-py3.8.egg-info' (and everything under it)
[1.017s] Copying ../../build/my_robot_slam/my_robot_slam.egg-info to /home/text/rosproject/install/my_robot_slam/lib/python3.8/site-packages/my_robot_slam-0.0.0-py3.8.egg-info
[1.018s] running install_scripts
[1.033s] writing list of installed files to '/home/text/rosproject/build/my_robot_slam/install.log'
[1.057s] Invoked command in '/home/text/rosproject/src/my_robot_slam' returned '0': PYTHONPATH=/home/text/rosproject/install/my_robot_slam/lib/python3.8/site-packages:${PYTHONPATH} /usr/bin/python3 setup.py egg_info --egg-base ../../build/my_robot_slam build --build-base /home/text/rosproject/build/my_robot_slam/build install --prefix /home/text/rosproject/install/my_robot_slam --record /home/text/rosproject/build/my_robot_slam/install.log --single-version-externally-managed
