[0.194s] Invoking command in '/home/markros2/rosproject/build/slam_toolbox': CMAKE_PREFIX_PATH=${CMAKE_PREFIX_PATH}:/home/markros2/project/install/slam:/opt/ros/foxy /usr/bin/cmake /home/markros2/rosproject/src/slam_toolbox -DCMAKE_INSTALL_PREFIX=/home/markros2/rosproject/install/slam_toolbox
[0.382s] -- The C compiler identification is GNU 9.3.0
[0.549s] -- The CXX compiler identification is GNU 9.3.0
[0.566s] -- Check for working C compiler: /usr/bin/cc
[0.630s] -- Check for working C compiler: /usr/bin/cc -- works
[0.633s] -- Detecting C compiler ABI info
[0.688s] -- Detecting C compiler ABI info - done
[0.700s] -- Detecting C compile features
[0.701s] -- Detecting C compile features - done
[0.706s] -- Check for working CXX compiler: /usr/bin/c++
[0.768s] -- Check for working CXX compiler: /usr/bin/c++ -- works
[0.769s] -- Detecting CXX compiler ABI info
[0.834s] -- Detecting CXX compiler ABI info - done
[0.845s] -- Detecting CXX compile features
[0.845s] -- Detecting CXX compile features - done
[0.860s] -- Found ament_cmake: 0.9.8 (/opt/ros/foxy/share/ament_cmake/cmake)
[0.898s] -- Found PythonInterp: /usr/bin/python3 (found suitable version "3.8.5", minimum required is "3") 
[0.898s] -- Using PYTHON_EXECUTABLE: /usr/bin/python3
[1.138s] -- Found message_filters: 3.2.5 (/opt/ros/foxy/share/message_filters/cmake)
[1.148s] -- Found nav_msgs: 2.0.4 (/opt/ros/foxy/share/nav_msgs/cmake)
[1.211s] -- Using all available rosidl_typesupport_c: rosidl_typesupport_fastrtps_c;rosidl_typesupport_introspection_c
[1.229s] -- Found rosidl_adapter: 1.2.1 (/opt/ros/foxy/share/rosidl_adapter/cmake)
[1.343s] -- Found OpenSSL: /usr/lib/x86_64-linux-gnu/libcrypto.so (found version "1.1.1f")  
[1.378s] -- Found FastRTPS: /opt/ros/foxy/include  
[1.496s] -- Using all available rosidl_typesupport_cpp: rosidl_typesupport_fastrtps_cpp;rosidl_typesupport_introspection_cpp
[1.724s] -- Found rclcpp: 2.3.1 (/opt/ros/foxy/share/rclcpp/cmake)
[1.824s] -- Found rmw_implementation_cmake: 1.0.3 (/opt/ros/foxy/share/rmw_implementation_cmake/cmake)
[1.829s] -- Using RMW implementation 'rmw_fastrtps_cpp' as default
[1.833s] -- Looking for pthread.h
[1.918s] -- Looking for pthread.h - found
[1.919s] -- Performing Test CMAKE_HAVE_LIBC_PTHREAD
[1.977s] -- Performing Test CMAKE_HAVE_LIBC_PTHREAD - Failed
[1.978s] -- Looking for pthread_create in pthreads
[2.025s] -- Looking for pthread_create in pthreads - not found
[2.025s] -- Looking for pthread_create in pthread
[2.079s] -- Looking for pthread_create in pthread - found
[2.080s] -- Found Threads: TRUE  
[2.268s] -- Found sensor_msgs: 2.0.4 (/opt/ros/foxy/share/sensor_msgs/cmake)
[2.360s] -- Found tf2: 0.13.10 (/opt/ros/foxy/share/tf2/cmake)
[2.381s] -- Found tf2_ros: 0.13.10 (/opt/ros/foxy/share/tf2_ros/cmake)
[2.794s] -- Found visualization_msgs: 2.0.4 (/opt/ros/foxy/share/visualization_msgs/cmake)
[2.879s] -- Found pluginlib: 2.5.3 (/opt/ros/foxy/share/pluginlib/cmake)
[2.906s] -- Found tf2_geometry_msgs: 0.13.10 (/opt/ros/foxy/share/tf2_geometry_msgs/cmake)
[2.920s] -- Found eigen3_cmake_module: 0.1.1 (/opt/ros/foxy/share/eigen3_cmake_module/cmake)
[2.928s] -- Found Eigen3: TRUE (found version "3.3.7") 
[2.958s] -- Found tf2_sensor_msgs: 0.13.10 (/opt/ros/foxy/share/tf2_sensor_msgs/cmake)
[2.977s] -- Found std_srvs: 2.0.4 (/opt/ros/foxy/share/std_srvs/cmake)
[3.002s] -- Found rosidl_default_generators: 1.0.1 (/opt/ros/foxy/share/rosidl_default_generators/cmake)
[3.024s] -- Found nav2_map_server: 0.4.7 (/opt/ros/foxy/share/nav2_map_server/cmake)
[3.030s] -- Found rviz_common: 8.2.1 (/opt/ros/foxy/share/rviz_common/cmake)
[3.100s] -- Setting OGRE_DIR to: '/opt/ros/foxy/share/rviz_ogre_vendor/cmake/../../../opt/rviz_ogre_vendor/lib/OGRE/cmake'
[3.106s] -- Found OGRE
[3.107s] --   static     : OFF
[3.107s] --   components : HLMS;MeshLodGenerator;Overlay;Paging;Property;RTShaderSystem;Terrain;Volume
[3.107s] --   plugins    : Plugin_BSPSceneManager;Plugin_OctreeSceneManager;Plugin_PCZSceneManager;Plugin_ParticleFX;RenderSystem_GL;RenderSystem_GL3Plus;Codec_STBI
[3.107s] --   media      : /opt/ros/foxy/opt/rviz_ogre_vendor/share/OGRE/Media
[3.107s] -- OGRE_LIBRARIES: OgreHLMS;OgreMeshLodGenerator;OgreOverlay;OgrePaging;OgreProperty;OgreRTShaderSystem;OgreTerrain;OgreVolume;OgreMain
[3.107s] -- OGRE_LIBRARY_DIRS: /opt/ros/foxy/opt/rviz_ogre_vendor/lib
[3.107s] -- OGRE_PLUGINS: Plugin_BSPSceneManager;Plugin_OctreeSceneManager;Plugin_PCZSceneManager;Plugin_ParticleFX;RenderSystem_GL;RenderSystem_GL3Plus;Codec_STBI
[3.107s] -- OGRE_PLUGIN_DIR: /opt/ros/foxy/opt/rviz_ogre_vendor/lib/OGRE
[3.107s] -- rviz_ogre_vendor::OgreOverlay for IMPORTED_LOCATION_RELEASE: /opt/ros/foxy/opt/rviz_ogre_vendor/lib/libOgreOverlay.so
[3.107s] -- rviz_ogre_vendor::OgreOverlay for IMPORTED_LOCATION_DEBUG: /opt/ros/foxy/opt/rviz_ogre_vendor/lib/libOgreOverlay.so
[3.107s] -- rviz_ogre_vendor::OgreMain for IMPORTED_LOCATION_RELEASE: /opt/ros/foxy/opt/rviz_ogre_vendor/lib/libOgreMain.so
[3.107s] -- rviz_ogre_vendor::OgreMain for IMPORTED_LOCATION_DEBUG: /opt/ros/foxy/opt/rviz_ogre_vendor/lib/libOgreMain.so
[3.133s] -- Found ZLIB: /usr/lib/x86_64-linux-gnu/libz.so (found version "1.2.11") 
[3.142s] -- Found OpenGL: /usr/lib/x86_64-linux-gnu/libOpenGL.so   
[3.225s] -- Found X11: /usr/include   
[3.226s] -- Looking for XOpenDisplay in /usr/lib/x86_64-linux-gnu/libX11.so;/usr/lib/x86_64-linux-gnu/libXext.so
[3.319s] -- Looking for XOpenDisplay in /usr/lib/x86_64-linux-gnu/libX11.so;/usr/lib/x86_64-linux-gnu/libXext.so - found
[3.320s] -- Looking for gethostbyname
[3.427s] -- Looking for gethostbyname - found
[3.427s] -- Looking for connect
[3.482s] -- Looking for connect - found
[3.482s] -- Looking for remove
[3.536s] -- Looking for remove - found
[3.536s] -- Looking for shmat
[3.591s] -- Looking for shmat - found
[3.591s] -- Looking for IceConnectionNumber in ICE
[3.646s] -- Looking for IceConnectionNumber in ICE - found
[3.649s] -- rviz_ogre_vendor::RenderSystem_GL for IMPORTED_LOCATION_RELEASE: _render_system_gl_static_library_abs-NOTFOUND
[3.649s] -- rviz_ogre_vendor::RenderSystem_GL for IMPORTED_LOCATION_DEBUG: _render_system_gl_static_library_abs-NOTFOUND
[3.719s] -- library: /usr/lib/x86_64-linux-gnu/libcurl.so
[3.815s] -- Setting yaml-cpp_DIR to: '/opt/ros/foxy/share/yaml_cpp_vendor/cmake/../../../opt/yaml_cpp_vendor/lib/cmake/yaml-cpp'
[3.825s] -- Found rviz_default_plugins: 8.2.1 (/opt/ros/foxy/share/rviz_default_plugins/cmake)
[4.222s] -- Found Boost: /usr/lib/x86_64-linux-gnu/cmake/Boost-1.71.0/BoostConfig.cmake (found version "1.71.0") found components: system serialization filesystem thread 
[4.330s] -- Found PkgConfig: /usr/bin/pkg-config (found version "0.29.1") 
[4.335s] -- Found CSPARSE: /usr/include/suitesparse  
[4.376s] -- Found CHOLMOD: /usr/include/suitesparse  
[4.381s] -- Looking for sgemm_
[4.437s] -- Looking for sgemm_ - not found
[4.470s] -- Looking for sgemm_
[4.537s] -- Looking for sgemm_ - found
[4.537s] -- Found BLAS: /usr/lib/x86_64-linux-gnu/libblas.so  
[4.539s] -- Looking for cheev_
[4.603s] -- Looking for cheev_ - not found
[4.613s] -- Looking for cheev_
[4.692s] -- Looking for cheev_ - found
[4.692s] -- A library with LAPACK API found.
[4.700s] -- Found installed version of Eigen: /usr/lib/cmake/eigen3
[4.707s] -- Found required Ceres dependency: Eigen version 3.3.7 in /usr/include/eigen3
[4.711s] -- Found required Ceres dependency: glog
[4.718s] -- Found installed version of gflags: /usr/lib/x86_64-linux-gnu/cmake/gflags
[4.718s] -- Detected gflags version: 2.2.2
[4.722s] -- Found required Ceres dependency: gflags
[4.724s] -- Found Ceres version: 1.14.0 installed in: /usr with components: [EigenSparse, SparseLinearAlgebraLibrary, LAPACK, SuiteSparse, CXSparse, SchurSpecializations, OpenMP, Multithreading]
[4.757s] -- Found PythonInterp: /usr/bin/python3 (found version "3.8.5") 
[5.029s] -- Found ament_cmake_ros: 0.9.1 (/opt/ros/foxy/share/ament_cmake_ros/cmake)
[5.335s] -- Using all available rosidl_typesupport_c: rosidl_typesupport_fastrtps_c;rosidl_typesupport_introspection_c
[5.481s] -- Using all available rosidl_typesupport_cpp: rosidl_typesupport_fastrtps_cpp;rosidl_typesupport_introspection_cpp
[5.506s] -- Found PythonInterp: /usr/bin/python3 (found suitable version "3.8.5", minimum required is "3.5") 
[5.509s] -- Found python_cmake_module: 0.8.1 (/opt/ros/foxy/share/python_cmake_module/cmake)
[5.541s] -- Found PythonLibs: /usr/lib/x86_64-linux-gnu/libpython3.8.so (found suitable version "3.8.5", minimum required is "3.5") 
[5.541s] -- Using PYTHON_EXECUTABLE: /usr/bin/python3
[5.541s] -- Using PYTHON_INCLUDE_DIRS: /usr/include/python3.8
[5.541s] -- Using PYTHON_LIBRARIES: /usr/lib/x86_64-linux-gnu/libpython3.8.so
[5.559s] -- Found PythonExtra: .so  
[5.725s] -- Configuring done
[6.107s] -- Generating done
[6.111s] -- Build files have been written to: /home/markros2/rosproject/build/slam_toolbox
[6.125s] Invoked command in '/home/markros2/rosproject/build/slam_toolbox' returned '0': CMAKE_PREFIX_PATH=${CMAKE_PREFIX_PATH}:/home/markros2/project/install/slam:/opt/ros/foxy /usr/bin/cmake /home/markros2/rosproject/src/slam_toolbox -DCMAKE_INSTALL_PREFIX=/home/markros2/rosproject/install/slam_toolbox
[6.127s] Invoking command in '/home/markros2/rosproject/build/slam_toolbox': CMAKE_PREFIX_PATH=${CMAKE_PREFIX_PATH}:/home/markros2/project/install/slam:/opt/ros/foxy /usr/bin/cmake --build /home/markros2/rosproject/build/slam_toolbox -- -j12 -l12
[6.166s] [35m[1mScanning dependencies of target kartoSlamToolbox[0m
[6.166s] [35m[1mScanning dependencies of target slam_toolbox__cpp[0m
[6.167s] [  1%] [34m[1mGenerating C code for ROS interfaces[0m
[6.176s] [  2%] [34m[1mGenerating C++ code for ROS interfaces[0m
[6.680s] [  3%] [32mBuilding CXX object lib/karto_sdk/CMakeFiles/kartoSlamToolbox.dir/src/Karto.cpp.o[0m
[6.684s] [  3%] [32mBuilding CXX object lib/karto_sdk/CMakeFiles/kartoSlamToolbox.dir/src/Mapper.cpp.o[0m
[6.932s] [  3%] Built target slam_toolbox__cpp
[6.946s] [  6%] [34m[1mGenerating C++ type support dispatch for ROS interfaces[0m
[6.946s] [  6%] [34m[1mGenerating C++ type support for eProsima Fast-RTPS[0m
[6.947s] [  6%] [34m[1mGenerating C++ introspection for ROS interfaces[0m
[7.010s] [35m[1mScanning dependencies of target slam_toolbox__rosidl_generator_c[0m
[7.037s] [  7%] [32mBuilding C object CMakeFiles/slam_toolbox__rosidl_generator_c.dir/rosidl_generator_c/slam_toolbox/srv/detail/clear__functions.c.o[0m
[7.038s] [  9%] [32mBuilding C object CMakeFiles/slam_toolbox__rosidl_generator_c.dir/rosidl_generator_c/slam_toolbox/srv/detail/pause__functions.c.o[0m
[7.038s] [  9%] [32mBuilding C object CMakeFiles/slam_toolbox__rosidl_generator_c.dir/rosidl_generator_c/slam_toolbox/srv/detail/clear_queue__functions.c.o[0m
[7.038s] [  9%] [32mBuilding C object CMakeFiles/slam_toolbox__rosidl_generator_c.dir/rosidl_generator_c/slam_toolbox/srv/detail/toggle_interactive__functions.c.o[0m
[7.041s] [  9%] [32mBuilding C object CMakeFiles/slam_toolbox__rosidl_generator_c.dir/rosidl_generator_c/slam_toolbox/srv/detail/save_map__functions.c.o[0m
[7.043s] [ 10%] [32mBuilding C object CMakeFiles/slam_toolbox__rosidl_generator_c.dir/rosidl_generator_c/slam_toolbox/srv/detail/loop_closure__functions.c.o[0m
[7.047s] [ 11%] [32mBuilding C object CMakeFiles/slam_toolbox__rosidl_generator_c.dir/rosidl_generator_c/slam_toolbox/srv/detail/merge_maps__functions.c.o[0m
[7.154s] [ 12%] [32mBuilding C object CMakeFiles/slam_toolbox__rosidl_generator_c.dir/rosidl_generator_c/slam_toolbox/srv/detail/add_submap__functions.c.o[0m
[7.158s] [ 13%] [32mBuilding C object CMakeFiles/slam_toolbox__rosidl_generator_c.dir/rosidl_generator_c/slam_toolbox/srv/detail/deserialize_pose_graph__functions.c.o[0m
[7.158s] [ 13%] [32mBuilding C object CMakeFiles/slam_toolbox__rosidl_generator_c.dir/rosidl_generator_c/slam_toolbox/srv/detail/serialize_pose_graph__functions.c.o[0m
[7.233s] [ 14%] [32m[1mLinking C shared library libslam_toolbox__rosidl_generator_c.so[0m
[7.327s] [ 14%] Built target slam_toolbox__rosidl_generator_c
[7.338s] [ 16%] [34m[1mGenerating C type support dispatch for ROS interfaces[0m
[7.338s] [ 16%] [34m[1mGenerating C introspection for ROS interfaces[0m
[7.549s] [35m[1mScanning dependencies of target slam_toolbox__rosidl_typesupport_cpp[0m
[7.574s] [ 17%] [32mBuilding CXX object CMakeFiles/slam_toolbox__rosidl_typesupport_cpp.dir/rosidl_typesupport_cpp/slam_toolbox/srv/save_map__type_support.cpp.o[0m
[7.577s] [ 18%] [32mBuilding CXX object CMakeFiles/slam_toolbox__rosidl_typesupport_cpp.dir/rosidl_typesupport_cpp/slam_toolbox/srv/toggle_interactive__type_support.cpp.o[0m
[7.577s] [ 19%] [32mBuilding CXX object CMakeFiles/slam_toolbox__rosidl_typesupport_cpp.dir/rosidl_typesupport_cpp/slam_toolbox/srv/pause__type_support.cpp.o[0m
[7.577s] [ 20%] [32mBuilding CXX object CMakeFiles/slam_toolbox__rosidl_typesupport_cpp.dir/rosidl_typesupport_cpp/slam_toolbox/srv/clear__type_support.cpp.o[0m
[7.578s] [ 20%] [32mBuilding CXX object CMakeFiles/slam_toolbox__rosidl_typesupport_cpp.dir/rosidl_typesupport_cpp/slam_toolbox/srv/clear_queue__type_support.cpp.o[0m
[7.587s] [ 20%] [32mBuilding CXX object CMakeFiles/slam_toolbox__rosidl_typesupport_cpp.dir/rosidl_typesupport_cpp/slam_toolbox/srv/loop_closure__type_support.cpp.o[0m
[7.951s] [35m[1mScanning dependencies of target slam_toolbox__rosidl_typesupport_introspection_cpp[0m
[7.987s] [ 21%] [32mBuilding CXX object CMakeFiles/slam_toolbox__rosidl_typesupport_introspection_cpp.dir/rosidl_typesupport_introspection_cpp/slam_toolbox/srv/detail/pause__type_support.cpp.o[0m
[8.014s] [ 22%] [32mBuilding CXX object CMakeFiles/slam_toolbox__rosidl_typesupport_cpp.dir/rosidl_typesupport_cpp/slam_toolbox/srv/merge_maps__type_support.cpp.o[0m
[8.019s] [ 23%] [32mBuilding CXX object CMakeFiles/slam_toolbox__rosidl_typesupport_introspection_cpp.dir/rosidl_typesupport_introspection_cpp/slam_toolbox/srv/detail/clear_queue__type_support.cpp.o[0m
[8.048s] [ 24%] [32mBuilding CXX object CMakeFiles/slam_toolbox__rosidl_typesupport_cpp.dir/rosidl_typesupport_cpp/slam_toolbox/srv/add_submap__type_support.cpp.o[0m
[8.049s] [ 24%] [32mBuilding CXX object CMakeFiles/slam_toolbox__rosidl_typesupport_cpp.dir/rosidl_typesupport_cpp/slam_toolbox/srv/deserialize_pose_graph__type_support.cpp.o[0m
[8.054s] [ 24%] [32mBuilding CXX object CMakeFiles/slam_toolbox__rosidl_typesupport_introspection_cpp.dir/rosidl_typesupport_introspection_cpp/slam_toolbox/srv/detail/toggle_interactive__type_support.cpp.o[0m
[8.068s] [ 25%] [32mBuilding CXX object CMakeFiles/slam_toolbox__rosidl_typesupport_introspection_cpp.dir/rosidl_typesupport_introspection_cpp/slam_toolbox/srv/detail/clear__type_support.cpp.o[0m
[8.102s] [35m[1mScanning dependencies of target slam_toolbox__rosidl_typesupport_fastrtps_cpp[0m
[8.112s] [35m[1mScanning dependencies of target slam_toolbox__rosidl_typesupport_c[0m
[8.139s] [ 25%] [32mBuilding CXX object CMakeFiles/slam_toolbox__rosidl_typesupport_c.dir/rosidl_typesupport_c/slam_toolbox/srv/pause__type_support.cpp.o[0m
[8.187s] [ 26%] [32mBuilding CXX object CMakeFiles/slam_toolbox__rosidl_typesupport_fastrtps_cpp.dir/rosidl_typesupport_fastrtps_cpp/slam_toolbox/srv/detail/dds_fastrtps/pause__type_support.cpp.o[0m
[8.204s] [ 27%] [32mBuilding CXX object CMakeFiles/slam_toolbox__rosidl_typesupport_c.dir/rosidl_typesupport_c/slam_toolbox/srv/clear_queue__type_support.cpp.o[0m
[8.254s] [ 28%] [32mBuilding CXX object CMakeFiles/slam_toolbox__rosidl_typesupport_c.dir/rosidl_typesupport_c/slam_toolbox/srv/toggle_interactive__type_support.cpp.o[0m
[8.302s] [ 28%] [32mBuilding CXX object CMakeFiles/slam_toolbox__rosidl_typesupport_c.dir/rosidl_typesupport_c/slam_toolbox/srv/clear__type_support.cpp.o[0m
[8.348s] [ 29%] [32mBuilding CXX object CMakeFiles/slam_toolbox__rosidl_typesupport_c.dir/rosidl_typesupport_c/slam_toolbox/srv/save_map__type_support.cpp.o[0m
[8.393s] [ 30%] [32mBuilding CXX object CMakeFiles/slam_toolbox__rosidl_typesupport_c.dir/rosidl_typesupport_c/slam_toolbox/srv/loop_closure__type_support.cpp.o[0m
[8.441s] [ 31%] [32mBuilding CXX object CMakeFiles/slam_toolbox__rosidl_typesupport_c.dir/rosidl_typesupport_c/slam_toolbox/srv/merge_maps__type_support.cpp.o[0m
[8.444s] [ 32%] [32mBuilding CXX object CMakeFiles/slam_toolbox__rosidl_typesupport_introspection_cpp.dir/rosidl_typesupport_introspection_cpp/slam_toolbox/srv/detail/save_map__type_support.cpp.o[0m
[8.486s] [ 32%] [32mBuilding CXX object CMakeFiles/slam_toolbox__rosidl_typesupport_c.dir/rosidl_typesupport_c/slam_toolbox/srv/add_submap__type_support.cpp.o[0m
[8.500s] [ 32%] [32mBuilding CXX object CMakeFiles/slam_toolbox__rosidl_typesupport_introspection_cpp.dir/rosidl_typesupport_introspection_cpp/slam_toolbox/srv/detail/loop_closure__type_support.cpp.o[0m
[8.516s] [35m[1mScanning dependencies of target slam_toolbox__rosidl_typesupport_introspection_c[0m
[8.518s] [ 33%] [32mBuilding CXX object CMakeFiles/slam_toolbox__rosidl_typesupport_c.dir/rosidl_typesupport_c/slam_toolbox/srv/deserialize_pose_graph__type_support.cpp.o[0m
[8.522s] [ 34%] [32mBuilding CXX object CMakeFiles/slam_toolbox__rosidl_typesupport_c.dir/rosidl_typesupport_c/slam_toolbox/srv/serialize_pose_graph__type_support.cpp.o[0m
[8.535s] [ 35%] [32mBuilding CXX object CMakeFiles/slam_toolbox__rosidl_typesupport_cpp.dir/rosidl_typesupport_cpp/slam_toolbox/srv/serialize_pose_graph__type_support.cpp.o[0m
[8.538s] [ 35%] [32mBuilding CXX object CMakeFiles/slam_toolbox__rosidl_typesupport_fastrtps_cpp.dir/rosidl_typesupport_fastrtps_cpp/slam_toolbox/srv/detail/dds_fastrtps/clear_queue__type_support.cpp.o[0m
[8.538s] [ 36%] [32mBuilding CXX object CMakeFiles/slam_toolbox__rosidl_typesupport_introspection_cpp.dir/rosidl_typesupport_introspection_cpp/slam_toolbox/srv/detail/merge_maps__type_support.cpp.o[0m
[8.555s] [ 37%] [32mBuilding CXX object CMakeFiles/slam_toolbox__rosidl_typesupport_introspection_cpp.dir/rosidl_typesupport_introspection_cpp/slam_toolbox/srv/detail/add_submap__type_support.cpp.o[0m
[8.561s] [ 38%] [32mBuilding C object CMakeFiles/slam_toolbox__rosidl_typesupport_introspection_c.dir/rosidl_typesupport_introspection_c/slam_toolbox/srv/detail/pause__type_support.c.o[0m
[8.566s] [ 39%] [32mBuilding C object CMakeFiles/slam_toolbox__rosidl_typesupport_introspection_c.dir/rosidl_typesupport_introspection_c/slam_toolbox/srv/detail/clear_queue__type_support.c.o[0m
[8.566s] [ 39%] [32m[1mLinking CXX shared library libslam_toolbox__rosidl_typesupport_c.so[0m
[8.622s] [ 40%] [32mBuilding CXX object CMakeFiles/slam_toolbox__rosidl_typesupport_introspection_cpp.dir/rosidl_typesupport_introspection_cpp/slam_toolbox/srv/detail/deserialize_pose_graph__type_support.cpp.o[0m
[8.637s] [ 40%] Built target slam_toolbox__rosidl_typesupport_c
[8.649s] [ 41%] [32mBuilding C object CMakeFiles/slam_toolbox__rosidl_typesupport_introspection_c.dir/rosidl_typesupport_introspection_c/slam_toolbox/srv/detail/toggle_interactive__type_support.c.o[0m
[8.652s] [ 41%] [32mBuilding CXX object CMakeFiles/slam_toolbox__rosidl_typesupport_introspection_cpp.dir/rosidl_typesupport_introspection_cpp/slam_toolbox/srv/detail/serialize_pose_graph__type_support.cpp.o[0m
[8.712s] [ 42%] [32mBuilding C object CMakeFiles/slam_toolbox__rosidl_typesupport_introspection_c.dir/rosidl_typesupport_introspection_c/slam_toolbox/srv/detail/clear__type_support.c.o[0m
[8.774s] [ 42%] [32mBuilding C object CMakeFiles/slam_toolbox__rosidl_typesupport_introspection_c.dir/rosidl_typesupport_introspection_c/slam_toolbox/srv/detail/save_map__type_support.c.o[0m
[8.835s] [ 43%] [32mBuilding C object CMakeFiles/slam_toolbox__rosidl_typesupport_introspection_c.dir/rosidl_typesupport_introspection_c/slam_toolbox/srv/detail/loop_closure__type_support.c.o[0m
[8.889s] [ 44%] [32mBuilding CXX object CMakeFiles/slam_toolbox__rosidl_typesupport_fastrtps_cpp.dir/rosidl_typesupport_fastrtps_cpp/slam_toolbox/srv/detail/dds_fastrtps/toggle_interactive__type_support.cpp.o[0m
[8.898s] [ 45%] [32mBuilding C object CMakeFiles/slam_toolbox__rosidl_typesupport_introspection_c.dir/rosidl_typesupport_introspection_c/slam_toolbox/srv/detail/merge_maps__type_support.c.o[0m
[8.956s] [ 46%] [32mBuilding C object CMakeFiles/slam_toolbox__rosidl_typesupport_introspection_c.dir/rosidl_typesupport_introspection_c/slam_toolbox/srv/detail/add_submap__type_support.c.o[0m
[8.967s] [ 46%] [32mBuilding C object CMakeFiles/slam_toolbox__rosidl_typesupport_introspection_c.dir/rosidl_typesupport_introspection_c/slam_toolbox/srv/detail/deserialize_pose_graph__type_support.c.o[0m
[8.984s] [ 47%] [32mBuilding C object CMakeFiles/slam_toolbox__rosidl_typesupport_introspection_c.dir/rosidl_typesupport_introspection_c/slam_toolbox/srv/detail/serialize_pose_graph__type_support.c.o[0m
[9.005s] [ 48%] [32m[1mLinking CXX shared library libslam_toolbox__rosidl_typesupport_cpp.so[0m
[9.016s] [ 49%] [32mBuilding CXX object CMakeFiles/slam_toolbox__rosidl_typesupport_fastrtps_cpp.dir/rosidl_typesupport_fastrtps_cpp/slam_toolbox/srv/detail/dds_fastrtps/clear__type_support.cpp.o[0m
[9.030s] [ 50%] [32mBuilding CXX object CMakeFiles/slam_toolbox__rosidl_typesupport_fastrtps_cpp.dir/rosidl_typesupport_fastrtps_cpp/slam_toolbox/srv/detail/dds_fastrtps/loop_closure__type_support.cpp.o[0m
[9.030s] [ 50%] [32mBuilding CXX object CMakeFiles/slam_toolbox__rosidl_typesupport_fastrtps_cpp.dir/rosidl_typesupport_fastrtps_cpp/slam_toolbox/srv/detail/dds_fastrtps/save_map__type_support.cpp.o[0m
[9.042s] [ 51%] [32m[1mLinking C shared library libslam_toolbox__rosidl_typesupport_introspection_c.so[0m
[9.044s] [ 52%] [32mBuilding CXX object CMakeFiles/slam_toolbox__rosidl_typesupport_fastrtps_cpp.dir/rosidl_typesupport_fastrtps_cpp/slam_toolbox/srv/detail/dds_fastrtps/merge_maps__type_support.cpp.o[0m
[9.085s] [ 52%] Built target slam_toolbox__rosidl_typesupport_cpp
[9.099s] [ 52%] Built target slam_toolbox__rosidl_typesupport_introspection_c
[9.105s] [ 53%] [32mBuilding CXX object CMakeFiles/slam_toolbox__rosidl_typesupport_fastrtps_cpp.dir/rosidl_typesupport_fastrtps_cpp/slam_toolbox/srv/detail/dds_fastrtps/add_submap__type_support.cpp.o[0m
[9.110s] [ 54%] [32mBuilding CXX object CMakeFiles/slam_toolbox__rosidl_typesupport_fastrtps_cpp.dir/rosidl_typesupport_fastrtps_cpp/slam_toolbox/srv/detail/dds_fastrtps/deserialize_pose_graph__type_support.cpp.o[0m
[9.120s] [ 54%] [32mBuilding CXX object CMakeFiles/slam_toolbox__rosidl_typesupport_fastrtps_cpp.dir/rosidl_typesupport_fastrtps_cpp/slam_toolbox/srv/detail/dds_fastrtps/serialize_pose_graph__type_support.cpp.o[0m
[9.134s] [ 55%] [32m[1mLinking CXX shared library libslam_toolbox__rosidl_typesupport_introspection_cpp.so[0m
[9.238s] [ 55%] Built target slam_toolbox__rosidl_typesupport_introspection_cpp
[9.845s] [ 56%] [32m[1mLinking CXX shared library libslam_toolbox__rosidl_typesupport_fastrtps_cpp.so[0m
[9.946s] [ 56%] Built target slam_toolbox__rosidl_typesupport_fastrtps_cpp
[9.957s] [ 57%] [34m[1mGenerating C type support for eProsima Fast-RTPS[0m
[10.635s] [35m[1mScanning dependencies of target slam_toolbox__rosidl_typesupport_fastrtps_c[0m
[10.673s] [ 59%] [32mBuilding CXX object CMakeFiles/slam_toolbox__rosidl_typesupport_fastrtps_c.dir/rosidl_typesupport_fastrtps_c/slam_toolbox/srv/detail/toggle_interactive__type_support_c.cpp.o[0m
[10.673s] [ 59%] [32mBuilding CXX object CMakeFiles/slam_toolbox__rosidl_typesupport_fastrtps_c.dir/rosidl_typesupport_fastrtps_c/slam_toolbox/srv/detail/pause__type_support_c.cpp.o[0m
[10.673s] [ 59%] [32mBuilding CXX object CMakeFiles/slam_toolbox__rosidl_typesupport_fastrtps_c.dir/rosidl_typesupport_fastrtps_c/slam_toolbox/srv/detail/clear_queue__type_support_c.cpp.o[0m
[10.673s] [ 60%] [32mBuilding CXX object CMakeFiles/slam_toolbox__rosidl_typesupport_fastrtps_c.dir/rosidl_typesupport_fastrtps_c/slam_toolbox/srv/detail/save_map__type_support_c.cpp.o[0m
[10.674s] [ 60%] [32mBuilding CXX object CMakeFiles/slam_toolbox__rosidl_typesupport_fastrtps_c.dir/rosidl_typesupport_fastrtps_c/slam_toolbox/srv/detail/clear__type_support_c.cpp.o[0m
[10.674s] [ 61%] [32mBuilding CXX object CMakeFiles/slam_toolbox__rosidl_typesupport_fastrtps_c.dir/rosidl_typesupport_fastrtps_c/slam_toolbox/srv/detail/merge_maps__type_support_c.cpp.o[0m
[10.675s] [ 62%] [32mBuilding CXX object CMakeFiles/slam_toolbox__rosidl_typesupport_fastrtps_c.dir/rosidl_typesupport_fastrtps_c/slam_toolbox/srv/detail/add_submap__type_support_c.cpp.o[0m
[10.677s] [ 62%] [32mBuilding CXX object CMakeFiles/slam_toolbox__rosidl_typesupport_fastrtps_c.dir/rosidl_typesupport_fastrtps_c/slam_toolbox/srv/detail/deserialize_pose_graph__type_support_c.cpp.o[0m
[10.678s] [ 63%] [32mBuilding CXX object CMakeFiles/slam_toolbox__rosidl_typesupport_fastrtps_c.dir/rosidl_typesupport_fastrtps_c/slam_toolbox/srv/detail/loop_closure__type_support_c.cpp.o[0m
[10.683s] [ 64%] [32mBuilding CXX object CMakeFiles/slam_toolbox__rosidl_typesupport_fastrtps_c.dir/rosidl_typesupport_fastrtps_c/slam_toolbox/srv/detail/serialize_pose_graph__type_support_c.cpp.o[0m
[11.334s] [ 65%] [32m[1mLinking CXX shared library libslam_toolbox__rosidl_typesupport_fastrtps_c.so[0m
[11.420s] [ 65%] Built target slam_toolbox__rosidl_typesupport_fastrtps_c
[11.430s] [35m[1mScanning dependencies of target slam_toolbox[0m
[11.439s] [ 65%] Built target slam_toolbox
[11.448s] [ 65%] [34m[1mGenerating rviz_plugin/moc_slam_toolbox_rviz_plugin.cpp[0m
[11.448s] [35m[1mScanning dependencies of target slam_toolbox__py[0m
[11.458s] [ 66%] [34m[1mGenerating Python code for ROS interfaces[0m
[11.466s] [35m[1mScanning dependencies of target SlamToolboxPlugin[0m
[11.925s] [ 68%] [32mBuilding CXX object CMakeFiles/SlamToolboxPlugin.dir/rviz_plugin/moc_slam_toolbox_rviz_plugin.cpp.o[0m
[11.926s] [ 68%] [32mBuilding CXX object CMakeFiles/SlamToolboxPlugin.dir/rviz_plugin/slam_toolbox_rviz_plugin.cpp.o[0m
[13.234s] [ 68%] Built target slam_toolbox__py
[13.243s] [35m[1mScanning dependencies of target slam_toolbox__python[0m
[13.360s] [ 71%] [32mBuilding C object CMakeFiles/slam_toolbox__python.dir/rosidl_generator_py/slam_toolbox/srv/_toggle_interactive_s.c.o[0m
[13.360s] [ 71%] [32mBuilding C object CMakeFiles/slam_toolbox__python.dir/rosidl_generator_py/slam_toolbox/srv/_pause_s.c.o[0m
[13.360s] [ 71%] [32mBuilding C object CMakeFiles/slam_toolbox__python.dir/rosidl_generator_py/slam_toolbox/srv/_clear_queue_s.c.o[0m
[13.361s] [ 71%] [32mBuilding C object CMakeFiles/slam_toolbox__python.dir/rosidl_generator_py/slam_toolbox/srv/_clear_s.c.o[0m
[13.361s] [ 72%] [32mBuilding C object CMakeFiles/slam_toolbox__python.dir/rosidl_generator_py/slam_toolbox/srv/_loop_closure_s.c.o[0m
[13.361s] [ 72%] [32mBuilding C object CMakeFiles/slam_toolbox__python.dir/rosidl_generator_py/slam_toolbox/srv/_save_map_s.c.o[0m
[13.361s] [ 73%] [32mBuilding C object CMakeFiles/slam_toolbox__python.dir/rosidl_generator_py/slam_toolbox/srv/_merge_maps_s.c.o[0m
[13.372s] [ 74%] [32mBuilding C object CMakeFiles/slam_toolbox__python.dir/rosidl_generator_py/slam_toolbox/srv/_add_submap_s.c.o[0m
[13.534s] [ 75%] [32mBuilding C object CMakeFiles/slam_toolbox__python.dir/rosidl_generator_py/slam_toolbox/srv/_deserialize_pose_graph_s.c.o[0m
[13.543s] [ 75%] [32mBuilding C object CMakeFiles/slam_toolbox__python.dir/rosidl_generator_py/slam_toolbox/srv/_serialize_pose_graph_s.c.o[0m
[13.657s] [ 76%] [32m[1mLinking C shared library rosidl_generator_py/slam_toolbox/libslam_toolbox__python.so[0m
[13.701s] [ 76%] Built target slam_toolbox__python
[13.710s] [35m[1mScanning dependencies of target slam_toolbox__rosidl_typesupport_introspection_c__pyext[0m
[13.710s] [35m[1mScanning dependencies of target slam_toolbox__rosidl_typesupport_fastrtps_c__pyext[0m
[13.714s] [35m[1mScanning dependencies of target slam_toolbox__rosidl_typesupport_c__pyext[0m
[13.729s] [ 77%] [32mBuilding C object CMakeFiles/slam_toolbox__rosidl_typesupport_introspection_c__pyext.dir/rosidl_generator_py/slam_toolbox/_slam_toolbox_s.ep.rosidl_typesupport_introspection_c.c.o[0m
[13.732s] [ 77%] [32mBuilding C object CMakeFiles/slam_toolbox__rosidl_typesupport_fastrtps_c__pyext.dir/rosidl_generator_py/slam_toolbox/_slam_toolbox_s.ep.rosidl_typesupport_fastrtps_c.c.o[0m
[13.739s] [ 77%] [32mBuilding C object CMakeFiles/slam_toolbox__rosidl_typesupport_c__pyext.dir/rosidl_generator_py/slam_toolbox/_slam_toolbox_s.ep.rosidl_typesupport_c.c.o[0m
[14.073s] [ 78%] [32m[1mLinking CXX shared library rosidl_generator_py/slam_toolbox/slam_toolbox_s__rosidl_typesupport_fastrtps_c.cpython-38-x86_64-linux-gnu.so[0m
[14.142s] [ 78%] Built target slam_toolbox__rosidl_typesupport_fastrtps_c__pyext
[14.243s] [ 78%] [32m[1mLinking C shared library rosidl_generator_py/slam_toolbox/slam_toolbox_s__rosidl_typesupport_introspection_c.cpython-38-x86_64-linux-gnu.so[0m
[14.251s] [ 79%] [32m[1mLinking C shared library rosidl_generator_py/slam_toolbox/slam_toolbox_s__rosidl_typesupport_c.cpython-38-x86_64-linux-gnu.so[0m
[14.285s] [ 79%] Built target slam_toolbox__rosidl_typesupport_introspection_c__pyext
[14.298s] [ 79%] Built target slam_toolbox__rosidl_typesupport_c__pyext
[26.445s] [ 79%] [32m[1mLinking CXX shared library libSlamToolboxPlugin.so[0m
[27.654s] [ 79%] Built target SlamToolboxPlugin
[28.338s] [ 80%] [32m[1mLinking CXX shared library libkartoSlamToolbox.so[0m
[28.652s] [ 80%] Built target kartoSlamToolbox
[28.661s] [35m[1mScanning dependencies of target ceres_solver_plugin[0m
[28.661s] [35m[1mScanning dependencies of target toolbox_common[0m
[28.719s] [ 81%] [32mBuilding CXX object CMakeFiles/ceres_solver_plugin.dir/solvers/ceres_solver.cpp.o[0m
[28.823s] [ 83%] [32mBuilding CXX object CMakeFiles/toolbox_common.dir/src/map_saver.cpp.o[0m
[28.823s] [ 83%] [32mBuilding CXX object CMakeFiles/toolbox_common.dir/src/slam_toolbox_common.cpp.o[0m
[28.824s] [ 83%] [32mBuilding CXX object CMakeFiles/toolbox_common.dir/src/loop_closure_assistant.cpp.o[0m
[28.827s] [ 84%] [32mBuilding CXX object CMakeFiles/toolbox_common.dir/src/laser_utils.cpp.o[0m
[28.827s] [ 85%] [32mBuilding CXX object CMakeFiles/toolbox_common.dir/src/slam_mapper.cpp.o[0m
[41.133s] [ 86%] [32m[1mLinking CXX shared library libceres_solver_plugin.so[0m
[41.499s] [ 86%] Built target ceres_solver_plugin
[55.297s] [ 87%] [32m[1mLinking CXX shared library libtoolbox_common.so[0m
[55.776s] [ 87%] Built target toolbox_common
[55.784s] [35m[1mScanning dependencies of target async_slam_toolbox[0m
[55.785s] [35m[1mScanning dependencies of target sync_slam_toolbox[0m
[55.785s] [35m[1mScanning dependencies of target merge_maps_kinematic[0m
[55.785s] [35m[1mScanning dependencies of target lifelong_slam_toolbox[0m
[55.785s] [35m[1mScanning dependencies of target localization_slam_toolbox[0m
[55.843s] [ 88%] [32mBuilding CXX object CMakeFiles/merge_maps_kinematic.dir/src/merge_maps_kinematic.cpp.o[0m
[55.864s] [ 90%] [32mBuilding CXX object CMakeFiles/localization_slam_toolbox.dir/src/slam_toolbox_localization.cpp.o[0m
[55.864s] [ 90%] [32mBuilding CXX object CMakeFiles/async_slam_toolbox.dir/src/slam_toolbox_async.cpp.o[0m
[55.865s] [ 91%] [32mBuilding CXX object CMakeFiles/lifelong_slam_toolbox.dir/src/experimental/slam_toolbox_lifelong.cpp.o[0m
[55.865s] [ 92%] [32mBuilding CXX object CMakeFiles/sync_slam_toolbox.dir/src/slam_toolbox_sync.cpp.o[0m
[67.141s] [ 93%] [32m[1mLinking CXX shared library libasync_slam_toolbox.so[0m
[67.557s] [ 93%] Built target async_slam_toolbox
[67.566s] [35m[1mScanning dependencies of target async_slam_toolbox_node[0m
[67.646s] [ 94%] [32mBuilding CXX object CMakeFiles/async_slam_toolbox_node.dir/src/slam_toolbox_async_node.cpp.o[0m
[67.653s] [ 95%] [32m[1mLinking CXX shared library liblifelong_slam_toolbox.so[0m
[68.065s] [ 95%] Built target lifelong_slam_toolbox
[68.074s] [35m[1mScanning dependencies of target lifelong_slam_toolbox_node[0m
[68.152s] [ 95%] [32mBuilding CXX object CMakeFiles/lifelong_slam_toolbox_node.dir/src/experimental/slam_toolbox_lifelong_node.cpp.o[0m
[68.390s] [ 96%] [32m[1mLinking CXX shared library libsync_slam_toolbox.so[0m
[68.826s] [ 96%] Built target sync_slam_toolbox
[68.836s] [35m[1mScanning dependencies of target sync_slam_toolbox_node[0m
[68.911s] [ 96%] [32mBuilding CXX object CMakeFiles/sync_slam_toolbox_node.dir/src/slam_toolbox_sync_node.cpp.o[0m
[71.268s] [ 96%] [32m[1mLinking CXX executable merge_maps_kinematic[0m
[71.731s] [ 96%] Built target merge_maps_kinematic
[72.038s] [ 96%] [32m[1mLinking CXX shared library liblocalization_slam_toolbox.so[0m
[72.468s] [ 96%] Built target localization_slam_toolbox
[72.479s] [35m[1mScanning dependencies of target localization_slam_toolbox_node[0m
[72.556s] [ 97%] [32mBuilding CXX object CMakeFiles/localization_slam_toolbox_node.dir/src/slam_toolbox_localization_node.cpp.o[0m
[78.962s] [ 97%] [32m[1mLinking CXX executable async_slam_toolbox_node[0m
[79.300s] [ 97%] Built target async_slam_toolbox_node
[79.316s] [ 98%] [32m[1mLinking CXX executable lifelong_slam_toolbox_node[0m
[79.635s] [ 98%] Built target lifelong_slam_toolbox_node
[80.197s] [ 99%] [32m[1mLinking CXX executable sync_slam_toolbox_node[0m
[80.518s] [ 99%] Built target sync_slam_toolbox_node
[83.314s] [100%] [32m[1mLinking CXX executable localization_slam_toolbox_node[0m
[83.613s] [100%] Built target localization_slam_toolbox_node
[83.622s] Invoked command in '/home/markros2/rosproject/build/slam_toolbox' returned '0': CMAKE_PREFIX_PATH=${CMAKE_PREFIX_PATH}:/home/markros2/project/install/slam:/opt/ros/foxy /usr/bin/cmake --build /home/markros2/rosproject/build/slam_toolbox -- -j12 -l12
[83.770s] Invoking command in '/home/markros2/rosproject/build/slam_toolbox': CMAKE_PREFIX_PATH=${CMAKE_PREFIX_PATH}:/home/markros2/project/install/slam:/opt/ros/foxy /usr/bin/cmake --install /home/markros2/rosproject/build/slam_toolbox
[83.776s] -- Install configuration: "Release"
[83.776s] -- Installing: /home/markros2/rosproject/install/slam_toolbox/share/ament_index/resource_index/rosidl_interfaces/slam_toolbox
[83.777s] -- Installing: /home/markros2/rosproject/install/slam_toolbox/include/slam_toolbox
[83.777s] -- Installing: /home/markros2/rosproject/install/slam_toolbox/include/slam_toolbox/msg
[83.777s] -- Installing: /home/markros2/rosproject/install/slam_toolbox/include/slam_toolbox/msg/rosidl_generator_c__visibility_control.h
[83.777s] -- Installing: /home/markros2/rosproject/install/slam_toolbox/include/slam_toolbox/srv
[83.777s] -- Installing: /home/markros2/rosproject/install/slam_toolbox/include/slam_toolbox/srv/add_submap.h
[83.777s] -- Installing: /home/markros2/rosproject/install/slam_toolbox/include/slam_toolbox/srv/toggle_interactive.h
[83.777s] -- Installing: /home/markros2/rosproject/install/slam_toolbox/include/slam_toolbox/srv/loop_closure.h
[83.777s] -- Installing: /home/markros2/rosproject/install/slam_toolbox/include/slam_toolbox/srv/clear_queue.h
[83.777s] -- Installing: /home/markros2/rosproject/install/slam_toolbox/include/slam_toolbox/srv/merge_maps.h
[83.777s] -- Installing: /home/markros2/rosproject/install/slam_toolbox/include/slam_toolbox/srv/detail
[83.777s] -- Installing: /home/markros2/rosproject/install/slam_toolbox/include/slam_toolbox/srv/detail/save_map__struct.h
[83.777s] -- Installing: /home/markros2/rosproject/install/slam_toolbox/include/slam_toolbox/srv/detail/loop_closure__struct.h
[83.778s] -- Installing: /home/markros2/rosproject/install/slam_toolbox/include/slam_toolbox/srv/detail/clear_queue__functions.c
[83.778s] -- Installing: /home/markros2/rosproject/install/slam_toolbox/include/slam_toolbox/srv/detail/serialize_pose_graph__functions.c
[83.778s] -- Installing: /home/markros2/rosproject/install/slam_toolbox/include/slam_toolbox/srv/detail/toggle_interactive__struct.h
[83.778s] -- Installing: /home/markros2/rosproject/install/slam_toolbox/include/slam_toolbox/srv/detail/clear_queue__struct.h
[83.778s] -- Installing: /home/markros2/rosproject/install/slam_toolbox/include/slam_toolbox/srv/detail/toggle_interactive__functions.h
[83.778s] -- Installing: /home/markros2/rosproject/install/slam_toolbox/include/slam_toolbox/srv/detail/loop_closure__type_support.h
[83.778s] -- Installing: /home/markros2/rosproject/install/slam_toolbox/include/slam_toolbox/srv/detail/pause__functions.h
[83.778s] -- Installing: /home/markros2/rosproject/install/slam_toolbox/include/slam_toolbox/srv/detail/merge_maps__struct.h
[83.778s] -- Installing: /home/markros2/rosproject/install/slam_toolbox/include/slam_toolbox/srv/detail/add_submap__type_support.h
[83.778s] -- Installing: /home/markros2/rosproject/install/slam_toolbox/include/slam_toolbox/srv/detail/serialize_pose_graph__functions.h
[83.778s] -- Installing: /home/markros2/rosproject/install/slam_toolbox/include/slam_toolbox/srv/detail/serialize_pose_graph__struct.h
[83.778s] -- Installing: /home/markros2/rosproject/install/slam_toolbox/include/slam_toolbox/srv/detail/save_map__type_support.h
[83.778s] -- Installing: /home/markros2/rosproject/install/slam_toolbox/include/slam_toolbox/srv/detail/deserialize_pose_graph__type_support.h
[83.778s] -- Installing: /home/markros2/rosproject/install/slam_toolbox/include/slam_toolbox/srv/detail/serialize_pose_graph__type_support.h
[83.779s] -- Installing: /home/markros2/rosproject/install/slam_toolbox/include/slam_toolbox/srv/detail/clear_queue__functions.h
[83.779s] -- Installing: /home/markros2/rosproject/install/slam_toolbox/include/slam_toolbox/srv/detail/merge_maps__type_support.h
[83.779s] -- Installing: /home/markros2/rosproject/install/slam_toolbox/include/slam_toolbox/srv/detail/deserialize_pose_graph__struct.h
[83.779s] -- Installing: /home/markros2/rosproject/install/slam_toolbox/include/slam_toolbox/srv/detail/add_submap__struct.h
[83.779s] -- Installing: /home/markros2/rosproject/install/slam_toolbox/include/slam_toolbox/srv/detail/add_submap__functions.c
[83.779s] -- Installing: /home/markros2/rosproject/install/slam_toolbox/include/slam_toolbox/srv/detail/clear__struct.h
[83.779s] -- Installing: /home/markros2/rosproject/install/slam_toolbox/include/slam_toolbox/srv/detail/loop_closure__functions.h
[83.779s] -- Installing: /home/markros2/rosproject/install/slam_toolbox/include/slam_toolbox/srv/detail/clear_queue__type_support.h
[83.779s] -- Installing: /home/markros2/rosproject/install/slam_toolbox/include/slam_toolbox/srv/detail/pause__struct.h
[83.779s] -- Installing: /home/markros2/rosproject/install/slam_toolbox/include/slam_toolbox/srv/detail/merge_maps__functions.c
[83.779s] -- Installing: /home/markros2/rosproject/install/slam_toolbox/include/slam_toolbox/srv/detail/clear__type_support.h
[83.779s] -- Installing: /home/markros2/rosproject/install/slam_toolbox/include/slam_toolbox/srv/detail/clear__functions.h
[83.779s] -- Installing: /home/markros2/rosproject/install/slam_toolbox/include/slam_toolbox/srv/detail/toggle_interactive__functions.c
[83.780s] -- Installing: /home/markros2/rosproject/install/slam_toolbox/include/slam_toolbox/srv/detail/toggle_interactive__type_support.h
[83.780s] -- Installing: /home/markros2/rosproject/install/slam_toolbox/include/slam_toolbox/srv/detail/save_map__functions.h
[83.780s] -- Installing: /home/markros2/rosproject/install/slam_toolbox/include/slam_toolbox/srv/detail/pause__functions.c
[83.780s] -- Installing: /home/markros2/rosproject/install/slam_toolbox/include/slam_toolbox/srv/detail/add_submap__functions.h
[83.780s] -- Installing: /home/markros2/rosproject/install/slam_toolbox/include/slam_toolbox/srv/detail/deserialize_pose_graph__functions.h
[83.780s] -- Installing: /home/markros2/rosproject/install/slam_toolbox/include/slam_toolbox/srv/detail/merge_maps__functions.h
[83.780s] -- Installing: /home/markros2/rosproject/install/slam_toolbox/include/slam_toolbox/srv/detail/loop_closure__functions.c
[83.780s] -- Installing: /home/markros2/rosproject/install/slam_toolbox/include/slam_toolbox/srv/detail/save_map__functions.c
[83.780s] -- Installing: /home/markros2/rosproject/install/slam_toolbox/include/slam_toolbox/srv/detail/pause__type_support.h
[83.780s] -- Installing: /home/markros2/rosproject/install/slam_toolbox/include/slam_toolbox/srv/detail/clear__functions.c
[83.780s] -- Installing: /home/markros2/rosproject/install/slam_toolbox/include/slam_toolbox/srv/detail/deserialize_pose_graph__functions.c
[83.780s] -- Installing: /home/markros2/rosproject/install/slam_toolbox/include/slam_toolbox/srv/save_map.h
[83.780s] -- Installing: /home/markros2/rosproject/install/slam_toolbox/include/slam_toolbox/srv/deserialize_pose_graph.h
[83.780s] -- Installing: /home/markros2/rosproject/install/slam_toolbox/include/slam_toolbox/srv/clear.h
[83.780s] -- Installing: /home/markros2/rosproject/install/slam_toolbox/include/slam_toolbox/srv/serialize_pose_graph.h
[83.781s] -- Installing: /home/markros2/rosproject/install/slam_toolbox/include/slam_toolbox/srv/pause.h
[83.781s] -- Installing: /home/markros2/rosproject/install/slam_toolbox/share/slam_toolbox/environment/library_path.sh
[83.781s] -- Installing: /home/markros2/rosproject/install/slam_toolbox/share/slam_toolbox/environment/library_path.dsv
[83.781s] -- Installing: /home/markros2/rosproject/install/slam_toolbox/lib/libslam_toolbox__rosidl_generator_c.so
[83.781s] -- Set runtime path of "/home/markros2/rosproject/install/slam_toolbox/lib/libslam_toolbox__rosidl_generator_c.so" to ""
[83.781s] -- Up-to-date: /home/markros2/rosproject/install/slam_toolbox/include/slam_toolbox
[83.781s] -- Up-to-date: /home/markros2/rosproject/install/slam_toolbox/include/slam_toolbox/msg
[83.781s] -- Installing: /home/markros2/rosproject/install/slam_toolbox/include/slam_toolbox/msg/rosidl_typesupport_fastrtps_c__visibility_control.h
[83.781s] -- Up-to-date: /home/markros2/rosproject/install/slam_toolbox/include/slam_toolbox/srv
[83.781s] -- Up-to-date: /home/markros2/rosproject/install/slam_toolbox/include/slam_toolbox/srv/detail
[83.781s] -- Installing: /home/markros2/rosproject/install/slam_toolbox/include/slam_toolbox/srv/detail/clear_queue__rosidl_typesupport_fastrtps_c.h
[83.781s] -- Installing: /home/markros2/rosproject/install/slam_toolbox/include/slam_toolbox/srv/detail/deserialize_pose_graph__rosidl_typesupport_fastrtps_c.h
[83.781s] -- Installing: /home/markros2/rosproject/install/slam_toolbox/include/slam_toolbox/srv/detail/clear__rosidl_typesupport_fastrtps_c.h
[83.781s] -- Installing: /home/markros2/rosproject/install/slam_toolbox/include/slam_toolbox/srv/detail/merge_maps__rosidl_typesupport_fastrtps_c.h
[83.782s] -- Installing: /home/markros2/rosproject/install/slam_toolbox/include/slam_toolbox/srv/detail/save_map__rosidl_typesupport_fastrtps_c.h
[83.782s] -- Installing: /home/markros2/rosproject/install/slam_toolbox/include/slam_toolbox/srv/detail/pause__rosidl_typesupport_fastrtps_c.h
[83.782s] -- Installing: /home/markros2/rosproject/install/slam_toolbox/include/slam_toolbox/srv/detail/add_submap__rosidl_typesupport_fastrtps_c.h
[83.782s] -- Installing: /home/markros2/rosproject/install/slam_toolbox/include/slam_toolbox/srv/detail/serialize_pose_graph__rosidl_typesupport_fastrtps_c.h
[83.782s] -- Installing: /home/markros2/rosproject/install/slam_toolbox/include/slam_toolbox/srv/detail/loop_closure__rosidl_typesupport_fastrtps_c.h
[83.782s] -- Installing: /home/markros2/rosproject/install/slam_toolbox/include/slam_toolbox/srv/detail/toggle_interactive__rosidl_typesupport_fastrtps_c.h
[83.782s] -- Installing: /home/markros2/rosproject/install/slam_toolbox/lib/libslam_toolbox__rosidl_typesupport_fastrtps_c.so
[83.782s] -- Set runtime path of "/home/markros2/rosproject/install/slam_toolbox/lib/libslam_toolbox__rosidl_typesupport_fastrtps_c.so" to ""
[83.782s] -- Up-to-date: /home/markros2/rosproject/install/slam_toolbox/include/slam_toolbox
[83.782s] -- Up-to-date: /home/markros2/rosproject/install/slam_toolbox/include/slam_toolbox/msg
[83.782s] -- Installing: /home/markros2/rosproject/install/slam_toolbox/include/slam_toolbox/msg/rosidl_typesupport_fastrtps_cpp__visibility_control.h
[83.782s] -- Up-to-date: /home/markros2/rosproject/install/slam_toolbox/include/slam_toolbox/srv
[83.782s] -- Up-to-date: /home/markros2/rosproject/install/slam_toolbox/include/slam_toolbox/srv/detail
[83.782s] -- Installing: /home/markros2/rosproject/install/slam_toolbox/include/slam_toolbox/srv/detail/loop_closure__rosidl_typesupport_fastrtps_cpp.hpp
[83.783s] -- Installing: /home/markros2/rosproject/install/slam_toolbox/include/slam_toolbox/srv/detail/clear__rosidl_typesupport_fastrtps_cpp.hpp
[83.783s] -- Installing: /home/markros2/rosproject/install/slam_toolbox/include/slam_toolbox/srv/detail/toggle_interactive__rosidl_typesupport_fastrtps_cpp.hpp
[83.783s] -- Installing: /home/markros2/rosproject/install/slam_toolbox/include/slam_toolbox/srv/detail/pause__rosidl_typesupport_fastrtps_cpp.hpp
[83.783s] -- Installing: /home/markros2/rosproject/install/slam_toolbox/include/slam_toolbox/srv/detail/serialize_pose_graph__rosidl_typesupport_fastrtps_cpp.hpp
[83.783s] -- Installing: /home/markros2/rosproject/install/slam_toolbox/include/slam_toolbox/srv/detail/deserialize_pose_graph__rosidl_typesupport_fastrtps_cpp.hpp
[83.783s] -- Installing: /home/markros2/rosproject/install/slam_toolbox/include/slam_toolbox/srv/detail/dds_fastrtps
[83.783s] -- Installing: /home/markros2/rosproject/install/slam_toolbox/include/slam_toolbox/srv/detail/add_submap__rosidl_typesupport_fastrtps_cpp.hpp
[83.783s] -- Installing: /home/markros2/rosproject/install/slam_toolbox/include/slam_toolbox/srv/detail/save_map__rosidl_typesupport_fastrtps_cpp.hpp
[83.783s] -- Installing: /home/markros2/rosproject/install/slam_toolbox/include/slam_toolbox/srv/detail/merge_maps__rosidl_typesupport_fastrtps_cpp.hpp
[83.783s] -- Installing: /home/markros2/rosproject/install/slam_toolbox/include/slam_toolbox/srv/detail/clear_queue__rosidl_typesupport_fastrtps_cpp.hpp
[83.783s] -- Installing: /home/markros2/rosproject/install/slam_toolbox/lib/libslam_toolbox__rosidl_typesupport_fastrtps_cpp.so
[83.783s] -- Set runtime path of "/home/markros2/rosproject/install/slam_toolbox/lib/libslam_toolbox__rosidl_typesupport_fastrtps_cpp.so" to ""
[83.783s] -- Up-to-date: /home/markros2/rosproject/install/slam_toolbox/include/slam_toolbox
[83.783s] -- Up-to-date: /home/markros2/rosproject/install/slam_toolbox/include/slam_toolbox/msg
[83.783s] -- Installing: /home/markros2/rosproject/install/slam_toolbox/include/slam_toolbox/msg/rosidl_typesupport_introspection_c__visibility_control.h
[83.784s] -- Up-to-date: /home/markros2/rosproject/install/slam_toolbox/include/slam_toolbox/srv
[83.784s] -- Up-to-date: /home/markros2/rosproject/install/slam_toolbox/include/slam_toolbox/srv/detail
[83.784s] -- Installing: /home/markros2/rosproject/install/slam_toolbox/include/slam_toolbox/srv/detail/save_map__type_support.c
[83.784s] -- Installing: /home/markros2/rosproject/install/slam_toolbox/include/slam_toolbox/srv/detail/pause__rosidl_typesupport_introspection_c.h
[83.784s] -- Installing: /home/markros2/rosproject/install/slam_toolbox/include/slam_toolbox/srv/detail/add_submap__type_support.c
[83.784s] -- Installing: /home/markros2/rosproject/install/slam_toolbox/include/slam_toolbox/srv/detail/serialize_pose_graph__type_support.c
[83.784s] -- Installing: /home/markros2/rosproject/install/slam_toolbox/include/slam_toolbox/srv/detail/toggle_interactive__rosidl_typesupport_introspection_c.h
[83.784s] -- Installing: /home/markros2/rosproject/install/slam_toolbox/include/slam_toolbox/srv/detail/clear__rosidl_typesupport_introspection_c.h
[83.784s] -- Installing: /home/markros2/rosproject/install/slam_toolbox/include/slam_toolbox/srv/detail/clear_queue__rosidl_typesupport_introspection_c.h
[83.784s] -- Installing: /home/markros2/rosproject/install/slam_toolbox/include/slam_toolbox/srv/detail/serialize_pose_graph__rosidl_typesupport_introspection_c.h
[83.784s] -- Installing: /home/markros2/rosproject/install/slam_toolbox/include/slam_toolbox/srv/detail/toggle_interactive__type_support.c
[83.784s] -- Installing: /home/markros2/rosproject/install/slam_toolbox/include/slam_toolbox/srv/detail/loop_closure__type_support.c
[83.784s] -- Installing: /home/markros2/rosproject/install/slam_toolbox/include/slam_toolbox/srv/detail/deserialize_pose_graph__type_support.c
[83.785s] -- Installing: /home/markros2/rosproject/install/slam_toolbox/include/slam_toolbox/srv/detail/deserialize_pose_graph__rosidl_typesupport_introspection_c.h
[83.785s] -- Installing: /home/markros2/rosproject/install/slam_toolbox/include/slam_toolbox/srv/detail/clear_queue__type_support.c
[83.785s] -- Installing: /home/markros2/rosproject/install/slam_toolbox/include/slam_toolbox/srv/detail/merge_maps__rosidl_typesupport_introspection_c.h
[83.785s] -- Installing: /home/markros2/rosproject/install/slam_toolbox/include/slam_toolbox/srv/detail/merge_maps__type_support.c
[83.785s] -- Installing: /home/markros2/rosproject/install/slam_toolbox/include/slam_toolbox/srv/detail/save_map__rosidl_typesupport_introspection_c.h
[83.785s] -- Installing: /home/markros2/rosproject/install/slam_toolbox/include/slam_toolbox/srv/detail/loop_closure__rosidl_typesupport_introspection_c.h
[83.785s] -- Installing: /home/markros2/rosproject/install/slam_toolbox/include/slam_toolbox/srv/detail/clear__type_support.c
[83.785s] -- Installing: /home/markros2/rosproject/install/slam_toolbox/include/slam_toolbox/srv/detail/add_submap__rosidl_typesupport_introspection_c.h
[83.785s] -- Installing: /home/markros2/rosproject/install/slam_toolbox/include/slam_toolbox/srv/detail/pause__type_support.c
[83.785s] -- Installing: /home/markros2/rosproject/install/slam_toolbox/lib/libslam_toolbox__rosidl_typesupport_introspection_c.so
[83.785s] -- Set runtime path of "/home/markros2/rosproject/install/slam_toolbox/lib/libslam_toolbox__rosidl_typesupport_introspection_c.so" to ""
[83.785s] -- Installing: /home/markros2/rosproject/install/slam_toolbox/lib/libslam_toolbox__rosidl_typesupport_c.so
[83.785s] -- Set runtime path of "/home/markros2/rosproject/install/slam_toolbox/lib/libslam_toolbox__rosidl_typesupport_c.so" to ""
[83.785s] -- Up-to-date: /home/markros2/rosproject/install/slam_toolbox/include/slam_toolbox
[83.786s] -- Up-to-date: /home/markros2/rosproject/install/slam_toolbox/include/slam_toolbox/srv
[83.786s] -- Installing: /home/markros2/rosproject/install/slam_toolbox/include/slam_toolbox/srv/save_map.hpp
[83.786s] -- Installing: /home/markros2/rosproject/install/slam_toolbox/include/slam_toolbox/srv/serialize_pose_graph.hpp
[83.786s] -- Installing: /home/markros2/rosproject/install/slam_toolbox/include/slam_toolbox/srv/pause.hpp
[83.786s] -- Installing: /home/markros2/rosproject/install/slam_toolbox/include/slam_toolbox/srv/toggle_interactive.hpp
[83.786s] -- Installing: /home/markros2/rosproject/install/slam_toolbox/include/slam_toolbox/srv/loop_closure.hpp
[83.786s] -- Installing: /home/markros2/rosproject/install/slam_toolbox/include/slam_toolbox/srv/clear_queue.hpp
[83.786s] -- Installing: /home/markros2/rosproject/install/slam_toolbox/include/slam_toolbox/srv/clear.hpp
[83.787s] -- Up-to-date: /home/markros2/rosproject/install/slam_toolbox/include/slam_toolbox/srv/detail
[83.787s] -- Installing: /home/markros2/rosproject/install/slam_toolbox/include/slam_toolbox/srv/detail/loop_closure__traits.hpp
[83.787s] -- Installing: /home/markros2/rosproject/install/slam_toolbox/include/slam_toolbox/srv/detail/save_map__struct.hpp
[83.787s] -- Installing: /home/markros2/rosproject/install/slam_toolbox/include/slam_toolbox/srv/detail/deserialize_pose_graph__struct.hpp
[83.787s] -- Installing: /home/markros2/rosproject/install/slam_toolbox/include/slam_toolbox/srv/detail/serialize_pose_graph__builder.hpp
[83.787s] -- Installing: /home/markros2/rosproject/install/slam_toolbox/include/slam_toolbox/srv/detail/clear__builder.hpp
[83.787s] -- Installing: /home/markros2/rosproject/install/slam_toolbox/include/slam_toolbox/srv/detail/merge_maps__builder.hpp
[83.787s] -- Installing: /home/markros2/rosproject/install/slam_toolbox/include/slam_toolbox/srv/detail/merge_maps__struct.hpp
[83.787s] -- Installing: /home/markros2/rosproject/install/slam_toolbox/include/slam_toolbox/srv/detail/toggle_interactive__traits.hpp
[83.787s] -- Installing: /home/markros2/rosproject/install/slam_toolbox/include/slam_toolbox/srv/detail/add_submap__traits.hpp
[83.787s] -- Installing: /home/markros2/rosproject/install/slam_toolbox/include/slam_toolbox/srv/detail/serialize_pose_graph__traits.hpp
[83.787s] -- Installing: /home/markros2/rosproject/install/slam_toolbox/include/slam_toolbox/srv/detail/deserialize_pose_graph__traits.hpp
[83.788s] -- Installing: /home/markros2/rosproject/install/slam_toolbox/include/slam_toolbox/srv/detail/toggle_interactive__struct.hpp
[83.788s] -- Installing: /home/markros2/rosproject/install/slam_toolbox/include/slam_toolbox/srv/detail/serialize_pose_graph__struct.hpp
[83.788s] -- Installing: /home/markros2/rosproject/install/slam_toolbox/include/slam_toolbox/srv/detail/add_submap__builder.hpp
[83.788s] -- Installing: /home/markros2/rosproject/install/slam_toolbox/include/slam_toolbox/srv/detail/toggle_interactive__builder.hpp
[83.788s] -- Installing: /home/markros2/rosproject/install/slam_toolbox/include/slam_toolbox/srv/detail/pause__traits.hpp
[83.788s] -- Installing: /home/markros2/rosproject/install/slam_toolbox/include/slam_toolbox/srv/detail/merge_maps__traits.hpp
[83.788s] -- Installing: /home/markros2/rosproject/install/slam_toolbox/include/slam_toolbox/srv/detail/add_submap__struct.hpp
[83.788s] -- Installing: /home/markros2/rosproject/install/slam_toolbox/include/slam_toolbox/srv/detail/clear__traits.hpp
[83.788s] -- Installing: /home/markros2/rosproject/install/slam_toolbox/include/slam_toolbox/srv/detail/clear_queue__traits.hpp
[83.788s] -- Installing: /home/markros2/rosproject/install/slam_toolbox/include/slam_toolbox/srv/detail/save_map__traits.hpp
[83.788s] -- Installing: /home/markros2/rosproject/install/slam_toolbox/include/slam_toolbox/srv/detail/clear_queue__builder.hpp
[83.788s] -- Installing: /home/markros2/rosproject/install/slam_toolbox/include/slam_toolbox/srv/detail/deserialize_pose_graph__builder.hpp
[83.788s] -- Installing: /home/markros2/rosproject/install/slam_toolbox/include/slam_toolbox/srv/detail/pause__builder.hpp
[83.789s] -- Installing: /home/markros2/rosproject/install/slam_toolbox/include/slam_toolbox/srv/detail/clear__struct.hpp
[83.789s] -- Installing: /home/markros2/rosproject/install/slam_toolbox/include/slam_toolbox/srv/detail/pause__struct.hpp
[83.789s] -- Installing: /home/markros2/rosproject/install/slam_toolbox/include/slam_toolbox/srv/detail/save_map__builder.hpp
[83.789s] -- Installing: /home/markros2/rosproject/install/slam_toolbox/include/slam_toolbox/srv/detail/loop_closure__builder.hpp
[83.789s] -- Installing: /home/markros2/rosproject/install/slam_toolbox/include/slam_toolbox/srv/detail/loop_closure__struct.hpp
[83.789s] -- Installing: /home/markros2/rosproject/install/slam_toolbox/include/slam_toolbox/srv/detail/clear_queue__struct.hpp
[83.789s] -- Installing: /home/markros2/rosproject/install/slam_toolbox/include/slam_toolbox/srv/merge_maps.hpp
[83.789s] -- Installing: /home/markros2/rosproject/install/slam_toolbox/include/slam_toolbox/srv/deserialize_pose_graph.hpp
[83.789s] -- Installing: /home/markros2/rosproject/install/slam_toolbox/include/slam_toolbox/srv/add_submap.hpp
[83.789s] -- Up-to-date: /home/markros2/rosproject/install/slam_toolbox/include/slam_toolbox
[83.789s] -- Up-to-date: /home/markros2/rosproject/install/slam_toolbox/include/slam_toolbox/srv
[83.789s] -- Up-to-date: /home/markros2/rosproject/install/slam_toolbox/include/slam_toolbox/srv/detail
[83.789s] -- Installing: /home/markros2/rosproject/install/slam_toolbox/include/slam_toolbox/srv/detail/save_map__type_support.cpp
[83.789s] -- Installing: /home/markros2/rosproject/install/slam_toolbox/include/slam_toolbox/srv/detail/toggle_interactive__type_support.cpp
[83.789s] -- Installing: /home/markros2/rosproject/install/slam_toolbox/include/slam_toolbox/srv/detail/deserialize_pose_graph__rosidl_typesupport_introspection_cpp.hpp
[83.790s] -- Installing: /home/markros2/rosproject/install/slam_toolbox/include/slam_toolbox/srv/detail/pause__type_support.cpp
[83.790s] -- Installing: /home/markros2/rosproject/install/slam_toolbox/include/slam_toolbox/srv/detail/add_submap__rosidl_typesupport_introspection_cpp.hpp
[83.790s] -- Installing: /home/markros2/rosproject/install/slam_toolbox/include/slam_toolbox/srv/detail/merge_maps__rosidl_typesupport_introspection_cpp.hpp
[83.790s] -- Installing: /home/markros2/rosproject/install/slam_toolbox/include/slam_toolbox/srv/detail/deserialize_pose_graph__type_support.cpp
[83.790s] -- Installing: /home/markros2/rosproject/install/slam_toolbox/include/slam_toolbox/srv/detail/save_map__rosidl_typesupport_introspection_cpp.hpp
[83.790s] -- Installing: /home/markros2/rosproject/install/slam_toolbox/include/slam_toolbox/srv/detail/clear_queue__rosidl_typesupport_introspection_cpp.hpp
[83.790s] -- Installing: /home/markros2/rosproject/install/slam_toolbox/include/slam_toolbox/srv/detail/serialize_pose_graph__type_support.cpp
[83.790s] -- Installing: /home/markros2/rosproject/install/slam_toolbox/include/slam_toolbox/srv/detail/merge_maps__type_support.cpp
[83.790s] -- Installing: /home/markros2/rosproject/install/slam_toolbox/include/slam_toolbox/srv/detail/clear__rosidl_typesupport_introspection_cpp.hpp
[83.790s] -- Installing: /home/markros2/rosproject/install/slam_toolbox/include/slam_toolbox/srv/detail/serialize_pose_graph__rosidl_typesupport_introspection_cpp.hpp
[83.790s] -- Installing: /home/markros2/rosproject/install/slam_toolbox/include/slam_toolbox/srv/detail/toggle_interactive__rosidl_typesupport_introspection_cpp.hpp
[83.790s] -- Installing: /home/markros2/rosproject/install/slam_toolbox/include/slam_toolbox/srv/detail/pause__rosidl_typesupport_introspection_cpp.hpp
[83.790s] -- Installing: /home/markros2/rosproject/install/slam_toolbox/include/slam_toolbox/srv/detail/add_submap__type_support.cpp
[83.790s] -- Installing: /home/markros2/rosproject/install/slam_toolbox/include/slam_toolbox/srv/detail/loop_closure__type_support.cpp
[83.790s] -- Installing: /home/markros2/rosproject/install/slam_toolbox/include/slam_toolbox/srv/detail/loop_closure__rosidl_typesupport_introspection_cpp.hpp
[83.791s] -- Installing: /home/markros2/rosproject/install/slam_toolbox/include/slam_toolbox/srv/detail/clear_queue__type_support.cpp
[83.791s] -- Installing: /home/markros2/rosproject/install/slam_toolbox/include/slam_toolbox/srv/detail/clear__type_support.cpp
[83.791s] -- Installing: /home/markros2/rosproject/install/slam_toolbox/lib/libslam_toolbox__rosidl_typesupport_introspection_cpp.so
[83.791s] -- Set runtime path of "/home/markros2/rosproject/install/slam_toolbox/lib/libslam_toolbox__rosidl_typesupport_introspection_cpp.so" to ""
[83.791s] -- Installing: /home/markros2/rosproject/install/slam_toolbox/lib/libslam_toolbox__rosidl_typesupport_cpp.so
[83.791s] -- Set runtime path of "/home/markros2/rosproject/install/slam_toolbox/lib/libslam_toolbox__rosidl_typesupport_cpp.so" to ""
[83.791s] -- Installing: /home/markros2/rosproject/install/slam_toolbox/share/slam_toolbox/environment/pythonpath.sh
[83.791s] -- Installing: /home/markros2/rosproject/install/slam_toolbox/share/slam_toolbox/environment/pythonpath.dsv
[83.791s] -- Installing: /home/markros2/rosproject/install/slam_toolbox/lib/python3.8/site-packages/slam_toolbox/__init__.py
[83.816s] Compiling '/home/markros2/rosproject/install/slam_toolbox/lib/python3.8/site-packages/slam_toolbox/__init__.py'...
[83.819s] -- Installing: /home/markros2/rosproject/install/slam_toolbox/lib/python3.8/site-packages/slam_toolbox/srv
[83.819s] -- Installing: /home/markros2/rosproject/install/slam_toolbox/lib/python3.8/site-packages/slam_toolbox/srv/_toggle_interactive_s.c
[83.819s] -- Installing: /home/markros2/rosproject/install/slam_toolbox/lib/python3.8/site-packages/slam_toolbox/srv/_save_map.py
[83.820s] -- Installing: /home/markros2/rosproject/install/slam_toolbox/lib/python3.8/site-packages/slam_toolbox/srv/_serialize_pose_graph_s.c
[83.820s] -- Installing: /home/markros2/rosproject/install/slam_toolbox/lib/python3.8/site-packages/slam_toolbox/srv/_deserialize_pose_graph_s.c
[83.820s] -- Installing: /home/markros2/rosproject/install/slam_toolbox/lib/python3.8/site-packages/slam_toolbox/srv/_toggle_interactive.py
[83.820s] -- Installing: /home/markros2/rosproject/install/slam_toolbox/lib/python3.8/site-packages/slam_toolbox/srv/_pause.py
[83.820s] -- Installing: /home/markros2/rosproject/install/slam_toolbox/lib/python3.8/site-packages/slam_toolbox/srv/_deserialize_pose_graph.py
[83.820s] -- Installing: /home/markros2/rosproject/install/slam_toolbox/lib/python3.8/site-packages/slam_toolbox/srv/_loop_closure_s.c
[83.820s] -- Installing: /home/markros2/rosproject/install/slam_toolbox/lib/python3.8/site-packages/slam_toolbox/srv/_pause_s.c
[83.821s] -- Installing: /home/markros2/rosproject/install/slam_toolbox/lib/python3.8/site-packages/slam_toolbox/srv/_clear.py
[83.821s] -- Installing: /home/markros2/rosproject/install/slam_toolbox/lib/python3.8/site-packages/slam_toolbox/srv/_merge_maps_s.c
[83.821s] -- Installing: /home/markros2/rosproject/install/slam_toolbox/lib/python3.8/site-packages/slam_toolbox/srv/_add_submap.py
[83.821s] -- Installing: /home/markros2/rosproject/install/slam_toolbox/lib/python3.8/site-packages/slam_toolbox/srv/_merge_maps.py
[83.821s] -- Installing: /home/markros2/rosproject/install/slam_toolbox/lib/python3.8/site-packages/slam_toolbox/srv/_serialize_pose_graph.py
[83.821s] -- Installing: /home/markros2/rosproject/install/slam_toolbox/lib/python3.8/site-packages/slam_toolbox/srv/_clear_queue_s.c
[83.821s] -- Installing: /home/markros2/rosproject/install/slam_toolbox/lib/python3.8/site-packages/slam_toolbox/srv/_loop_closure.py
[83.821s] -- Installing: /home/markros2/rosproject/install/slam_toolbox/lib/python3.8/site-packages/slam_toolbox/srv/_clear_s.c
[83.821s] -- Installing: /home/markros2/rosproject/install/slam_toolbox/lib/python3.8/site-packages/slam_toolbox/srv/__init__.py
[83.821s] -- Installing: /home/markros2/rosproject/install/slam_toolbox/lib/python3.8/site-packages/slam_toolbox/srv/_clear_queue.py
[83.821s] -- Installing: /home/markros2/rosproject/install/slam_toolbox/lib/python3.8/site-packages/slam_toolbox/srv/_save_map_s.c
[83.821s] -- Installing: /home/markros2/rosproject/install/slam_toolbox/lib/python3.8/site-packages/slam_toolbox/srv/_add_submap_s.c
[83.821s] -- Installing: /home/markros2/rosproject/install/slam_toolbox/lib/python3.8/site-packages/slam_toolbox/slam_toolbox_s__rosidl_typesupport_fastrtps_c.cpython-38-x86_64-linux-gnu.so
[83.821s] -- Set runtime path of "/home/markros2/rosproject/install/slam_toolbox/lib/python3.8/site-packages/slam_toolbox/slam_toolbox_s__rosidl_typesupport_fastrtps_c.cpython-38-x86_64-linux-gnu.so" to ""
[83.822s] -- Installing: /home/markros2/rosproject/install/slam_toolbox/lib/python3.8/site-packages/slam_toolbox/slam_toolbox_s__rosidl_typesupport_introspection_c.cpython-38-x86_64-linux-gnu.so
[83.822s] -- Set runtime path of "/home/markros2/rosproject/install/slam_toolbox/lib/python3.8/site-packages/slam_toolbox/slam_toolbox_s__rosidl_typesupport_introspection_c.cpython-38-x86_64-linux-gnu.so" to ""
[83.822s] -- Installing: /home/markros2/rosproject/install/slam_toolbox/lib/python3.8/site-packages/slam_toolbox/slam_toolbox_s__rosidl_typesupport_c.cpython-38-x86_64-linux-gnu.so
[83.823s] -- Set runtime path of "/home/markros2/rosproject/install/slam_toolbox/lib/python3.8/site-packages/slam_toolbox/slam_toolbox_s__rosidl_typesupport_c.cpython-38-x86_64-linux-gnu.so" to ""
[83.823s] -- Installing: /home/markros2/rosproject/install/slam_toolbox/lib/libslam_toolbox__python.so
[83.823s] -- Set runtime path of "/home/markros2/rosproject/install/slam_toolbox/lib/libslam_toolbox__python.so" to ""
[83.823s] -- Installing: /home/markros2/rosproject/install/slam_toolbox/share/slam_toolbox/srv/Pause.idl
[83.823s] -- Installing: /home/markros2/rosproject/install/slam_toolbox/share/slam_toolbox/srv/ClearQueue.idl
[83.823s] -- Installing: /home/markros2/rosproject/install/slam_toolbox/share/slam_toolbox/srv/ToggleInteractive.idl
[83.823s] -- Installing: /home/markros2/rosproject/install/slam_toolbox/share/slam_toolbox/srv/Clear.idl
[83.823s] -- Installing: /home/markros2/rosproject/install/slam_toolbox/share/slam_toolbox/srv/SaveMap.idl
[83.823s] -- Installing: /home/markros2/rosproject/install/slam_toolbox/share/slam_toolbox/srv/LoopClosure.idl
[83.824s] -- Installing: /home/markros2/rosproject/install/slam_toolbox/share/slam_toolbox/srv/MergeMaps.idl
[83.824s] -- Installing: /home/markros2/rosproject/install/slam_toolbox/share/slam_toolbox/srv/AddSubmap.idl
[83.824s] -- Installing: /home/markros2/rosproject/install/slam_toolbox/share/slam_toolbox/srv/DeserializePoseGraph.idl
[83.824s] -- Installing: /home/markros2/rosproject/install/slam_toolbox/share/slam_toolbox/srv/SerializePoseGraph.idl
[83.824s] -- Installing: /home/markros2/rosproject/install/slam_toolbox/share/slam_toolbox/srvs/Pause.srv
[83.824s] -- Installing: /home/markros2/rosproject/install/slam_toolbox/share/slam_toolbox/srvs/Pause_Request.msg
[83.824s] -- Installing: /home/markros2/rosproject/install/slam_toolbox/share/slam_toolbox/srvs/Pause_Response.msg
[83.824s] -- Installing: /home/markros2/rosproject/install/slam_toolbox/share/slam_toolbox/srvs/ClearQueue.srv
[83.824s] -- Installing: /home/markros2/rosproject/install/slam_toolbox/share/slam_toolbox/srvs/ClearQueue_Request.msg
[83.824s] -- Installing: /home/markros2/rosproject/install/slam_toolbox/share/slam_toolbox/srvs/ClearQueue_Response.msg
[83.825s] -- Installing: /home/markros2/rosproject/install/slam_toolbox/share/slam_toolbox/srvs/ToggleInteractive.srv
[83.825s] -- Installing: /home/markros2/rosproject/install/slam_toolbox/share/slam_toolbox/srvs/ToggleInteractive_Request.msg
[83.825s] -- Installing: /home/markros2/rosproject/install/slam_toolbox/share/slam_toolbox/srvs/ToggleInteractive_Response.msg
[83.825s] -- Installing: /home/markros2/rosproject/install/slam_toolbox/share/slam_toolbox/srvs/Clear.srv
[83.825s] -- Installing: /home/markros2/rosproject/install/slam_toolbox/share/slam_toolbox/srvs/Clear_Request.msg
[83.825s] -- Installing: /home/markros2/rosproject/install/slam_toolbox/share/slam_toolbox/srvs/Clear_Response.msg
[83.825s] -- Installing: /home/markros2/rosproject/install/slam_toolbox/share/slam_toolbox/srvs/SaveMap.srv
[83.825s] -- Installing: /home/markros2/rosproject/install/slam_toolbox/share/slam_toolbox/srvs/SaveMap_Request.msg
[83.825s] -- Installing: /home/markros2/rosproject/install/slam_toolbox/share/slam_toolbox/srvs/SaveMap_Response.msg
[83.825s] -- Installing: /home/markros2/rosproject/install/slam_toolbox/share/slam_toolbox/srvs/LoopClosure.srv
[83.825s] -- Installing: /home/markros2/rosproject/install/slam_toolbox/share/slam_toolbox/srvs/LoopClosure_Request.msg
[83.826s] -- Installing: /home/markros2/rosproject/install/slam_toolbox/share/slam_toolbox/srvs/LoopClosure_Response.msg
[83.826s] -- Installing: /home/markros2/rosproject/install/slam_toolbox/share/slam_toolbox/srvs/MergeMaps.srv
[83.826s] -- Installing: /home/markros2/rosproject/install/slam_toolbox/share/slam_toolbox/srvs/MergeMaps_Request.msg
[83.826s] -- Installing: /home/markros2/rosproject/install/slam_toolbox/share/slam_toolbox/srvs/MergeMaps_Response.msg
[83.826s] -- Installing: /home/markros2/rosproject/install/slam_toolbox/share/slam_toolbox/srvs/AddSubmap.srv
[83.826s] -- Installing: /home/markros2/rosproject/install/slam_toolbox/share/slam_toolbox/srvs/AddSubmap_Request.msg
[83.826s] -- Installing: /home/markros2/rosproject/install/slam_toolbox/share/slam_toolbox/srvs/AddSubmap_Response.msg
[83.826s] -- Installing: /home/markros2/rosproject/install/slam_toolbox/share/slam_toolbox/srvs/DeserializePoseGraph.srv
[83.826s] -- Installing: /home/markros2/rosproject/install/slam_toolbox/share/slam_toolbox/srvs/DeserializePoseGraph_Request.msg
[83.826s] -- Installing: /home/markros2/rosproject/install/slam_toolbox/share/slam_toolbox/srvs/DeserializePoseGraph_Response.msg
[83.826s] -- Installing: /home/markros2/rosproject/install/slam_toolbox/share/slam_toolbox/srvs/SerializePoseGraph.srv
[83.826s] -- Installing: /home/markros2/rosproject/install/slam_toolbox/share/slam_toolbox/srvs/SerializePoseGraph_Request.msg
[83.827s] -- Installing: /home/markros2/rosproject/install/slam_toolbox/share/slam_toolbox/srvs/SerializePoseGraph_Response.msg
[83.827s] -- Installing: /home/markros2/rosproject/install/slam_toolbox/share/slam_toolbox/rviz_plugins.xml
[83.827s] -- Installing: /home/markros2/rosproject/install/slam_toolbox/share/slam_toolbox/solver_plugins.xml
[83.827s] -- Installing: /home/markros2/rosproject/install/slam_toolbox/lib/slam_toolbox/async_slam_toolbox_node
[83.828s] -- Set runtime path of "/home/markros2/rosproject/install/slam_toolbox/lib/slam_toolbox/async_slam_toolbox_node" to ""
[83.828s] -- Installing: /home/markros2/rosproject/install/slam_toolbox/lib/slam_toolbox/sync_slam_toolbox_node
[83.829s] -- Set runtime path of "/home/markros2/rosproject/install/slam_toolbox/lib/slam_toolbox/sync_slam_toolbox_node" to ""
[83.829s] -- Installing: /home/markros2/rosproject/install/slam_toolbox/lib/slam_toolbox/localization_slam_toolbox_node
[83.829s] -- Set runtime path of "/home/markros2/rosproject/install/slam_toolbox/lib/slam_toolbox/localization_slam_toolbox_node" to ""
[83.829s] -- Installing: /home/markros2/rosproject/install/slam_toolbox/lib/slam_toolbox/lifelong_slam_toolbox_node
[83.830s] -- Set runtime path of "/home/markros2/rosproject/install/slam_toolbox/lib/slam_toolbox/lifelong_slam_toolbox_node" to ""
[83.830s] -- Installing: /home/markros2/rosproject/install/slam_toolbox/lib/slam_toolbox/merge_maps_kinematic
[83.831s] -- Set runtime path of "/home/markros2/rosproject/install/slam_toolbox/lib/slam_toolbox/merge_maps_kinematic" to ""
[83.831s] -- Installing: /home/markros2/rosproject/install/slam_toolbox/lib/libtoolbox_common.so
[83.834s] -- Set runtime path of "/home/markros2/rosproject/install/slam_toolbox/lib/libtoolbox_common.so" to ""
[83.834s] -- Installing: /home/markros2/rosproject/install/slam_toolbox/lib/libSlamToolboxPlugin.so
[83.835s] -- Set runtime path of "/home/markros2/rosproject/install/slam_toolbox/lib/libSlamToolboxPlugin.so" to ""
[83.835s] -- Installing: /home/markros2/rosproject/install/slam_toolbox/lib/libceres_solver_plugin.so
[83.836s] -- Set runtime path of "/home/markros2/rosproject/install/slam_toolbox/lib/libceres_solver_plugin.so" to ""
[83.836s] -- Installing: /home/markros2/rosproject/install/slam_toolbox/lib/libasync_slam_toolbox.so
[83.837s] -- Set runtime path of "/home/markros2/rosproject/install/slam_toolbox/lib/libasync_slam_toolbox.so" to ""
[83.837s] -- Installing: /home/markros2/rosproject/install/slam_toolbox/lib/libsync_slam_toolbox.so
[83.837s] -- Set runtime path of "/home/markros2/rosproject/install/slam_toolbox/lib/libsync_slam_toolbox.so" to ""
[83.838s] -- Installing: /home/markros2/rosproject/install/slam_toolbox/lib/liblocalization_slam_toolbox.so
[83.839s] -- Set runtime path of "/home/markros2/rosproject/install/slam_toolbox/lib/liblocalization_slam_toolbox.so" to ""
[83.839s] -- Installing: /home/markros2/rosproject/install/slam_toolbox/lib/liblifelong_slam_toolbox.so
[83.840s] -- Set runtime path of "/home/markros2/rosproject/install/slam_toolbox/lib/liblifelong_slam_toolbox.so" to ""
[83.840s] -- Up-to-date: /home/markros2/rosproject/install/slam_toolbox/lib/libSlamToolboxPlugin.so
[83.840s] -- Up-to-date: /home/markros2/rosproject/install/slam_toolbox/include
[83.840s] -- Up-to-date: /home/markros2/rosproject/install/slam_toolbox/include/slam_toolbox
[83.840s] -- Installing: /home/markros2/rosproject/install/slam_toolbox/include/slam_toolbox/slam_toolbox_async.hpp
[83.840s] -- Installing: /home/markros2/rosproject/install/slam_toolbox/include/slam_toolbox/map_saver.hpp
[83.840s] -- Installing: /home/markros2/rosproject/install/slam_toolbox/include/slam_toolbox/slam_toolbox_sync.hpp
[83.840s] -- Installing: /home/markros2/rosproject/install/slam_toolbox/include/slam_toolbox/merge_maps_kinematic.hpp
[83.840s] -- Installing: /home/markros2/rosproject/install/slam_toolbox/include/slam_toolbox/slam_toolbox_localization.hpp
[83.841s] -- Installing: /home/markros2/rosproject/install/slam_toolbox/include/slam_toolbox/snap_utils.hpp
[83.841s] -- Installing: /home/markros2/rosproject/install/slam_toolbox/include/slam_toolbox/laser_utils.hpp
[83.841s] -- Installing: /home/markros2/rosproject/install/slam_toolbox/include/slam_toolbox/slam_toolbox_common.hpp
[83.841s] -- Installing: /home/markros2/rosproject/install/slam_toolbox/include/slam_toolbox/serialization.hpp
[83.841s] -- Installing: /home/markros2/rosproject/install/slam_toolbox/include/slam_toolbox/toolbox_types.hpp
[83.841s] -- Installing: /home/markros2/rosproject/install/slam_toolbox/include/slam_toolbox/get_pose_helper.hpp
[83.841s] -- Installing: /home/markros2/rosproject/install/slam_toolbox/include/slam_toolbox/toolbox_msgs.hpp
[83.841s] -- Installing: /home/markros2/rosproject/install/slam_toolbox/include/slam_toolbox/visualization_utils.hpp
[83.841s] -- Installing: /home/markros2/rosproject/install/slam_toolbox/include/slam_toolbox/experimental
[83.841s] -- Installing: /home/markros2/rosproject/install/slam_toolbox/include/slam_toolbox/experimental/slam_toolbox_lifelong.hpp
[83.841s] -- Installing: /home/markros2/rosproject/install/slam_toolbox/include/slam_toolbox/slam_mapper.hpp
[83.841s] -- Installing: /home/markros2/rosproject/install/slam_toolbox/include/slam_toolbox/loop_closure_assistant.hpp
[83.842s] -- Installing: /home/markros2/rosproject/install/slam_toolbox/share/slam_toolbox/launch
[83.842s] -- Installing: /home/markros2/rosproject/install/slam_toolbox/share/slam_toolbox/launch/lifelong_launch.py
[83.842s] -- Installing: /home/markros2/rosproject/install/slam_toolbox/share/slam_toolbox/launch/localization_launch.py
[83.842s] -- Installing: /home/markros2/rosproject/install/slam_toolbox/share/slam_toolbox/launch/online_async_launch.py
[83.842s] -- Installing: /home/markros2/rosproject/install/slam_toolbox/share/slam_toolbox/launch/online_sync_launch.py
[83.842s] -- Installing: /home/markros2/rosproject/install/slam_toolbox/share/slam_toolbox/launch/merge_maps_kinematic_launch.py
[83.842s] -- Installing: /home/markros2/rosproject/install/slam_toolbox/share/slam_toolbox/launch/offline_launch.py
[83.842s] -- Installing: /home/markros2/rosproject/install/slam_toolbox/share/slam_toolbox/config
[83.842s] -- Installing: /home/markros2/rosproject/install/slam_toolbox/share/slam_toolbox/config/mapper_params_localization.yaml
[83.842s] -- Installing: /home/markros2/rosproject/install/slam_toolbox/share/slam_toolbox/config/mapper_params_online_async.yaml
[83.842s] -- Installing: /home/markros2/rosproject/install/slam_toolbox/share/slam_toolbox/config/mapper_params_online_sync.yaml
[83.842s] -- Installing: /home/markros2/rosproject/install/slam_toolbox/share/slam_toolbox/config/mapper_params_lifelong.yaml
[83.842s] -- Installing: /home/markros2/rosproject/install/slam_toolbox/share/slam_toolbox/config/mapper_params_offline.yaml
[83.842s] -- Installing: /home/markros2/rosproject/install/slam_toolbox/share/slam_toolbox/config/slam_toolbox_default.rviz
[83.843s] -- Installing: /home/markros2/rosproject/install/slam_toolbox/share/solver_plugins.xml
[83.843s] -- Installing: /home/markros2/rosproject/install/slam_toolbox/share/rviz_plugins.xml
[83.843s] -- Installing: /home/markros2/rosproject/install/slam_toolbox/share/ament_index/resource_index/package_run_dependencies/slam_toolbox
[83.843s] -- Installing: /home/markros2/rosproject/install/slam_toolbox/share/ament_index/resource_index/parent_prefix_path/slam_toolbox
[83.843s] -- Installing: /home/markros2/rosproject/install/slam_toolbox/share/slam_toolbox/environment/ament_prefix_path.sh
[83.843s] -- Installing: /home/markros2/rosproject/install/slam_toolbox/share/slam_toolbox/environment/ament_prefix_path.dsv
[83.843s] -- Installing: /home/markros2/rosproject/install/slam_toolbox/share/slam_toolbox/environment/path.sh
[83.843s] -- Installing: /home/markros2/rosproject/install/slam_toolbox/share/slam_toolbox/environment/path.dsv
[83.843s] -- Installing: /home/markros2/rosproject/install/slam_toolbox/share/slam_toolbox/local_setup.bash
[83.843s] -- Installing: /home/markros2/rosproject/install/slam_toolbox/share/slam_toolbox/local_setup.sh
[83.843s] -- Installing: /home/markros2/rosproject/install/slam_toolbox/share/slam_toolbox/local_setup.zsh
[83.843s] -- Installing: /home/markros2/rosproject/install/slam_toolbox/share/slam_toolbox/local_setup.dsv
[83.843s] -- Installing: /home/markros2/rosproject/install/slam_toolbox/share/slam_toolbox/package.dsv
[83.843s] -- Installing: /home/markros2/rosproject/install/slam_toolbox/share/ament_index/resource_index/packages/slam_toolbox
[83.844s] -- Installing: /home/markros2/rosproject/install/slam_toolbox/share/ament_index/resource_index/rviz_common__pluginlib__plugin/slam_toolbox
[83.844s] -- Installing: /home/markros2/rosproject/install/slam_toolbox/share/ament_index/resource_index/slam_toolbox__pluginlib__plugin/slam_toolbox
[83.844s] -- Installing: /home/markros2/rosproject/install/slam_toolbox/share/slam_toolbox/cmake/slam_toolbox__rosidl_generator_cExport.cmake
[83.844s] -- Installing: /home/markros2/rosproject/install/slam_toolbox/share/slam_toolbox/cmake/slam_toolbox__rosidl_generator_cExport-release.cmake
[83.844s] -- Installing: /home/markros2/rosproject/install/slam_toolbox/share/slam_toolbox/cmake/slam_toolbox__rosidl_typesupport_introspection_cExport.cmake
[83.844s] -- Installing: /home/markros2/rosproject/install/slam_toolbox/share/slam_toolbox/cmake/slam_toolbox__rosidl_typesupport_introspection_cExport-release.cmake
[83.844s] -- Installing: /home/markros2/rosproject/install/slam_toolbox/share/slam_toolbox/cmake/slam_toolbox__rosidl_typesupport_cExport.cmake
[83.844s] -- Installing: /home/markros2/rosproject/install/slam_toolbox/share/slam_toolbox/cmake/slam_toolbox__rosidl_typesupport_cExport-release.cmake
[83.844s] -- Installing: /home/markros2/rosproject/install/slam_toolbox/share/slam_toolbox/cmake/slam_toolbox__rosidl_generator_cppExport.cmake
[83.845s] -- Installing: /home/markros2/rosproject/install/slam_toolbox/share/slam_toolbox/cmake/slam_toolbox__rosidl_typesupport_introspection_cppExport.cmake
[83.845s] -- Installing: /home/markros2/rosproject/install/slam_toolbox/share/slam_toolbox/cmake/slam_toolbox__rosidl_typesupport_introspection_cppExport-release.cmake
[83.845s] -- Installing: /home/markros2/rosproject/install/slam_toolbox/share/slam_toolbox/cmake/slam_toolbox__rosidl_typesupport_cppExport.cmake
[83.845s] -- Installing: /home/markros2/rosproject/install/slam_toolbox/share/slam_toolbox/cmake/slam_toolbox__rosidl_typesupport_cppExport-release.cmake
[83.845s] -- Installing: /home/markros2/rosproject/install/slam_toolbox/share/slam_toolbox/cmake/SlamToolboxPluginExport.cmake
[83.845s] -- Installing: /home/markros2/rosproject/install/slam_toolbox/share/slam_toolbox/cmake/SlamToolboxPluginExport-release.cmake
[83.845s] -- Installing: /home/markros2/rosproject/install/slam_toolbox/share/slam_toolbox/cmake/rosidl_cmake-extras.cmake
[83.846s] -- Installing: /home/markros2/rosproject/install/slam_toolbox/share/slam_toolbox/cmake/ament_cmake_export_dependencies-extras.cmake
[83.846s] -- Installing: /home/markros2/rosproject/install/slam_toolbox/share/slam_toolbox/cmake/ament_cmake_export_libraries-extras.cmake
[83.846s] -- Installing: /home/markros2/rosproject/install/slam_toolbox/share/slam_toolbox/cmake/ament_cmake_export_targets-extras.cmake
[83.846s] -- Installing: /home/markros2/rosproject/install/slam_toolbox/share/slam_toolbox/cmake/ament_cmake_export_include_directories-extras.cmake
[83.846s] -- Installing: /home/markros2/rosproject/install/slam_toolbox/share/slam_toolbox/cmake/rosidl_cmake_export_typesupport_libraries-extras.cmake
[83.846s] -- Installing: /home/markros2/rosproject/install/slam_toolbox/share/slam_toolbox/cmake/rosidl_cmake_export_typesupport_targets-extras.cmake
[83.846s] -- Installing: /home/markros2/rosproject/install/slam_toolbox/share/slam_toolbox/cmake/slam_toolboxConfig.cmake
[83.846s] -- Installing: /home/markros2/rosproject/install/slam_toolbox/share/slam_toolbox/cmake/slam_toolboxConfig-version.cmake
[83.846s] -- Installing: /home/markros2/rosproject/install/slam_toolbox/share/slam_toolbox/package.xml
[83.847s] -- Up-to-date: /home/markros2/rosproject/install/slam_toolbox/include/
[83.847s] -- Installing: /home/markros2/rosproject/install/slam_toolbox/include//karto_sdk
[83.847s] -- Installing: /home/markros2/rosproject/install/slam_toolbox/include//karto_sdk/nanoflann_adaptors.h
[83.847s] -- Installing: /home/markros2/rosproject/install/slam_toolbox/include//karto_sdk/Types.h
[83.847s] -- Installing: /home/markros2/rosproject/install/slam_toolbox/include//karto_sdk/Macros.h
[83.847s] -- Installing: /home/markros2/rosproject/install/slam_toolbox/include//karto_sdk/Math.h
[83.847s] -- Installing: /home/markros2/rosproject/install/slam_toolbox/include//karto_sdk/Mapper.h
[83.847s] -- Installing: /home/markros2/rosproject/install/slam_toolbox/include//karto_sdk/nanoflann.hpp
[83.847s] -- Installing: /home/markros2/rosproject/install/slam_toolbox/include//karto_sdk/Karto.h
[83.848s] -- Installing: /home/markros2/rosproject/install/slam_toolbox/lib/libkartoSlamToolbox.so
[83.850s] -- Set runtime path of "/home/markros2/rosproject/install/slam_toolbox/lib/libkartoSlamToolbox.so" to ""
[83.850s] -- Installing: /home/markros2/rosproject/install/slam_toolbox/share/karto_sdk/environment/library_path.sh
[83.850s] -- Installing: /home/markros2/rosproject/install/slam_toolbox/share/karto_sdk/environment/library_path.dsv
[83.850s] -- Installing: /home/markros2/rosproject/install/slam_toolbox/share/ament_index/resource_index/package_run_dependencies/karto_sdk
[83.851s] -- Installing: /home/markros2/rosproject/install/slam_toolbox/share/ament_index/resource_index/parent_prefix_path/karto_sdk
[83.851s] -- Installing: /home/markros2/rosproject/install/slam_toolbox/share/karto_sdk/environment/ament_prefix_path.sh
[83.851s] -- Installing: /home/markros2/rosproject/install/slam_toolbox/share/karto_sdk/environment/ament_prefix_path.dsv
[83.851s] -- Installing: /home/markros2/rosproject/install/slam_toolbox/share/karto_sdk/environment/path.sh
[83.851s] -- Installing: /home/markros2/rosproject/install/slam_toolbox/share/karto_sdk/environment/path.dsv
[83.851s] -- Installing: /home/markros2/rosproject/install/slam_toolbox/share/karto_sdk/local_setup.bash
[83.851s] -- Installing: /home/markros2/rosproject/install/slam_toolbox/share/karto_sdk/local_setup.sh
[83.851s] -- Installing: /home/markros2/rosproject/install/slam_toolbox/share/karto_sdk/local_setup.zsh
[83.851s] -- Installing: /home/markros2/rosproject/install/slam_toolbox/share/karto_sdk/local_setup.dsv
[83.852s] -- Installing: /home/markros2/rosproject/install/slam_toolbox/share/karto_sdk/package.dsv
[83.852s] -- Installing: /home/markros2/rosproject/install/slam_toolbox/share/ament_index/resource_index/packages/karto_sdk
[83.852s] -- Installing: /home/markros2/rosproject/install/slam_toolbox/share/karto_sdk/cmake/ament_cmake_export_libraries-extras.cmake
[83.852s] -- Installing: /home/markros2/rosproject/install/slam_toolbox/share/karto_sdk/cmake/ament_cmake_export_include_directories-extras.cmake
[83.852s] -- Installing: /home/markros2/rosproject/install/slam_toolbox/share/karto_sdk/cmake/ament_cmake_export_dependencies-extras.cmake
[83.852s] -- Installing: /home/markros2/rosproject/install/slam_toolbox/share/karto_sdk/cmake/karto_sdkConfig.cmake
[83.852s] -- Installing: /home/markros2/rosproject/install/slam_toolbox/share/karto_sdk/cmake/karto_sdkConfig-version.cmake
[83.852s] -- Installing: /home/markros2/rosproject/install/slam_toolbox/share/karto_sdk/package.xml
[83.855s] Invoked command in '/home/markros2/rosproject/build/slam_toolbox' returned '0': CMAKE_PREFIX_PATH=${CMAKE_PREFIX_PATH}:/home/markros2/project/install/slam:/opt/ros/foxy /usr/bin/cmake --install /home/markros2/rosproject/build/slam_toolbox
