[0.687s] Invoking command in '/home/text/rosproject/src/pubsub': PYTHONPATH=/home/text/rosproject/install/pubsub/lib/python3.8/site-packages:${PYTHONPATH} /usr/bin/python3 setup.py egg_info --egg-base ../../build/pubsub build --build-base /home/text/rosproject/build/pubsub/build install --prefix /home/text/rosproject/install/pubsub --record /home/text/rosproject/build/pubsub/install.log --single-version-externally-managed
[0.845s] running egg_info
[0.845s] writing ../../build/pubsub/pubsub.egg-info/PKG-INFO
[0.846s] writing dependency_links to ../../build/pubsub/pubsub.egg-info/dependency_links.txt
[0.846s] writing entry points to ../../build/pubsub/pubsub.egg-info/entry_points.txt
[0.847s] writing requirements to ../../build/pubsub/pubsub.egg-info/requires.txt
[0.847s] writing top-level names to ../../build/pubsub/pubsub.egg-info/top_level.txt
[0.873s] reading manifest file '../../build/pubsub/pubsub.egg-info/SOURCES.txt'
[0.874s] writing manifest file '../../build/pubsub/pubsub.egg-info/SOURCES.txt'
[0.874s] running build
[0.874s] running build_py
[0.874s] running install
[0.875s] running install_lib
[0.876s] running install_data
[0.876s] running install_egg_info
[0.877s] removing '/home/text/rosproject/install/pubsub/lib/python3.8/site-packages/pubsub-0.0.0-py3.8.egg-info' (and everything under it)
[0.878s] Copying ../../build/pubsub/pubsub.egg-info to /home/text/rosproject/install/pubsub/lib/python3.8/site-packages/pubsub-0.0.0-py3.8.egg-info
[0.878s] running install_scripts
[0.892s] Installing publisher script to /home/text/rosproject/install/pubsub/lib/pubsub
[0.892s] writing list of installed files to '/home/text/rosproject/build/pubsub/install.log'
[0.937s] Invoked command in '/home/text/rosproject/src/pubsub' returned '0': PYTHONPATH=/home/text/rosproject/install/pubsub/lib/python3.8/site-packages:${PYTHONPATH} /usr/bin/python3 setup.py egg_info --egg-base ../../build/pubsub build --build-base /home/text/rosproject/build/pubsub/build install --prefix /home/text/rosproject/install/pubsub --record /home/text/rosproject/build/pubsub/install.log --single-version-externally-managed
