running egg_info
creating ../../build/my_robot_slam/my_robot_slam.egg-info
writing ../../build/my_robot_slam/my_robot_slam.egg-info/PKG-INFO
writing dependency_links to ../../build/my_robot_slam/my_robot_slam.egg-info/dependency_links.txt
writing entry points to ../../build/my_robot_slam/my_robot_slam.egg-info/entry_points.txt
writing requirements to ../../build/my_robot_slam/my_robot_slam.egg-info/requires.txt
writing top-level names to ../../build/my_robot_slam/my_robot_slam.egg-info/top_level.txt
writing manifest file '../../build/my_robot_slam/my_robot_slam.egg-info/SOURCES.txt'
reading manifest file '../../build/my_robot_slam/my_robot_slam.egg-info/SOURCES.txt'
writing manifest file '../../build/my_robot_slam/my_robot_slam.egg-info/SOURCES.txt'
running build
running build_py
creating /home/text/rosproject/build/my_robot_slam/build
creating /home/text/rosproject/build/my_robot_slam/build/lib
creating /home/text/rosproject/build/my_robot_slam/build/lib/my_robot_slam
copying my_robot_slam/__init__.py -> /home/text/rosproject/build/my_robot_slam/build/lib/my_robot_slam
running install
running install_lib
creating /home/text/rosproject/install/my_robot_slam/lib/python3.8/site-packages/my_robot_slam
copying /home/text/rosproject/build/my_robot_slam/build/lib/my_robot_slam/__init__.py -> /home/text/rosproject/install/my_robot_slam/lib/python3.8/site-packages/my_robot_slam
byte-compiling /home/text/rosproject/install/my_robot_slam/lib/python3.8/site-packages/my_robot_slam/__init__.py to __init__.cpython-38.pyc
running install_data
creating /home/text/rosproject/install/my_robot_slam/share/ament_index
creating /home/text/rosproject/install/my_robot_slam/share/ament_index/resource_index
creating /home/text/rosproject/install/my_robot_slam/share/ament_index/resource_index/packages
copying resource/my_robot_slam -> /home/text/rosproject/install/my_robot_slam/share/ament_index/resource_index/packages
copying package.xml -> /home/text/rosproject/install/my_robot_slam/share/my_robot_slam
copying launch/localization.launch.py -> /home/text/rosproject/install/my_robot_slam/share/my_robot_slam
copying launch/slam_toolbox.launch.py -> /home/text/rosproject/install/my_robot_slam/share/my_robot_slam
copying config/localization_params.yaml -> /home/text/rosproject/install/my_robot_slam/share/my_robot_slam
copying config/map.yaml -> /home/text/rosproject/install/my_robot_slam/share/my_robot_slam
copying config/map_params.yaml -> /home/text/rosproject/install/my_robot_slam/share/my_robot_slam
running install_egg_info
Copying ../../build/my_robot_slam/my_robot_slam.egg-info to /home/text/rosproject/install/my_robot_slam/lib/python3.8/site-packages/my_robot_slam-0.0.0-py3.8.egg-info
running install_scripts
writing list of installed files to '/home/text/rosproject/build/my_robot_slam/install.log'
