[0.684s] Invoking command in '/home/text/rosproject/src/my_robot_slam': PYTHONPATH=/home/text/rosproject/install/my_robot_slam/lib/python3.8/site-packages:${PYTHONPATH} /usr/bin/python3 setup.py egg_info --egg-base ../../build/my_robot_slam build --build-base /home/text/rosproject/build/my_robot_slam/build install --prefix /home/text/rosproject/install/my_robot_slam --record /home/text/rosproject/build/my_robot_slam/install.log --single-version-externally-managed
[0.844s] running egg_info
[0.845s] creating ../../build/my_robot_slam/my_robot_slam.egg-info
[0.845s] writing ../../build/my_robot_slam/my_robot_slam.egg-info/PKG-INFO
[0.845s] writing dependency_links to ../../build/my_robot_slam/my_robot_slam.egg-info/dependency_links.txt
[0.845s] writing entry points to ../../build/my_robot_slam/my_robot_slam.egg-info/entry_points.txt
[0.845s] writing requirements to ../../build/my_robot_slam/my_robot_slam.egg-info/requires.txt
[0.845s] writing top-level names to ../../build/my_robot_slam/my_robot_slam.egg-info/top_level.txt
[0.847s] writing manifest file '../../build/my_robot_slam/my_robot_slam.egg-info/SOURCES.txt'
[0.879s] reading manifest file '../../build/my_robot_slam/my_robot_slam.egg-info/SOURCES.txt'
[0.879s] writing manifest file '../../build/my_robot_slam/my_robot_slam.egg-info/SOURCES.txt'
[0.880s] running build
[0.880s] running build_py
[0.881s] creating /home/text/rosproject/build/my_robot_slam/build
[0.881s] creating /home/text/rosproject/build/my_robot_slam/build/lib
[0.881s] creating /home/text/rosproject/build/my_robot_slam/build/lib/my_robot_slam
[0.881s] copying my_robot_slam/__init__.py -> /home/text/rosproject/build/my_robot_slam/build/lib/my_robot_slam
[0.882s] running install
[0.882s] running install_lib
[0.882s] creating /home/text/rosproject/install/my_robot_slam/lib/python3.8/site-packages/my_robot_slam
[0.883s] copying /home/text/rosproject/build/my_robot_slam/build/lib/my_robot_slam/__init__.py -> /home/text/rosproject/install/my_robot_slam/lib/python3.8/site-packages/my_robot_slam
[0.883s] byte-compiling /home/text/rosproject/install/my_robot_slam/lib/python3.8/site-packages/my_robot_slam/__init__.py to __init__.cpython-38.pyc
[0.883s] running install_data
[0.884s] creating /home/text/rosproject/install/my_robot_slam/share/ament_index
[0.884s] creating /home/text/rosproject/install/my_robot_slam/share/ament_index/resource_index
[0.884s] creating /home/text/rosproject/install/my_robot_slam/share/ament_index/resource_index/packages
[0.884s] copying resource/my_robot_slam -> /home/text/rosproject/install/my_robot_slam/share/ament_index/resource_index/packages
[0.884s] copying package.xml -> /home/text/rosproject/install/my_robot_slam/share/my_robot_slam
[0.884s] copying launch/localization.launch.py -> /home/text/rosproject/install/my_robot_slam/share/my_robot_slam
[0.885s] copying launch/slam_toolbox.launch.py -> /home/text/rosproject/install/my_robot_slam/share/my_robot_slam
[0.885s] copying config/localization_params.yaml -> /home/text/rosproject/install/my_robot_slam/share/my_robot_slam
[0.885s] copying config/map.yaml -> /home/text/rosproject/install/my_robot_slam/share/my_robot_slam
[0.885s] copying config/map_params.yaml -> /home/text/rosproject/install/my_robot_slam/share/my_robot_slam
[0.885s] running install_egg_info
[0.886s] Copying ../../build/my_robot_slam/my_robot_slam.egg-info to /home/text/rosproject/install/my_robot_slam/lib/python3.8/site-packages/my_robot_slam-0.0.0-py3.8.egg-info
[0.886s] running install_scripts
[0.902s] writing list of installed files to '/home/text/rosproject/build/my_robot_slam/install.log'
[0.946s] Invoked command in '/home/text/rosproject/src/my_robot_slam' returned '0': PYTHONPATH=/home/text/rosproject/install/my_robot_slam/lib/python3.8/site-packages:${PYTHONPATH} /usr/bin/python3 setup.py egg_info --egg-base ../../build/my_robot_slam build --build-base /home/text/rosproject/build/my_robot_slam/build install --prefix /home/text/rosproject/install/my_robot_slam --record /home/text/rosproject/build/my_robot_slam/install.log --single-version-externally-managed
