[0.804s] Invoking command in '/home/markros2/rosproject/src/my_vacuum_cleaner': PYTHONPATH=/home/markros2/rosproject/install/my_vacuum_cleaner/lib/python3.8/site-packages:${PYTHONPATH} /usr/bin/python3 setup.py egg_info --egg-base ../../build/my_vacuum_cleaner build --build-base /home/markros2/rosproject/build/my_vacuum_cleaner/build install --prefix /home/markros2/rosproject/install/my_vacuum_cleaner --record /home/markros2/rosproject/build/my_vacuum_cleaner/install.log --single-version-externally-managed
[1.029s] running egg_info
[1.030s] writing ../../build/my_vacuum_cleaner/my_vacuum_cleaner.egg-info/PKG-INFO
[1.030s] writing dependency_links to ../../build/my_vacuum_cleaner/my_vacuum_cleaner.egg-info/dependency_links.txt
[1.030s] writing entry points to ../../build/my_vacuum_cleaner/my_vacuum_cleaner.egg-info/entry_points.txt
[1.030s] writing requirements to ../../build/my_vacuum_cleaner/my_vacuum_cleaner.egg-info/requires.txt
[1.030s] writing top-level names to ../../build/my_vacuum_cleaner/my_vacuum_cleaner.egg-info/top_level.txt
[1.085s] reading manifest file '../../build/my_vacuum_cleaner/my_vacuum_cleaner.egg-info/SOURCES.txt'
[1.088s] writing manifest file '../../build/my_vacuum_cleaner/my_vacuum_cleaner.egg-info/SOURCES.txt'
[1.088s] running build
[1.088s] running build_py
[1.089s] copying my_vacuum_cleaner/coverage.py -> /home/markros2/rosproject/build/my_vacuum_cleaner/build/lib/my_vacuum_cleaner
[1.089s] running install
[1.090s] running install_lib
[1.090s] copying /home/markros2/rosproject/build/my_vacuum_cleaner/build/lib/my_vacuum_cleaner/coverage.py -> /home/markros2/rosproject/install/my_vacuum_cleaner/lib/python3.8/site-packages/my_vacuum_cleaner
[1.091s] byte-compiling /home/markros2/rosproject/install/my_vacuum_cleaner/lib/python3.8/site-packages/my_vacuum_cleaner/coverage.py to coverage.cpython-38.pyc
[1.094s] running install_data
[1.095s] running install_egg_info
[1.097s] removing '/home/markros2/rosproject/install/my_vacuum_cleaner/lib/python3.8/site-packages/my_vacuum_cleaner-0.0.0-py3.8.egg-info' (and everything under it)
[1.098s] Copying ../../build/my_vacuum_cleaner/my_vacuum_cleaner.egg-info to /home/markros2/rosproject/install/my_vacuum_cleaner/lib/python3.8/site-packages/my_vacuum_cleaner-0.0.0-py3.8.egg-info
[1.098s] running install_scripts
[1.121s] Installing coverage script to /home/markros2/rosproject/install/my_vacuum_cleaner/lib/my_vacuum_cleaner
[1.121s] writing list of installed files to '/home/markros2/rosproject/build/my_vacuum_cleaner/install.log'
[1.153s] Invoked command in '/home/markros2/rosproject/src/my_vacuum_cleaner' returned '0': PYTHONPATH=/home/markros2/rosproject/install/my_vacuum_cleaner/lib/python3.8/site-packages:${PYTHONPATH} /usr/bin/python3 setup.py egg_info --egg-base ../../build/my_vacuum_cleaner build --build-base /home/markros2/rosproject/build/my_vacuum_cleaner/build install --prefix /home/markros2/rosproject/install/my_vacuum_cleaner --record /home/markros2/rosproject/build/my_vacuum_cleaner/install.log --single-version-externally-managed
