[0.767s] Invoking command in '/home/text/rosproject/src/my_robot_slam': PYTHONPATH=/home/text/rosproject/install/my_robot_slam/lib/python3.8/site-packages:${PYTHONPATH} /usr/bin/python3 setup.py egg_info --egg-base ../../build/my_robot_slam build --build-base /home/text/rosproject/build/my_robot_slam/build install --prefix /home/text/rosproject/install/my_robot_slam --record /home/text/rosproject/build/my_robot_slam/install.log --single-version-externally-managed
[0.953s] running egg_info
[0.953s] writing ../../build/my_robot_slam/my_robot_slam.egg-info/PKG-INFO
[0.954s] writing dependency_links to ../../build/my_robot_slam/my_robot_slam.egg-info/dependency_links.txt
[0.954s] writing entry points to ../../build/my_robot_slam/my_robot_slam.egg-info/entry_points.txt
[0.955s] writing requirements to ../../build/my_robot_slam/my_robot_slam.egg-info/requires.txt
[0.955s] writing top-level names to ../../build/my_robot_slam/my_robot_slam.egg-info/top_level.txt
[0.986s] reading manifest file '../../build/my_robot_slam/my_robot_slam.egg-info/SOURCES.txt'
[0.987s] writing manifest file '../../build/my_robot_slam/my_robot_slam.egg-info/SOURCES.txt'
[0.987s] running build
[0.987s] running build_py
[0.987s] running install
[0.988s] running install_lib
[0.989s] running install_data
[0.989s] running install_egg_info
[0.991s] removing '/home/text/rosproject/install/my_robot_slam/lib/python3.8/site-packages/my_robot_slam-0.0.0-py3.8.egg-info' (and everything under it)
[0.991s] Copying ../../build/my_robot_slam/my_robot_slam.egg-info to /home/text/rosproject/install/my_robot_slam/lib/python3.8/site-packages/my_robot_slam-0.0.0-py3.8.egg-info
[0.992s] running install_scripts
[1.007s] writing list of installed files to '/home/text/rosproject/build/my_robot_slam/install.log'
[1.057s] Invoked command in '/home/text/rosproject/src/my_robot_slam' returned '0': PYTHONPATH=/home/text/rosproject/install/my_robot_slam/lib/python3.8/site-packages:${PYTHONPATH} /usr/bin/python3 setup.py egg_info --egg-base ../../build/my_robot_slam build --build-base /home/text/rosproject/build/my_robot_slam/build install --prefix /home/text/rosproject/install/my_robot_slam --record /home/text/rosproject/build/my_robot_slam/install.log --single-version-externally-managed
