[0.613s] Invoking command in '/home/markros2/rosproject/src/pubsub': PYTHONPATH=/home/markros2/rosproject/install/pubsub/lib/python3.8/site-packages:${PYTHONPATH} /usr/bin/python3 setup.py egg_info --egg-base ../../build/pubsub build --build-base /home/markros2/rosproject/build/pubsub/build install --prefix /home/markros2/rosproject/install/pubsub --record /home/markros2/rosproject/build/pubsub/install.log --single-version-externally-managed
[0.832s] running egg_info
[0.833s] writing ../../build/pubsub/pubsub.egg-info/PKG-INFO
[0.834s] writing dependency_links to ../../build/pubsub/pubsub.egg-info/dependency_links.txt
[0.834s] writing entry points to ../../build/pubsub/pubsub.egg-info/entry_points.txt
[0.834s] writing requirements to ../../build/pubsub/pubsub.egg-info/requires.txt
[0.834s] writing top-level names to ../../build/pubsub/pubsub.egg-info/top_level.txt
[0.871s] reading manifest file '../../build/pubsub/pubsub.egg-info/SOURCES.txt'
[0.872s] writing manifest file '../../build/pubsub/pubsub.egg-info/SOURCES.txt'
[0.872s] running build
[0.872s] running build_py
[0.873s] copying pubsub/publisher.py -> /home/markros2/rosproject/build/pubsub/build/lib/pubsub
[0.873s] running install
[0.873s] running install_lib
[0.875s] copying /home/markros2/rosproject/build/pubsub/build/lib/pubsub/publisher.py -> /home/markros2/rosproject/install/pubsub/lib/python3.8/site-packages/pubsub
[0.876s] byte-compiling /home/markros2/rosproject/install/pubsub/lib/python3.8/site-packages/pubsub/publisher.py to publisher.cpython-38.pyc
[0.877s] running install_data
[0.878s] running install_egg_info
[0.879s] removing '/home/markros2/rosproject/install/pubsub/lib/python3.8/site-packages/pubsub-0.0.0-py3.8.egg-info' (and everything under it)
[0.879s] Copying ../../build/pubsub/pubsub.egg-info to /home/markros2/rosproject/install/pubsub/lib/python3.8/site-packages/pubsub-0.0.0-py3.8.egg-info
[0.880s] running install_scripts
[0.897s] Installing publisher script to /home/markros2/rosproject/install/pubsub/lib/pubsub
[0.898s] Installing subscriber script to /home/markros2/rosproject/install/pubsub/lib/pubsub
[0.898s] writing list of installed files to '/home/markros2/rosproject/build/pubsub/install.log'
[0.945s] Invoked command in '/home/markros2/rosproject/src/pubsub' returned '0': PYTHONPATH=/home/markros2/rosproject/install/pubsub/lib/python3.8/site-packages:${PYTHONPATH} /usr/bin/python3 setup.py egg_info --egg-base ../../build/pubsub build --build-base /home/markros2/rosproject/build/pubsub/build install --prefix /home/markros2/rosproject/install/pubsub --record /home/markros2/rosproject/build/pubsub/install.log --single-version-externally-managed
