[0.706s] Invoking command in '/home/text/rosproject/src/pubsub': PYTHONPATH=/home/text/rosproject/install/pubsub/lib/python3.8/site-packages:${PYTHONPATH} /usr/bin/python3 setup.py egg_info --egg-base ../../build/pubsub build --build-base /home/text/rosproject/build/pubsub/build install --prefix /home/text/rosproject/install/pubsub --record /home/text/rosproject/build/pubsub/install.log --single-version-externally-managed
[0.883s] running egg_info
[0.884s] writing ../../build/pubsub/pubsub.egg-info/PKG-INFO
[0.884s] writing dependency_links to ../../build/pubsub/pubsub.egg-info/dependency_links.txt
[0.884s] writing entry points to ../../build/pubsub/pubsub.egg-info/entry_points.txt
[0.884s] writing requirements to ../../build/pubsub/pubsub.egg-info/requires.txt
[0.884s] writing top-level names to ../../build/pubsub/pubsub.egg-info/top_level.txt
[0.915s] reading manifest file '../../build/pubsub/pubsub.egg-info/SOURCES.txt'
[0.915s] writing manifest file '../../build/pubsub/pubsub.egg-info/SOURCES.txt'
[0.916s] running build
[0.916s] running build_py
[0.916s] running install
[0.917s] running install_lib
[0.918s] running install_data
[0.918s] running install_egg_info
[0.919s] removing '/home/text/rosproject/install/pubsub/lib/python3.8/site-packages/pubsub-0.0.0-py3.8.egg-info' (and everything under it)
[0.920s] Copying ../../build/pubsub/pubsub.egg-info to /home/text/rosproject/install/pubsub/lib/python3.8/site-packages/pubsub-0.0.0-py3.8.egg-info
[0.920s] running install_scripts
[0.935s] Installing publisher script to /home/text/rosproject/install/pubsub/lib/pubsub
[0.935s] writing list of installed files to '/home/text/rosproject/build/pubsub/install.log'
[0.979s] Invoked command in '/home/text/rosproject/src/pubsub' returned '0': PYTHONPATH=/home/text/rosproject/install/pubsub/lib/python3.8/site-packages:${PYTHONPATH} /usr/bin/python3 setup.py egg_info --egg-base ../../build/pubsub build --build-base /home/text/rosproject/build/pubsub/build install --prefix /home/text/rosproject/install/pubsub --record /home/text/rosproject/build/pubsub/install.log --single-version-externally-managed
