[0.285s] DEBUG:colcon:Command line arguments: ['/usr/bin/colcon', 'build']
[0.285s] DEBUG:colcon:Parsed command line arguments: Namespace(ament_cmake_args=None, base_paths=['.'], build_base='build', catkin_cmake_args=None, catkin_skip_building_tests=False, cmake_args=None, cmake_clean_cache=False, cmake_clean_first=False, cmake_force_configure=False, cmake_target=None, cmake_target_skip_unavailable=False, continue_on_error=False, event_handlers=None, executor='parallel', ignore_user_meta=False, install_base='install', log_base=None, log_level=None, main=<bound method BuildVerb.main of <colcon_core.verb.build.BuildVerb object at 0x7f0b94a02eb0>>, merge_install=False, metas=['./colcon.meta'], packages_above=None, packages_above_and_dependencies=None, packages_above_depth=None, packages_end=None, packages_ignore=None, packages_ignore_regex=None, packages_select=None, packages_select_build_failed=False, packages_select_by_dep=None, packages_select_regex=None, packages_select_test_failures=False, packages_skip=None, packages_skip_build_finished=False, packages_skip_by_dep=None, packages_skip_regex=None, packages_skip_test_passed=False, packages_skip_up_to=None, packages_start=None, packages_up_to=None, packages_up_to_regex=None, parallel_workers=12, paths=None, symlink_install=False, test_result_base=None, verb_extension=<colcon_core.verb.build.BuildVerb object at 0x7f0b94a02eb0>, verb_name='build', verb_parser=<colcon_defaults.argument_parser.defaults.DefaultArgumentsDecorator object at 0x7f0b9498d460>)
[0.290s] Level 1:colcon.colcon_core.package_discovery:discover_packages(colcon_meta) check parameters
[0.290s] Level 1:colcon.colcon_core.package_discovery:discover_packages(recursive) check parameters
[0.290s] Level 1:colcon.colcon_core.package_discovery:discover_packages(ignore) check parameters
[0.290s] Level 1:colcon.colcon_core.package_discovery:discover_packages(path) check parameters
[0.290s] Level 1:colcon.colcon_core.package_discovery:discover_packages(colcon_meta) discover
[0.290s] Level 1:colcon.colcon_core.package_discovery:discover_packages(recursive) discover
[0.290s] INFO:colcon.colcon_core.package_discovery:Crawling recursively for packages in '/home/markros2/rosproject'
[0.290s] Level 1:colcon.colcon_core.package_identification:_identify(.) by extensions ['ignore', 'ignore_ament_install']
[0.290s] Level 1:colcon.colcon_core.package_identification:_identify(.) by extension 'ignore'
[0.290s] Level 1:colcon.colcon_core.package_identification:_identify(.) by extension 'ignore_ament_install'
[0.291s] Level 1:colcon.colcon_core.package_identification:_identify(.) by extensions ['colcon_pkg']
[0.291s] Level 1:colcon.colcon_core.package_identification:_identify(.) by extension 'colcon_pkg'
[0.291s] Level 1:colcon.colcon_core.package_identification:_identify(.) by extensions ['colcon_meta']
[0.291s] Level 1:colcon.colcon_core.package_identification:_identify(.) by extension 'colcon_meta'
[0.291s] Level 1:colcon.colcon_core.package_identification:_identify(.) by extensions ['ros']
[0.291s] Level 1:colcon.colcon_core.package_identification:_identify(.) by extension 'ros'
[0.302s] Level 1:colcon.colcon_core.package_identification:_identify(.) by extensions ['cmake', 'python']
[0.302s] Level 1:colcon.colcon_core.package_identification:_identify(.) by extension 'cmake'
[0.302s] Level 1:colcon.colcon_core.package_identification:_identify(.) by extension 'python'
[0.302s] Level 1:colcon.colcon_core.package_identification:_identify(.) by extensions ['python_setup_py']
[0.302s] Level 1:colcon.colcon_core.package_identification:_identify(.) by extension 'python_setup_py'
[0.302s] Level 1:colcon.colcon_core.package_identification:_identify(build) by extensions ['ignore', 'ignore_ament_install']
[0.302s] Level 1:colcon.colcon_core.package_identification:_identify(build) by extension 'ignore'
[0.302s] Level 1:colcon.colcon_core.package_identification:_identify(build) ignored
[0.302s] Level 1:colcon.colcon_core.package_identification:_identify(install) by extensions ['ignore', 'ignore_ament_install']
[0.302s] Level 1:colcon.colcon_core.package_identification:_identify(install) by extension 'ignore'
[0.302s] Level 1:colcon.colcon_core.package_identification:_identify(install) ignored
[0.302s] Level 1:colcon.colcon_core.package_identification:_identify(log) by extensions ['ignore', 'ignore_ament_install']
[0.303s] Level 1:colcon.colcon_core.package_identification:_identify(log) by extension 'ignore'
[0.303s] Level 1:colcon.colcon_core.package_identification:_identify(log) ignored
[0.303s] Level 1:colcon.colcon_core.package_identification:_identify(src) by extensions ['ignore', 'ignore_ament_install']
[0.303s] Level 1:colcon.colcon_core.package_identification:_identify(src) by extension 'ignore'
[0.303s] Level 1:colcon.colcon_core.package_identification:_identify(src) by extension 'ignore_ament_install'
[0.303s] Level 1:colcon.colcon_core.package_identification:_identify(src) by extensions ['colcon_pkg']
[0.303s] Level 1:colcon.colcon_core.package_identification:_identify(src) by extension 'colcon_pkg'
[0.303s] Level 1:colcon.colcon_core.package_identification:_identify(src) by extensions ['colcon_meta']
[0.303s] Level 1:colcon.colcon_core.package_identification:_identify(src) by extension 'colcon_meta'
[0.303s] Level 1:colcon.colcon_core.package_identification:_identify(src) by extensions ['ros']
[0.303s] Level 1:colcon.colcon_core.package_identification:_identify(src) by extension 'ros'
[0.303s] Level 1:colcon.colcon_core.package_identification:_identify(src) by extensions ['cmake', 'python']
[0.303s] Level 1:colcon.colcon_core.package_identification:_identify(src) by extension 'cmake'
[0.303s] Level 1:colcon.colcon_core.package_identification:_identify(src) by extension 'python'
[0.303s] Level 1:colcon.colcon_core.package_identification:_identify(src) by extensions ['python_setup_py']
[0.303s] Level 1:colcon.colcon_core.package_identification:_identify(src) by extension 'python_setup_py'
[0.303s] Level 1:colcon.colcon_core.package_identification:_identify(src/my_robot_navigation) by extensions ['ignore', 'ignore_ament_install']
[0.304s] Level 1:colcon.colcon_core.package_identification:_identify(src/my_robot_navigation) by extension 'ignore'
[0.304s] Level 1:colcon.colcon_core.package_identification:_identify(src/my_robot_navigation) by extension 'ignore_ament_install'
[0.304s] Level 1:colcon.colcon_core.package_identification:_identify(src/my_robot_navigation) by extensions ['colcon_pkg']
[0.304s] Level 1:colcon.colcon_core.package_identification:_identify(src/my_robot_navigation) by extension 'colcon_pkg'
[0.304s] Level 1:colcon.colcon_core.package_identification:_identify(src/my_robot_navigation) by extensions ['colcon_meta']
[0.304s] Level 1:colcon.colcon_core.package_identification:_identify(src/my_robot_navigation) by extension 'colcon_meta'
[0.304s] Level 1:colcon.colcon_core.package_identification:_identify(src/my_robot_navigation) by extensions ['ros']
[0.304s] Level 1:colcon.colcon_core.package_identification:_identify(src/my_robot_navigation) by extension 'ros'
[0.306s] DEBUG:colcon.colcon_core.package_identification:Package 'src/my_robot_navigation' with type 'ros.ament_python' and name 'my_robot_navigation'
[0.306s] Level 1:colcon.colcon_core.package_identification:_identify(src/my_robot_slam) by extensions ['ignore', 'ignore_ament_install']
[0.306s] Level 1:colcon.colcon_core.package_identification:_identify(src/my_robot_slam) by extension 'ignore'
[0.306s] Level 1:colcon.colcon_core.package_identification:_identify(src/my_robot_slam) by extension 'ignore_ament_install'
[0.307s] Level 1:colcon.colcon_core.package_identification:_identify(src/my_robot_slam) by extensions ['colcon_pkg']
[0.307s] Level 1:colcon.colcon_core.package_identification:_identify(src/my_robot_slam) by extension 'colcon_pkg'
[0.307s] Level 1:colcon.colcon_core.package_identification:_identify(src/my_robot_slam) by extensions ['colcon_meta']
[0.307s] Level 1:colcon.colcon_core.package_identification:_identify(src/my_robot_slam) by extension 'colcon_meta'
[0.307s] Level 1:colcon.colcon_core.package_identification:_identify(src/my_robot_slam) by extensions ['ros']
[0.307s] Level 1:colcon.colcon_core.package_identification:_identify(src/my_robot_slam) by extension 'ros'
[0.307s] DEBUG:colcon.colcon_core.package_identification:Package 'src/my_robot_slam' with type 'ros.ament_python' and name 'my_robot_slam'
[0.307s] Level 1:colcon.colcon_core.package_identification:_identify(src/my_vacuum_cleaner) by extensions ['ignore', 'ignore_ament_install']
[0.307s] Level 1:colcon.colcon_core.package_identification:_identify(src/my_vacuum_cleaner) by extension 'ignore'
[0.307s] Level 1:colcon.colcon_core.package_identification:_identify(src/my_vacuum_cleaner) by extension 'ignore_ament_install'
[0.308s] Level 1:colcon.colcon_core.package_identification:_identify(src/my_vacuum_cleaner) by extensions ['colcon_pkg']
[0.308s] Level 1:colcon.colcon_core.package_identification:_identify(src/my_vacuum_cleaner) by extension 'colcon_pkg'
[0.308s] Level 1:colcon.colcon_core.package_identification:_identify(src/my_vacuum_cleaner) by extensions ['colcon_meta']
[0.308s] Level 1:colcon.colcon_core.package_identification:_identify(src/my_vacuum_cleaner) by extension 'colcon_meta'
[0.308s] Level 1:colcon.colcon_core.package_identification:_identify(src/my_vacuum_cleaner) by extensions ['ros']
[0.308s] Level 1:colcon.colcon_core.package_identification:_identify(src/my_vacuum_cleaner) by extension 'ros'
[0.308s] DEBUG:colcon.colcon_core.package_identification:Package 'src/my_vacuum_cleaner' with type 'ros.ament_python' and name 'my_vacuum_cleaner'
[0.309s] Level 1:colcon.colcon_core.package_identification:_identify(src/pubsub) by extensions ['ignore', 'ignore_ament_install']
[0.309s] Level 1:colcon.colcon_core.package_identification:_identify(src/pubsub) by extension 'ignore'
[0.309s] Level 1:colcon.colcon_core.package_identification:_identify(src/pubsub) by extension 'ignore_ament_install'
[0.309s] Level 1:colcon.colcon_core.package_identification:_identify(src/pubsub) by extensions ['colcon_pkg']
[0.309s] Level 1:colcon.colcon_core.package_identification:_identify(src/pubsub) by extension 'colcon_pkg'
[0.309s] Level 1:colcon.colcon_core.package_identification:_identify(src/pubsub) by extensions ['colcon_meta']
[0.309s] Level 1:colcon.colcon_core.package_identification:_identify(src/pubsub) by extension 'colcon_meta'
[0.309s] Level 1:colcon.colcon_core.package_identification:_identify(src/pubsub) by extensions ['ros']
[0.309s] Level 1:colcon.colcon_core.package_identification:_identify(src/pubsub) by extension 'ros'
[0.309s] DEBUG:colcon.colcon_core.package_identification:Package 'src/pubsub' with type 'ros.ament_python' and name 'pubsub'
[0.310s] Level 1:colcon.colcon_core.package_identification:_identify(src/slam_toolbox) by extensions ['ignore', 'ignore_ament_install']
[0.310s] Level 1:colcon.colcon_core.package_identification:_identify(src/slam_toolbox) by extension 'ignore'
[0.310s] Level 1:colcon.colcon_core.package_identification:_identify(src/slam_toolbox) by extension 'ignore_ament_install'
[0.310s] Level 1:colcon.colcon_core.package_identification:_identify(src/slam_toolbox) by extensions ['colcon_pkg']
[0.310s] Level 1:colcon.colcon_core.package_identification:_identify(src/slam_toolbox) by extension 'colcon_pkg'
[0.310s] Level 1:colcon.colcon_core.package_identification:_identify(src/slam_toolbox) by extensions ['colcon_meta']
[0.310s] Level 1:colcon.colcon_core.package_identification:_identify(src/slam_toolbox) by extension 'colcon_meta'
[0.310s] Level 1:colcon.colcon_core.package_identification:_identify(src/slam_toolbox) by extensions ['ros']
[0.310s] Level 1:colcon.colcon_core.package_identification:_identify(src/slam_toolbox) by extension 'ros'
[0.312s] DEBUG:colcon.colcon_core.package_identification:Package 'src/slam_toolbox' with type 'ros.ament_cmake' and name 'slam_toolbox'
[0.312s] Level 1:colcon.colcon_core.package_discovery:discover_packages(recursive) using defaults
[0.312s] Level 1:colcon.colcon_core.package_discovery:discover_packages(ignore) discover
[0.312s] Level 1:colcon.colcon_core.package_discovery:discover_packages(ignore) using defaults
[0.312s] Level 1:colcon.colcon_core.package_discovery:discover_packages(path) discover
[0.312s] Level 1:colcon.colcon_core.package_discovery:discover_packages(path) using defaults
[0.334s] Level 5:colcon.colcon_core.verb:set package 'my_robot_navigation' build argument 'cmake_args' from command line to 'None'
[0.334s] Level 5:colcon.colcon_core.verb:set package 'my_robot_navigation' build argument 'cmake_target' from command line to 'None'
[0.334s] Level 5:colcon.colcon_core.verb:set package 'my_robot_navigation' build argument 'cmake_target_skip_unavailable' from command line to 'False'
[0.334s] Level 5:colcon.colcon_core.verb:set package 'my_robot_navigation' build argument 'cmake_clean_cache' from command line to 'False'
[0.334s] Level 5:colcon.colcon_core.verb:set package 'my_robot_navigation' build argument 'cmake_clean_first' from command line to 'False'
[0.334s] Level 5:colcon.colcon_core.verb:set package 'my_robot_navigation' build argument 'cmake_force_configure' from command line to 'False'
[0.334s] Level 5:colcon.colcon_core.verb:set package 'my_robot_navigation' build argument 'ament_cmake_args' from command line to 'None'
[0.334s] Level 5:colcon.colcon_core.verb:set package 'my_robot_navigation' build argument 'catkin_cmake_args' from command line to 'None'
[0.334s] Level 5:colcon.colcon_core.verb:set package 'my_robot_navigation' build argument 'catkin_skip_building_tests' from command line to 'False'
[0.334s] DEBUG:colcon.colcon_core.verb:Building package 'my_robot_navigation' with the following arguments: {'ament_cmake_args': None, 'build_base': '/home/markros2/rosproject/build/my_robot_navigation', 'catkin_cmake_args': None, 'catkin_skip_building_tests': False, 'cmake_args': None, 'cmake_clean_cache': False, 'cmake_clean_first': False, 'cmake_force_configure': False, 'cmake_target': None, 'cmake_target_skip_unavailable': False, 'install_base': '/home/markros2/rosproject/install/my_robot_navigation', 'merge_install': False, 'path': '/home/markros2/rosproject/src/my_robot_navigation', 'symlink_install': False, 'test_result_base': None}
[0.337s] Level 5:colcon.colcon_core.verb:set package 'my_robot_slam' build argument 'cmake_args' from command line to 'None'
[0.337s] Level 5:colcon.colcon_core.verb:set package 'my_robot_slam' build argument 'cmake_target' from command line to 'None'
[0.337s] Level 5:colcon.colcon_core.verb:set package 'my_robot_slam' build argument 'cmake_target_skip_unavailable' from command line to 'False'
[0.337s] Level 5:colcon.colcon_core.verb:set package 'my_robot_slam' build argument 'cmake_clean_cache' from command line to 'False'
[0.337s] Level 5:colcon.colcon_core.verb:set package 'my_robot_slam' build argument 'cmake_clean_first' from command line to 'False'
[0.337s] Level 5:colcon.colcon_core.verb:set package 'my_robot_slam' build argument 'cmake_force_configure' from command line to 'False'
[0.337s] Level 5:colcon.colcon_core.verb:set package 'my_robot_slam' build argument 'ament_cmake_args' from command line to 'None'
[0.337s] Level 5:colcon.colcon_core.verb:set package 'my_robot_slam' build argument 'catkin_cmake_args' from command line to 'None'
[0.337s] Level 5:colcon.colcon_core.verb:set package 'my_robot_slam' build argument 'catkin_skip_building_tests' from command line to 'False'
[0.337s] DEBUG:colcon.colcon_core.verb:Building package 'my_robot_slam' with the following arguments: {'ament_cmake_args': None, 'build_base': '/home/markros2/rosproject/build/my_robot_slam', 'catkin_cmake_args': None, 'catkin_skip_building_tests': False, 'cmake_args': None, 'cmake_clean_cache': False, 'cmake_clean_first': False, 'cmake_force_configure': False, 'cmake_target': None, 'cmake_target_skip_unavailable': False, 'install_base': '/home/markros2/rosproject/install/my_robot_slam', 'merge_install': False, 'path': '/home/markros2/rosproject/src/my_robot_slam', 'symlink_install': False, 'test_result_base': None}
[0.340s] Level 5:colcon.colcon_core.verb:set package 'my_vacuum_cleaner' build argument 'cmake_args' from command line to 'None'
[0.340s] Level 5:colcon.colcon_core.verb:set package 'my_vacuum_cleaner' build argument 'cmake_target' from command line to 'None'
[0.340s] Level 5:colcon.colcon_core.verb:set package 'my_vacuum_cleaner' build argument 'cmake_target_skip_unavailable' from command line to 'False'
[0.340s] Level 5:colcon.colcon_core.verb:set package 'my_vacuum_cleaner' build argument 'cmake_clean_cache' from command line to 'False'
[0.340s] Level 5:colcon.colcon_core.verb:set package 'my_vacuum_cleaner' build argument 'cmake_clean_first' from command line to 'False'
[0.340s] Level 5:colcon.colcon_core.verb:set package 'my_vacuum_cleaner' build argument 'cmake_force_configure' from command line to 'False'
[0.340s] Level 5:colcon.colcon_core.verb:set package 'my_vacuum_cleaner' build argument 'ament_cmake_args' from command line to 'None'
[0.340s] Level 5:colcon.colcon_core.verb:set package 'my_vacuum_cleaner' build argument 'catkin_cmake_args' from command line to 'None'
[0.340s] Level 5:colcon.colcon_core.verb:set package 'my_vacuum_cleaner' build argument 'catkin_skip_building_tests' from command line to 'False'
[0.340s] DEBUG:colcon.colcon_core.verb:Building package 'my_vacuum_cleaner' with the following arguments: {'ament_cmake_args': None, 'build_base': '/home/markros2/rosproject/build/my_vacuum_cleaner', 'catkin_cmake_args': None, 'catkin_skip_building_tests': False, 'cmake_args': None, 'cmake_clean_cache': False, 'cmake_clean_first': False, 'cmake_force_configure': False, 'cmake_target': None, 'cmake_target_skip_unavailable': False, 'install_base': '/home/markros2/rosproject/install/my_vacuum_cleaner', 'merge_install': False, 'path': '/home/markros2/rosproject/src/my_vacuum_cleaner', 'symlink_install': False, 'test_result_base': None}
[0.343s] Level 5:colcon.colcon_core.verb:set package 'pubsub' build argument 'cmake_args' from command line to 'None'
[0.343s] Level 5:colcon.colcon_core.verb:set package 'pubsub' build argument 'cmake_target' from command line to 'None'
[0.343s] Level 5:colcon.colcon_core.verb:set package 'pubsub' build argument 'cmake_target_skip_unavailable' from command line to 'False'
[0.343s] Level 5:colcon.colcon_core.verb:set package 'pubsub' build argument 'cmake_clean_cache' from command line to 'False'
[0.343s] Level 5:colcon.colcon_core.verb:set package 'pubsub' build argument 'cmake_clean_first' from command line to 'False'
[0.343s] Level 5:colcon.colcon_core.verb:set package 'pubsub' build argument 'cmake_force_configure' from command line to 'False'
[0.343s] Level 5:colcon.colcon_core.verb:set package 'pubsub' build argument 'ament_cmake_args' from command line to 'None'
[0.343s] Level 5:colcon.colcon_core.verb:set package 'pubsub' build argument 'catkin_cmake_args' from command line to 'None'
[0.343s] Level 5:colcon.colcon_core.verb:set package 'pubsub' build argument 'catkin_skip_building_tests' from command line to 'False'
[0.343s] DEBUG:colcon.colcon_core.verb:Building package 'pubsub' with the following arguments: {'ament_cmake_args': None, 'build_base': '/home/markros2/rosproject/build/pubsub', 'catkin_cmake_args': None, 'catkin_skip_building_tests': False, 'cmake_args': None, 'cmake_clean_cache': False, 'cmake_clean_first': False, 'cmake_force_configure': False, 'cmake_target': None, 'cmake_target_skip_unavailable': False, 'install_base': '/home/markros2/rosproject/install/pubsub', 'merge_install': False, 'path': '/home/markros2/rosproject/src/pubsub', 'symlink_install': False, 'test_result_base': None}
[0.346s] Level 5:colcon.colcon_core.verb:set package 'slam_toolbox' build argument 'cmake_args' from command line to 'None'
[0.346s] Level 5:colcon.colcon_core.verb:set package 'slam_toolbox' build argument 'cmake_target' from command line to 'None'
[0.346s] Level 5:colcon.colcon_core.verb:set package 'slam_toolbox' build argument 'cmake_target_skip_unavailable' from command line to 'False'
[0.346s] Level 5:colcon.colcon_core.verb:set package 'slam_toolbox' build argument 'cmake_clean_cache' from command line to 'False'
[0.346s] Level 5:colcon.colcon_core.verb:set package 'slam_toolbox' build argument 'cmake_clean_first' from command line to 'False'
[0.346s] Level 5:colcon.colcon_core.verb:set package 'slam_toolbox' build argument 'cmake_force_configure' from command line to 'False'
[0.346s] Level 5:colcon.colcon_core.verb:set package 'slam_toolbox' build argument 'ament_cmake_args' from command line to 'None'
[0.346s] Level 5:colcon.colcon_core.verb:set package 'slam_toolbox' build argument 'catkin_cmake_args' from command line to 'None'
[0.346s] Level 5:colcon.colcon_core.verb:set package 'slam_toolbox' build argument 'catkin_skip_building_tests' from command line to 'False'
[0.346s] DEBUG:colcon.colcon_core.verb:Building package 'slam_toolbox' with the following arguments: {'ament_cmake_args': None, 'build_base': '/home/markros2/rosproject/build/slam_toolbox', 'catkin_cmake_args': None, 'catkin_skip_building_tests': False, 'cmake_args': None, 'cmake_clean_cache': False, 'cmake_clean_first': False, 'cmake_force_configure': False, 'cmake_target': None, 'cmake_target_skip_unavailable': False, 'install_base': '/home/markros2/rosproject/install/slam_toolbox', 'merge_install': False, 'path': '/home/markros2/rosproject/src/slam_toolbox', 'symlink_install': False, 'test_result_base': None}
[0.347s] INFO:colcon.colcon_core.executor:Executing jobs using 'parallel' executor
[0.349s] DEBUG:colcon.colcon_parallel_executor.executor.parallel:run_until_complete
[0.349s] INFO:colcon.colcon_ros.task.ament_python.build:Building ROS package in '/home/markros2/rosproject/src/my_robot_navigation' with build type 'ament_python'
[0.349s] Level 1:colcon.colcon_core.shell:create_environment_hook('my_robot_navigation', 'ament_prefix_path')
[0.353s] INFO:colcon.colcon_core.plugin_system:Skipping extension 'colcon_core.shell.bat': Not used on non-Windows systems
[0.353s] INFO:colcon.colcon_core.shell:Creating environment hook '/home/markros2/rosproject/install/my_robot_navigation/share/my_robot_navigation/hook/ament_prefix_path.ps1'
[0.354s] INFO:colcon.colcon_core.shell:Creating environment descriptor '/home/markros2/rosproject/install/my_robot_navigation/share/my_robot_navigation/hook/ament_prefix_path.dsv'
[0.354s] INFO:colcon.colcon_core.shell:Creating environment hook '/home/markros2/rosproject/install/my_robot_navigation/share/my_robot_navigation/hook/ament_prefix_path.sh'
[0.355s] INFO:colcon.colcon_core.shell:Skip shell extension 'powershell' for command environment: Not usable outside of PowerShell
[0.356s] DEBUG:colcon.colcon_core.shell:Skip shell extension 'dsv' for command environment
[0.359s] DEBUG:colcon.colcon_core.shell:Ignoring prefix path '/opt/ros/foxy'
[0.361s] INFO:colcon.colcon_ros.task.ament_python.build:Building ROS package in '/home/markros2/rosproject/src/my_robot_slam' with build type 'ament_python'
[0.361s] Level 1:colcon.colcon_core.shell:create_environment_hook('my_robot_slam', 'ament_prefix_path')
[0.362s] INFO:colcon.colcon_core.shell:Creating environment hook '/home/markros2/rosproject/install/my_robot_slam/share/my_robot_slam/hook/ament_prefix_path.ps1'
[0.363s] INFO:colcon.colcon_core.shell:Creating environment descriptor '/home/markros2/rosproject/install/my_robot_slam/share/my_robot_slam/hook/ament_prefix_path.dsv'
[0.363s] INFO:colcon.colcon_core.shell:Creating environment hook '/home/markros2/rosproject/install/my_robot_slam/share/my_robot_slam/hook/ament_prefix_path.sh'
[0.364s] INFO:colcon.colcon_core.shell:Skip shell extension 'powershell' for command environment: Not usable outside of PowerShell
[0.364s] DEBUG:colcon.colcon_core.shell:Skip shell extension 'dsv' for command environment
[0.366s] DEBUG:colcon.colcon_core.shell:Ignoring prefix path '/opt/ros/foxy'
[0.368s] INFO:colcon.colcon_ros.task.ament_python.build:Building ROS package in '/home/markros2/rosproject/src/my_vacuum_cleaner' with build type 'ament_python'
[0.369s] Level 1:colcon.colcon_core.shell:create_environment_hook('my_vacuum_cleaner', 'ament_prefix_path')
[0.370s] INFO:colcon.colcon_core.shell:Creating environment hook '/home/markros2/rosproject/install/my_vacuum_cleaner/share/my_vacuum_cleaner/hook/ament_prefix_path.ps1'
[0.370s] INFO:colcon.colcon_core.shell:Creating environment descriptor '/home/markros2/rosproject/install/my_vacuum_cleaner/share/my_vacuum_cleaner/hook/ament_prefix_path.dsv'
[0.371s] INFO:colcon.colcon_core.shell:Creating environment hook '/home/markros2/rosproject/install/my_vacuum_cleaner/share/my_vacuum_cleaner/hook/ament_prefix_path.sh'
[0.371s] INFO:colcon.colcon_core.shell:Skip shell extension 'powershell' for command environment: Not usable outside of PowerShell
[0.371s] DEBUG:colcon.colcon_core.shell:Skip shell extension 'dsv' for command environment
[0.374s] DEBUG:colcon.colcon_core.shell:Ignoring prefix path '/opt/ros/foxy'
[0.377s] INFO:colcon.colcon_ros.task.ament_python.build:Building ROS package in '/home/markros2/rosproject/src/pubsub' with build type 'ament_python'
[0.377s] Level 1:colcon.colcon_core.shell:create_environment_hook('pubsub', 'ament_prefix_path')
[0.378s] INFO:colcon.colcon_core.shell:Creating environment hook '/home/markros2/rosproject/install/pubsub/share/pubsub/hook/ament_prefix_path.ps1'
[0.378s] INFO:colcon.colcon_core.shell:Creating environment descriptor '/home/markros2/rosproject/install/pubsub/share/pubsub/hook/ament_prefix_path.dsv'
[0.379s] INFO:colcon.colcon_core.shell:Creating environment hook '/home/markros2/rosproject/install/pubsub/share/pubsub/hook/ament_prefix_path.sh'
[0.380s] INFO:colcon.colcon_core.shell:Skip shell extension 'powershell' for command environment: Not usable outside of PowerShell
[0.380s] DEBUG:colcon.colcon_core.shell:Skip shell extension 'dsv' for command environment
[0.382s] DEBUG:colcon.colcon_core.shell:Ignoring prefix path '/opt/ros/foxy'
[0.384s] INFO:colcon.colcon_ros.task.ament_cmake.build:Building ROS package in '/home/markros2/rosproject/src/slam_toolbox' with build type 'ament_cmake'
[0.384s] INFO:colcon.colcon_cmake.task.cmake.build:Building CMake package in '/home/markros2/rosproject/src/slam_toolbox'
[0.386s] INFO:colcon.colcon_core.shell:Skip shell extension 'powershell' for command environment: Not usable outside of PowerShell
[0.386s] DEBUG:colcon.colcon_core.shell:Skip shell extension 'dsv' for command environment
[0.388s] DEBUG:colcon.colcon_core.shell:Ignoring prefix path '/opt/ros/foxy'
[0.622s] INFO:colcon.colcon_core.task.python.build:Building Python package in '/home/markros2/rosproject/src/my_robot_navigation'
[0.623s] INFO:colcon.colcon_core.shell:Skip shell extension 'powershell' for command environment: Not usable outside of PowerShell
[0.624s] DEBUG:colcon.colcon_core.shell:Skip shell extension 'dsv' for command environment
[0.627s] DEBUG:colcon.colcon_core.shell:Ignoring prefix path '/opt/ros/foxy'
[0.863s] INFO:colcon.colcon_core.task.python.build:Building Python package in '/home/markros2/rosproject/src/my_robot_slam'
[0.864s] INFO:colcon.colcon_core.shell:Skip shell extension 'powershell' for command environment: Not usable outside of PowerShell
[0.864s] DEBUG:colcon.colcon_core.shell:Skip shell extension 'dsv' for command environment
[0.867s] DEBUG:colcon.colcon_core.shell:Ignoring prefix path '/opt/ros/foxy'
[1.081s] INFO:colcon.colcon_core.task.python.build:Building Python package in '/home/markros2/rosproject/src/my_vacuum_cleaner'
[1.082s] INFO:colcon.colcon_core.shell:Skip shell extension 'powershell' for command environment: Not usable outside of PowerShell
[1.082s] DEBUG:colcon.colcon_core.shell:Skip shell extension 'dsv' for command environment
[1.084s] DEBUG:colcon.colcon_core.shell:Ignoring prefix path '/opt/ros/foxy'
[1.307s] INFO:colcon.colcon_core.task.python.build:Building Python package in '/home/markros2/rosproject/src/pubsub'
[1.308s] INFO:colcon.colcon_core.shell:Skip shell extension 'powershell' for command environment: Not usable outside of PowerShell
[1.308s] DEBUG:colcon.colcon_core.shell:Skip shell extension 'dsv' for command environment
[1.310s] DEBUG:colcon.colcon_core.shell:Ignoring prefix path '/opt/ros/foxy'
[1.317s] DEBUG:colcon.colcon_core.event_handler.log_command:Invoking command in '/home/markros2/rosproject/build/slam_toolbox': CMAKE_PREFIX_PATH=${CMAKE_PREFIX_PATH}:/home/markros2/rosproject/install/pubsub:/home/markros2/rosproject/install/my_vacuum_cleaner:/home/markros2/rosproject/install/my_robot_slam:/home/markros2/rosproject/install/my_robot_navigation:/home/markros2/project/install/slam:/opt/ros/foxy /usr/bin/cmake --build /home/markros2/rosproject/build/slam_toolbox -- -j12 -l12
[1.326s] DEBUG:colcon.colcon_core.event_handler.log_command:Invoking command in '/home/markros2/rosproject/src/my_robot_navigation': PYTHONPATH=/home/markros2/rosproject/install/my_robot_navigation/lib/python3.8/site-packages:${PYTHONPATH} /usr/bin/python3 setup.py egg_info --egg-base ../../build/my_robot_navigation build --build-base /home/markros2/rosproject/build/my_robot_navigation/build install --prefix /home/markros2/rosproject/install/my_robot_navigation --record /home/markros2/rosproject/build/my_robot_navigation/install.log --single-version-externally-managed
[1.330s] DEBUG:colcon.colcon_core.event_handler.log_command:Invoking command in '/home/markros2/rosproject/src/my_robot_slam': PYTHONPATH=/home/markros2/rosproject/install/my_robot_slam/lib/python3.8/site-packages:${PYTHONPATH} /usr/bin/python3 setup.py egg_info --egg-base ../../build/my_robot_slam build --build-base /home/markros2/rosproject/build/my_robot_slam/build install --prefix /home/markros2/rosproject/install/my_robot_slam --record /home/markros2/rosproject/build/my_robot_slam/install.log --single-version-externally-managed
[1.335s] DEBUG:colcon.colcon_core.event_handler.log_command:Invoking command in '/home/markros2/rosproject/src/my_vacuum_cleaner': PYTHONPATH=/home/markros2/rosproject/install/my_vacuum_cleaner/lib/python3.8/site-packages:${PYTHONPATH} /usr/bin/python3 setup.py egg_info --egg-base ../../build/my_vacuum_cleaner build --build-base /home/markros2/rosproject/build/my_vacuum_cleaner/build install --prefix /home/markros2/rosproject/install/my_vacuum_cleaner --record /home/markros2/rosproject/build/my_vacuum_cleaner/install.log --single-version-externally-managed
[1.339s] DEBUG:colcon.colcon_core.event_handler.log_command:Invoking command in '/home/markros2/rosproject/src/pubsub': PYTHONPATH=/home/markros2/rosproject/install/pubsub/lib/python3.8/site-packages:${PYTHONPATH} /usr/bin/python3 setup.py egg_info --egg-base ../../build/pubsub build --build-base /home/markros2/rosproject/build/pubsub/build install --prefix /home/markros2/rosproject/install/pubsub --record /home/markros2/rosproject/build/pubsub/install.log --single-version-externally-managed
[1.736s] DEBUG:colcon.colcon_core.event_handler.log_command:Invoked command in '/home/markros2/rosproject/src/my_robot_slam' returned '0': PYTHONPATH=/home/markros2/rosproject/install/my_robot_slam/lib/python3.8/site-packages:${PYTHONPATH} /usr/bin/python3 setup.py egg_info --egg-base ../../build/my_robot_slam build --build-base /home/markros2/rosproject/build/my_robot_slam/build install --prefix /home/markros2/rosproject/install/my_robot_slam --record /home/markros2/rosproject/build/my_robot_slam/install.log --single-version-externally-managed
[1.741s] Level 1:colcon.colcon_core.environment:checking '/home/markros2/rosproject/install/my_robot_slam' for CMake module files
[1.742s] Level 1:colcon.colcon_core.environment:checking '/home/markros2/rosproject/install/my_robot_slam' for CMake config files
[1.743s] Level 1:colcon.colcon_core.environment:checking '/home/markros2/rosproject/install/my_robot_slam/lib'
[1.743s] Level 1:colcon.colcon_core.environment:checking '/home/markros2/rosproject/install/my_robot_slam/bin'
[1.743s] Level 1:colcon.colcon_core.environment:checking '/home/markros2/rosproject/install/my_robot_slam/lib/pkgconfig/my_robot_slam.pc'
[1.743s] Level 1:colcon.colcon_core.environment:checking '/home/markros2/rosproject/install/my_robot_slam/lib/python3.8/site-packages'
[1.744s] Level 1:colcon.colcon_core.shell:create_environment_hook('my_robot_slam', 'pythonpath')
[1.744s] INFO:colcon.colcon_core.shell:Creating environment hook '/home/markros2/rosproject/install/my_robot_slam/share/my_robot_slam/hook/pythonpath.ps1'
[1.746s] INFO:colcon.colcon_core.shell:Creating environment descriptor '/home/markros2/rosproject/install/my_robot_slam/share/my_robot_slam/hook/pythonpath.dsv'
[1.746s] INFO:colcon.colcon_core.shell:Creating environment hook '/home/markros2/rosproject/install/my_robot_slam/share/my_robot_slam/hook/pythonpath.sh'
[1.747s] Level 1:colcon.colcon_core.environment:create_environment_scripts_only(my_robot_slam)
[1.748s] INFO:colcon.colcon_core.shell:Creating package script '/home/markros2/rosproject/install/my_robot_slam/share/my_robot_slam/package.ps1'
[1.751s] INFO:colcon.colcon_core.shell:Creating package descriptor '/home/markros2/rosproject/install/my_robot_slam/share/my_robot_slam/package.dsv'
[1.752s] INFO:colcon.colcon_core.shell:Creating package script '/home/markros2/rosproject/install/my_robot_slam/share/my_robot_slam/package.sh'
[1.753s] INFO:colcon.colcon_core.shell:Creating package script '/home/markros2/rosproject/install/my_robot_slam/share/my_robot_slam/package.bash'
[1.754s] INFO:colcon.colcon_core.shell:Creating package script '/home/markros2/rosproject/install/my_robot_slam/share/my_robot_slam/package.zsh'
[1.755s] Level 1:colcon.colcon_core.environment:create_file_with_runtime_dependencies(/home/markros2/rosproject/install/my_robot_slam/share/colcon-core/packages/my_robot_slam)
[1.758s] Level 1:colcon.colcon_core.environment:checking '/home/markros2/rosproject/install/pubsub' for CMake module files
[1.759s] DEBUG:colcon.colcon_core.event_handler.log_command:Invoked command in '/home/markros2/rosproject/src/pubsub' returned '0': PYTHONPATH=/home/markros2/rosproject/install/pubsub/lib/python3.8/site-packages:${PYTHONPATH} /usr/bin/python3 setup.py egg_info --egg-base ../../build/pubsub build --build-base /home/markros2/rosproject/build/pubsub/build install --prefix /home/markros2/rosproject/install/pubsub --record /home/markros2/rosproject/build/pubsub/install.log --single-version-externally-managed
[1.760s] Level 1:colcon.colcon_core.environment:checking '/home/markros2/rosproject/install/pubsub' for CMake config files
[1.760s] Level 1:colcon.colcon_core.environment:checking '/home/markros2/rosproject/install/pubsub/lib'
[1.760s] Level 1:colcon.colcon_core.environment:checking '/home/markros2/rosproject/install/pubsub/bin'
[1.761s] Level 1:colcon.colcon_core.environment:checking '/home/markros2/rosproject/install/pubsub/lib/pkgconfig/pubsub.pc'
[1.761s] Level 1:colcon.colcon_core.environment:checking '/home/markros2/rosproject/install/pubsub/lib/python3.8/site-packages'
[1.761s] Level 1:colcon.colcon_core.shell:create_environment_hook('pubsub', 'pythonpath')
[1.761s] INFO:colcon.colcon_core.shell:Creating environment hook '/home/markros2/rosproject/install/pubsub/share/pubsub/hook/pythonpath.ps1'
[1.762s] INFO:colcon.colcon_core.shell:Creating environment descriptor '/home/markros2/rosproject/install/pubsub/share/pubsub/hook/pythonpath.dsv'
[1.762s] INFO:colcon.colcon_core.shell:Creating environment hook '/home/markros2/rosproject/install/pubsub/share/pubsub/hook/pythonpath.sh'
[1.763s] Level 1:colcon.colcon_core.environment:create_environment_scripts_only(pubsub)
[1.763s] INFO:colcon.colcon_core.shell:Creating package script '/home/markros2/rosproject/install/pubsub/share/pubsub/package.ps1'
[1.764s] INFO:colcon.colcon_core.shell:Creating package descriptor '/home/markros2/rosproject/install/pubsub/share/pubsub/package.dsv'
[1.764s] INFO:colcon.colcon_core.shell:Creating package script '/home/markros2/rosproject/install/pubsub/share/pubsub/package.sh'
[1.765s] INFO:colcon.colcon_core.shell:Creating package script '/home/markros2/rosproject/install/pubsub/share/pubsub/package.bash'
[1.765s] INFO:colcon.colcon_core.shell:Creating package script '/home/markros2/rosproject/install/pubsub/share/pubsub/package.zsh'
[1.766s] Level 1:colcon.colcon_core.environment:create_file_with_runtime_dependencies(/home/markros2/rosproject/install/pubsub/share/colcon-core/packages/pubsub)
[1.769s] Level 1:colcon.colcon_core.environment:checking '/home/markros2/rosproject/install/my_robot_navigation' for CMake module files
[1.770s] DEBUG:colcon.colcon_core.event_handler.log_command:Invoked command in '/home/markros2/rosproject/src/my_robot_navigation' returned '0': PYTHONPATH=/home/markros2/rosproject/install/my_robot_navigation/lib/python3.8/site-packages:${PYTHONPATH} /usr/bin/python3 setup.py egg_info --egg-base ../../build/my_robot_navigation build --build-base /home/markros2/rosproject/build/my_robot_navigation/build install --prefix /home/markros2/rosproject/install/my_robot_navigation --record /home/markros2/rosproject/build/my_robot_navigation/install.log --single-version-externally-managed
[1.770s] Level 1:colcon.colcon_core.environment:checking '/home/markros2/rosproject/install/my_robot_navigation' for CMake config files
[1.771s] Level 1:colcon.colcon_core.environment:checking '/home/markros2/rosproject/install/my_robot_navigation/lib'
[1.771s] Level 1:colcon.colcon_core.environment:checking '/home/markros2/rosproject/install/my_robot_navigation/bin'
[1.771s] Level 1:colcon.colcon_core.environment:checking '/home/markros2/rosproject/install/my_robot_navigation/lib/pkgconfig/my_robot_navigation.pc'
[1.771s] Level 1:colcon.colcon_core.environment:checking '/home/markros2/rosproject/install/my_robot_navigation/lib/python3.8/site-packages'
[1.771s] Level 1:colcon.colcon_core.shell:create_environment_hook('my_robot_navigation', 'pythonpath')
[1.772s] INFO:colcon.colcon_core.shell:Creating environment hook '/home/markros2/rosproject/install/my_robot_navigation/share/my_robot_navigation/hook/pythonpath.ps1'
[1.772s] INFO:colcon.colcon_core.shell:Creating environment descriptor '/home/markros2/rosproject/install/my_robot_navigation/share/my_robot_navigation/hook/pythonpath.dsv'
[1.772s] INFO:colcon.colcon_core.shell:Creating environment hook '/home/markros2/rosproject/install/my_robot_navigation/share/my_robot_navigation/hook/pythonpath.sh'
[1.773s] Level 1:colcon.colcon_core.environment:create_environment_scripts_only(my_robot_navigation)
[1.773s] INFO:colcon.colcon_core.shell:Creating package script '/home/markros2/rosproject/install/my_robot_navigation/share/my_robot_navigation/package.ps1'
[1.774s] INFO:colcon.colcon_core.shell:Creating package descriptor '/home/markros2/rosproject/install/my_robot_navigation/share/my_robot_navigation/package.dsv'
[1.774s] INFO:colcon.colcon_core.shell:Creating package script '/home/markros2/rosproject/install/my_robot_navigation/share/my_robot_navigation/package.sh'
[1.775s] INFO:colcon.colcon_core.shell:Creating package script '/home/markros2/rosproject/install/my_robot_navigation/share/my_robot_navigation/package.bash'
[1.775s] INFO:colcon.colcon_core.shell:Creating package script '/home/markros2/rosproject/install/my_robot_navigation/share/my_robot_navigation/package.zsh'
[1.775s] Level 1:colcon.colcon_core.environment:create_file_with_runtime_dependencies(/home/markros2/rosproject/install/my_robot_navigation/share/colcon-core/packages/my_robot_navigation)
[1.777s] Level 1:colcon.colcon_core.environment:checking '/home/markros2/rosproject/install/my_vacuum_cleaner' for CMake module files
[1.778s] DEBUG:colcon.colcon_core.event_handler.log_command:Invoked command in '/home/markros2/rosproject/src/my_vacuum_cleaner' returned '0': PYTHONPATH=/home/markros2/rosproject/install/my_vacuum_cleaner/lib/python3.8/site-packages:${PYTHONPATH} /usr/bin/python3 setup.py egg_info --egg-base ../../build/my_vacuum_cleaner build --build-base /home/markros2/rosproject/build/my_vacuum_cleaner/build install --prefix /home/markros2/rosproject/install/my_vacuum_cleaner --record /home/markros2/rosproject/build/my_vacuum_cleaner/install.log --single-version-externally-managed
[1.779s] Level 1:colcon.colcon_core.environment:checking '/home/markros2/rosproject/install/my_vacuum_cleaner' for CMake config files
[1.779s] Level 1:colcon.colcon_core.environment:checking '/home/markros2/rosproject/install/my_vacuum_cleaner/lib'
[1.779s] Level 1:colcon.colcon_core.environment:checking '/home/markros2/rosproject/install/my_vacuum_cleaner/bin'
[1.779s] Level 1:colcon.colcon_core.environment:checking '/home/markros2/rosproject/install/my_vacuum_cleaner/lib/pkgconfig/my_vacuum_cleaner.pc'
[1.779s] Level 1:colcon.colcon_core.environment:checking '/home/markros2/rosproject/install/my_vacuum_cleaner/lib/python3.8/site-packages'
[1.779s] Level 1:colcon.colcon_core.shell:create_environment_hook('my_vacuum_cleaner', 'pythonpath')
[1.780s] INFO:colcon.colcon_core.shell:Creating environment hook '/home/markros2/rosproject/install/my_vacuum_cleaner/share/my_vacuum_cleaner/hook/pythonpath.ps1'
[1.781s] INFO:colcon.colcon_core.shell:Creating environment descriptor '/home/markros2/rosproject/install/my_vacuum_cleaner/share/my_vacuum_cleaner/hook/pythonpath.dsv'
[1.782s] INFO:colcon.colcon_core.shell:Creating environment hook '/home/markros2/rosproject/install/my_vacuum_cleaner/share/my_vacuum_cleaner/hook/pythonpath.sh'
[1.782s] Level 1:colcon.colcon_core.environment:create_environment_scripts_only(my_vacuum_cleaner)
[1.783s] INFO:colcon.colcon_core.shell:Creating package script '/home/markros2/rosproject/install/my_vacuum_cleaner/share/my_vacuum_cleaner/package.ps1'
[1.783s] INFO:colcon.colcon_core.shell:Creating package descriptor '/home/markros2/rosproject/install/my_vacuum_cleaner/share/my_vacuum_cleaner/package.dsv'
[1.784s] INFO:colcon.colcon_core.shell:Creating package script '/home/markros2/rosproject/install/my_vacuum_cleaner/share/my_vacuum_cleaner/package.sh'
[1.784s] INFO:colcon.colcon_core.shell:Creating package script '/home/markros2/rosproject/install/my_vacuum_cleaner/share/my_vacuum_cleaner/package.bash'
[1.784s] INFO:colcon.colcon_core.shell:Creating package script '/home/markros2/rosproject/install/my_vacuum_cleaner/share/my_vacuum_cleaner/package.zsh'
[1.785s] Level 1:colcon.colcon_core.environment:create_file_with_runtime_dependencies(/home/markros2/rosproject/install/my_vacuum_cleaner/share/colcon-core/packages/my_vacuum_cleaner)
[1.788s] DEBUG:colcon.colcon_core.event_handler.log_command:Invoked command in '/home/markros2/rosproject/build/slam_toolbox' returned '0': CMAKE_PREFIX_PATH=${CMAKE_PREFIX_PATH}:/home/markros2/rosproject/install/pubsub:/home/markros2/rosproject/install/my_vacuum_cleaner:/home/markros2/rosproject/install/my_robot_slam:/home/markros2/rosproject/install/my_robot_navigation:/home/markros2/project/install/slam:/opt/ros/foxy /usr/bin/cmake --build /home/markros2/rosproject/build/slam_toolbox -- -j12 -l12
[1.973s] DEBUG:colcon.colcon_core.event_handler.log_command:Invoking command in '/home/markros2/rosproject/build/slam_toolbox': CMAKE_PREFIX_PATH=${CMAKE_PREFIX_PATH}:/home/markros2/rosproject/install/pubsub:/home/markros2/rosproject/install/my_vacuum_cleaner:/home/markros2/rosproject/install/my_robot_slam:/home/markros2/rosproject/install/my_robot_navigation:/home/markros2/project/install/slam:/opt/ros/foxy /usr/bin/cmake --install /home/markros2/rosproject/build/slam_toolbox
[2.039s] Level 1:colcon.colcon_core.environment:create_environment_scripts_only(slam_toolbox)
[2.040s] Level 1:colcon.colcon_core.environment:checking '/home/markros2/rosproject/install/slam_toolbox' for CMake module files
[2.042s] Level 1:colcon.colcon_core.environment:checking '/home/markros2/rosproject/install/slam_toolbox' for CMake config files
[2.043s] Level 1:colcon.colcon_core.shell:create_environment_hook('slam_toolbox', 'cmake_prefix_path')
[2.043s] INFO:colcon.colcon_core.shell:Creating environment hook '/home/markros2/rosproject/install/slam_toolbox/share/slam_toolbox/hook/cmake_prefix_path.ps1'
[2.044s] INFO:colcon.colcon_core.shell:Creating environment descriptor '/home/markros2/rosproject/install/slam_toolbox/share/slam_toolbox/hook/cmake_prefix_path.dsv'
[2.044s] DEBUG:colcon.colcon_core.event_handler.log_command:Invoked command in '/home/markros2/rosproject/build/slam_toolbox' returned '0': CMAKE_PREFIX_PATH=${CMAKE_PREFIX_PATH}:/home/markros2/rosproject/install/pubsub:/home/markros2/rosproject/install/my_vacuum_cleaner:/home/markros2/rosproject/install/my_robot_slam:/home/markros2/rosproject/install/my_robot_navigation:/home/markros2/project/install/slam:/opt/ros/foxy /usr/bin/cmake --install /home/markros2/rosproject/build/slam_toolbox
[2.045s] INFO:colcon.colcon_core.shell:Creating environment hook '/home/markros2/rosproject/install/slam_toolbox/share/slam_toolbox/hook/cmake_prefix_path.sh'
[2.045s] Level 1:colcon.colcon_core.environment:checking '/home/markros2/rosproject/install/slam_toolbox/lib'
[2.045s] Level 1:colcon.colcon_core.shell:create_environment_hook('slam_toolbox', 'ld_library_path_lib')
[2.046s] INFO:colcon.colcon_core.shell:Creating environment hook '/home/markros2/rosproject/install/slam_toolbox/share/slam_toolbox/hook/ld_library_path_lib.ps1'
[2.046s] INFO:colcon.colcon_core.shell:Creating environment descriptor '/home/markros2/rosproject/install/slam_toolbox/share/slam_toolbox/hook/ld_library_path_lib.dsv'
[2.046s] INFO:colcon.colcon_core.shell:Creating environment hook '/home/markros2/rosproject/install/slam_toolbox/share/slam_toolbox/hook/ld_library_path_lib.sh'
[2.047s] Level 1:colcon.colcon_core.environment:checking '/home/markros2/rosproject/install/slam_toolbox/bin'
[2.047s] Level 1:colcon.colcon_core.environment:checking '/home/markros2/rosproject/install/slam_toolbox/lib/pkgconfig/slam_toolbox.pc'
[2.047s] Level 1:colcon.colcon_core.environment:checking '/home/markros2/rosproject/install/slam_toolbox/lib/python3.8/site-packages'
[2.047s] Level 1:colcon.colcon_core.shell:create_environment_hook('slam_toolbox', 'pythonpath')
[2.047s] INFO:colcon.colcon_core.shell:Creating environment hook '/home/markros2/rosproject/install/slam_toolbox/share/slam_toolbox/hook/pythonpath.ps1'
[2.048s] INFO:colcon.colcon_core.shell:Creating environment descriptor '/home/markros2/rosproject/install/slam_toolbox/share/slam_toolbox/hook/pythonpath.dsv'
[2.048s] INFO:colcon.colcon_core.shell:Creating environment hook '/home/markros2/rosproject/install/slam_toolbox/share/slam_toolbox/hook/pythonpath.sh'
[2.049s] INFO:colcon.colcon_core.shell:Creating package script '/home/markros2/rosproject/install/slam_toolbox/share/slam_toolbox/package.ps1'
[2.049s] INFO:colcon.colcon_core.shell:Creating package descriptor '/home/markros2/rosproject/install/slam_toolbox/share/slam_toolbox/package.dsv'
[2.050s] INFO:colcon.colcon_core.shell:Creating package script '/home/markros2/rosproject/install/slam_toolbox/share/slam_toolbox/package.sh'
[2.050s] INFO:colcon.colcon_core.shell:Creating package script '/home/markros2/rosproject/install/slam_toolbox/share/slam_toolbox/package.bash'
[2.051s] INFO:colcon.colcon_core.shell:Creating package script '/home/markros2/rosproject/install/slam_toolbox/share/slam_toolbox/package.zsh'
[2.051s] Level 1:colcon.colcon_core.environment:create_file_with_runtime_dependencies(/home/markros2/rosproject/install/slam_toolbox/share/colcon-core/packages/slam_toolbox)
[2.219s] Level 1:colcon.colcon_core.environment:create_environment_scripts_only(slam_toolbox)
[2.220s] Level 1:colcon.colcon_core.environment:checking '/home/markros2/rosproject/install/slam_toolbox' for CMake module files
[2.221s] Level 1:colcon.colcon_core.environment:checking '/home/markros2/rosproject/install/slam_toolbox' for CMake config files
[2.222s] Level 1:colcon.colcon_core.shell:create_environment_hook('slam_toolbox', 'cmake_prefix_path')
[2.222s] INFO:colcon.colcon_core.shell:Creating environment hook '/home/markros2/rosproject/install/slam_toolbox/share/slam_toolbox/hook/cmake_prefix_path.ps1'
[2.223s] INFO:colcon.colcon_core.shell:Creating environment descriptor '/home/markros2/rosproject/install/slam_toolbox/share/slam_toolbox/hook/cmake_prefix_path.dsv'
[2.224s] INFO:colcon.colcon_core.shell:Creating environment hook '/home/markros2/rosproject/install/slam_toolbox/share/slam_toolbox/hook/cmake_prefix_path.sh'
[2.225s] Level 1:colcon.colcon_core.environment:checking '/home/markros2/rosproject/install/slam_toolbox/lib'
[2.225s] Level 1:colcon.colcon_core.shell:create_environment_hook('slam_toolbox', 'ld_library_path_lib')
[2.226s] INFO:colcon.colcon_core.shell:Creating environment hook '/home/markros2/rosproject/install/slam_toolbox/share/slam_toolbox/hook/ld_library_path_lib.ps1'
[2.226s] INFO:colcon.colcon_core.shell:Creating environment descriptor '/home/markros2/rosproject/install/slam_toolbox/share/slam_toolbox/hook/ld_library_path_lib.dsv'
[2.226s] INFO:colcon.colcon_core.shell:Creating environment hook '/home/markros2/rosproject/install/slam_toolbox/share/slam_toolbox/hook/ld_library_path_lib.sh'
[2.227s] Level 1:colcon.colcon_core.environment:checking '/home/markros2/rosproject/install/slam_toolbox/bin'
[2.227s] Level 1:colcon.colcon_core.environment:checking '/home/markros2/rosproject/install/slam_toolbox/lib/pkgconfig/slam_toolbox.pc'
[2.227s] Level 1:colcon.colcon_core.environment:checking '/home/markros2/rosproject/install/slam_toolbox/lib/python3.8/site-packages'
[2.227s] Level 1:colcon.colcon_core.shell:create_environment_hook('slam_toolbox', 'pythonpath')
[2.228s] INFO:colcon.colcon_core.shell:Creating environment hook '/home/markros2/rosproject/install/slam_toolbox/share/slam_toolbox/hook/pythonpath.ps1'
[2.228s] INFO:colcon.colcon_core.shell:Creating environment descriptor '/home/markros2/rosproject/install/slam_toolbox/share/slam_toolbox/hook/pythonpath.dsv'
[2.229s] INFO:colcon.colcon_core.shell:Creating environment hook '/home/markros2/rosproject/install/slam_toolbox/share/slam_toolbox/hook/pythonpath.sh'
[2.230s] INFO:colcon.colcon_core.shell:Creating package script '/home/markros2/rosproject/install/slam_toolbox/share/slam_toolbox/package.ps1'
[2.231s] INFO:colcon.colcon_core.shell:Creating package descriptor '/home/markros2/rosproject/install/slam_toolbox/share/slam_toolbox/package.dsv'
[2.231s] INFO:colcon.colcon_core.shell:Creating package script '/home/markros2/rosproject/install/slam_toolbox/share/slam_toolbox/package.sh'
[2.232s] INFO:colcon.colcon_core.shell:Creating package script '/home/markros2/rosproject/install/slam_toolbox/share/slam_toolbox/package.bash'
[2.232s] INFO:colcon.colcon_core.shell:Creating package script '/home/markros2/rosproject/install/slam_toolbox/share/slam_toolbox/package.zsh'
[2.233s] Level 1:colcon.colcon_core.environment:create_file_with_runtime_dependencies(/home/markros2/rosproject/install/slam_toolbox/share/colcon-core/packages/slam_toolbox)
[2.233s] DEBUG:colcon.colcon_parallel_executor.executor.parallel:closing loop
[2.234s] DEBUG:colcon.colcon_parallel_executor.executor.parallel:loop closed
[2.234s] DEBUG:colcon.colcon_parallel_executor.executor.parallel:run_until_complete finished with '0'
[2.234s] DEBUG:colcon.colcon_core.event_reactor:joining thread
[2.240s] INFO:colcon.colcon_core.plugin_system:Skipping extension 'colcon_notification.desktop_notification.terminal_notifier': Not used on non-Darwin systems
[2.240s] INFO:colcon.colcon_core.plugin_system:Skipping extension 'colcon_notification.desktop_notification.win32': Not used on non-Windows systems
[2.240s] INFO:colcon.colcon_notification.desktop_notification:Sending desktop notification using 'notify2'
[2.253s] DEBUG:colcon.colcon_core.event_reactor:joined thread
[2.254s] INFO:colcon.colcon_core.shell:Creating prefix script '/home/markros2/rosproject/install/local_setup.ps1'
[2.256s] INFO:colcon.colcon_core.shell:Creating prefix util module '/home/markros2/rosproject/install/_local_setup_util_ps1.py'
[2.257s] INFO:colcon.colcon_core.shell:Creating prefix chain script '/home/markros2/rosproject/install/setup.ps1'
[2.260s] INFO:colcon.colcon_core.shell:Creating prefix script '/home/markros2/rosproject/install/local_setup.sh'
[2.260s] INFO:colcon.colcon_core.shell:Creating prefix util module '/home/markros2/rosproject/install/_local_setup_util_sh.py'
[2.261s] INFO:colcon.colcon_core.shell:Creating prefix chain script '/home/markros2/rosproject/install/setup.sh'
[2.264s] INFO:colcon.colcon_core.shell:Creating prefix script '/home/markros2/rosproject/install/local_setup.bash'
[2.264s] INFO:colcon.colcon_core.shell:Creating prefix chain script '/home/markros2/rosproject/install/setup.bash'
[2.267s] INFO:colcon.colcon_core.shell:Creating prefix script '/home/markros2/rosproject/install/local_setup.zsh'
[2.267s] INFO:colcon.colcon_core.shell:Creating prefix chain script '/home/markros2/rosproject/install/setup.zsh'
