[0.688s] Invoking command in '/home/markros2/rosproject/src/pubsub': PYTHONPATH=/home/markros2/rosproject/install/pubsub/lib/python3.8/site-packages:${PYTHONPATH} /usr/bin/python3 setup.py egg_info --egg-base ../../build/pubsub build --build-base /home/markros2/rosproject/build/pubsub/build install --prefix /home/markros2/rosproject/install/pubsub --record /home/markros2/rosproject/build/pubsub/install.log --single-version-externally-managed
[0.848s] running egg_info
[0.849s] writing ../../build/pubsub/pubsub.egg-info/PKG-INFO
[0.850s] writing dependency_links to ../../build/pubsub/pubsub.egg-info/dependency_links.txt
[0.851s] writing entry points to ../../build/pubsub/pubsub.egg-info/entry_points.txt
[0.852s] writing requirements to ../../build/pubsub/pubsub.egg-info/requires.txt
[0.853s] writing top-level names to ../../build/pubsub/pubsub.egg-info/top_level.txt
[0.901s] reading manifest file '../../build/pubsub/pubsub.egg-info/SOURCES.txt'
[0.903s] writing manifest file '../../build/pubsub/pubsub.egg-info/SOURCES.txt'
[0.903s] running build
[0.903s] running build_py
[0.905s] running install
[0.906s] running install_lib
[0.910s] running install_data
[0.912s] running install_egg_info
[0.915s] removing '/home/markros2/rosproject/install/pubsub/lib/python3.8/site-packages/pubsub-0.0.0-py3.8.egg-info' (and everything under it)
[0.915s] Copying ../../build/pubsub/pubsub.egg-info to /home/markros2/rosproject/install/pubsub/lib/python3.8/site-packages/pubsub-0.0.0-py3.8.egg-info
[0.916s] running install_scripts
[0.938s] Installing publisher script to /home/markros2/rosproject/install/pubsub/lib/pubsub
[0.940s] writing list of installed files to '/home/markros2/rosproject/build/pubsub/install.log'
[0.999s] Invoked command in '/home/markros2/rosproject/src/pubsub' returned '0': PYTHONPATH=/home/markros2/rosproject/install/pubsub/lib/python3.8/site-packages:${PYTHONPATH} /usr/bin/python3 setup.py egg_info --egg-base ../../build/pubsub build --build-base /home/markros2/rosproject/build/pubsub/build install --prefix /home/markros2/rosproject/install/pubsub --record /home/markros2/rosproject/build/pubsub/install.log --single-version-externally-managed
