running egg_info
creating ../../build/my_vacuum_cleaner/my_vacuum_cleaner.egg-info
writing ../../build/my_vacuum_cleaner/my_vacuum_cleaner.egg-info/PKG-INFO
writing dependency_links to ../../build/my_vacuum_cleaner/my_vacuum_cleaner.egg-info/dependency_links.txt
writing entry points to ../../build/my_vacuum_cleaner/my_vacuum_cleaner.egg-info/entry_points.txt
writing requirements to ../../build/my_vacuum_cleaner/my_vacuum_cleaner.egg-info/requires.txt
writing top-level names to ../../build/my_vacuum_cleaner/my_vacuum_cleaner.egg-info/top_level.txt
writing manifest file '../../build/my_vacuum_cleaner/my_vacuum_cleaner.egg-info/SOURCES.txt'
reading manifest file '../../build/my_vacuum_cleaner/my_vacuum_cleaner.egg-info/SOURCES.txt'
writing manifest file '../../build/my_vacuum_cleaner/my_vacuum_cleaner.egg-info/SOURCES.txt'
running build
running build_py
creating /home/markros2/rosproject/build/my_vacuum_cleaner/build
creating /home/markros2/rosproject/build/my_vacuum_cleaner/build/lib
creating /home/markros2/rosproject/build/my_vacuum_cleaner/build/lib/my_vacuum_cleaner
copying my_vacuum_cleaner/__init__.py -> /home/markros2/rosproject/build/my_vacuum_cleaner/build/lib/my_vacuum_cleaner
running install
running install_lib
creating /home/markros2/rosproject/install/my_vacuum_cleaner/lib/python3.8/site-packages/my_vacuum_cleaner
copying /home/markros2/rosproject/build/my_vacuum_cleaner/build/lib/my_vacuum_cleaner/__init__.py -> /home/markros2/rosproject/install/my_vacuum_cleaner/lib/python3.8/site-packages/my_vacuum_cleaner
byte-compiling /home/markros2/rosproject/install/my_vacuum_cleaner/lib/python3.8/site-packages/my_vacuum_cleaner/__init__.py to __init__.cpython-38.pyc
running install_data
creating /home/markros2/rosproject/install/my_vacuum_cleaner/share/ament_index
creating /home/markros2/rosproject/install/my_vacuum_cleaner/share/ament_index/resource_index
creating /home/markros2/rosproject/install/my_vacuum_cleaner/share/ament_index/resource_index/packages
copying resource/my_vacuum_cleaner -> /home/markros2/rosproject/install/my_vacuum_cleaner/share/ament_index/resource_index/packages
copying package.xml -> /home/markros2/rosproject/install/my_vacuum_cleaner/share/my_vacuum_cleaner
running install_egg_info
Copying ../../build/my_vacuum_cleaner/my_vacuum_cleaner.egg-info to /home/markros2/rosproject/install/my_vacuum_cleaner/lib/python3.8/site-packages/my_vacuum_cleaner-0.0.0-py3.8.egg-info
running install_scripts
writing list of installed files to '/home/markros2/rosproject/build/my_vacuum_cleaner/install.log'
