[0.800s] Invoking command in '/home/text/rosproject/src/my_robot_navigation': PYTHONPATH=/home/text/rosproject/install/my_robot_navigation/lib/python3.8/site-packages:${PYTHONPATH} /usr/bin/python3 setup.py egg_info --egg-base ../../build/my_robot_navigation build --build-base /home/text/rosproject/build/my_robot_navigation/build install --prefix /home/text/rosproject/install/my_robot_navigation --record /home/text/rosproject/build/my_robot_navigation/install.log --single-version-externally-managed
[0.990s] running egg_info
[0.991s] writing ../../build/my_robot_navigation/my_robot_navigation.egg-info/PKG-INFO
[0.991s] writing dependency_links to ../../build/my_robot_navigation/my_robot_navigation.egg-info/dependency_links.txt
[0.992s] writing entry points to ../../build/my_robot_navigation/my_robot_navigation.egg-info/entry_points.txt
[0.993s] writing requirements to ../../build/my_robot_navigation/my_robot_navigation.egg-info/requires.txt
[0.993s] writing top-level names to ../../build/my_robot_navigation/my_robot_navigation.egg-info/top_level.txt
[1.024s] reading manifest file '../../build/my_robot_navigation/my_robot_navigation.egg-info/SOURCES.txt'
[1.025s] writing manifest file '../../build/my_robot_navigation/my_robot_navigation.egg-info/SOURCES.txt'
[1.025s] running build
[1.025s] running build_py
[1.025s] running install
[1.025s] running install_lib
[1.027s] running install_data
[1.027s] running install_egg_info
[1.029s] removing '/home/text/rosproject/install/my_robot_navigation/lib/python3.8/site-packages/my_robot_navigation-0.0.0-py3.8.egg-info' (and everything under it)
[1.029s] Copying ../../build/my_robot_navigation/my_robot_navigation.egg-info to /home/text/rosproject/install/my_robot_navigation/lib/python3.8/site-packages/my_robot_navigation-0.0.0-py3.8.egg-info
[1.029s] running install_scripts
[1.045s] Installing initpose script to /home/text/rosproject/install/my_robot_navigation/lib/my_robot_navigation
[1.045s] writing list of installed files to '/home/text/rosproject/build/my_robot_navigation/install.log'
[1.087s] Invoked command in '/home/text/rosproject/src/my_robot_navigation' returned '0': PYTHONPATH=/home/text/rosproject/install/my_robot_navigation/lib/python3.8/site-packages:${PYTHONPATH} /usr/bin/python3 setup.py egg_info --egg-base ../../build/my_robot_navigation build --build-base /home/text/rosproject/build/my_robot_navigation/build install --prefix /home/text/rosproject/install/my_robot_navigation --record /home/text/rosproject/build/my_robot_navigation/install.log --single-version-externally-managed
