[0.688s] Invoking command in '/home/markros2/rosproject/src/pubsub': PYTHONPATH=/home/markros2/rosproject/install/pubsub/lib/python3.8/site-packages:${PYTHONPATH} /usr/bin/python3 setup.py egg_info --egg-base ../../build/pubsub build --build-base /home/markros2/rosproject/build/pubsub/build install --prefix /home/markros2/rosproject/install/pubsub --record /home/markros2/rosproject/build/pubsub/install.log --single-version-externally-managed
[0.856s] running egg_info
[0.856s] writing ../../build/pubsub/pubsub.egg-info/PKG-INFO
[0.857s] writing dependency_links to ../../build/pubsub/pubsub.egg-info/dependency_links.txt
[0.857s] writing entry points to ../../build/pubsub/pubsub.egg-info/entry_points.txt
[0.858s] writing requirements to ../../build/pubsub/pubsub.egg-info/requires.txt
[0.858s] writing top-level names to ../../build/pubsub/pubsub.egg-info/top_level.txt
[0.896s] reading manifest file '../../build/pubsub/pubsub.egg-info/SOURCES.txt'
[0.897s] writing manifest file '../../build/pubsub/pubsub.egg-info/SOURCES.txt'
[0.897s] running build
[0.897s] running build_py
[0.899s] running install
[0.900s] running install_lib
[0.902s] running install_data
[0.903s] running install_egg_info
[0.906s] removing '/home/markros2/rosproject/install/pubsub/lib/python3.8/site-packages/pubsub-0.0.0-py3.8.egg-info' (and everything under it)
[0.906s] Copying ../../build/pubsub/pubsub.egg-info to /home/markros2/rosproject/install/pubsub/lib/python3.8/site-packages/pubsub-0.0.0-py3.8.egg-info
[0.907s] running install_scripts
[0.931s] Installing publisher script to /home/markros2/rosproject/install/pubsub/lib/pubsub
[0.932s] writing list of installed files to '/home/markros2/rosproject/build/pubsub/install.log'
[0.989s] Invoked command in '/home/markros2/rosproject/src/pubsub' returned '0': PYTHONPATH=/home/markros2/rosproject/install/pubsub/lib/python3.8/site-packages:${PYTHONPATH} /usr/bin/python3 setup.py egg_info --egg-base ../../build/pubsub build --build-base /home/markros2/rosproject/build/pubsub/build install --prefix /home/markros2/rosproject/install/pubsub --record /home/markros2/rosproject/build/pubsub/install.log --single-version-externally-managed
