[0.666s] Invoking command in '/home/markros2/rosproject/src/pubsub': PYTHONPATH=/home/markros2/rosproject/install/pubsub/lib/python3.8/site-packages:${PYTHONPATH} /usr/bin/python3 setup.py egg_info --egg-base ../../build/pubsub build --build-base /home/markros2/rosproject/build/pubsub/build install --prefix /home/markros2/rosproject/install/pubsub --record /home/markros2/rosproject/build/pubsub/install.log --single-version-externally-managed
[0.902s] running egg_info
[0.902s] writing ../../build/pubsub/pubsub.egg-info/PKG-INFO
[0.903s] writing dependency_links to ../../build/pubsub/pubsub.egg-info/dependency_links.txt
[0.903s] writing entry points to ../../build/pubsub/pubsub.egg-info/entry_points.txt
[0.903s] writing requirements to ../../build/pubsub/pubsub.egg-info/requires.txt
[0.903s] writing top-level names to ../../build/pubsub/pubsub.egg-info/top_level.txt
[0.942s] reading manifest file '../../build/pubsub/pubsub.egg-info/SOURCES.txt'
[0.943s] writing manifest file '../../build/pubsub/pubsub.egg-info/SOURCES.txt'
[0.943s] running build
[0.944s] running build_py
[0.944s] running install
[0.945s] running install_lib
[0.946s] running install_data
[0.947s] running install_egg_info
[0.948s] removing '/home/markros2/rosproject/install/pubsub/lib/python3.8/site-packages/pubsub-0.0.0-py3.8.egg-info' (and everything under it)
[0.949s] Copying ../../build/pubsub/pubsub.egg-info to /home/markros2/rosproject/install/pubsub/lib/python3.8/site-packages/pubsub-0.0.0-py3.8.egg-info
[0.949s] running install_scripts
[0.967s] Installing publisher script to /home/markros2/rosproject/install/pubsub/lib/pubsub
[0.967s] writing list of installed files to '/home/markros2/rosproject/build/pubsub/install.log'
[0.997s] Invoked command in '/home/markros2/rosproject/src/pubsub' returned '0': PYTHONPATH=/home/markros2/rosproject/install/pubsub/lib/python3.8/site-packages:${PYTHONPATH} /usr/bin/python3 setup.py egg_info --egg-base ../../build/pubsub build --build-base /home/markros2/rosproject/build/pubsub/build install --prefix /home/markros2/rosproject/install/pubsub --record /home/markros2/rosproject/build/pubsub/install.log --single-version-externally-managed
