[0.937s] DEBUG:colcon:Command line arguments: ['/usr/bin/colcon', 'build']
[0.937s] DEBUG:colcon:Parsed command line arguments: Namespace(ament_cmake_args=None, base_paths=['.'], build_base='build', catkin_cmake_args=None, catkin_skip_building_tests=False, cmake_args=None, cmake_clean_cache=False, cmake_clean_first=False, cmake_force_configure=False, cmake_target=None, cmake_target_skip_unavailable=False, continue_on_error=False, event_handlers=None, executor='parallel', ignore_user_meta=False, install_base='install', log_base=None, log_level=None, main=<bound method BuildVerb.main of <colcon_core.verb.build.BuildVerb object at 0x7f16575807c0>>, merge_install=False, metas=['./colcon.meta'], packages_above=None, packages_above_and_dependencies=None, packages_above_depth=None, packages_end=None, packages_ignore=None, packages_ignore_regex=None, packages_select=None, packages_select_build_failed=False, packages_select_by_dep=None, packages_select_regex=None, packages_select_test_failures=False, packages_skip=None, packages_skip_build_finished=False, packages_skip_by_dep=None, packages_skip_regex=None, packages_skip_test_passed=False, packages_skip_up_to=None, packages_start=None, packages_up_to=None, packages_up_to_regex=None, parallel_workers=12, paths=None, symlink_install=False, test_result_base=None, verb_extension=<colcon_core.verb.build.BuildVerb object at 0x7f16575807c0>, verb_name='build', verb_parser=<colcon_defaults.argument_parser.defaults.DefaultArgumentsDecorator object at 0x7f165750a4c0>)
[0.954s] Level 1:colcon.colcon_core.package_discovery:discover_packages(colcon_meta) check parameters
[0.955s] Level 1:colcon.colcon_core.package_discovery:discover_packages(recursive) check parameters
[0.955s] Level 1:colcon.colcon_core.package_discovery:discover_packages(ignore) check parameters
[0.955s] Level 1:colcon.colcon_core.package_discovery:discover_packages(path) check parameters
[0.955s] Level 1:colcon.colcon_core.package_discovery:discover_packages(colcon_meta) discover
[0.955s] Level 1:colcon.colcon_core.package_discovery:discover_packages(recursive) discover
[0.955s] INFO:colcon.colcon_core.package_discovery:Crawling recursively for packages in '/home/markros2/rosproject'
[0.955s] Level 1:colcon.colcon_core.package_identification:_identify(.) by extensions ['ignore', 'ignore_ament_install']
[0.955s] Level 1:colcon.colcon_core.package_identification:_identify(.) by extension 'ignore'
[0.955s] Level 1:colcon.colcon_core.package_identification:_identify(.) by extension 'ignore_ament_install'
[0.955s] Level 1:colcon.colcon_core.package_identification:_identify(.) by extensions ['colcon_pkg']
[0.955s] Level 1:colcon.colcon_core.package_identification:_identify(.) by extension 'colcon_pkg'
[0.955s] Level 1:colcon.colcon_core.package_identification:_identify(.) by extensions ['colcon_meta']
[0.955s] Level 1:colcon.colcon_core.package_identification:_identify(.) by extension 'colcon_meta'
[0.955s] Level 1:colcon.colcon_core.package_identification:_identify(.) by extensions ['ros']
[0.955s] Level 1:colcon.colcon_core.package_identification:_identify(.) by extension 'ros'
[0.967s] Level 1:colcon.colcon_core.package_identification:_identify(.) by extensions ['cmake', 'python']
[0.967s] Level 1:colcon.colcon_core.package_identification:_identify(.) by extension 'cmake'
[0.967s] Level 1:colcon.colcon_core.package_identification:_identify(.) by extension 'python'
[0.967s] Level 1:colcon.colcon_core.package_identification:_identify(.) by extensions ['python_setup_py']
[0.967s] Level 1:colcon.colcon_core.package_identification:_identify(.) by extension 'python_setup_py'
[0.967s] Level 1:colcon.colcon_core.package_identification:_identify(build) by extensions ['ignore', 'ignore_ament_install']
[0.967s] Level 1:colcon.colcon_core.package_identification:_identify(build) by extension 'ignore'
[0.967s] Level 1:colcon.colcon_core.package_identification:_identify(build) ignored
[0.968s] Level 1:colcon.colcon_core.package_identification:_identify(install) by extensions ['ignore', 'ignore_ament_install']
[0.968s] Level 1:colcon.colcon_core.package_identification:_identify(install) by extension 'ignore'
[0.968s] Level 1:colcon.colcon_core.package_identification:_identify(install) ignored
[0.968s] Level 1:colcon.colcon_core.package_identification:_identify(log) by extensions ['ignore', 'ignore_ament_install']
[0.968s] Level 1:colcon.colcon_core.package_identification:_identify(log) by extension 'ignore'
[0.968s] Level 1:colcon.colcon_core.package_identification:_identify(log) ignored
[0.968s] Level 1:colcon.colcon_core.package_identification:_identify(src) by extensions ['ignore', 'ignore_ament_install']
[0.968s] Level 1:colcon.colcon_core.package_identification:_identify(src) by extension 'ignore'
[0.968s] Level 1:colcon.colcon_core.package_identification:_identify(src) by extension 'ignore_ament_install'
[0.968s] Level 1:colcon.colcon_core.package_identification:_identify(src) by extensions ['colcon_pkg']
[0.968s] Level 1:colcon.colcon_core.package_identification:_identify(src) by extension 'colcon_pkg'
[0.968s] Level 1:colcon.colcon_core.package_identification:_identify(src) by extensions ['colcon_meta']
[0.968s] Level 1:colcon.colcon_core.package_identification:_identify(src) by extension 'colcon_meta'
[0.968s] Level 1:colcon.colcon_core.package_identification:_identify(src) by extensions ['ros']
[0.968s] Level 1:colcon.colcon_core.package_identification:_identify(src) by extension 'ros'
[0.968s] Level 1:colcon.colcon_core.package_identification:_identify(src) by extensions ['cmake', 'python']
[0.968s] Level 1:colcon.colcon_core.package_identification:_identify(src) by extension 'cmake'
[0.968s] Level 1:colcon.colcon_core.package_identification:_identify(src) by extension 'python'
[0.968s] Level 1:colcon.colcon_core.package_identification:_identify(src) by extensions ['python_setup_py']
[0.968s] Level 1:colcon.colcon_core.package_identification:_identify(src) by extension 'python_setup_py'
[0.969s] Level 1:colcon.colcon_core.package_identification:_identify(src/my_robot_navigation) by extensions ['ignore', 'ignore_ament_install']
[0.969s] Level 1:colcon.colcon_core.package_identification:_identify(src/my_robot_navigation) by extension 'ignore'
[0.969s] Level 1:colcon.colcon_core.package_identification:_identify(src/my_robot_navigation) by extension 'ignore_ament_install'
[0.969s] Level 1:colcon.colcon_core.package_identification:_identify(src/my_robot_navigation) by extensions ['colcon_pkg']
[0.969s] Level 1:colcon.colcon_core.package_identification:_identify(src/my_robot_navigation) by extension 'colcon_pkg'
[0.969s] Level 1:colcon.colcon_core.package_identification:_identify(src/my_robot_navigation) by extensions ['colcon_meta']
[0.969s] Level 1:colcon.colcon_core.package_identification:_identify(src/my_robot_navigation) by extension 'colcon_meta'
[0.969s] Level 1:colcon.colcon_core.package_identification:_identify(src/my_robot_navigation) by extensions ['ros']
[0.969s] Level 1:colcon.colcon_core.package_identification:_identify(src/my_robot_navigation) by extension 'ros'
[0.973s] DEBUG:colcon.colcon_core.package_identification:Package 'src/my_robot_navigation' with type 'ros.ament_python' and name 'my_robot_navigation'
[0.973s] Level 1:colcon.colcon_core.package_identification:_identify(src/my_robot_slam) by extensions ['ignore', 'ignore_ament_install']
[0.973s] Level 1:colcon.colcon_core.package_identification:_identify(src/my_robot_slam) by extension 'ignore'
[0.973s] Level 1:colcon.colcon_core.package_identification:_identify(src/my_robot_slam) by extension 'ignore_ament_install'
[0.973s] Level 1:colcon.colcon_core.package_identification:_identify(src/my_robot_slam) by extensions ['colcon_pkg']
[0.973s] Level 1:colcon.colcon_core.package_identification:_identify(src/my_robot_slam) by extension 'colcon_pkg'
[0.973s] Level 1:colcon.colcon_core.package_identification:_identify(src/my_robot_slam) by extensions ['colcon_meta']
[0.974s] Level 1:colcon.colcon_core.package_identification:_identify(src/my_robot_slam) by extension 'colcon_meta'
[0.974s] Level 1:colcon.colcon_core.package_identification:_identify(src/my_robot_slam) by extensions ['ros']
[0.974s] Level 1:colcon.colcon_core.package_identification:_identify(src/my_robot_slam) by extension 'ros'
[0.975s] DEBUG:colcon.colcon_core.package_identification:Package 'src/my_robot_slam' with type 'ros.ament_python' and name 'my_robot_slam'
[0.975s] Level 1:colcon.colcon_core.package_identification:_identify(src/my_vacuum_cleaner) by extensions ['ignore', 'ignore_ament_install']
[0.975s] Level 1:colcon.colcon_core.package_identification:_identify(src/my_vacuum_cleaner) by extension 'ignore'
[0.975s] Level 1:colcon.colcon_core.package_identification:_identify(src/my_vacuum_cleaner) by extension 'ignore_ament_install'
[0.975s] Level 1:colcon.colcon_core.package_identification:_identify(src/my_vacuum_cleaner) by extensions ['colcon_pkg']
[0.975s] Level 1:colcon.colcon_core.package_identification:_identify(src/my_vacuum_cleaner) by extension 'colcon_pkg'
[0.975s] Level 1:colcon.colcon_core.package_identification:_identify(src/my_vacuum_cleaner) by extensions ['colcon_meta']
[0.975s] Level 1:colcon.colcon_core.package_identification:_identify(src/my_vacuum_cleaner) by extension 'colcon_meta'
[0.975s] Level 1:colcon.colcon_core.package_identification:_identify(src/my_vacuum_cleaner) by extensions ['ros']
[0.975s] Level 1:colcon.colcon_core.package_identification:_identify(src/my_vacuum_cleaner) by extension 'ros'
[0.977s] DEBUG:colcon.colcon_core.package_identification:Package 'src/my_vacuum_cleaner' with type 'ros.ament_python' and name 'my_vacuum_cleaner'
[0.977s] Level 1:colcon.colcon_core.package_identification:_identify(src/pubsub) by extensions ['ignore', 'ignore_ament_install']
[0.977s] Level 1:colcon.colcon_core.package_identification:_identify(src/pubsub) by extension 'ignore'
[0.977s] Level 1:colcon.colcon_core.package_identification:_identify(src/pubsub) by extension 'ignore_ament_install'
[0.977s] Level 1:colcon.colcon_core.package_identification:_identify(src/pubsub) by extensions ['colcon_pkg']
[0.977s] Level 1:colcon.colcon_core.package_identification:_identify(src/pubsub) by extension 'colcon_pkg'
[0.977s] Level 1:colcon.colcon_core.package_identification:_identify(src/pubsub) by extensions ['colcon_meta']
[0.977s] Level 1:colcon.colcon_core.package_identification:_identify(src/pubsub) by extension 'colcon_meta'
[0.977s] Level 1:colcon.colcon_core.package_identification:_identify(src/pubsub) by extensions ['ros']
[0.977s] Level 1:colcon.colcon_core.package_identification:_identify(src/pubsub) by extension 'ros'
[0.978s] DEBUG:colcon.colcon_core.package_identification:Package 'src/pubsub' with type 'ros.ament_python' and name 'pubsub'
[0.978s] Level 1:colcon.colcon_core.package_identification:_identify(src/slam_toolbox) by extensions ['ignore', 'ignore_ament_install']
[0.978s] Level 1:colcon.colcon_core.package_identification:_identify(src/slam_toolbox) by extension 'ignore'
[0.979s] Level 1:colcon.colcon_core.package_identification:_identify(src/slam_toolbox) by extension 'ignore_ament_install'
[0.979s] Level 1:colcon.colcon_core.package_identification:_identify(src/slam_toolbox) by extensions ['colcon_pkg']
[0.979s] Level 1:colcon.colcon_core.package_identification:_identify(src/slam_toolbox) by extension 'colcon_pkg'
[0.979s] Level 1:colcon.colcon_core.package_identification:_identify(src/slam_toolbox) by extensions ['colcon_meta']
[0.979s] Level 1:colcon.colcon_core.package_identification:_identify(src/slam_toolbox) by extension 'colcon_meta'
[0.979s] Level 1:colcon.colcon_core.package_identification:_identify(src/slam_toolbox) by extensions ['ros']
[0.979s] Level 1:colcon.colcon_core.package_identification:_identify(src/slam_toolbox) by extension 'ros'
[0.981s] DEBUG:colcon.colcon_core.package_identification:Package 'src/slam_toolbox' with type 'ros.ament_cmake' and name 'slam_toolbox'
[0.981s] Level 1:colcon.colcon_core.package_discovery:discover_packages(recursive) using defaults
[0.981s] Level 1:colcon.colcon_core.package_discovery:discover_packages(ignore) discover
[0.981s] Level 1:colcon.colcon_core.package_discovery:discover_packages(ignore) using defaults
[0.981s] Level 1:colcon.colcon_core.package_discovery:discover_packages(path) discover
[0.981s] Level 1:colcon.colcon_core.package_discovery:discover_packages(path) using defaults
[1.005s] Level 5:colcon.colcon_core.verb:set package 'my_robot_navigation' build argument 'cmake_args' from command line to 'None'
[1.006s] Level 5:colcon.colcon_core.verb:set package 'my_robot_navigation' build argument 'cmake_target' from command line to 'None'
[1.006s] Level 5:colcon.colcon_core.verb:set package 'my_robot_navigation' build argument 'cmake_target_skip_unavailable' from command line to 'False'
[1.006s] Level 5:colcon.colcon_core.verb:set package 'my_robot_navigation' build argument 'cmake_clean_cache' from command line to 'False'
[1.006s] Level 5:colcon.colcon_core.verb:set package 'my_robot_navigation' build argument 'cmake_clean_first' from command line to 'False'
[1.006s] Level 5:colcon.colcon_core.verb:set package 'my_robot_navigation' build argument 'cmake_force_configure' from command line to 'False'
[1.006s] Level 5:colcon.colcon_core.verb:set package 'my_robot_navigation' build argument 'ament_cmake_args' from command line to 'None'
[1.006s] Level 5:colcon.colcon_core.verb:set package 'my_robot_navigation' build argument 'catkin_cmake_args' from command line to 'None'
[1.006s] Level 5:colcon.colcon_core.verb:set package 'my_robot_navigation' build argument 'catkin_skip_building_tests' from command line to 'False'
[1.006s] DEBUG:colcon.colcon_core.verb:Building package 'my_robot_navigation' with the following arguments: {'ament_cmake_args': None, 'build_base': '/home/markros2/rosproject/build/my_robot_navigation', 'catkin_cmake_args': None, 'catkin_skip_building_tests': False, 'cmake_args': None, 'cmake_clean_cache': False, 'cmake_clean_first': False, 'cmake_force_configure': False, 'cmake_target': None, 'cmake_target_skip_unavailable': False, 'install_base': '/home/markros2/rosproject/install/my_robot_navigation', 'merge_install': False, 'path': '/home/markros2/rosproject/src/my_robot_navigation', 'symlink_install': False, 'test_result_base': None}
[1.007s] Level 5:colcon.colcon_core.verb:set package 'my_robot_slam' build argument 'cmake_args' from command line to 'None'
[1.008s] Level 5:colcon.colcon_core.verb:set package 'my_robot_slam' build argument 'cmake_target' from command line to 'None'
[1.008s] Level 5:colcon.colcon_core.verb:set package 'my_robot_slam' build argument 'cmake_target_skip_unavailable' from command line to 'False'
[1.008s] Level 5:colcon.colcon_core.verb:set package 'my_robot_slam' build argument 'cmake_clean_cache' from command line to 'False'
[1.008s] Level 5:colcon.colcon_core.verb:set package 'my_robot_slam' build argument 'cmake_clean_first' from command line to 'False'
[1.008s] Level 5:colcon.colcon_core.verb:set package 'my_robot_slam' build argument 'cmake_force_configure' from command line to 'False'
[1.008s] Level 5:colcon.colcon_core.verb:set package 'my_robot_slam' build argument 'ament_cmake_args' from command line to 'None'
[1.008s] Level 5:colcon.colcon_core.verb:set package 'my_robot_slam' build argument 'catkin_cmake_args' from command line to 'None'
[1.008s] Level 5:colcon.colcon_core.verb:set package 'my_robot_slam' build argument 'catkin_skip_building_tests' from command line to 'False'
[1.008s] DEBUG:colcon.colcon_core.verb:Building package 'my_robot_slam' with the following arguments: {'ament_cmake_args': None, 'build_base': '/home/markros2/rosproject/build/my_robot_slam', 'catkin_cmake_args': None, 'catkin_skip_building_tests': False, 'cmake_args': None, 'cmake_clean_cache': False, 'cmake_clean_first': False, 'cmake_force_configure': False, 'cmake_target': None, 'cmake_target_skip_unavailable': False, 'install_base': '/home/markros2/rosproject/install/my_robot_slam', 'merge_install': False, 'path': '/home/markros2/rosproject/src/my_robot_slam', 'symlink_install': False, 'test_result_base': None}
[1.010s] Level 5:colcon.colcon_core.verb:set package 'my_vacuum_cleaner' build argument 'cmake_args' from command line to 'None'
[1.010s] Level 5:colcon.colcon_core.verb:set package 'my_vacuum_cleaner' build argument 'cmake_target' from command line to 'None'
[1.010s] Level 5:colcon.colcon_core.verb:set package 'my_vacuum_cleaner' build argument 'cmake_target_skip_unavailable' from command line to 'False'
[1.010s] Level 5:colcon.colcon_core.verb:set package 'my_vacuum_cleaner' build argument 'cmake_clean_cache' from command line to 'False'
[1.010s] Level 5:colcon.colcon_core.verb:set package 'my_vacuum_cleaner' build argument 'cmake_clean_first' from command line to 'False'
[1.010s] Level 5:colcon.colcon_core.verb:set package 'my_vacuum_cleaner' build argument 'cmake_force_configure' from command line to 'False'
[1.010s] Level 5:colcon.colcon_core.verb:set package 'my_vacuum_cleaner' build argument 'ament_cmake_args' from command line to 'None'
[1.010s] Level 5:colcon.colcon_core.verb:set package 'my_vacuum_cleaner' build argument 'catkin_cmake_args' from command line to 'None'
[1.010s] Level 5:colcon.colcon_core.verb:set package 'my_vacuum_cleaner' build argument 'catkin_skip_building_tests' from command line to 'False'
[1.010s] DEBUG:colcon.colcon_core.verb:Building package 'my_vacuum_cleaner' with the following arguments: {'ament_cmake_args': None, 'build_base': '/home/markros2/rosproject/build/my_vacuum_cleaner', 'catkin_cmake_args': None, 'catkin_skip_building_tests': False, 'cmake_args': None, 'cmake_clean_cache': False, 'cmake_clean_first': False, 'cmake_force_configure': False, 'cmake_target': None, 'cmake_target_skip_unavailable': False, 'install_base': '/home/markros2/rosproject/install/my_vacuum_cleaner', 'merge_install': False, 'path': '/home/markros2/rosproject/src/my_vacuum_cleaner', 'symlink_install': False, 'test_result_base': None}
[1.012s] Level 5:colcon.colcon_core.verb:set package 'pubsub' build argument 'cmake_args' from command line to 'None'
[1.012s] Level 5:colcon.colcon_core.verb:set package 'pubsub' build argument 'cmake_target' from command line to 'None'
[1.012s] Level 5:colcon.colcon_core.verb:set package 'pubsub' build argument 'cmake_target_skip_unavailable' from command line to 'False'
[1.012s] Level 5:colcon.colcon_core.verb:set package 'pubsub' build argument 'cmake_clean_cache' from command line to 'False'
[1.012s] Level 5:colcon.colcon_core.verb:set package 'pubsub' build argument 'cmake_clean_first' from command line to 'False'
[1.012s] Level 5:colcon.colcon_core.verb:set package 'pubsub' build argument 'cmake_force_configure' from command line to 'False'
[1.012s] Level 5:colcon.colcon_core.verb:set package 'pubsub' build argument 'ament_cmake_args' from command line to 'None'
[1.012s] Level 5:colcon.colcon_core.verb:set package 'pubsub' build argument 'catkin_cmake_args' from command line to 'None'
[1.012s] Level 5:colcon.colcon_core.verb:set package 'pubsub' build argument 'catkin_skip_building_tests' from command line to 'False'
[1.012s] DEBUG:colcon.colcon_core.verb:Building package 'pubsub' with the following arguments: {'ament_cmake_args': None, 'build_base': '/home/markros2/rosproject/build/pubsub', 'catkin_cmake_args': None, 'catkin_skip_building_tests': False, 'cmake_args': None, 'cmake_clean_cache': False, 'cmake_clean_first': False, 'cmake_force_configure': False, 'cmake_target': None, 'cmake_target_skip_unavailable': False, 'install_base': '/home/markros2/rosproject/install/pubsub', 'merge_install': False, 'path': '/home/markros2/rosproject/src/pubsub', 'symlink_install': False, 'test_result_base': None}
[1.014s] Level 5:colcon.colcon_core.verb:set package 'slam_toolbox' build argument 'cmake_args' from command line to 'None'
[1.014s] Level 5:colcon.colcon_core.verb:set package 'slam_toolbox' build argument 'cmake_target' from command line to 'None'
[1.014s] Level 5:colcon.colcon_core.verb:set package 'slam_toolbox' build argument 'cmake_target_skip_unavailable' from command line to 'False'
[1.014s] Level 5:colcon.colcon_core.verb:set package 'slam_toolbox' build argument 'cmake_clean_cache' from command line to 'False'
[1.014s] Level 5:colcon.colcon_core.verb:set package 'slam_toolbox' build argument 'cmake_clean_first' from command line to 'False'
[1.014s] Level 5:colcon.colcon_core.verb:set package 'slam_toolbox' build argument 'cmake_force_configure' from command line to 'False'
[1.014s] Level 5:colcon.colcon_core.verb:set package 'slam_toolbox' build argument 'ament_cmake_args' from command line to 'None'
[1.014s] Level 5:colcon.colcon_core.verb:set package 'slam_toolbox' build argument 'catkin_cmake_args' from command line to 'None'
[1.014s] Level 5:colcon.colcon_core.verb:set package 'slam_toolbox' build argument 'catkin_skip_building_tests' from command line to 'False'
[1.014s] DEBUG:colcon.colcon_core.verb:Building package 'slam_toolbox' with the following arguments: {'ament_cmake_args': None, 'build_base': '/home/markros2/rosproject/build/slam_toolbox', 'catkin_cmake_args': None, 'catkin_skip_building_tests': False, 'cmake_args': None, 'cmake_clean_cache': False, 'cmake_clean_first': False, 'cmake_force_configure': False, 'cmake_target': None, 'cmake_target_skip_unavailable': False, 'install_base': '/home/markros2/rosproject/install/slam_toolbox', 'merge_install': False, 'path': '/home/markros2/rosproject/src/slam_toolbox', 'symlink_install': False, 'test_result_base': None}
[1.014s] INFO:colcon.colcon_core.executor:Executing jobs using 'parallel' executor
[1.015s] DEBUG:colcon.colcon_parallel_executor.executor.parallel:run_until_complete
[1.016s] INFO:colcon.colcon_ros.task.ament_python.build:Building ROS package in '/home/markros2/rosproject/src/my_robot_navigation' with build type 'ament_python'
[1.016s] Level 1:colcon.colcon_core.shell:create_environment_hook('my_robot_navigation', 'ament_prefix_path')
[1.029s] INFO:colcon.colcon_core.plugin_system:Skipping extension 'colcon_core.shell.bat': Not used on non-Windows systems
[1.029s] INFO:colcon.colcon_core.shell:Creating environment hook '/home/markros2/rosproject/install/my_robot_navigation/share/my_robot_navigation/hook/ament_prefix_path.ps1'
[1.030s] INFO:colcon.colcon_core.shell:Creating environment descriptor '/home/markros2/rosproject/install/my_robot_navigation/share/my_robot_navigation/hook/ament_prefix_path.dsv'
[1.031s] INFO:colcon.colcon_core.shell:Creating environment hook '/home/markros2/rosproject/install/my_robot_navigation/share/my_robot_navigation/hook/ament_prefix_path.sh'
[1.032s] INFO:colcon.colcon_core.shell:Skip shell extension 'powershell' for command environment: Not usable outside of PowerShell
[1.032s] DEBUG:colcon.colcon_core.shell:Skip shell extension 'dsv' for command environment
[1.038s] DEBUG:colcon.colcon_core.shell:Ignoring prefix path '/opt/ros/foxy'
[1.041s] INFO:colcon.colcon_ros.task.ament_python.build:Building ROS package in '/home/markros2/rosproject/src/my_robot_slam' with build type 'ament_python'
[1.041s] Level 1:colcon.colcon_core.shell:create_environment_hook('my_robot_slam', 'ament_prefix_path')
[1.041s] INFO:colcon.colcon_core.shell:Creating environment hook '/home/markros2/rosproject/install/my_robot_slam/share/my_robot_slam/hook/ament_prefix_path.ps1'
[1.042s] INFO:colcon.colcon_core.shell:Creating environment descriptor '/home/markros2/rosproject/install/my_robot_slam/share/my_robot_slam/hook/ament_prefix_path.dsv'
[1.042s] INFO:colcon.colcon_core.shell:Creating environment hook '/home/markros2/rosproject/install/my_robot_slam/share/my_robot_slam/hook/ament_prefix_path.sh'
[1.043s] INFO:colcon.colcon_core.shell:Skip shell extension 'powershell' for command environment: Not usable outside of PowerShell
[1.043s] DEBUG:colcon.colcon_core.shell:Skip shell extension 'dsv' for command environment
[1.044s] DEBUG:colcon.colcon_core.shell:Ignoring prefix path '/opt/ros/foxy'
[1.046s] INFO:colcon.colcon_ros.task.ament_python.build:Building ROS package in '/home/markros2/rosproject/src/my_vacuum_cleaner' with build type 'ament_python'
[1.046s] Level 1:colcon.colcon_core.shell:create_environment_hook('my_vacuum_cleaner', 'ament_prefix_path')
[1.047s] INFO:colcon.colcon_core.shell:Creating environment hook '/home/markros2/rosproject/install/my_vacuum_cleaner/share/my_vacuum_cleaner/hook/ament_prefix_path.ps1'
[1.047s] INFO:colcon.colcon_core.shell:Creating environment descriptor '/home/markros2/rosproject/install/my_vacuum_cleaner/share/my_vacuum_cleaner/hook/ament_prefix_path.dsv'
[1.048s] INFO:colcon.colcon_core.shell:Creating environment hook '/home/markros2/rosproject/install/my_vacuum_cleaner/share/my_vacuum_cleaner/hook/ament_prefix_path.sh'
[1.048s] INFO:colcon.colcon_core.shell:Skip shell extension 'powershell' for command environment: Not usable outside of PowerShell
[1.048s] DEBUG:colcon.colcon_core.shell:Skip shell extension 'dsv' for command environment
[1.050s] DEBUG:colcon.colcon_core.shell:Ignoring prefix path '/opt/ros/foxy'
[1.051s] INFO:colcon.colcon_ros.task.ament_python.build:Building ROS package in '/home/markros2/rosproject/src/pubsub' with build type 'ament_python'
[1.051s] Level 1:colcon.colcon_core.shell:create_environment_hook('pubsub', 'ament_prefix_path')
[1.052s] INFO:colcon.colcon_core.shell:Creating environment hook '/home/markros2/rosproject/install/pubsub/share/pubsub/hook/ament_prefix_path.ps1'
[1.053s] INFO:colcon.colcon_core.shell:Creating environment descriptor '/home/markros2/rosproject/install/pubsub/share/pubsub/hook/ament_prefix_path.dsv'
[1.053s] INFO:colcon.colcon_core.shell:Creating environment hook '/home/markros2/rosproject/install/pubsub/share/pubsub/hook/ament_prefix_path.sh'
[1.054s] INFO:colcon.colcon_core.shell:Skip shell extension 'powershell' for command environment: Not usable outside of PowerShell
[1.054s] DEBUG:colcon.colcon_core.shell:Skip shell extension 'dsv' for command environment
[1.055s] DEBUG:colcon.colcon_core.shell:Ignoring prefix path '/opt/ros/foxy'
[1.056s] INFO:colcon.colcon_ros.task.ament_cmake.build:Building ROS package in '/home/markros2/rosproject/src/slam_toolbox' with build type 'ament_cmake'
[1.056s] INFO:colcon.colcon_cmake.task.cmake.build:Building CMake package in '/home/markros2/rosproject/src/slam_toolbox'
[1.057s] INFO:colcon.colcon_core.shell:Skip shell extension 'powershell' for command environment: Not usable outside of PowerShell
[1.057s] DEBUG:colcon.colcon_core.shell:Skip shell extension 'dsv' for command environment
[1.059s] DEBUG:colcon.colcon_core.shell:Ignoring prefix path '/opt/ros/foxy'
[1.218s] INFO:colcon.colcon_core.task.python.build:Building Python package in '/home/markros2/rosproject/src/my_robot_navigation'
[1.219s] INFO:colcon.colcon_core.shell:Skip shell extension 'powershell' for command environment: Not usable outside of PowerShell
[1.219s] DEBUG:colcon.colcon_core.shell:Skip shell extension 'dsv' for command environment
[1.221s] DEBUG:colcon.colcon_core.shell:Ignoring prefix path '/opt/ros/foxy'
[1.376s] INFO:colcon.colcon_core.task.python.build:Building Python package in '/home/markros2/rosproject/src/my_robot_slam'
[1.376s] INFO:colcon.colcon_core.shell:Skip shell extension 'powershell' for command environment: Not usable outside of PowerShell
[1.376s] DEBUG:colcon.colcon_core.shell:Skip shell extension 'dsv' for command environment
[1.378s] DEBUG:colcon.colcon_core.shell:Ignoring prefix path '/opt/ros/foxy'
[1.530s] INFO:colcon.colcon_core.task.python.build:Building Python package in '/home/markros2/rosproject/src/my_vacuum_cleaner'
[1.531s] INFO:colcon.colcon_core.shell:Skip shell extension 'powershell' for command environment: Not usable outside of PowerShell
[1.531s] DEBUG:colcon.colcon_core.shell:Skip shell extension 'dsv' for command environment
[1.533s] DEBUG:colcon.colcon_core.shell:Ignoring prefix path '/opt/ros/foxy'
[1.687s] INFO:colcon.colcon_core.task.python.build:Building Python package in '/home/markros2/rosproject/src/pubsub'
[1.688s] INFO:colcon.colcon_core.shell:Skip shell extension 'powershell' for command environment: Not usable outside of PowerShell
[1.688s] DEBUG:colcon.colcon_core.shell:Skip shell extension 'dsv' for command environment
[1.689s] DEBUG:colcon.colcon_core.shell:Ignoring prefix path '/opt/ros/foxy'
[1.694s] DEBUG:colcon.colcon_core.event_handler.log_command:Invoking command in '/home/markros2/rosproject/build/slam_toolbox': CMAKE_PREFIX_PATH=${CMAKE_PREFIX_PATH}:/home/markros2/rosproject/install/pubsub:/home/markros2/rosproject/install/my_vacuum_cleaner:/home/markros2/rosproject/install/my_robot_slam:/home/markros2/rosproject/install/my_robot_navigation:/home/markros2/project/install/slam:/opt/ros/foxy /usr/bin/cmake --build /home/markros2/rosproject/build/slam_toolbox -- -j12 -l12
[1.705s] DEBUG:colcon.colcon_core.event_handler.log_command:Invoking command in '/home/markros2/rosproject/src/my_robot_navigation': PYTHONPATH=/home/markros2/rosproject/install/my_robot_navigation/lib/python3.8/site-packages:${PYTHONPATH} /usr/bin/python3 setup.py egg_info --egg-base ../../build/my_robot_navigation build --build-base /home/markros2/rosproject/build/my_robot_navigation/build install --prefix /home/markros2/rosproject/install/my_robot_navigation --record /home/markros2/rosproject/build/my_robot_navigation/install.log --single-version-externally-managed
[1.707s] DEBUG:colcon.colcon_core.event_handler.log_command:Invoking command in '/home/markros2/rosproject/src/my_robot_slam': PYTHONPATH=/home/markros2/rosproject/install/my_robot_slam/lib/python3.8/site-packages:${PYTHONPATH} /usr/bin/python3 setup.py egg_info --egg-base ../../build/my_robot_slam build --build-base /home/markros2/rosproject/build/my_robot_slam/build install --prefix /home/markros2/rosproject/install/my_robot_slam --record /home/markros2/rosproject/build/my_robot_slam/install.log --single-version-externally-managed
[1.712s] DEBUG:colcon.colcon_core.event_handler.log_command:Invoking command in '/home/markros2/rosproject/src/my_vacuum_cleaner': PYTHONPATH=/home/markros2/rosproject/install/my_vacuum_cleaner/lib/python3.8/site-packages:${PYTHONPATH} /usr/bin/python3 setup.py egg_info --egg-base ../../build/my_vacuum_cleaner build --build-base /home/markros2/rosproject/build/my_vacuum_cleaner/build install --prefix /home/markros2/rosproject/install/my_vacuum_cleaner --record /home/markros2/rosproject/build/my_vacuum_cleaner/install.log --single-version-externally-managed
[1.713s] DEBUG:colcon.colcon_core.event_handler.log_command:Invoking command in '/home/markros2/rosproject/src/pubsub': PYTHONPATH=/home/markros2/rosproject/install/pubsub/lib/python3.8/site-packages:${PYTHONPATH} /usr/bin/python3 setup.py egg_info --egg-base ../../build/pubsub build --build-base /home/markros2/rosproject/build/pubsub/build install --prefix /home/markros2/rosproject/install/pubsub --record /home/markros2/rosproject/build/pubsub/install.log --single-version-externally-managed
[2.002s] DEBUG:colcon.colcon_core.event_handler.log_command:Invoked command in '/home/markros2/rosproject/src/my_robot_slam' returned '0': PYTHONPATH=/home/markros2/rosproject/install/my_robot_slam/lib/python3.8/site-packages:${PYTHONPATH} /usr/bin/python3 setup.py egg_info --egg-base ../../build/my_robot_slam build --build-base /home/markros2/rosproject/build/my_robot_slam/build install --prefix /home/markros2/rosproject/install/my_robot_slam --record /home/markros2/rosproject/build/my_robot_slam/install.log --single-version-externally-managed
[2.016s] Level 1:colcon.colcon_core.environment:checking '/home/markros2/rosproject/install/my_robot_slam' for CMake module files
[2.017s] Level 1:colcon.colcon_core.environment:checking '/home/markros2/rosproject/install/my_robot_slam' for CMake config files
[2.017s] Level 1:colcon.colcon_core.environment:checking '/home/markros2/rosproject/install/my_robot_slam/lib'
[2.018s] Level 1:colcon.colcon_core.environment:checking '/home/markros2/rosproject/install/my_robot_slam/bin'
[2.018s] Level 1:colcon.colcon_core.environment:checking '/home/markros2/rosproject/install/my_robot_slam/lib/pkgconfig/my_robot_slam.pc'
[2.018s] Level 1:colcon.colcon_core.environment:checking '/home/markros2/rosproject/install/my_robot_slam/lib/python3.8/site-packages'
[2.018s] Level 1:colcon.colcon_core.shell:create_environment_hook('my_robot_slam', 'pythonpath')
[2.019s] INFO:colcon.colcon_core.shell:Creating environment hook '/home/markros2/rosproject/install/my_robot_slam/share/my_robot_slam/hook/pythonpath.ps1'
[2.019s] INFO:colcon.colcon_core.shell:Creating environment descriptor '/home/markros2/rosproject/install/my_robot_slam/share/my_robot_slam/hook/pythonpath.dsv'
[2.019s] INFO:colcon.colcon_core.shell:Creating environment hook '/home/markros2/rosproject/install/my_robot_slam/share/my_robot_slam/hook/pythonpath.sh'
[2.020s] Level 1:colcon.colcon_core.environment:create_environment_scripts_only(my_robot_slam)
[2.020s] INFO:colcon.colcon_core.shell:Creating package script '/home/markros2/rosproject/install/my_robot_slam/share/my_robot_slam/package.ps1'
[2.022s] INFO:colcon.colcon_core.shell:Creating package descriptor '/home/markros2/rosproject/install/my_robot_slam/share/my_robot_slam/package.dsv'
[2.023s] INFO:colcon.colcon_core.shell:Creating package script '/home/markros2/rosproject/install/my_robot_slam/share/my_robot_slam/package.sh'
[2.024s] INFO:colcon.colcon_core.shell:Creating package script '/home/markros2/rosproject/install/my_robot_slam/share/my_robot_slam/package.bash'
[2.026s] INFO:colcon.colcon_core.shell:Creating package script '/home/markros2/rosproject/install/my_robot_slam/share/my_robot_slam/package.zsh'
[2.028s] Level 1:colcon.colcon_core.environment:create_file_with_runtime_dependencies(/home/markros2/rosproject/install/my_robot_slam/share/colcon-core/packages/my_robot_slam)
[2.030s] Level 1:colcon.colcon_core.environment:checking '/home/markros2/rosproject/install/my_robot_navigation' for CMake module files
[2.031s] DEBUG:colcon.colcon_core.event_handler.log_command:Invoked command in '/home/markros2/rosproject/src/my_robot_navigation' returned '0': PYTHONPATH=/home/markros2/rosproject/install/my_robot_navigation/lib/python3.8/site-packages:${PYTHONPATH} /usr/bin/python3 setup.py egg_info --egg-base ../../build/my_robot_navigation build --build-base /home/markros2/rosproject/build/my_robot_navigation/build install --prefix /home/markros2/rosproject/install/my_robot_navigation --record /home/markros2/rosproject/build/my_robot_navigation/install.log --single-version-externally-managed
[2.031s] Level 1:colcon.colcon_core.environment:checking '/home/markros2/rosproject/install/my_robot_navigation' for CMake config files
[2.032s] Level 1:colcon.colcon_core.environment:checking '/home/markros2/rosproject/install/my_robot_navigation/lib'
[2.032s] Level 1:colcon.colcon_core.environment:checking '/home/markros2/rosproject/install/my_robot_navigation/bin'
[2.032s] Level 1:colcon.colcon_core.environment:checking '/home/markros2/rosproject/install/my_robot_navigation/lib/pkgconfig/my_robot_navigation.pc'
[2.032s] Level 1:colcon.colcon_core.environment:checking '/home/markros2/rosproject/install/my_robot_navigation/lib/python3.8/site-packages'
[2.032s] Level 1:colcon.colcon_core.shell:create_environment_hook('my_robot_navigation', 'pythonpath')
[2.033s] INFO:colcon.colcon_core.shell:Creating environment hook '/home/markros2/rosproject/install/my_robot_navigation/share/my_robot_navigation/hook/pythonpath.ps1'
[2.033s] INFO:colcon.colcon_core.shell:Creating environment descriptor '/home/markros2/rosproject/install/my_robot_navigation/share/my_robot_navigation/hook/pythonpath.dsv'
[2.033s] INFO:colcon.colcon_core.shell:Creating environment hook '/home/markros2/rosproject/install/my_robot_navigation/share/my_robot_navigation/hook/pythonpath.sh'
[2.034s] Level 1:colcon.colcon_core.environment:create_environment_scripts_only(my_robot_navigation)
[2.034s] INFO:colcon.colcon_core.shell:Creating package script '/home/markros2/rosproject/install/my_robot_navigation/share/my_robot_navigation/package.ps1'
[2.035s] INFO:colcon.colcon_core.shell:Creating package descriptor '/home/markros2/rosproject/install/my_robot_navigation/share/my_robot_navigation/package.dsv'
[2.035s] INFO:colcon.colcon_core.shell:Creating package script '/home/markros2/rosproject/install/my_robot_navigation/share/my_robot_navigation/package.sh'
[2.035s] INFO:colcon.colcon_core.shell:Creating package script '/home/markros2/rosproject/install/my_robot_navigation/share/my_robot_navigation/package.bash'
[2.036s] INFO:colcon.colcon_core.shell:Creating package script '/home/markros2/rosproject/install/my_robot_navigation/share/my_robot_navigation/package.zsh'
[2.036s] Level 1:colcon.colcon_core.environment:create_file_with_runtime_dependencies(/home/markros2/rosproject/install/my_robot_navigation/share/colcon-core/packages/my_robot_navigation)
[2.037s] Level 1:colcon.colcon_core.environment:checking '/home/markros2/rosproject/install/pubsub' for CMake module files
[2.038s] Level 1:colcon.colcon_core.environment:checking '/home/markros2/rosproject/install/pubsub' for CMake config files
[2.038s] DEBUG:colcon.colcon_core.event_handler.log_command:Invoked command in '/home/markros2/rosproject/src/pubsub' returned '0': PYTHONPATH=/home/markros2/rosproject/install/pubsub/lib/python3.8/site-packages:${PYTHONPATH} /usr/bin/python3 setup.py egg_info --egg-base ../../build/pubsub build --build-base /home/markros2/rosproject/build/pubsub/build install --prefix /home/markros2/rosproject/install/pubsub --record /home/markros2/rosproject/build/pubsub/install.log --single-version-externally-managed
[2.039s] Level 1:colcon.colcon_core.environment:checking '/home/markros2/rosproject/install/pubsub/lib'
[2.039s] Level 1:colcon.colcon_core.environment:checking '/home/markros2/rosproject/install/pubsub/bin'
[2.039s] Level 1:colcon.colcon_core.environment:checking '/home/markros2/rosproject/install/pubsub/lib/pkgconfig/pubsub.pc'
[2.039s] Level 1:colcon.colcon_core.environment:checking '/home/markros2/rosproject/install/pubsub/lib/python3.8/site-packages'
[2.039s] Level 1:colcon.colcon_core.shell:create_environment_hook('pubsub', 'pythonpath')
[2.039s] INFO:colcon.colcon_core.shell:Creating environment hook '/home/markros2/rosproject/install/pubsub/share/pubsub/hook/pythonpath.ps1'
[2.040s] INFO:colcon.colcon_core.shell:Creating environment descriptor '/home/markros2/rosproject/install/pubsub/share/pubsub/hook/pythonpath.dsv'
[2.041s] INFO:colcon.colcon_core.shell:Creating environment hook '/home/markros2/rosproject/install/pubsub/share/pubsub/hook/pythonpath.sh'
[2.041s] Level 1:colcon.colcon_core.environment:create_environment_scripts_only(pubsub)
[2.041s] INFO:colcon.colcon_core.shell:Creating package script '/home/markros2/rosproject/install/pubsub/share/pubsub/package.ps1'
[2.042s] INFO:colcon.colcon_core.shell:Creating package descriptor '/home/markros2/rosproject/install/pubsub/share/pubsub/package.dsv'
[2.042s] INFO:colcon.colcon_core.shell:Creating package script '/home/markros2/rosproject/install/pubsub/share/pubsub/package.sh'
[2.043s] INFO:colcon.colcon_core.shell:Creating package script '/home/markros2/rosproject/install/pubsub/share/pubsub/package.bash'
[2.043s] INFO:colcon.colcon_core.shell:Creating package script '/home/markros2/rosproject/install/pubsub/share/pubsub/package.zsh'
[2.043s] Level 1:colcon.colcon_core.environment:create_file_with_runtime_dependencies(/home/markros2/rosproject/install/pubsub/share/colcon-core/packages/pubsub)
[2.044s] Level 1:colcon.colcon_core.environment:checking '/home/markros2/rosproject/install/my_vacuum_cleaner' for CMake module files
[2.045s] Level 1:colcon.colcon_core.environment:checking '/home/markros2/rosproject/install/my_vacuum_cleaner' for CMake config files
[2.045s] DEBUG:colcon.colcon_core.event_handler.log_command:Invoked command in '/home/markros2/rosproject/src/my_vacuum_cleaner' returned '0': PYTHONPATH=/home/markros2/rosproject/install/my_vacuum_cleaner/lib/python3.8/site-packages:${PYTHONPATH} /usr/bin/python3 setup.py egg_info --egg-base ../../build/my_vacuum_cleaner build --build-base /home/markros2/rosproject/build/my_vacuum_cleaner/build install --prefix /home/markros2/rosproject/install/my_vacuum_cleaner --record /home/markros2/rosproject/build/my_vacuum_cleaner/install.log --single-version-externally-managed
[2.046s] Level 1:colcon.colcon_core.environment:checking '/home/markros2/rosproject/install/my_vacuum_cleaner/lib'
[2.046s] Level 1:colcon.colcon_core.environment:checking '/home/markros2/rosproject/install/my_vacuum_cleaner/bin'
[2.046s] Level 1:colcon.colcon_core.environment:checking '/home/markros2/rosproject/install/my_vacuum_cleaner/lib/pkgconfig/my_vacuum_cleaner.pc'
[2.046s] Level 1:colcon.colcon_core.environment:checking '/home/markros2/rosproject/install/my_vacuum_cleaner/lib/python3.8/site-packages'
[2.046s] Level 1:colcon.colcon_core.shell:create_environment_hook('my_vacuum_cleaner', 'pythonpath')
[2.046s] INFO:colcon.colcon_core.shell:Creating environment hook '/home/markros2/rosproject/install/my_vacuum_cleaner/share/my_vacuum_cleaner/hook/pythonpath.ps1'
[2.047s] INFO:colcon.colcon_core.shell:Creating environment descriptor '/home/markros2/rosproject/install/my_vacuum_cleaner/share/my_vacuum_cleaner/hook/pythonpath.dsv'
[2.047s] INFO:colcon.colcon_core.shell:Creating environment hook '/home/markros2/rosproject/install/my_vacuum_cleaner/share/my_vacuum_cleaner/hook/pythonpath.sh'
[2.047s] Level 1:colcon.colcon_core.environment:create_environment_scripts_only(my_vacuum_cleaner)
[2.048s] INFO:colcon.colcon_core.shell:Creating package script '/home/markros2/rosproject/install/my_vacuum_cleaner/share/my_vacuum_cleaner/package.ps1'
[2.048s] INFO:colcon.colcon_core.shell:Creating package descriptor '/home/markros2/rosproject/install/my_vacuum_cleaner/share/my_vacuum_cleaner/package.dsv'
[2.049s] INFO:colcon.colcon_core.shell:Creating package script '/home/markros2/rosproject/install/my_vacuum_cleaner/share/my_vacuum_cleaner/package.sh'
[2.049s] INFO:colcon.colcon_core.shell:Creating package script '/home/markros2/rosproject/install/my_vacuum_cleaner/share/my_vacuum_cleaner/package.bash'
[2.050s] INFO:colcon.colcon_core.shell:Creating package script '/home/markros2/rosproject/install/my_vacuum_cleaner/share/my_vacuum_cleaner/package.zsh'
[2.050s] Level 1:colcon.colcon_core.environment:create_file_with_runtime_dependencies(/home/markros2/rosproject/install/my_vacuum_cleaner/share/colcon-core/packages/my_vacuum_cleaner)
[2.062s] DEBUG:colcon.colcon_core.event_handler.log_command:Invoked command in '/home/markros2/rosproject/build/slam_toolbox' returned '0': CMAKE_PREFIX_PATH=${CMAKE_PREFIX_PATH}:/home/markros2/rosproject/install/pubsub:/home/markros2/rosproject/install/my_vacuum_cleaner:/home/markros2/rosproject/install/my_robot_slam:/home/markros2/rosproject/install/my_robot_navigation:/home/markros2/project/install/slam:/opt/ros/foxy /usr/bin/cmake --build /home/markros2/rosproject/build/slam_toolbox -- -j12 -l12
[2.205s] DEBUG:colcon.colcon_core.event_handler.log_command:Invoking command in '/home/markros2/rosproject/build/slam_toolbox': CMAKE_PREFIX_PATH=${CMAKE_PREFIX_PATH}:/home/markros2/rosproject/install/pubsub:/home/markros2/rosproject/install/my_vacuum_cleaner:/home/markros2/rosproject/install/my_robot_slam:/home/markros2/rosproject/install/my_robot_navigation:/home/markros2/project/install/slam:/opt/ros/foxy /usr/bin/cmake --install /home/markros2/rosproject/build/slam_toolbox
[2.311s] Level 1:colcon.colcon_core.environment:create_environment_scripts_only(slam_toolbox)
[2.312s] Level 1:colcon.colcon_core.environment:checking '/home/markros2/rosproject/install/slam_toolbox' for CMake module files
[2.313s] DEBUG:colcon.colcon_core.event_handler.log_command:Invoked command in '/home/markros2/rosproject/build/slam_toolbox' returned '0': CMAKE_PREFIX_PATH=${CMAKE_PREFIX_PATH}:/home/markros2/rosproject/install/pubsub:/home/markros2/rosproject/install/my_vacuum_cleaner:/home/markros2/rosproject/install/my_robot_slam:/home/markros2/rosproject/install/my_robot_navigation:/home/markros2/project/install/slam:/opt/ros/foxy /usr/bin/cmake --install /home/markros2/rosproject/build/slam_toolbox
[2.313s] Level 1:colcon.colcon_core.environment:checking '/home/markros2/rosproject/install/slam_toolbox' for CMake config files
[2.314s] Level 1:colcon.colcon_core.shell:create_environment_hook('slam_toolbox', 'cmake_prefix_path')
[2.314s] INFO:colcon.colcon_core.shell:Creating environment hook '/home/markros2/rosproject/install/slam_toolbox/share/slam_toolbox/hook/cmake_prefix_path.ps1'
[2.314s] INFO:colcon.colcon_core.shell:Creating environment descriptor '/home/markros2/rosproject/install/slam_toolbox/share/slam_toolbox/hook/cmake_prefix_path.dsv'
[2.315s] INFO:colcon.colcon_core.shell:Creating environment hook '/home/markros2/rosproject/install/slam_toolbox/share/slam_toolbox/hook/cmake_prefix_path.sh'
[2.315s] Level 1:colcon.colcon_core.environment:checking '/home/markros2/rosproject/install/slam_toolbox/lib'
[2.315s] Level 1:colcon.colcon_core.shell:create_environment_hook('slam_toolbox', 'ld_library_path_lib')
[2.316s] INFO:colcon.colcon_core.shell:Creating environment hook '/home/markros2/rosproject/install/slam_toolbox/share/slam_toolbox/hook/ld_library_path_lib.ps1'
[2.316s] INFO:colcon.colcon_core.shell:Creating environment descriptor '/home/markros2/rosproject/install/slam_toolbox/share/slam_toolbox/hook/ld_library_path_lib.dsv'
[2.316s] INFO:colcon.colcon_core.shell:Creating environment hook '/home/markros2/rosproject/install/slam_toolbox/share/slam_toolbox/hook/ld_library_path_lib.sh'
[2.316s] Level 1:colcon.colcon_core.environment:checking '/home/markros2/rosproject/install/slam_toolbox/bin'
[2.317s] Level 1:colcon.colcon_core.environment:checking '/home/markros2/rosproject/install/slam_toolbox/lib/pkgconfig/slam_toolbox.pc'
[2.317s] Level 1:colcon.colcon_core.environment:checking '/home/markros2/rosproject/install/slam_toolbox/lib/python3.8/site-packages'
[2.317s] Level 1:colcon.colcon_core.shell:create_environment_hook('slam_toolbox', 'pythonpath')
[2.317s] INFO:colcon.colcon_core.shell:Creating environment hook '/home/markros2/rosproject/install/slam_toolbox/share/slam_toolbox/hook/pythonpath.ps1'
[2.317s] INFO:colcon.colcon_core.shell:Creating environment descriptor '/home/markros2/rosproject/install/slam_toolbox/share/slam_toolbox/hook/pythonpath.dsv'
[2.318s] INFO:colcon.colcon_core.shell:Creating environment hook '/home/markros2/rosproject/install/slam_toolbox/share/slam_toolbox/hook/pythonpath.sh'
[2.318s] INFO:colcon.colcon_core.shell:Creating package script '/home/markros2/rosproject/install/slam_toolbox/share/slam_toolbox/package.ps1'
[2.319s] INFO:colcon.colcon_core.shell:Creating package descriptor '/home/markros2/rosproject/install/slam_toolbox/share/slam_toolbox/package.dsv'
[2.319s] INFO:colcon.colcon_core.shell:Creating package script '/home/markros2/rosproject/install/slam_toolbox/share/slam_toolbox/package.sh'
[2.320s] INFO:colcon.colcon_core.shell:Creating package script '/home/markros2/rosproject/install/slam_toolbox/share/slam_toolbox/package.bash'
[2.320s] INFO:colcon.colcon_core.shell:Creating package script '/home/markros2/rosproject/install/slam_toolbox/share/slam_toolbox/package.zsh'
[2.320s] Level 1:colcon.colcon_core.environment:create_file_with_runtime_dependencies(/home/markros2/rosproject/install/slam_toolbox/share/colcon-core/packages/slam_toolbox)
[2.446s] Level 1:colcon.colcon_core.environment:create_environment_scripts_only(slam_toolbox)
[2.446s] Level 1:colcon.colcon_core.environment:checking '/home/markros2/rosproject/install/slam_toolbox' for CMake module files
[2.447s] Level 1:colcon.colcon_core.environment:checking '/home/markros2/rosproject/install/slam_toolbox' for CMake config files
[2.447s] Level 1:colcon.colcon_core.shell:create_environment_hook('slam_toolbox', 'cmake_prefix_path')
[2.447s] INFO:colcon.colcon_core.shell:Creating environment hook '/home/markros2/rosproject/install/slam_toolbox/share/slam_toolbox/hook/cmake_prefix_path.ps1'
[2.448s] INFO:colcon.colcon_core.shell:Creating environment descriptor '/home/markros2/rosproject/install/slam_toolbox/share/slam_toolbox/hook/cmake_prefix_path.dsv'
[2.448s] INFO:colcon.colcon_core.shell:Creating environment hook '/home/markros2/rosproject/install/slam_toolbox/share/slam_toolbox/hook/cmake_prefix_path.sh'
[2.449s] Level 1:colcon.colcon_core.environment:checking '/home/markros2/rosproject/install/slam_toolbox/lib'
[2.449s] Level 1:colcon.colcon_core.shell:create_environment_hook('slam_toolbox', 'ld_library_path_lib')
[2.449s] INFO:colcon.colcon_core.shell:Creating environment hook '/home/markros2/rosproject/install/slam_toolbox/share/slam_toolbox/hook/ld_library_path_lib.ps1'
[2.449s] INFO:colcon.colcon_core.shell:Creating environment descriptor '/home/markros2/rosproject/install/slam_toolbox/share/slam_toolbox/hook/ld_library_path_lib.dsv'
[2.450s] INFO:colcon.colcon_core.shell:Creating environment hook '/home/markros2/rosproject/install/slam_toolbox/share/slam_toolbox/hook/ld_library_path_lib.sh'
[2.450s] Level 1:colcon.colcon_core.environment:checking '/home/markros2/rosproject/install/slam_toolbox/bin'
[2.450s] Level 1:colcon.colcon_core.environment:checking '/home/markros2/rosproject/install/slam_toolbox/lib/pkgconfig/slam_toolbox.pc'
[2.450s] Level 1:colcon.colcon_core.environment:checking '/home/markros2/rosproject/install/slam_toolbox/lib/python3.8/site-packages'
[2.450s] Level 1:colcon.colcon_core.shell:create_environment_hook('slam_toolbox', 'pythonpath')
[2.450s] INFO:colcon.colcon_core.shell:Creating environment hook '/home/markros2/rosproject/install/slam_toolbox/share/slam_toolbox/hook/pythonpath.ps1'
[2.450s] INFO:colcon.colcon_core.shell:Creating environment descriptor '/home/markros2/rosproject/install/slam_toolbox/share/slam_toolbox/hook/pythonpath.dsv'
[2.451s] INFO:colcon.colcon_core.shell:Creating environment hook '/home/markros2/rosproject/install/slam_toolbox/share/slam_toolbox/hook/pythonpath.sh'
[2.451s] INFO:colcon.colcon_core.shell:Creating package script '/home/markros2/rosproject/install/slam_toolbox/share/slam_toolbox/package.ps1'
[2.452s] INFO:colcon.colcon_core.shell:Creating package descriptor '/home/markros2/rosproject/install/slam_toolbox/share/slam_toolbox/package.dsv'
[2.452s] INFO:colcon.colcon_core.shell:Creating package script '/home/markros2/rosproject/install/slam_toolbox/share/slam_toolbox/package.sh'
[2.453s] INFO:colcon.colcon_core.shell:Creating package script '/home/markros2/rosproject/install/slam_toolbox/share/slam_toolbox/package.bash'
[2.453s] INFO:colcon.colcon_core.shell:Creating package script '/home/markros2/rosproject/install/slam_toolbox/share/slam_toolbox/package.zsh'
[2.453s] Level 1:colcon.colcon_core.environment:create_file_with_runtime_dependencies(/home/markros2/rosproject/install/slam_toolbox/share/colcon-core/packages/slam_toolbox)
[2.453s] DEBUG:colcon.colcon_parallel_executor.executor.parallel:closing loop
[2.454s] DEBUG:colcon.colcon_parallel_executor.executor.parallel:loop closed
[2.454s] DEBUG:colcon.colcon_parallel_executor.executor.parallel:run_until_complete finished with '0'
[2.454s] DEBUG:colcon.colcon_core.event_reactor:joining thread
[2.461s] INFO:colcon.colcon_core.plugin_system:Skipping extension 'colcon_notification.desktop_notification.terminal_notifier': Not used on non-Darwin systems
[2.461s] INFO:colcon.colcon_core.plugin_system:Skipping extension 'colcon_notification.desktop_notification.win32': Not used on non-Windows systems
[2.461s] INFO:colcon.colcon_notification.desktop_notification:Sending desktop notification using 'notify2'
[2.477s] DEBUG:colcon.colcon_core.event_reactor:joined thread
[2.478s] INFO:colcon.colcon_core.shell:Creating prefix script '/home/markros2/rosproject/install/local_setup.ps1'
[2.479s] INFO:colcon.colcon_core.shell:Creating prefix util module '/home/markros2/rosproject/install/_local_setup_util_ps1.py'
[2.480s] INFO:colcon.colcon_core.shell:Creating prefix chain script '/home/markros2/rosproject/install/setup.ps1'
[2.483s] INFO:colcon.colcon_core.shell:Creating prefix script '/home/markros2/rosproject/install/local_setup.sh'
[2.483s] INFO:colcon.colcon_core.shell:Creating prefix util module '/home/markros2/rosproject/install/_local_setup_util_sh.py'
[2.484s] INFO:colcon.colcon_core.shell:Creating prefix chain script '/home/markros2/rosproject/install/setup.sh'
[2.486s] INFO:colcon.colcon_core.shell:Creating prefix script '/home/markros2/rosproject/install/local_setup.bash'
[2.487s] INFO:colcon.colcon_core.shell:Creating prefix chain script '/home/markros2/rosproject/install/setup.bash'
[2.489s] INFO:colcon.colcon_core.shell:Creating prefix script '/home/markros2/rosproject/install/local_setup.zsh'
[2.490s] INFO:colcon.colcon_core.shell:Creating prefix chain script '/home/markros2/rosproject/install/setup.zsh'
