[0.692s] Invoking command in '/home/text/rosproject/src/my_vacuum_cleaner': PYTHONPATH=/home/text/rosproject/install/my_vacuum_cleaner/lib/python3.8/site-packages:${PYTHONPATH} /usr/bin/python3 setup.py egg_info --egg-base ../../build/my_vacuum_cleaner build --build-base /home/text/rosproject/build/my_vacuum_cleaner/build install --prefix /home/text/rosproject/install/my_vacuum_cleaner --record /home/text/rosproject/build/my_vacuum_cleaner/install.log --single-version-externally-managed
[0.845s] running egg_info
[0.846s] writing ../../build/my_vacuum_cleaner/my_vacuum_cleaner.egg-info/PKG-INFO
[0.846s] writing dependency_links to ../../build/my_vacuum_cleaner/my_vacuum_cleaner.egg-info/dependency_links.txt
[0.846s] writing entry points to ../../build/my_vacuum_cleaner/my_vacuum_cleaner.egg-info/entry_points.txt
[0.847s] writing requirements to ../../build/my_vacuum_cleaner/my_vacuum_cleaner.egg-info/requires.txt
[0.847s] writing top-level names to ../../build/my_vacuum_cleaner/my_vacuum_cleaner.egg-info/top_level.txt
[0.874s] reading manifest file '../../build/my_vacuum_cleaner/my_vacuum_cleaner.egg-info/SOURCES.txt'
[0.874s] writing manifest file '../../build/my_vacuum_cleaner/my_vacuum_cleaner.egg-info/SOURCES.txt'
[0.875s] running build
[0.875s] running build_py
[0.875s] copying my_vacuum_cleaner/coverage.py -> /home/text/rosproject/build/my_vacuum_cleaner/build/lib/my_vacuum_cleaner
[0.875s] running install
[0.875s] running install_lib
[0.876s] copying /home/text/rosproject/build/my_vacuum_cleaner/build/lib/my_vacuum_cleaner/coverage.py -> /home/text/rosproject/install/my_vacuum_cleaner/lib/python3.8/site-packages/my_vacuum_cleaner
[0.876s] byte-compiling /home/text/rosproject/install/my_vacuum_cleaner/lib/python3.8/site-packages/my_vacuum_cleaner/coverage.py to coverage.cpython-38.pyc
[0.878s] running install_data
[0.878s] running install_egg_info
[0.879s] removing '/home/text/rosproject/install/my_vacuum_cleaner/lib/python3.8/site-packages/my_vacuum_cleaner-0.0.0-py3.8.egg-info' (and everything under it)
[0.880s] Copying ../../build/my_vacuum_cleaner/my_vacuum_cleaner.egg-info to /home/text/rosproject/install/my_vacuum_cleaner/lib/python3.8/site-packages/my_vacuum_cleaner-0.0.0-py3.8.egg-info
[0.880s] running install_scripts
[0.893s] Installing coverage script to /home/text/rosproject/install/my_vacuum_cleaner/lib/my_vacuum_cleaner
[0.894s] writing list of installed files to '/home/text/rosproject/build/my_vacuum_cleaner/install.log'
[0.929s] Invoked command in '/home/text/rosproject/src/my_vacuum_cleaner' returned '0': PYTHONPATH=/home/text/rosproject/install/my_vacuum_cleaner/lib/python3.8/site-packages:${PYTHONPATH} /usr/bin/python3 setup.py egg_info --egg-base ../../build/my_vacuum_cleaner build --build-base /home/text/rosproject/build/my_vacuum_cleaner/build install --prefix /home/text/rosproject/install/my_vacuum_cleaner --record /home/text/rosproject/build/my_vacuum_cleaner/install.log --single-version-externally-managed
