[0.750s] Invoking command in '/home/markros2/rosproject/src/pubsub': PYTHONPATH=/home/markros2/rosproject/install/pubsub/lib/python3.8/site-packages:${PYTHONPATH} /usr/bin/python3 setup.py egg_info --egg-base ../../build/pubsub build --build-base /home/markros2/rosproject/build/pubsub/build install --prefix /home/markros2/rosproject/install/pubsub --record /home/markros2/rosproject/build/pubsub/install.log --single-version-externally-managed
[0.936s] running egg_info
[0.937s] writing ../../build/pubsub/pubsub.egg-info/PKG-INFO
[0.937s] writing dependency_links to ../../build/pubsub/pubsub.egg-info/dependency_links.txt
[0.937s] writing entry points to ../../build/pubsub/pubsub.egg-info/entry_points.txt
[0.938s] writing requirements to ../../build/pubsub/pubsub.egg-info/requires.txt
[0.938s] writing top-level names to ../../build/pubsub/pubsub.egg-info/top_level.txt
[0.969s] reading manifest file '../../build/pubsub/pubsub.egg-info/SOURCES.txt'
[0.969s] writing manifest file '../../build/pubsub/pubsub.egg-info/SOURCES.txt'
[0.969s] running build
[0.970s] running build_py
[0.970s] running install
[0.970s] running install_lib
[0.972s] running install_data
[0.972s] running install_egg_info
[0.974s] removing '/home/markros2/rosproject/install/pubsub/lib/python3.8/site-packages/pubsub-0.0.0-py3.8.egg-info' (and everything under it)
[0.975s] Copying ../../build/pubsub/pubsub.egg-info to /home/markros2/rosproject/install/pubsub/lib/python3.8/site-packages/pubsub-0.0.0-py3.8.egg-info
[0.975s] running install_scripts
[1.000s] Installing publisher script to /home/markros2/rosproject/install/pubsub/lib/pubsub
[1.001s] writing list of installed files to '/home/markros2/rosproject/build/pubsub/install.log'
[1.025s] Invoked command in '/home/markros2/rosproject/src/pubsub' returned '0': PYTHONPATH=/home/markros2/rosproject/install/pubsub/lib/python3.8/site-packages:${PYTHONPATH} /usr/bin/python3 setup.py egg_info --egg-base ../../build/pubsub build --build-base /home/markros2/rosproject/build/pubsub/build install --prefix /home/markros2/rosproject/install/pubsub --record /home/markros2/rosproject/build/pubsub/install.log --single-version-externally-managed
