[0.685s] Invoking command in '/home/text/rosproject/src/my_robot_slam': PYTHONPATH=/home/text/rosproject/install/my_robot_slam/lib/python3.8/site-packages:${PYTHONPATH} /usr/bin/python3 setup.py egg_info --egg-base ../../build/my_robot_slam build --build-base /home/text/rosproject/build/my_robot_slam/build install --prefix /home/text/rosproject/install/my_robot_slam --record /home/text/rosproject/build/my_robot_slam/install.log --single-version-externally-managed
[0.845s] running egg_info
[0.846s] writing ../../build/my_robot_slam/my_robot_slam.egg-info/PKG-INFO
[0.846s] writing dependency_links to ../../build/my_robot_slam/my_robot_slam.egg-info/dependency_links.txt
[0.846s] writing entry points to ../../build/my_robot_slam/my_robot_slam.egg-info/entry_points.txt
[0.846s] writing requirements to ../../build/my_robot_slam/my_robot_slam.egg-info/requires.txt
[0.847s] writing top-level names to ../../build/my_robot_slam/my_robot_slam.egg-info/top_level.txt
[0.874s] reading manifest file '../../build/my_robot_slam/my_robot_slam.egg-info/SOURCES.txt'
[0.874s] writing manifest file '../../build/my_robot_slam/my_robot_slam.egg-info/SOURCES.txt'
[0.874s] running build
[0.874s] running build_py
[0.874s] running install
[0.875s] running install_lib
[0.876s] running install_data
[0.876s] running install_egg_info
[0.878s] removing '/home/text/rosproject/install/my_robot_slam/lib/python3.8/site-packages/my_robot_slam-0.0.0-py3.8.egg-info' (and everything under it)
[0.878s] Copying ../../build/my_robot_slam/my_robot_slam.egg-info to /home/text/rosproject/install/my_robot_slam/lib/python3.8/site-packages/my_robot_slam-0.0.0-py3.8.egg-info
[0.878s] running install_scripts
[0.892s] writing list of installed files to '/home/text/rosproject/build/my_robot_slam/install.log'
[0.920s] Invoked command in '/home/text/rosproject/src/my_robot_slam' returned '0': PYTHONPATH=/home/text/rosproject/install/my_robot_slam/lib/python3.8/site-packages:${PYTHONPATH} /usr/bin/python3 setup.py egg_info --egg-base ../../build/my_robot_slam build --build-base /home/text/rosproject/build/my_robot_slam/build install --prefix /home/text/rosproject/install/my_robot_slam --record /home/text/rosproject/build/my_robot_slam/install.log --single-version-externally-managed
