[0.949s] Invoking command in '/home/markros2/rosproject/src/pubsub': PYTHONPATH=/home/markros2/rosproject/install/pubsub/lib/python3.8/site-packages:${PYTHONPATH} /usr/bin/python3 setup.py egg_info --egg-base ../../build/pubsub build --build-base /home/markros2/rosproject/build/pubsub/build install --prefix /home/markros2/rosproject/install/pubsub --record /home/markros2/rosproject/build/pubsub/install.log --single-version-externally-managed
[1.224s] running egg_info
[1.226s] writing ../../build/pubsub/pubsub.egg-info/PKG-INFO
[1.226s] writing dependency_links to ../../build/pubsub/pubsub.egg-info/dependency_links.txt
[1.227s] writing entry points to ../../build/pubsub/pubsub.egg-info/entry_points.txt
[1.227s] writing requirements to ../../build/pubsub/pubsub.egg-info/requires.txt
[1.227s] writing top-level names to ../../build/pubsub/pubsub.egg-info/top_level.txt
[1.282s] reading manifest file '../../build/pubsub/pubsub.egg-info/SOURCES.txt'
[1.284s] writing manifest file '../../build/pubsub/pubsub.egg-info/SOURCES.txt'
[1.284s] running build
[1.285s] running build_py
[1.286s] running install
[1.289s] running install_lib
[1.290s] running install_data
[1.291s] running install_egg_info
[1.294s] removing '/home/markros2/rosproject/install/pubsub/lib/python3.8/site-packages/pubsub-0.0.0-py3.8.egg-info' (and everything under it)
[1.294s] Copying ../../build/pubsub/pubsub.egg-info to /home/markros2/rosproject/install/pubsub/lib/python3.8/site-packages/pubsub-0.0.0-py3.8.egg-info
[1.295s] running install_scripts
[1.324s] Installing publisher script to /home/markros2/rosproject/install/pubsub/lib/pubsub
[1.325s] writing list of installed files to '/home/markros2/rosproject/build/pubsub/install.log'
[1.382s] Invoked command in '/home/markros2/rosproject/src/pubsub' returned '0': PYTHONPATH=/home/markros2/rosproject/install/pubsub/lib/python3.8/site-packages:${PYTHONPATH} /usr/bin/python3 setup.py egg_info --egg-base ../../build/pubsub build --build-base /home/markros2/rosproject/build/pubsub/build install --prefix /home/markros2/rosproject/install/pubsub --record /home/markros2/rosproject/build/pubsub/install.log --single-version-externally-managed
