[1.105s] Invoking command in '/home/markros2/rosproject/src/my_robot_navigation': PYTHONPATH=/home/markros2/rosproject/install/my_robot_navigation/lib/python3.8/site-packages:${PYTHONPATH} /usr/bin/python3 setup.py egg_info --egg-base ../../build/my_robot_navigation build --build-base /home/markros2/rosproject/build/my_robot_navigation/build install --prefix /home/markros2/rosproject/install/my_robot_navigation --record /home/markros2/rosproject/build/my_robot_navigation/install.log --single-version-externally-managed
[1.408s] running egg_info
[1.409s] writing ../../build/my_robot_navigation/my_robot_navigation.egg-info/PKG-INFO
[1.409s] writing dependency_links to ../../build/my_robot_navigation/my_robot_navigation.egg-info/dependency_links.txt
[1.409s] writing entry points to ../../build/my_robot_navigation/my_robot_navigation.egg-info/entry_points.txt
[1.410s] writing requirements to ../../build/my_robot_navigation/my_robot_navigation.egg-info/requires.txt
[1.410s] writing top-level names to ../../build/my_robot_navigation/my_robot_navigation.egg-info/top_level.txt
[1.475s] reading manifest file '../../build/my_robot_navigation/my_robot_navigation.egg-info/SOURCES.txt'
[1.477s] writing manifest file '../../build/my_robot_navigation/my_robot_navigation.egg-info/SOURCES.txt'
[1.477s] running build
[1.477s] running build_py
[1.477s] running install
[1.478s] running install_lib
[1.481s] running install_data
[1.484s] running install_egg_info
[1.489s] removing '/home/markros2/rosproject/install/my_robot_navigation/lib/python3.8/site-packages/my_robot_navigation-0.0.0-py3.8.egg-info' (and everything under it)
[1.489s] Copying ../../build/my_robot_navigation/my_robot_navigation.egg-info to /home/markros2/rosproject/install/my_robot_navigation/lib/python3.8/site-packages/my_robot_navigation-0.0.0-py3.8.egg-info
[1.491s] running install_scripts
[1.524s] Installing initpose script to /home/markros2/rosproject/install/my_robot_navigation/lib/my_robot_navigation
[1.524s] writing list of installed files to '/home/markros2/rosproject/build/my_robot_navigation/install.log'
[1.586s] Invoked command in '/home/markros2/rosproject/src/my_robot_navigation' returned '0': PYTHONPATH=/home/markros2/rosproject/install/my_robot_navigation/lib/python3.8/site-packages:${PYTHONPATH} /usr/bin/python3 setup.py egg_info --egg-base ../../build/my_robot_navigation build --build-base /home/markros2/rosproject/build/my_robot_navigation/build install --prefix /home/markros2/rosproject/install/my_robot_navigation --record /home/markros2/rosproject/build/my_robot_navigation/install.log --single-version-externally-managed
