[0.760s] Invoking command in '/home/markros2/rosproject/src/my_robot_navigation': PYTHONPATH=/home/markros2/rosproject/install/my_robot_navigation/lib/python3.8/site-packages:${PYTHONPATH} /usr/bin/python3 setup.py egg_info --egg-base ../../build/my_robot_navigation build --build-base /home/markros2/rosproject/build/my_robot_navigation/build install --prefix /home/markros2/rosproject/install/my_robot_navigation --record /home/markros2/rosproject/build/my_robot_navigation/install.log --single-version-externally-managed
[0.950s] running egg_info
[0.951s] creating ../../build/my_robot_navigation/my_robot_navigation.egg-info
[0.951s] writing ../../build/my_robot_navigation/my_robot_navigation.egg-info/PKG-INFO
[0.951s] writing dependency_links to ../../build/my_robot_navigation/my_robot_navigation.egg-info/dependency_links.txt
[0.951s] writing entry points to ../../build/my_robot_navigation/my_robot_navigation.egg-info/entry_points.txt
[0.951s] writing requirements to ../../build/my_robot_navigation/my_robot_navigation.egg-info/requires.txt
[0.951s] writing top-level names to ../../build/my_robot_navigation/my_robot_navigation.egg-info/top_level.txt
[0.954s] writing manifest file '../../build/my_robot_navigation/my_robot_navigation.egg-info/SOURCES.txt'
[0.996s] reading manifest file '../../build/my_robot_navigation/my_robot_navigation.egg-info/SOURCES.txt'
[0.996s] writing manifest file '../../build/my_robot_navigation/my_robot_navigation.egg-info/SOURCES.txt'
[0.997s] running build
[0.998s] running build_py
[0.998s] creating /home/markros2/rosproject/build/my_robot_navigation/build
[0.998s] creating /home/markros2/rosproject/build/my_robot_navigation/build/lib
[0.998s] creating /home/markros2/rosproject/build/my_robot_navigation/build/lib/my_robot_navigation
[0.998s] copying my_robot_navigation/__init__.py -> /home/markros2/rosproject/build/my_robot_navigation/build/lib/my_robot_navigation
[0.998s] running install
[0.999s] running install_lib
[1.000s] creating /home/markros2/rosproject/install/my_robot_navigation/lib/python3.8/site-packages/my_robot_navigation
[1.000s] copying /home/markros2/rosproject/build/my_robot_navigation/build/lib/my_robot_navigation/__init__.py -> /home/markros2/rosproject/install/my_robot_navigation/lib/python3.8/site-packages/my_robot_navigation
[1.000s] byte-compiling /home/markros2/rosproject/install/my_robot_navigation/lib/python3.8/site-packages/my_robot_navigation/__init__.py to __init__.cpython-38.pyc
[1.001s] running install_data
[1.002s] creating /home/markros2/rosproject/install/my_robot_navigation/share/ament_index
[1.002s] creating /home/markros2/rosproject/install/my_robot_navigation/share/ament_index/resource_index
[1.002s] creating /home/markros2/rosproject/install/my_robot_navigation/share/ament_index/resource_index/packages
[1.002s] copying resource/my_robot_navigation -> /home/markros2/rosproject/install/my_robot_navigation/share/ament_index/resource_index/packages
[1.002s] copying package.xml -> /home/markros2/rosproject/install/my_robot_navigation/share/my_robot_navigation
[1.002s] copying launch/navigation.launch.py -> /home/markros2/rosproject/install/my_robot_navigation/share/my_robot_navigation
[1.003s] copying config/nav2_params.yaml -> /home/markros2/rosproject/install/my_robot_navigation/share/my_robot_navigation
[1.005s] running install_egg_info
[1.007s] Copying ../../build/my_robot_navigation/my_robot_navigation.egg-info to /home/markros2/rosproject/install/my_robot_navigation/lib/python3.8/site-packages/my_robot_navigation-0.0.0-py3.8.egg-info
[1.008s] running install_scripts
[1.032s] Installing initpose script to /home/markros2/rosproject/install/my_robot_navigation/lib/my_robot_navigation
[1.032s] writing list of installed files to '/home/markros2/rosproject/build/my_robot_navigation/install.log'
[1.092s] Invoked command in '/home/markros2/rosproject/src/my_robot_navigation' returned '0': PYTHONPATH=/home/markros2/rosproject/install/my_robot_navigation/lib/python3.8/site-packages:${PYTHONPATH} /usr/bin/python3 setup.py egg_info --egg-base ../../build/my_robot_navigation build --build-base /home/markros2/rosproject/build/my_robot_navigation/build install --prefix /home/markros2/rosproject/install/my_robot_navigation --record /home/markros2/rosproject/build/my_robot_navigation/install.log --single-version-externally-managed
