running egg_info
creating ../../build/my_robot_navigation/my_robot_navigation.egg-info
writing ../../build/my_robot_navigation/my_robot_navigation.egg-info/PKG-INFO
writing dependency_links to ../../build/my_robot_navigation/my_robot_navigation.egg-info/dependency_links.txt
writing entry points to ../../build/my_robot_navigation/my_robot_navigation.egg-info/entry_points.txt
writing requirements to ../../build/my_robot_navigation/my_robot_navigation.egg-info/requires.txt
writing top-level names to ../../build/my_robot_navigation/my_robot_navigation.egg-info/top_level.txt
writing manifest file '../../build/my_robot_navigation/my_robot_navigation.egg-info/SOURCES.txt'
reading manifest file '../../build/my_robot_navigation/my_robot_navigation.egg-info/SOURCES.txt'
writing manifest file '../../build/my_robot_navigation/my_robot_navigation.egg-info/SOURCES.txt'
running build
running build_py
creating /home/text/rosproject/build/my_robot_navigation/build
creating /home/text/rosproject/build/my_robot_navigation/build/lib
creating /home/text/rosproject/build/my_robot_navigation/build/lib/my_robot_navigation
copying my_robot_navigation/__init__.py -> /home/text/rosproject/build/my_robot_navigation/build/lib/my_robot_navigation
running install
running install_lib
creating /home/text/rosproject/install/my_robot_navigation/lib/python3.8/site-packages/my_robot_navigation
copying /home/text/rosproject/build/my_robot_navigation/build/lib/my_robot_navigation/__init__.py -> /home/text/rosproject/install/my_robot_navigation/lib/python3.8/site-packages/my_robot_navigation
byte-compiling /home/text/rosproject/install/my_robot_navigation/lib/python3.8/site-packages/my_robot_navigation/__init__.py to __init__.cpython-38.pyc
running install_data
creating /home/text/rosproject/install/my_robot_navigation/share/ament_index
creating /home/text/rosproject/install/my_robot_navigation/share/ament_index/resource_index
creating /home/text/rosproject/install/my_robot_navigation/share/ament_index/resource_index/packages
copying resource/my_robot_navigation -> /home/text/rosproject/install/my_robot_navigation/share/ament_index/resource_index/packages
copying package.xml -> /home/text/rosproject/install/my_robot_navigation/share/my_robot_navigation
copying launch/navigation.launch.py -> /home/text/rosproject/install/my_robot_navigation/share/my_robot_navigation
copying config/nav2_params.yaml -> /home/text/rosproject/install/my_robot_navigation/share/my_robot_navigation
running install_egg_info
Copying ../../build/my_robot_navigation/my_robot_navigation.egg-info to /home/text/rosproject/install/my_robot_navigation/lib/python3.8/site-packages/my_robot_navigation-0.0.0-py3.8.egg-info
running install_scripts
Installing initpose script to /home/text/rosproject/install/my_robot_navigation/lib/my_robot_navigation
writing list of installed files to '/home/text/rosproject/build/my_robot_navigation/install.log'
