[0.694s] Invoking command in '/home/text/rosproject/src/my_robot_navigation': PYTHONPATH=/home/text/rosproject/install/my_robot_navigation/lib/python3.8/site-packages:${PYTHONPATH} /usr/bin/python3 setup.py egg_info --egg-base ../../build/my_robot_navigation build --build-base /home/text/rosproject/build/my_robot_navigation/build install --prefix /home/text/rosproject/install/my_robot_navigation --record /home/text/rosproject/build/my_robot_navigation/install.log --single-version-externally-managed
[0.860s] running egg_info
[0.861s] creating ../../build/my_robot_navigation/my_robot_navigation.egg-info
[0.861s] writing ../../build/my_robot_navigation/my_robot_navigation.egg-info/PKG-INFO
[0.861s] writing dependency_links to ../../build/my_robot_navigation/my_robot_navigation.egg-info/dependency_links.txt
[0.861s] writing entry points to ../../build/my_robot_navigation/my_robot_navigation.egg-info/entry_points.txt
[0.861s] writing requirements to ../../build/my_robot_navigation/my_robot_navigation.egg-info/requires.txt
[0.861s] writing top-level names to ../../build/my_robot_navigation/my_robot_navigation.egg-info/top_level.txt
[0.863s] writing manifest file '../../build/my_robot_navigation/my_robot_navigation.egg-info/SOURCES.txt'
[0.895s] reading manifest file '../../build/my_robot_navigation/my_robot_navigation.egg-info/SOURCES.txt'
[0.896s] writing manifest file '../../build/my_robot_navigation/my_robot_navigation.egg-info/SOURCES.txt'
[0.896s] running build
[0.896s] running build_py
[0.896s] creating /home/text/rosproject/build/my_robot_navigation/build
[0.896s] creating /home/text/rosproject/build/my_robot_navigation/build/lib
[0.896s] creating /home/text/rosproject/build/my_robot_navigation/build/lib/my_robot_navigation
[0.897s] copying my_robot_navigation/__init__.py -> /home/text/rosproject/build/my_robot_navigation/build/lib/my_robot_navigation
[0.897s] running install
[0.898s] running install_lib
[0.898s] creating /home/text/rosproject/install/my_robot_navigation/lib/python3.8/site-packages/my_robot_navigation
[0.898s] copying /home/text/rosproject/build/my_robot_navigation/build/lib/my_robot_navigation/__init__.py -> /home/text/rosproject/install/my_robot_navigation/lib/python3.8/site-packages/my_robot_navigation
[0.899s] byte-compiling /home/text/rosproject/install/my_robot_navigation/lib/python3.8/site-packages/my_robot_navigation/__init__.py to __init__.cpython-38.pyc
[0.899s] running install_data
[0.899s] creating /home/text/rosproject/install/my_robot_navigation/share/ament_index
[0.900s] creating /home/text/rosproject/install/my_robot_navigation/share/ament_index/resource_index
[0.900s] creating /home/text/rosproject/install/my_robot_navigation/share/ament_index/resource_index/packages
[0.900s] copying resource/my_robot_navigation -> /home/text/rosproject/install/my_robot_navigation/share/ament_index/resource_index/packages
[0.900s] copying package.xml -> /home/text/rosproject/install/my_robot_navigation/share/my_robot_navigation
[0.900s] copying launch/navigation.launch.py -> /home/text/rosproject/install/my_robot_navigation/share/my_robot_navigation
[0.900s] copying config/nav2_params.yaml -> /home/text/rosproject/install/my_robot_navigation/share/my_robot_navigation
[0.900s] running install_egg_info
[0.902s] Copying ../../build/my_robot_navigation/my_robot_navigation.egg-info to /home/text/rosproject/install/my_robot_navigation/lib/python3.8/site-packages/my_robot_navigation-0.0.0-py3.8.egg-info
[0.902s] running install_scripts
[0.918s] Installing initpose script to /home/text/rosproject/install/my_robot_navigation/lib/my_robot_navigation
[0.918s] writing list of installed files to '/home/text/rosproject/build/my_robot_navigation/install.log'
[0.968s] Invoked command in '/home/text/rosproject/src/my_robot_navigation' returned '0': PYTHONPATH=/home/text/rosproject/install/my_robot_navigation/lib/python3.8/site-packages:${PYTHONPATH} /usr/bin/python3 setup.py egg_info --egg-base ../../build/my_robot_navigation build --build-base /home/text/rosproject/build/my_robot_navigation/build install --prefix /home/text/rosproject/install/my_robot_navigation --record /home/text/rosproject/build/my_robot_navigation/install.log --single-version-externally-managed
