[0.220s] Invoking command in '/home/markros2/rosproject/src/my_robot_slam': PYTHONPATH=/home/markros2/rosproject/install/my_robot_slam/lib/python3.8/site-packages:${PYTHONPATH} /usr/bin/python3 setup.py egg_info --egg-base ../../build/my_robot_slam build --build-base /home/markros2/rosproject/build/my_robot_slam/build install --prefix /home/markros2/rosproject/install/my_robot_slam --record /home/markros2/rosproject/build/my_robot_slam/install.log --single-version-externally-managed
[0.402s] running egg_info
[0.402s] creating ../../build/my_robot_slam/my_robot_slam.egg-info
[0.403s] writing ../../build/my_robot_slam/my_robot_slam.egg-info/PKG-INFO
[0.403s] writing dependency_links to ../../build/my_robot_slam/my_robot_slam.egg-info/dependency_links.txt
[0.403s] writing entry points to ../../build/my_robot_slam/my_robot_slam.egg-info/entry_points.txt
[0.403s] writing requirements to ../../build/my_robot_slam/my_robot_slam.egg-info/requires.txt
[0.403s] writing top-level names to ../../build/my_robot_slam/my_robot_slam.egg-info/top_level.txt
[0.406s] writing manifest file '../../build/my_robot_slam/my_robot_slam.egg-info/SOURCES.txt'
[0.444s] reading manifest file '../../build/my_robot_slam/my_robot_slam.egg-info/SOURCES.txt'
[0.444s] writing manifest file '../../build/my_robot_slam/my_robot_slam.egg-info/SOURCES.txt'
[0.444s] running build
[0.445s] running build_py
[0.445s] creating /home/markros2/rosproject/build/my_robot_slam/build
[0.445s] creating /home/markros2/rosproject/build/my_robot_slam/build/lib
[0.445s] creating /home/markros2/rosproject/build/my_robot_slam/build/lib/my_robot_slam
[0.445s] copying my_robot_slam/__init__.py -> /home/markros2/rosproject/build/my_robot_slam/build/lib/my_robot_slam
[0.445s] running install
[0.446s] running install_lib
[0.447s] creating /home/markros2/rosproject/install/my_robot_slam/lib/python3.8/site-packages/my_robot_slam
[0.447s] copying /home/markros2/rosproject/build/my_robot_slam/build/lib/my_robot_slam/__init__.py -> /home/markros2/rosproject/install/my_robot_slam/lib/python3.8/site-packages/my_robot_slam
[0.448s] byte-compiling /home/markros2/rosproject/install/my_robot_slam/lib/python3.8/site-packages/my_robot_slam/__init__.py to __init__.cpython-38.pyc
[0.449s] running install_data
[0.449s] creating /home/markros2/rosproject/install/my_robot_slam/share/ament_index
[0.449s] creating /home/markros2/rosproject/install/my_robot_slam/share/ament_index/resource_index
[0.449s] creating /home/markros2/rosproject/install/my_robot_slam/share/ament_index/resource_index/packages
[0.449s] copying resource/my_robot_slam -> /home/markros2/rosproject/install/my_robot_slam/share/ament_index/resource_index/packages
[0.450s] copying package.xml -> /home/markros2/rosproject/install/my_robot_slam/share/my_robot_slam
[0.450s] running install_egg_info
[0.452s] Copying ../../build/my_robot_slam/my_robot_slam.egg-info to /home/markros2/rosproject/install/my_robot_slam/lib/python3.8/site-packages/my_robot_slam-0.0.0-py3.8.egg-info
[0.453s] running install_scripts
[0.472s] writing list of installed files to '/home/markros2/rosproject/build/my_robot_slam/install.log'
[0.488s] Invoked command in '/home/markros2/rosproject/src/my_robot_slam' returned '0': PYTHONPATH=/home/markros2/rosproject/install/my_robot_slam/lib/python3.8/site-packages:${PYTHONPATH} /usr/bin/python3 setup.py egg_info --egg-base ../../build/my_robot_slam build --build-base /home/markros2/rosproject/build/my_robot_slam/build install --prefix /home/markros2/rosproject/install/my_robot_slam --record /home/markros2/rosproject/build/my_robot_slam/install.log --single-version-externally-managed
