[0.680s] Invoking command in '/home/text/rosproject/src/pubsub': PYTHONPATH=/home/text/rosproject/install/pubsub/lib/python3.8/site-packages:${PYTHONPATH} /usr/bin/python3 setup.py egg_info --egg-base ../../build/pubsub build --build-base /home/text/rosproject/build/pubsub/build install --prefix /home/text/rosproject/install/pubsub --record /home/text/rosproject/build/pubsub/install.log --single-version-externally-managed
[0.841s] running egg_info
[0.842s] creating ../../build/pubsub/pubsub.egg-info
[0.842s] writing ../../build/pubsub/pubsub.egg-info/PKG-INFO
[0.842s] writing dependency_links to ../../build/pubsub/pubsub.egg-info/dependency_links.txt
[0.842s] writing entry points to ../../build/pubsub/pubsub.egg-info/entry_points.txt
[0.842s] writing requirements to ../../build/pubsub/pubsub.egg-info/requires.txt
[0.842s] writing top-level names to ../../build/pubsub/pubsub.egg-info/top_level.txt
[0.843s] writing manifest file '../../build/pubsub/pubsub.egg-info/SOURCES.txt'
[0.870s] reading manifest file '../../build/pubsub/pubsub.egg-info/SOURCES.txt'
[0.871s] writing manifest file '../../build/pubsub/pubsub.egg-info/SOURCES.txt'
[0.871s] running build
[0.871s] running build_py
[0.871s] creating /home/text/rosproject/build/pubsub/build
[0.871s] creating /home/text/rosproject/build/pubsub/build/lib
[0.871s] creating /home/text/rosproject/build/pubsub/build/lib/pubsub
[0.871s] copying pubsub/publisher.py -> /home/text/rosproject/build/pubsub/build/lib/pubsub
[0.872s] copying pubsub/subscriber.py -> /home/text/rosproject/build/pubsub/build/lib/pubsub
[0.873s] copying pubsub/__init__.py -> /home/text/rosproject/build/pubsub/build/lib/pubsub
[0.873s] running install
[0.873s] running install_lib
[0.873s] creating /home/text/rosproject/install/pubsub/lib/python3.8/site-packages/pubsub
[0.874s] copying /home/text/rosproject/build/pubsub/build/lib/pubsub/publisher.py -> /home/text/rosproject/install/pubsub/lib/python3.8/site-packages/pubsub
[0.874s] copying /home/text/rosproject/build/pubsub/build/lib/pubsub/subscriber.py -> /home/text/rosproject/install/pubsub/lib/python3.8/site-packages/pubsub
[0.874s] copying /home/text/rosproject/build/pubsub/build/lib/pubsub/__init__.py -> /home/text/rosproject/install/pubsub/lib/python3.8/site-packages/pubsub
[0.874s] byte-compiling /home/text/rosproject/install/pubsub/lib/python3.8/site-packages/pubsub/publisher.py to publisher.cpython-38.pyc
[0.875s] byte-compiling /home/text/rosproject/install/pubsub/lib/python3.8/site-packages/pubsub/subscriber.py to subscriber.cpython-38.pyc
[0.876s] byte-compiling /home/text/rosproject/install/pubsub/lib/python3.8/site-packages/pubsub/__init__.py to __init__.cpython-38.pyc
[0.876s] running install_data
[0.876s] creating /home/text/rosproject/install/pubsub/share/ament_index
[0.876s] creating /home/text/rosproject/install/pubsub/share/ament_index/resource_index
[0.876s] creating /home/text/rosproject/install/pubsub/share/ament_index/resource_index/packages
[0.876s] copying resource/pubsub -> /home/text/rosproject/install/pubsub/share/ament_index/resource_index/packages
[0.877s] copying package.xml -> /home/text/rosproject/install/pubsub/share/pubsub
[0.877s] copying launch/initpose.launch.py -> /home/text/rosproject/install/pubsub/share/pubsub
[0.877s] running install_egg_info
[0.877s] Copying ../../build/pubsub/pubsub.egg-info to /home/text/rosproject/install/pubsub/lib/python3.8/site-packages/pubsub-0.0.0-py3.8.egg-info
[0.878s] running install_scripts
[0.893s] Installing publisher script to /home/text/rosproject/install/pubsub/lib/pubsub
[0.893s] writing list of installed files to '/home/text/rosproject/build/pubsub/install.log'
[0.950s] Invoked command in '/home/text/rosproject/src/pubsub' returned '0': PYTHONPATH=/home/text/rosproject/install/pubsub/lib/python3.8/site-packages:${PYTHONPATH} /usr/bin/python3 setup.py egg_info --egg-base ../../build/pubsub build --build-base /home/text/rosproject/build/pubsub/build install --prefix /home/text/rosproject/install/pubsub --record /home/text/rosproject/build/pubsub/install.log --single-version-externally-managed
