[0.696s] Invoking command in '/home/text/rosproject/src/my_robot_navigation': PYTHONPATH=/home/text/rosproject/install/my_robot_navigation/lib/python3.8/site-packages:${PYTHONPATH} /usr/bin/python3 setup.py egg_info --egg-base ../../build/my_robot_navigation build --build-base /home/text/rosproject/build/my_robot_navigation/build install --prefix /home/text/rosproject/install/my_robot_navigation --record /home/text/rosproject/build/my_robot_navigation/install.log --single-version-externally-managed
[0.857s] running egg_info
[0.858s] writing ../../build/my_robot_navigation/my_robot_navigation.egg-info/PKG-INFO
[0.858s] writing dependency_links to ../../build/my_robot_navigation/my_robot_navigation.egg-info/dependency_links.txt
[0.858s] writing entry points to ../../build/my_robot_navigation/my_robot_navigation.egg-info/entry_points.txt
[0.858s] writing requirements to ../../build/my_robot_navigation/my_robot_navigation.egg-info/requires.txt
[0.858s] writing top-level names to ../../build/my_robot_navigation/my_robot_navigation.egg-info/top_level.txt
[0.885s] reading manifest file '../../build/my_robot_navigation/my_robot_navigation.egg-info/SOURCES.txt'
[0.886s] writing manifest file '../../build/my_robot_navigation/my_robot_navigation.egg-info/SOURCES.txt'
[0.886s] running build
[0.886s] running build_py
[0.886s] running install
[0.886s] running install_lib
[0.887s] running install_data
[0.888s] running install_egg_info
[0.889s] removing '/home/text/rosproject/install/my_robot_navigation/lib/python3.8/site-packages/my_robot_navigation-0.0.0-py3.8.egg-info' (and everything under it)
[0.890s] Copying ../../build/my_robot_navigation/my_robot_navigation.egg-info to /home/text/rosproject/install/my_robot_navigation/lib/python3.8/site-packages/my_robot_navigation-0.0.0-py3.8.egg-info
[0.890s] running install_scripts
[0.904s] Installing initpose script to /home/text/rosproject/install/my_robot_navigation/lib/my_robot_navigation
[0.905s] writing list of installed files to '/home/text/rosproject/build/my_robot_navigation/install.log'
[0.928s] Invoked command in '/home/text/rosproject/src/my_robot_navigation' returned '0': PYTHONPATH=/home/text/rosproject/install/my_robot_navigation/lib/python3.8/site-packages:${PYTHONPATH} /usr/bin/python3 setup.py egg_info --egg-base ../../build/my_robot_navigation build --build-base /home/text/rosproject/build/my_robot_navigation/build install --prefix /home/text/rosproject/install/my_robot_navigation --record /home/text/rosproject/build/my_robot_navigation/install.log --single-version-externally-managed
