[0.747s] Invoking command in '/home/markros2/rosproject/build/slam_toolbox': CMAKE_PREFIX_PATH=${CMAKE_PREFIX_PATH}:/home/markros2/ros2/install/vacuum:/opt/ros/foxy /usr/bin/cmake /home/markros2/rosproject/src/slam_toolbox -DCMAKE_INSTALL_PREFIX=/home/markros2/rosproject/install/slam_toolbox
[1.094s] -- The C compiler identification is GNU 9.3.0
[1.373s] -- The CXX compiler identification is GNU 9.3.0
[1.391s] -- Check for working C compiler: /usr/bin/cc
[1.465s] -- Check for working C compiler: /usr/bin/cc -- works
[1.468s] -- Detecting C compiler ABI info
[1.540s] -- Detecting C compiler ABI info - done
[1.555s] -- Detecting C compile features
[1.556s] -- Detecting C compile features - done
[1.561s] -- Check for working CXX compiler: /usr/bin/c++
[1.627s] -- Check for working CXX compiler: /usr/bin/c++ -- works
[1.628s] -- Detecting CXX compiler ABI info
[1.693s] -- Detecting CXX compiler ABI info - done
[1.704s] -- Detecting CXX compile features
[1.705s] -- Detecting CXX compile features - done
[1.719s] -- Found ament_cmake: 0.9.8 (/opt/ros/foxy/share/ament_cmake/cmake)
[1.768s] -- Found PythonInterp: /usr/bin/python3 (found suitable version "3.8.10", minimum required is "3") 
[1.768s] -- Using PYTHON_EXECUTABLE: /usr/bin/python3
[2.048s] -- Found message_filters: 3.2.5 (/opt/ros/foxy/share/message_filters/cmake)
[2.060s] -- Found nav_msgs: 2.0.4 (/opt/ros/foxy/share/nav_msgs/cmake)
[2.148s] -- Using all available rosidl_typesupport_c: rosidl_typesupport_fastrtps_c;rosidl_typesupport_introspection_c
[2.172s] -- Found rosidl_adapter: 1.2.1 (/opt/ros/foxy/share/rosidl_adapter/cmake)
[2.326s] -- Found OpenSSL: /usr/lib/x86_64-linux-gnu/libcrypto.so (found version "1.1.1f")  
[2.356s] -- Found FastRTPS: /opt/ros/foxy/include  
[2.467s] -- Using all available rosidl_typesupport_cpp: rosidl_typesupport_fastrtps_cpp;rosidl_typesupport_introspection_cpp
[2.678s] -- Found rclcpp: 2.3.1 (/opt/ros/foxy/share/rclcpp/cmake)
[2.769s] -- Found rmw_implementation_cmake: 1.0.3 (/opt/ros/foxy/share/rmw_implementation_cmake/cmake)
[2.775s] -- Using RMW implementation 'rmw_fastrtps_cpp' as default
[2.779s] -- Looking for pthread.h
[2.863s] -- Looking for pthread.h - found
[2.863s] -- Performing Test CMAKE_HAVE_LIBC_PTHREAD
[2.926s] -- Performing Test CMAKE_HAVE_LIBC_PTHREAD - Failed
[2.926s] -- Looking for pthread_create in pthreads
[2.973s] -- Looking for pthread_create in pthreads - not found
[2.973s] -- Looking for pthread_create in pthread
[3.028s] -- Looking for pthread_create in pthread - found
[3.029s] -- Found Threads: TRUE  
[3.252s] -- Found sensor_msgs: 2.0.4 (/opt/ros/foxy/share/sensor_msgs/cmake)
[3.339s] -- Found tf2: 0.13.10 (/opt/ros/foxy/share/tf2/cmake)
[3.370s] -- Found tf2_ros: 0.13.10 (/opt/ros/foxy/share/tf2_ros/cmake)
[3.771s] -- Found visualization_msgs: 2.0.4 (/opt/ros/foxy/share/visualization_msgs/cmake)
[3.858s] -- Found pluginlib: 2.5.3 (/opt/ros/foxy/share/pluginlib/cmake)
[3.882s] -- Found tf2_geometry_msgs: 0.13.10 (/opt/ros/foxy/share/tf2_geometry_msgs/cmake)
[3.898s] -- Found eigen3_cmake_module: 0.1.1 (/opt/ros/foxy/share/eigen3_cmake_module/cmake)
[3.909s] -- Found Eigen3: TRUE (found version "3.3.7") 
[3.933s] -- Found tf2_sensor_msgs: 0.13.10 (/opt/ros/foxy/share/tf2_sensor_msgs/cmake)
[3.951s] -- Found std_srvs: 2.0.4 (/opt/ros/foxy/share/std_srvs/cmake)
[3.985s] -- Found rosidl_default_generators: 1.0.1 (/opt/ros/foxy/share/rosidl_default_generators/cmake)
[4.010s] -- Found nav2_map_server: 0.4.7 (/opt/ros/foxy/share/nav2_map_server/cmake)
[4.017s] -- Found rviz_common: 8.2.1 (/opt/ros/foxy/share/rviz_common/cmake)
[4.124s] -- Setting OGRE_DIR to: '/opt/ros/foxy/share/rviz_ogre_vendor/cmake/../../../opt/rviz_ogre_vendor/lib/OGRE/cmake'
[4.134s] -- Found OGRE
[4.135s] --   static     : OFF
[4.135s] --   components : HLMS;MeshLodGenerator;Overlay;Paging;Property;RTShaderSystem;Terrain;Volume
[4.135s] --   plugins    : Plugin_BSPSceneManager;Plugin_OctreeSceneManager;Plugin_PCZSceneManager;Plugin_ParticleFX;RenderSystem_GL;RenderSystem_GL3Plus;Codec_STBI
[4.135s] --   media      : /opt/ros/foxy/opt/rviz_ogre_vendor/share/OGRE/Media
[4.136s] -- OGRE_LIBRARIES: OgreHLMS;OgreMeshLodGenerator;OgreOverlay;OgrePaging;OgreProperty;OgreRTShaderSystem;OgreTerrain;OgreVolume;OgreMain
[4.136s] -- OGRE_LIBRARY_DIRS: /opt/ros/foxy/opt/rviz_ogre_vendor/lib
[4.136s] -- OGRE_PLUGINS: Plugin_BSPSceneManager;Plugin_OctreeSceneManager;Plugin_PCZSceneManager;Plugin_ParticleFX;RenderSystem_GL;RenderSystem_GL3Plus;Codec_STBI
[4.136s] -- OGRE_PLUGIN_DIR: /opt/ros/foxy/opt/rviz_ogre_vendor/lib/OGRE
[4.136s] -- rviz_ogre_vendor::OgreOverlay for IMPORTED_LOCATION_RELEASE: /opt/ros/foxy/opt/rviz_ogre_vendor/lib/libOgreOverlay.so
[4.137s] -- rviz_ogre_vendor::OgreOverlay for IMPORTED_LOCATION_DEBUG: /opt/ros/foxy/opt/rviz_ogre_vendor/lib/libOgreOverlay.so
[4.137s] -- rviz_ogre_vendor::OgreMain for IMPORTED_LOCATION_RELEASE: /opt/ros/foxy/opt/rviz_ogre_vendor/lib/libOgreMain.so
[4.137s] -- rviz_ogre_vendor::OgreMain for IMPORTED_LOCATION_DEBUG: /opt/ros/foxy/opt/rviz_ogre_vendor/lib/libOgreMain.so
[4.166s] -- Found ZLIB: /usr/lib/x86_64-linux-gnu/libz.so (found version "1.2.11") 
[4.173s] -- Found OpenGL: /usr/lib/x86_64-linux-gnu/libOpenGL.so   
[4.243s] -- Found X11: /usr/include   
[4.244s] -- Looking for XOpenDisplay in /usr/lib/x86_64-linux-gnu/libX11.so;/usr/lib/x86_64-linux-gnu/libXext.so
[4.309s] -- Looking for XOpenDisplay in /usr/lib/x86_64-linux-gnu/libX11.so;/usr/lib/x86_64-linux-gnu/libXext.so - found
[4.309s] -- Looking for gethostbyname
[4.373s] -- Looking for gethostbyname - found
[4.373s] -- Looking for connect
[4.449s] -- Looking for connect - found
[4.449s] -- Looking for remove
[4.531s] -- Looking for remove - found
[4.531s] -- Looking for shmat
[4.606s] -- Looking for shmat - found
[4.607s] -- Looking for IceConnectionNumber in ICE
[4.671s] -- Looking for IceConnectionNumber in ICE - found
[4.674s] -- rviz_ogre_vendor::RenderSystem_GL for IMPORTED_LOCATION_RELEASE: _render_system_gl_static_library_abs-NOTFOUND
[4.674s] -- rviz_ogre_vendor::RenderSystem_GL for IMPORTED_LOCATION_DEBUG: _render_system_gl_static_library_abs-NOTFOUND
[4.748s] -- library: /usr/lib/x86_64-linux-gnu/libcurl.so
[4.851s] -- Setting yaml-cpp_DIR to: '/opt/ros/foxy/share/yaml_cpp_vendor/cmake/../../../opt/yaml_cpp_vendor/lib/cmake/yaml-cpp'
[4.864s] -- Found rviz_default_plugins: 8.2.1 (/opt/ros/foxy/share/rviz_default_plugins/cmake)
[5.262s] -- Found Boost: /usr/lib/x86_64-linux-gnu/cmake/Boost-1.71.0/BoostConfig.cmake (found version "1.71.0") found components: system serialization filesystem thread 
[5.374s] -- Found PkgConfig: /usr/bin/pkg-config (found version "0.29.1") 
[5.389s] -- Found CSPARSE: /usr/include/suitesparse  
[5.440s] -- Found CHOLMOD: /usr/include/suitesparse  
[5.448s] -- Looking for sgemm_
[5.507s] -- Looking for sgemm_ - not found
[5.539s] -- Looking for sgemm_
[5.600s] -- Looking for sgemm_ - found
[5.601s] -- Found BLAS: /usr/lib/x86_64-linux-gnu/libblas.so  
[5.603s] -- Looking for cheev_
[5.657s] -- Looking for cheev_ - not found
[5.666s] -- Looking for cheev_
[5.770s] -- Looking for cheev_ - found
[5.771s] -- A library with LAPACK API found.
[5.778s] -- Found installed version of Eigen: /usr/lib/cmake/eigen3
[5.786s] -- Found required Ceres dependency: Eigen version 3.3.7 in /usr/include/eigen3
[5.789s] -- Found required Ceres dependency: glog
[5.796s] -- Found installed version of gflags: /usr/lib/x86_64-linux-gnu/cmake/gflags
[5.796s] -- Detected gflags version: 2.2.2
[5.800s] -- Found required Ceres dependency: gflags
[5.802s] -- Found Ceres version: 1.14.0 installed in: /usr with components: [EigenSparse, SparseLinearAlgebraLibrary, LAPACK, SuiteSparse, CXSparse, SchurSpecializations, OpenMP, Multithreading]
[5.840s] -- Found PythonInterp: /usr/bin/python3 (found version "3.8.10") 
[6.101s] -- Found ament_cmake_ros: 0.9.1 (/opt/ros/foxy/share/ament_cmake_ros/cmake)
[6.401s] -- Using all available rosidl_typesupport_c: rosidl_typesupport_fastrtps_c;rosidl_typesupport_introspection_c
[6.542s] -- Using all available rosidl_typesupport_cpp: rosidl_typesupport_fastrtps_cpp;rosidl_typesupport_introspection_cpp
[6.566s] -- Found PythonInterp: /usr/bin/python3 (found suitable version "3.8.10", minimum required is "3.5") 
[6.569s] -- Found python_cmake_module: 0.8.1 (/opt/ros/foxy/share/python_cmake_module/cmake)
[6.598s] -- Found PythonLibs: /usr/lib/x86_64-linux-gnu/libpython3.8.so (found suitable version "3.8.10", minimum required is "3.5") 
[6.599s] -- Using PYTHON_EXECUTABLE: /usr/bin/python3
[6.599s] -- Using PYTHON_INCLUDE_DIRS: /usr/include/python3.8
[6.599s] -- Using PYTHON_LIBRARIES: /usr/lib/x86_64-linux-gnu/libpython3.8.so
[6.618s] -- Found PythonExtra: .so  
[6.764s] -- Configuring done
[7.188s] -- Generating done
[7.192s] -- Build files have been written to: /home/markros2/rosproject/build/slam_toolbox
