[0.860s] Invoking command in '/home/markros2/rosproject/src/my_vacuum_cleaner': PYTHONPATH=/home/markros2/rosproject/install/my_vacuum_cleaner/lib/python3.8/site-packages:${PYTHONPATH} /usr/bin/python3 setup.py egg_info --egg-base ../../build/my_vacuum_cleaner build --build-base /home/markros2/rosproject/build/my_vacuum_cleaner/build install --prefix /home/markros2/rosproject/install/my_vacuum_cleaner --record /home/markros2/rosproject/build/my_vacuum_cleaner/install.log --single-version-externally-managed
[1.061s] running egg_info
[1.061s] writing ../../build/my_vacuum_cleaner/my_vacuum_cleaner.egg-info/PKG-INFO
[1.062s] writing dependency_links to ../../build/my_vacuum_cleaner/my_vacuum_cleaner.egg-info/dependency_links.txt
[1.062s] writing entry points to ../../build/my_vacuum_cleaner/my_vacuum_cleaner.egg-info/entry_points.txt
[1.063s] writing requirements to ../../build/my_vacuum_cleaner/my_vacuum_cleaner.egg-info/requires.txt
[1.063s] writing top-level names to ../../build/my_vacuum_cleaner/my_vacuum_cleaner.egg-info/top_level.txt
[1.125s] reading manifest file '../../build/my_vacuum_cleaner/my_vacuum_cleaner.egg-info/SOURCES.txt'
[1.127s] writing manifest file '../../build/my_vacuum_cleaner/my_vacuum_cleaner.egg-info/SOURCES.txt'
[1.127s] running build
[1.127s] running build_py
[1.129s] running install
[1.130s] running install_lib
[1.131s] running install_data
[1.132s] running install_egg_info
[1.133s] removing '/home/markros2/rosproject/install/my_vacuum_cleaner/lib/python3.8/site-packages/my_vacuum_cleaner-0.0.0-py3.8.egg-info' (and everything under it)
[1.134s] Copying ../../build/my_vacuum_cleaner/my_vacuum_cleaner.egg-info to /home/markros2/rosproject/install/my_vacuum_cleaner/lib/python3.8/site-packages/my_vacuum_cleaner-0.0.0-py3.8.egg-info
[1.135s] running install_scripts
[1.153s] Installing coverage script to /home/markros2/rosproject/install/my_vacuum_cleaner/lib/my_vacuum_cleaner
[1.153s] writing list of installed files to '/home/markros2/rosproject/build/my_vacuum_cleaner/install.log'
[1.214s] Invoked command in '/home/markros2/rosproject/src/my_vacuum_cleaner' returned '0': PYTHONPATH=/home/markros2/rosproject/install/my_vacuum_cleaner/lib/python3.8/site-packages:${PYTHONPATH} /usr/bin/python3 setup.py egg_info --egg-base ../../build/my_vacuum_cleaner build --build-base /home/markros2/rosproject/build/my_vacuum_cleaner/build install --prefix /home/markros2/rosproject/install/my_vacuum_cleaner --record /home/markros2/rosproject/build/my_vacuum_cleaner/install.log --single-version-externally-managed
