[0.763s] Invoking command in '/home/markros2/rosproject/build/slam_toolbox': CMAKE_PREFIX_PATH=${CMAKE_PREFIX_PATH}:/home/markros2/rosproject/install/pubsub:/home/markros2/rosproject/install/my_vacuum_cleaner:/home/markros2/rosproject/install/my_robot_slam:/home/markros2/rosproject/install/my_robot_navigation:/home/markros2/ros2/install/vacuum:/opt/ros/foxy /usr/bin/cmake --build /home/markros2/rosproject/build/slam_toolbox -- -j12 -l12
[1.042s] [  1%] Built target slam_toolbox__cpp
[1.074s] [ 10%] Built target slam_toolbox__rosidl_generator_c
[1.077s] [ 19%] Built target slam_toolbox__rosidl_typesupport_cpp
[1.081s] [ 28%] Built target slam_toolbox__rosidl_typesupport_introspection_cpp
[1.093s] [ 37%] Built target slam_toolbox__rosidl_typesupport_fastrtps_cpp
[1.098s] [ 39%] Built target kartoSlamToolbox
[1.107s] [ 48%] Built target slam_toolbox__rosidl_typesupport_c
[1.111s] [ 57%] Built target slam_toolbox__rosidl_typesupport_introspection_c
[1.134s] [ 66%] Built target slam_toolbox__rosidl_typesupport_fastrtps_c
[1.155s] [ 66%] Built target slam_toolbox
[1.179s] [ 67%] Built target slam_toolbox__py
[1.218s] [ 72%] Built target ceres_solver_plugin
[1.218s] [ 77%] Built target slam_toolbox__python
[1.233s] [ 79%] Built target SlamToolboxPlugin
[1.238s] [ 84%] Built target toolbox_common
[1.244s] [ 85%] Built target slam_toolbox__rosidl_typesupport_introspection_c__pyext
[1.245s] [ 86%] Built target slam_toolbox__rosidl_typesupport_c__pyext
[1.247s] [ 87%] Built target slam_toolbox__rosidl_typesupport_fastrtps_c__pyext
[1.277s] [ 88%] Built target merge_maps_kinematic
[1.279s] [ 90%] Built target async_slam_toolbox
[1.279s] [ 91%] Built target localization_slam_toolbox
[1.282s] [ 95%] Built target lifelong_slam_toolbox
[1.282s] [ 95%] Built target sync_slam_toolbox
[1.321s] [ 96%] Built target async_slam_toolbox_node
[1.322s] [ 98%] Built target localization_slam_toolbox_node
[1.323s] [ 99%] Built target lifelong_slam_toolbox_node
[1.363s] [100%] Built target sync_slam_toolbox_node
[1.372s] Invoked command in '/home/markros2/rosproject/build/slam_toolbox' returned '0': CMAKE_PREFIX_PATH=${CMAKE_PREFIX_PATH}:/home/markros2/rosproject/install/pubsub:/home/markros2/rosproject/install/my_vacuum_cleaner:/home/markros2/rosproject/install/my_robot_slam:/home/markros2/rosproject/install/my_robot_navigation:/home/markros2/ros2/install/vacuum:/opt/ros/foxy /usr/bin/cmake --build /home/markros2/rosproject/build/slam_toolbox -- -j12 -l12
[1.516s] Invoking command in '/home/markros2/rosproject/build/slam_toolbox': CMAKE_PREFIX_PATH=${CMAKE_PREFIX_PATH}:/home/markros2/rosproject/install/pubsub:/home/markros2/rosproject/install/my_vacuum_cleaner:/home/markros2/rosproject/install/my_robot_slam:/home/markros2/rosproject/install/my_robot_navigation:/home/markros2/ros2/install/vacuum:/opt/ros/foxy /usr/bin/cmake --install /home/markros2/rosproject/build/slam_toolbox
[1.525s] -- Install configuration: "Release"
[1.528s] -- Up-to-date: /home/markros2/rosproject/install/slam_toolbox/share/ament_index/resource_index/rosidl_interfaces/slam_toolbox
[1.529s] -- Up-to-date: /home/markros2/rosproject/install/slam_toolbox/include/slam_toolbox
[1.529s] -- Up-to-date: /home/markros2/rosproject/install/slam_toolbox/include/slam_toolbox/msg
[1.530s] -- Up-to-date: /home/markros2/rosproject/install/slam_toolbox/include/slam_toolbox/msg/rosidl_generator_c__visibility_control.h
[1.530s] -- Up-to-date: /home/markros2/rosproject/install/slam_toolbox/include/slam_toolbox/srv
[1.531s] -- Up-to-date: /home/markros2/rosproject/install/slam_toolbox/include/slam_toolbox/srv/add_submap.h
[1.531s] -- Up-to-date: /home/markros2/rosproject/install/slam_toolbox/include/slam_toolbox/srv/toggle_interactive.h
[1.531s] -- Up-to-date: /home/markros2/rosproject/install/slam_toolbox/include/slam_toolbox/srv/loop_closure.h
[1.531s] -- Up-to-date: /home/markros2/rosproject/install/slam_toolbox/include/slam_toolbox/srv/clear_queue.h
[1.531s] -- Up-to-date: /home/markros2/rosproject/install/slam_toolbox/include/slam_toolbox/srv/merge_maps.h
[1.531s] -- Up-to-date: /home/markros2/rosproject/install/slam_toolbox/include/slam_toolbox/srv/detail
[1.532s] -- Up-to-date: /home/markros2/rosproject/install/slam_toolbox/include/slam_toolbox/srv/detail/save_map__struct.h
[1.532s] -- Up-to-date: /home/markros2/rosproject/install/slam_toolbox/include/slam_toolbox/srv/detail/loop_closure__struct.h
[1.532s] -- Up-to-date: /home/markros2/rosproject/install/slam_toolbox/include/slam_toolbox/srv/detail/clear_queue__functions.c
[1.533s] -- Up-to-date: /home/markros2/rosproject/install/slam_toolbox/include/slam_toolbox/srv/detail/serialize_pose_graph__functions.c
[1.533s] -- Up-to-date: /home/markros2/rosproject/install/slam_toolbox/include/slam_toolbox/srv/detail/toggle_interactive__struct.h
[1.533s] -- Up-to-date: /home/markros2/rosproject/install/slam_toolbox/include/slam_toolbox/srv/detail/clear_queue__struct.h
[1.533s] -- Up-to-date: /home/markros2/rosproject/install/slam_toolbox/include/slam_toolbox/srv/detail/toggle_interactive__functions.h
[1.533s] -- Up-to-date: /home/markros2/rosproject/install/slam_toolbox/include/slam_toolbox/srv/detail/loop_closure__type_support.h
[1.533s] -- Up-to-date: /home/markros2/rosproject/install/slam_toolbox/include/slam_toolbox/srv/detail/pause__functions.h
[1.533s] -- Up-to-date: /home/markros2/rosproject/install/slam_toolbox/include/slam_toolbox/srv/detail/merge_maps__struct.h
[1.533s] -- Up-to-date: /home/markros2/rosproject/install/slam_toolbox/include/slam_toolbox/srv/detail/add_submap__type_support.h
[1.533s] -- Up-to-date: /home/markros2/rosproject/install/slam_toolbox/include/slam_toolbox/srv/detail/serialize_pose_graph__functions.h
[1.533s] -- Up-to-date: /home/markros2/rosproject/install/slam_toolbox/include/slam_toolbox/srv/detail/serialize_pose_graph__struct.h
[1.533s] -- Up-to-date: /home/markros2/rosproject/install/slam_toolbox/include/slam_toolbox/srv/detail/save_map__type_support.h
[1.534s] -- Up-to-date: /home/markros2/rosproject/install/slam_toolbox/include/slam_toolbox/srv/detail/deserialize_pose_graph__type_support.h
[1.534s] -- Up-to-date: /home/markros2/rosproject/install/slam_toolbox/include/slam_toolbox/srv/detail/serialize_pose_graph__type_support.h
[1.534s] -- Up-to-date: /home/markros2/rosproject/install/slam_toolbox/include/slam_toolbox/srv/detail/clear_queue__functions.h
[1.534s] -- Up-to-date: /home/markros2/rosproject/install/slam_toolbox/include/slam_toolbox/srv/detail/merge_maps__type_support.h
[1.534s] -- Up-to-date: /home/markros2/rosproject/install/slam_toolbox/include/slam_toolbox/srv/detail/deserialize_pose_graph__struct.h
[1.534s] -- Up-to-date: /home/markros2/rosproject/install/slam_toolbox/include/slam_toolbox/srv/detail/add_submap__struct.h
[1.534s] -- Up-to-date: /home/markros2/rosproject/install/slam_toolbox/include/slam_toolbox/srv/detail/add_submap__functions.c
[1.534s] -- Up-to-date: /home/markros2/rosproject/install/slam_toolbox/include/slam_toolbox/srv/detail/clear__struct.h
[1.534s] -- Up-to-date: /home/markros2/rosproject/install/slam_toolbox/include/slam_toolbox/srv/detail/loop_closure__functions.h
[1.534s] -- Up-to-date: /home/markros2/rosproject/install/slam_toolbox/include/slam_toolbox/srv/detail/clear_queue__type_support.h
[1.534s] -- Up-to-date: /home/markros2/rosproject/install/slam_toolbox/include/slam_toolbox/srv/detail/pause__struct.h
[1.534s] -- Up-to-date: /home/markros2/rosproject/install/slam_toolbox/include/slam_toolbox/srv/detail/merge_maps__functions.c
[1.534s] -- Up-to-date: /home/markros2/rosproject/install/slam_toolbox/include/slam_toolbox/srv/detail/clear__type_support.h
[1.534s] -- Up-to-date: /home/markros2/rosproject/install/slam_toolbox/include/slam_toolbox/srv/detail/clear__functions.h
[1.534s] -- Up-to-date: /home/markros2/rosproject/install/slam_toolbox/include/slam_toolbox/srv/detail/toggle_interactive__functions.c
[1.534s] -- Up-to-date: /home/markros2/rosproject/install/slam_toolbox/include/slam_toolbox/srv/detail/toggle_interactive__type_support.h
[1.535s] -- Up-to-date: /home/markros2/rosproject/install/slam_toolbox/include/slam_toolbox/srv/detail/save_map__functions.h
[1.535s] -- Up-to-date: /home/markros2/rosproject/install/slam_toolbox/include/slam_toolbox/srv/detail/pause__functions.c
[1.535s] -- Up-to-date: /home/markros2/rosproject/install/slam_toolbox/include/slam_toolbox/srv/detail/add_submap__functions.h
[1.535s] -- Up-to-date: /home/markros2/rosproject/install/slam_toolbox/include/slam_toolbox/srv/detail/deserialize_pose_graph__functions.h
[1.535s] -- Up-to-date: /home/markros2/rosproject/install/slam_toolbox/include/slam_toolbox/srv/detail/merge_maps__functions.h
[1.535s] -- Up-to-date: /home/markros2/rosproject/install/slam_toolbox/include/slam_toolbox/srv/detail/loop_closure__functions.c
[1.535s] -- Up-to-date: /home/markros2/rosproject/install/slam_toolbox/include/slam_toolbox/srv/detail/save_map__functions.c
[1.535s] -- Up-to-date: /home/markros2/rosproject/install/slam_toolbox/include/slam_toolbox/srv/detail/pause__type_support.h
[1.535s] -- Up-to-date: /home/markros2/rosproject/install/slam_toolbox/include/slam_toolbox/srv/detail/clear__functions.c
[1.535s] -- Up-to-date: /home/markros2/rosproject/install/slam_toolbox/include/slam_toolbox/srv/detail/deserialize_pose_graph__functions.c
[1.535s] -- Up-to-date: /home/markros2/rosproject/install/slam_toolbox/include/slam_toolbox/srv/save_map.h
[1.535s] -- Up-to-date: /home/markros2/rosproject/install/slam_toolbox/include/slam_toolbox/srv/deserialize_pose_graph.h
[1.535s] -- Up-to-date: /home/markros2/rosproject/install/slam_toolbox/include/slam_toolbox/srv/clear.h
[1.535s] -- Up-to-date: /home/markros2/rosproject/install/slam_toolbox/include/slam_toolbox/srv/serialize_pose_graph.h
[1.535s] -- Up-to-date: /home/markros2/rosproject/install/slam_toolbox/include/slam_toolbox/srv/pause.h
[1.535s] -- Up-to-date: /home/markros2/rosproject/install/slam_toolbox/share/slam_toolbox/environment/library_path.sh
[1.536s] -- Up-to-date: /home/markros2/rosproject/install/slam_toolbox/share/slam_toolbox/environment/library_path.dsv
[1.536s] -- Up-to-date: /home/markros2/rosproject/install/slam_toolbox/lib/libslam_toolbox__rosidl_generator_c.so
[1.536s] -- Up-to-date: /home/markros2/rosproject/install/slam_toolbox/include/slam_toolbox
[1.536s] -- Up-to-date: /home/markros2/rosproject/install/slam_toolbox/include/slam_toolbox/msg
[1.536s] -- Up-to-date: /home/markros2/rosproject/install/slam_toolbox/include/slam_toolbox/msg/rosidl_typesupport_fastrtps_c__visibility_control.h
[1.536s] -- Up-to-date: /home/markros2/rosproject/install/slam_toolbox/include/slam_toolbox/srv
[1.537s] -- Up-to-date: /home/markros2/rosproject/install/slam_toolbox/include/slam_toolbox/srv/detail
[1.537s] -- Up-to-date: /home/markros2/rosproject/install/slam_toolbox/include/slam_toolbox/srv/detail/clear_queue__rosidl_typesupport_fastrtps_c.h
[1.537s] -- Up-to-date: /home/markros2/rosproject/install/slam_toolbox/include/slam_toolbox/srv/detail/deserialize_pose_graph__rosidl_typesupport_fastrtps_c.h
[1.537s] -- Up-to-date: /home/markros2/rosproject/install/slam_toolbox/include/slam_toolbox/srv/detail/clear__rosidl_typesupport_fastrtps_c.h
[1.537s] -- Up-to-date: /home/markros2/rosproject/install/slam_toolbox/include/slam_toolbox/srv/detail/merge_maps__rosidl_typesupport_fastrtps_c.h
[1.537s] -- Up-to-date: /home/markros2/rosproject/install/slam_toolbox/include/slam_toolbox/srv/detail/save_map__rosidl_typesupport_fastrtps_c.h
[1.537s] -- Up-to-date: /home/markros2/rosproject/install/slam_toolbox/include/slam_toolbox/srv/detail/pause__rosidl_typesupport_fastrtps_c.h
[1.537s] -- Up-to-date: /home/markros2/rosproject/install/slam_toolbox/include/slam_toolbox/srv/detail/add_submap__rosidl_typesupport_fastrtps_c.h
[1.537s] -- Up-to-date: /home/markros2/rosproject/install/slam_toolbox/include/slam_toolbox/srv/detail/serialize_pose_graph__rosidl_typesupport_fastrtps_c.h
[1.537s] -- Up-to-date: /home/markros2/rosproject/install/slam_toolbox/include/slam_toolbox/srv/detail/loop_closure__rosidl_typesupport_fastrtps_c.h
[1.537s] -- Up-to-date: /home/markros2/rosproject/install/slam_toolbox/include/slam_toolbox/srv/detail/toggle_interactive__rosidl_typesupport_fastrtps_c.h
[1.539s] -- Up-to-date: /home/markros2/rosproject/install/slam_toolbox/lib/libslam_toolbox__rosidl_typesupport_fastrtps_c.so
[1.539s] -- Up-to-date: /home/markros2/rosproject/install/slam_toolbox/include/slam_toolbox
[1.539s] -- Up-to-date: /home/markros2/rosproject/install/slam_toolbox/include/slam_toolbox/msg
[1.539s] -- Up-to-date: /home/markros2/rosproject/install/slam_toolbox/include/slam_toolbox/msg/rosidl_typesupport_fastrtps_cpp__visibility_control.h
[1.539s] -- Up-to-date: /home/markros2/rosproject/install/slam_toolbox/include/slam_toolbox/srv
[1.539s] -- Up-to-date: /home/markros2/rosproject/install/slam_toolbox/include/slam_toolbox/srv/detail
[1.539s] -- Up-to-date: /home/markros2/rosproject/install/slam_toolbox/include/slam_toolbox/srv/detail/loop_closure__rosidl_typesupport_fastrtps_cpp.hpp
[1.539s] -- Up-to-date: /home/markros2/rosproject/install/slam_toolbox/include/slam_toolbox/srv/detail/clear__rosidl_typesupport_fastrtps_cpp.hpp
[1.539s] -- Up-to-date: /home/markros2/rosproject/install/slam_toolbox/include/slam_toolbox/srv/detail/toggle_interactive__rosidl_typesupport_fastrtps_cpp.hpp
[1.539s] -- Up-to-date: /home/markros2/rosproject/install/slam_toolbox/include/slam_toolbox/srv/detail/pause__rosidl_typesupport_fastrtps_cpp.hpp
[1.539s] -- Up-to-date: /home/markros2/rosproject/install/slam_toolbox/include/slam_toolbox/srv/detail/serialize_pose_graph__rosidl_typesupport_fastrtps_cpp.hpp
[1.540s] -- Up-to-date: /home/markros2/rosproject/install/slam_toolbox/include/slam_toolbox/srv/detail/deserialize_pose_graph__rosidl_typesupport_fastrtps_cpp.hpp
[1.540s] -- Up-to-date: /home/markros2/rosproject/install/slam_toolbox/include/slam_toolbox/srv/detail/dds_fastrtps
[1.540s] -- Up-to-date: /home/markros2/rosproject/install/slam_toolbox/include/slam_toolbox/srv/detail/add_submap__rosidl_typesupport_fastrtps_cpp.hpp
[1.540s] -- Up-to-date: /home/markros2/rosproject/install/slam_toolbox/include/slam_toolbox/srv/detail/save_map__rosidl_typesupport_fastrtps_cpp.hpp
[1.540s] -- Up-to-date: /home/markros2/rosproject/install/slam_toolbox/include/slam_toolbox/srv/detail/merge_maps__rosidl_typesupport_fastrtps_cpp.hpp
[1.540s] -- Up-to-date: /home/markros2/rosproject/install/slam_toolbox/include/slam_toolbox/srv/detail/clear_queue__rosidl_typesupport_fastrtps_cpp.hpp
[1.541s] -- Up-to-date: /home/markros2/rosproject/install/slam_toolbox/lib/libslam_toolbox__rosidl_typesupport_fastrtps_cpp.so
[1.541s] -- Up-to-date: /home/markros2/rosproject/install/slam_toolbox/include/slam_toolbox
[1.542s] -- Up-to-date: /home/markros2/rosproject/install/slam_toolbox/include/slam_toolbox/msg
[1.542s] -- Up-to-date: /home/markros2/rosproject/install/slam_toolbox/include/slam_toolbox/msg/rosidl_typesupport_introspection_c__visibility_control.h
[1.542s] -- Up-to-date: /home/markros2/rosproject/install/slam_toolbox/include/slam_toolbox/srv
[1.542s] -- Up-to-date: /home/markros2/rosproject/install/slam_toolbox/include/slam_toolbox/srv/detail
[1.542s] -- Up-to-date: /home/markros2/rosproject/install/slam_toolbox/include/slam_toolbox/srv/detail/save_map__type_support.c
[1.542s] -- Up-to-date: /home/markros2/rosproject/install/slam_toolbox/include/slam_toolbox/srv/detail/pause__rosidl_typesupport_introspection_c.h
[1.542s] -- Up-to-date: /home/markros2/rosproject/install/slam_toolbox/include/slam_toolbox/srv/detail/add_submap__type_support.c
[1.542s] -- Up-to-date: /home/markros2/rosproject/install/slam_toolbox/include/slam_toolbox/srv/detail/serialize_pose_graph__type_support.c
[1.542s] -- Up-to-date: /home/markros2/rosproject/install/slam_toolbox/include/slam_toolbox/srv/detail/toggle_interactive__rosidl_typesupport_introspection_c.h
[1.542s] -- Up-to-date: /home/markros2/rosproject/install/slam_toolbox/include/slam_toolbox/srv/detail/clear__rosidl_typesupport_introspection_c.h
[1.542s] -- Up-to-date: /home/markros2/rosproject/install/slam_toolbox/include/slam_toolbox/srv/detail/clear_queue__rosidl_typesupport_introspection_c.h
[1.542s] -- Up-to-date: /home/markros2/rosproject/install/slam_toolbox/include/slam_toolbox/srv/detail/serialize_pose_graph__rosidl_typesupport_introspection_c.h
[1.542s] -- Up-to-date: /home/markros2/rosproject/install/slam_toolbox/include/slam_toolbox/srv/detail/toggle_interactive__type_support.c
[1.542s] -- Up-to-date: /home/markros2/rosproject/install/slam_toolbox/include/slam_toolbox/srv/detail/loop_closure__type_support.c
[1.542s] -- Up-to-date: /home/markros2/rosproject/install/slam_toolbox/include/slam_toolbox/srv/detail/deserialize_pose_graph__type_support.c
[1.543s] -- Up-to-date: /home/markros2/rosproject/install/slam_toolbox/include/slam_toolbox/srv/detail/deserialize_pose_graph__rosidl_typesupport_introspection_c.h
[1.543s] -- Up-to-date: /home/markros2/rosproject/install/slam_toolbox/include/slam_toolbox/srv/detail/clear_queue__type_support.c
[1.543s] -- Up-to-date: /home/markros2/rosproject/install/slam_toolbox/include/slam_toolbox/srv/detail/merge_maps__rosidl_typesupport_introspection_c.h
[1.543s] -- Up-to-date: /home/markros2/rosproject/install/slam_toolbox/include/slam_toolbox/srv/detail/merge_maps__type_support.c
[1.543s] -- Up-to-date: /home/markros2/rosproject/install/slam_toolbox/include/slam_toolbox/srv/detail/save_map__rosidl_typesupport_introspection_c.h
[1.543s] -- Up-to-date: /home/markros2/rosproject/install/slam_toolbox/include/slam_toolbox/srv/detail/loop_closure__rosidl_typesupport_introspection_c.h
[1.543s] -- Up-to-date: /home/markros2/rosproject/install/slam_toolbox/include/slam_toolbox/srv/detail/clear__type_support.c
[1.543s] -- Up-to-date: /home/markros2/rosproject/install/slam_toolbox/include/slam_toolbox/srv/detail/add_submap__rosidl_typesupport_introspection_c.h
[1.543s] -- Up-to-date: /home/markros2/rosproject/install/slam_toolbox/include/slam_toolbox/srv/detail/pause__type_support.c
[1.544s] -- Up-to-date: /home/markros2/rosproject/install/slam_toolbox/lib/libslam_toolbox__rosidl_typesupport_introspection_c.so
[1.546s] -- Up-to-date: /home/markros2/rosproject/install/slam_toolbox/lib/libslam_toolbox__rosidl_typesupport_c.so
[1.546s] -- Up-to-date: /home/markros2/rosproject/install/slam_toolbox/include/slam_toolbox
[1.547s] -- Up-to-date: /home/markros2/rosproject/install/slam_toolbox/include/slam_toolbox/srv
[1.547s] -- Up-to-date: /home/markros2/rosproject/install/slam_toolbox/include/slam_toolbox/srv/save_map.hpp
[1.547s] -- Up-to-date: /home/markros2/rosproject/install/slam_toolbox/include/slam_toolbox/srv/serialize_pose_graph.hpp
[1.547s] -- Up-to-date: /home/markros2/rosproject/install/slam_toolbox/include/slam_toolbox/srv/pause.hpp
[1.547s] -- Up-to-date: /home/markros2/rosproject/install/slam_toolbox/include/slam_toolbox/srv/toggle_interactive.hpp
[1.547s] -- Up-to-date: /home/markros2/rosproject/install/slam_toolbox/include/slam_toolbox/srv/loop_closure.hpp
[1.548s] -- Up-to-date: /home/markros2/rosproject/install/slam_toolbox/include/slam_toolbox/srv/clear_queue.hpp
[1.548s] -- Up-to-date: /home/markros2/rosproject/install/slam_toolbox/include/slam_toolbox/srv/clear.hpp
[1.548s] -- Up-to-date: /home/markros2/rosproject/install/slam_toolbox/include/slam_toolbox/srv/detail
[1.548s] -- Up-to-date: /home/markros2/rosproject/install/slam_toolbox/include/slam_toolbox/srv/detail/loop_closure__traits.hpp
[1.548s] -- Up-to-date: /home/markros2/rosproject/install/slam_toolbox/include/slam_toolbox/srv/detail/save_map__struct.hpp
[1.548s] -- Up-to-date: /home/markros2/rosproject/install/slam_toolbox/include/slam_toolbox/srv/detail/deserialize_pose_graph__struct.hpp
[1.548s] -- Up-to-date: /home/markros2/rosproject/install/slam_toolbox/include/slam_toolbox/srv/detail/serialize_pose_graph__builder.hpp
[1.548s] -- Up-to-date: /home/markros2/rosproject/install/slam_toolbox/include/slam_toolbox/srv/detail/clear__builder.hpp
[1.548s] -- Up-to-date: /home/markros2/rosproject/install/slam_toolbox/include/slam_toolbox/srv/detail/merge_maps__builder.hpp
[1.548s] -- Up-to-date: /home/markros2/rosproject/install/slam_toolbox/include/slam_toolbox/srv/detail/merge_maps__struct.hpp
[1.548s] -- Up-to-date: /home/markros2/rosproject/install/slam_toolbox/include/slam_toolbox/srv/detail/toggle_interactive__traits.hpp
[1.548s] -- Up-to-date: /home/markros2/rosproject/install/slam_toolbox/include/slam_toolbox/srv/detail/add_submap__traits.hpp
[1.548s] -- Up-to-date: /home/markros2/rosproject/install/slam_toolbox/include/slam_toolbox/srv/detail/serialize_pose_graph__traits.hpp
[1.548s] -- Up-to-date: /home/markros2/rosproject/install/slam_toolbox/include/slam_toolbox/srv/detail/deserialize_pose_graph__traits.hpp
[1.548s] -- Up-to-date: /home/markros2/rosproject/install/slam_toolbox/include/slam_toolbox/srv/detail/toggle_interactive__struct.hpp
[1.548s] -- Up-to-date: /home/markros2/rosproject/install/slam_toolbox/include/slam_toolbox/srv/detail/serialize_pose_graph__struct.hpp
[1.549s] -- Up-to-date: /home/markros2/rosproject/install/slam_toolbox/include/slam_toolbox/srv/detail/add_submap__builder.hpp
[1.549s] -- Up-to-date: /home/markros2/rosproject/install/slam_toolbox/include/slam_toolbox/srv/detail/toggle_interactive__builder.hpp
[1.549s] -- Up-to-date: /home/markros2/rosproject/install/slam_toolbox/include/slam_toolbox/srv/detail/pause__traits.hpp
[1.549s] -- Up-to-date: /home/markros2/rosproject/install/slam_toolbox/include/slam_toolbox/srv/detail/merge_maps__traits.hpp
[1.549s] -- Up-to-date: /home/markros2/rosproject/install/slam_toolbox/include/slam_toolbox/srv/detail/add_submap__struct.hpp
[1.549s] -- Up-to-date: /home/markros2/rosproject/install/slam_toolbox/include/slam_toolbox/srv/detail/clear__traits.hpp
[1.549s] -- Up-to-date: /home/markros2/rosproject/install/slam_toolbox/include/slam_toolbox/srv/detail/clear_queue__traits.hpp
[1.549s] -- Up-to-date: /home/markros2/rosproject/install/slam_toolbox/include/slam_toolbox/srv/detail/save_map__traits.hpp
[1.549s] -- Up-to-date: /home/markros2/rosproject/install/slam_toolbox/include/slam_toolbox/srv/detail/clear_queue__builder.hpp
[1.549s] -- Up-to-date: /home/markros2/rosproject/install/slam_toolbox/include/slam_toolbox/srv/detail/deserialize_pose_graph__builder.hpp
[1.549s] -- Up-to-date: /home/markros2/rosproject/install/slam_toolbox/include/slam_toolbox/srv/detail/pause__builder.hpp
[1.549s] -- Up-to-date: /home/markros2/rosproject/install/slam_toolbox/include/slam_toolbox/srv/detail/clear__struct.hpp
[1.549s] -- Up-to-date: /home/markros2/rosproject/install/slam_toolbox/include/slam_toolbox/srv/detail/pause__struct.hpp
[1.549s] -- Up-to-date: /home/markros2/rosproject/install/slam_toolbox/include/slam_toolbox/srv/detail/save_map__builder.hpp
[1.549s] -- Up-to-date: /home/markros2/rosproject/install/slam_toolbox/include/slam_toolbox/srv/detail/loop_closure__builder.hpp
[1.549s] -- Up-to-date: /home/markros2/rosproject/install/slam_toolbox/include/slam_toolbox/srv/detail/loop_closure__struct.hpp
[1.550s] -- Up-to-date: /home/markros2/rosproject/install/slam_toolbox/include/slam_toolbox/srv/detail/clear_queue__struct.hpp
[1.550s] -- Up-to-date: /home/markros2/rosproject/install/slam_toolbox/include/slam_toolbox/srv/merge_maps.hpp
[1.550s] -- Up-to-date: /home/markros2/rosproject/install/slam_toolbox/include/slam_toolbox/srv/deserialize_pose_graph.hpp
[1.550s] -- Up-to-date: /home/markros2/rosproject/install/slam_toolbox/include/slam_toolbox/srv/add_submap.hpp
[1.550s] -- Up-to-date: /home/markros2/rosproject/install/slam_toolbox/include/slam_toolbox
[1.550s] -- Up-to-date: /home/markros2/rosproject/install/slam_toolbox/include/slam_toolbox/srv
[1.550s] -- Up-to-date: /home/markros2/rosproject/install/slam_toolbox/include/slam_toolbox/srv/detail
[1.550s] -- Up-to-date: /home/markros2/rosproject/install/slam_toolbox/include/slam_toolbox/srv/detail/save_map__type_support.cpp
[1.550s] -- Up-to-date: /home/markros2/rosproject/install/slam_toolbox/include/slam_toolbox/srv/detail/toggle_interactive__type_support.cpp
[1.550s] -- Up-to-date: /home/markros2/rosproject/install/slam_toolbox/include/slam_toolbox/srv/detail/deserialize_pose_graph__rosidl_typesupport_introspection_cpp.hpp
[1.550s] -- Up-to-date: /home/markros2/rosproject/install/slam_toolbox/include/slam_toolbox/srv/detail/pause__type_support.cpp
[1.550s] -- Up-to-date: /home/markros2/rosproject/install/slam_toolbox/include/slam_toolbox/srv/detail/add_submap__rosidl_typesupport_introspection_cpp.hpp
[1.550s] -- Up-to-date: /home/markros2/rosproject/install/slam_toolbox/include/slam_toolbox/srv/detail/merge_maps__rosidl_typesupport_introspection_cpp.hpp
[1.550s] -- Up-to-date: /home/markros2/rosproject/install/slam_toolbox/include/slam_toolbox/srv/detail/deserialize_pose_graph__type_support.cpp
[1.550s] -- Up-to-date: /home/markros2/rosproject/install/slam_toolbox/include/slam_toolbox/srv/detail/save_map__rosidl_typesupport_introspection_cpp.hpp
[1.550s] -- Up-to-date: /home/markros2/rosproject/install/slam_toolbox/include/slam_toolbox/srv/detail/clear_queue__rosidl_typesupport_introspection_cpp.hpp
[1.551s] -- Up-to-date: /home/markros2/rosproject/install/slam_toolbox/include/slam_toolbox/srv/detail/serialize_pose_graph__type_support.cpp
[1.551s] -- Up-to-date: /home/markros2/rosproject/install/slam_toolbox/include/slam_toolbox/srv/detail/merge_maps__type_support.cpp
[1.551s] -- Up-to-date: /home/markros2/rosproject/install/slam_toolbox/include/slam_toolbox/srv/detail/clear__rosidl_typesupport_introspection_cpp.hpp
[1.551s] -- Up-to-date: /home/markros2/rosproject/install/slam_toolbox/include/slam_toolbox/srv/detail/serialize_pose_graph__rosidl_typesupport_introspection_cpp.hpp
[1.551s] -- Up-to-date: /home/markros2/rosproject/install/slam_toolbox/include/slam_toolbox/srv/detail/toggle_interactive__rosidl_typesupport_introspection_cpp.hpp
[1.551s] -- Up-to-date: /home/markros2/rosproject/install/slam_toolbox/include/slam_toolbox/srv/detail/pause__rosidl_typesupport_introspection_cpp.hpp
[1.551s] -- Up-to-date: /home/markros2/rosproject/install/slam_toolbox/include/slam_toolbox/srv/detail/add_submap__type_support.cpp
[1.551s] -- Up-to-date: /home/markros2/rosproject/install/slam_toolbox/include/slam_toolbox/srv/detail/loop_closure__type_support.cpp
[1.551s] -- Up-to-date: /home/markros2/rosproject/install/slam_toolbox/include/slam_toolbox/srv/detail/loop_closure__rosidl_typesupport_introspection_cpp.hpp
[1.551s] -- Up-to-date: /home/markros2/rosproject/install/slam_toolbox/include/slam_toolbox/srv/detail/clear_queue__type_support.cpp
[1.551s] -- Up-to-date: /home/markros2/rosproject/install/slam_toolbox/include/slam_toolbox/srv/detail/clear__type_support.cpp
[1.551s] -- Up-to-date: /home/markros2/rosproject/install/slam_toolbox/lib/libslam_toolbox__rosidl_typesupport_introspection_cpp.so
[1.552s] -- Up-to-date: /home/markros2/rosproject/install/slam_toolbox/lib/libslam_toolbox__rosidl_typesupport_cpp.so
[1.552s] -- Up-to-date: /home/markros2/rosproject/install/slam_toolbox/share/slam_toolbox/environment/pythonpath.sh
[1.552s] -- Up-to-date: /home/markros2/rosproject/install/slam_toolbox/share/slam_toolbox/environment/pythonpath.dsv
[1.553s] -- Up-to-date: /home/markros2/rosproject/install/slam_toolbox/lib/python3.8/site-packages/slam_toolbox/__init__.py
[1.586s] -- Up-to-date: /home/markros2/rosproject/install/slam_toolbox/lib/python3.8/site-packages/slam_toolbox/srv
[1.587s] -- Up-to-date: /home/markros2/rosproject/install/slam_toolbox/lib/python3.8/site-packages/slam_toolbox/srv/_toggle_interactive_s.c
[1.587s] -- Up-to-date: /home/markros2/rosproject/install/slam_toolbox/lib/python3.8/site-packages/slam_toolbox/srv/_save_map.py
[1.587s] -- Up-to-date: /home/markros2/rosproject/install/slam_toolbox/lib/python3.8/site-packages/slam_toolbox/srv/_serialize_pose_graph_s.c
[1.587s] -- Up-to-date: /home/markros2/rosproject/install/slam_toolbox/lib/python3.8/site-packages/slam_toolbox/srv/_deserialize_pose_graph_s.c
[1.587s] -- Up-to-date: /home/markros2/rosproject/install/slam_toolbox/lib/python3.8/site-packages/slam_toolbox/srv/_toggle_interactive.py
[1.587s] -- Up-to-date: /home/markros2/rosproject/install/slam_toolbox/lib/python3.8/site-packages/slam_toolbox/srv/_pause.py
[1.588s] -- Up-to-date: /home/markros2/rosproject/install/slam_toolbox/lib/python3.8/site-packages/slam_toolbox/srv/_deserialize_pose_graph.py
[1.588s] -- Up-to-date: /home/markros2/rosproject/install/slam_toolbox/lib/python3.8/site-packages/slam_toolbox/srv/_loop_closure_s.c
[1.588s] -- Up-to-date: /home/markros2/rosproject/install/slam_toolbox/lib/python3.8/site-packages/slam_toolbox/srv/_pause_s.c
[1.588s] -- Up-to-date: /home/markros2/rosproject/install/slam_toolbox/lib/python3.8/site-packages/slam_toolbox/srv/_clear.py
[1.588s] -- Up-to-date: /home/markros2/rosproject/install/slam_toolbox/lib/python3.8/site-packages/slam_toolbox/srv/_merge_maps_s.c
[1.588s] -- Up-to-date: /home/markros2/rosproject/install/slam_toolbox/lib/python3.8/site-packages/slam_toolbox/srv/_add_submap.py
[1.588s] -- Up-to-date: /home/markros2/rosproject/install/slam_toolbox/lib/python3.8/site-packages/slam_toolbox/srv/_merge_maps.py
[1.588s] -- Up-to-date: /home/markros2/rosproject/install/slam_toolbox/lib/python3.8/site-packages/slam_toolbox/srv/_serialize_pose_graph.py
[1.588s] -- Up-to-date: /home/markros2/rosproject/install/slam_toolbox/lib/python3.8/site-packages/slam_toolbox/srv/_clear_queue_s.c
[1.588s] -- Up-to-date: /home/markros2/rosproject/install/slam_toolbox/lib/python3.8/site-packages/slam_toolbox/srv/_loop_closure.py
[1.588s] -- Up-to-date: /home/markros2/rosproject/install/slam_toolbox/lib/python3.8/site-packages/slam_toolbox/srv/_clear_s.c
[1.588s] -- Up-to-date: /home/markros2/rosproject/install/slam_toolbox/lib/python3.8/site-packages/slam_toolbox/srv/__init__.py
[1.588s] -- Up-to-date: /home/markros2/rosproject/install/slam_toolbox/lib/python3.8/site-packages/slam_toolbox/srv/_clear_queue.py
[1.588s] -- Up-to-date: /home/markros2/rosproject/install/slam_toolbox/lib/python3.8/site-packages/slam_toolbox/srv/_save_map_s.c
[1.588s] -- Up-to-date: /home/markros2/rosproject/install/slam_toolbox/lib/python3.8/site-packages/slam_toolbox/srv/_add_submap_s.c
[1.590s] -- Up-to-date: /home/markros2/rosproject/install/slam_toolbox/lib/python3.8/site-packages/slam_toolbox/slam_toolbox_s__rosidl_typesupport_fastrtps_c.cpython-38-x86_64-linux-gnu.so
[1.592s] -- Up-to-date: /home/markros2/rosproject/install/slam_toolbox/lib/python3.8/site-packages/slam_toolbox/slam_toolbox_s__rosidl_typesupport_introspection_c.cpython-38-x86_64-linux-gnu.so
[1.594s] -- Up-to-date: /home/markros2/rosproject/install/slam_toolbox/lib/python3.8/site-packages/slam_toolbox/slam_toolbox_s__rosidl_typesupport_c.cpython-38-x86_64-linux-gnu.so
[1.596s] -- Up-to-date: /home/markros2/rosproject/install/slam_toolbox/lib/libslam_toolbox__python.so
[1.597s] -- Up-to-date: /home/markros2/rosproject/install/slam_toolbox/share/slam_toolbox/srv/Pause.idl
[1.597s] -- Up-to-date: /home/markros2/rosproject/install/slam_toolbox/share/slam_toolbox/srv/ClearQueue.idl
[1.597s] -- Up-to-date: /home/markros2/rosproject/install/slam_toolbox/share/slam_toolbox/srv/ToggleInteractive.idl
[1.597s] -- Up-to-date: /home/markros2/rosproject/install/slam_toolbox/share/slam_toolbox/srv/Clear.idl
[1.597s] -- Up-to-date: /home/markros2/rosproject/install/slam_toolbox/share/slam_toolbox/srv/SaveMap.idl
[1.598s] -- Up-to-date: /home/markros2/rosproject/install/slam_toolbox/share/slam_toolbox/srv/LoopClosure.idl
[1.598s] -- Up-to-date: /home/markros2/rosproject/install/slam_toolbox/share/slam_toolbox/srv/MergeMaps.idl
[1.598s] -- Up-to-date: /home/markros2/rosproject/install/slam_toolbox/share/slam_toolbox/srv/AddSubmap.idl
[1.598s] -- Up-to-date: /home/markros2/rosproject/install/slam_toolbox/share/slam_toolbox/srv/DeserializePoseGraph.idl
[1.598s] -- Up-to-date: /home/markros2/rosproject/install/slam_toolbox/share/slam_toolbox/srv/SerializePoseGraph.idl
[1.598s] -- Up-to-date: /home/markros2/rosproject/install/slam_toolbox/share/slam_toolbox/srvs/Pause.srv
[1.598s] -- Up-to-date: /home/markros2/rosproject/install/slam_toolbox/share/slam_toolbox/srvs/Pause_Request.msg
[1.599s] -- Up-to-date: /home/markros2/rosproject/install/slam_toolbox/share/slam_toolbox/srvs/Pause_Response.msg
[1.599s] -- Up-to-date: /home/markros2/rosproject/install/slam_toolbox/share/slam_toolbox/srvs/ClearQueue.srv
[1.599s] -- Up-to-date: /home/markros2/rosproject/install/slam_toolbox/share/slam_toolbox/srvs/ClearQueue_Request.msg
[1.599s] -- Up-to-date: /home/markros2/rosproject/install/slam_toolbox/share/slam_toolbox/srvs/ClearQueue_Response.msg
[1.599s] -- Up-to-date: /home/markros2/rosproject/install/slam_toolbox/share/slam_toolbox/srvs/ToggleInteractive.srv
[1.599s] -- Up-to-date: /home/markros2/rosproject/install/slam_toolbox/share/slam_toolbox/srvs/ToggleInteractive_Request.msg
[1.599s] -- Up-to-date: /home/markros2/rosproject/install/slam_toolbox/share/slam_toolbox/srvs/ToggleInteractive_Response.msg
[1.599s] -- Up-to-date: /home/markros2/rosproject/install/slam_toolbox/share/slam_toolbox/srvs/Clear.srv
[1.600s] -- Up-to-date: /home/markros2/rosproject/install/slam_toolbox/share/slam_toolbox/srvs/Clear_Request.msg
[1.600s] -- Up-to-date: /home/markros2/rosproject/install/slam_toolbox/share/slam_toolbox/srvs/Clear_Response.msg
[1.600s] -- Up-to-date: /home/markros2/rosproject/install/slam_toolbox/share/slam_toolbox/srvs/SaveMap.srv
[1.600s] -- Up-to-date: /home/markros2/rosproject/install/slam_toolbox/share/slam_toolbox/srvs/SaveMap_Request.msg
[1.600s] -- Up-to-date: /home/markros2/rosproject/install/slam_toolbox/share/slam_toolbox/srvs/SaveMap_Response.msg
[1.600s] -- Up-to-date: /home/markros2/rosproject/install/slam_toolbox/share/slam_toolbox/srvs/LoopClosure.srv
[1.600s] -- Up-to-date: /home/markros2/rosproject/install/slam_toolbox/share/slam_toolbox/srvs/LoopClosure_Request.msg
[1.600s] -- Up-to-date: /home/markros2/rosproject/install/slam_toolbox/share/slam_toolbox/srvs/LoopClosure_Response.msg
[1.600s] -- Up-to-date: /home/markros2/rosproject/install/slam_toolbox/share/slam_toolbox/srvs/MergeMaps.srv
[1.600s] -- Up-to-date: /home/markros2/rosproject/install/slam_toolbox/share/slam_toolbox/srvs/MergeMaps_Request.msg
[1.600s] -- Up-to-date: /home/markros2/rosproject/install/slam_toolbox/share/slam_toolbox/srvs/MergeMaps_Response.msg
[1.600s] -- Up-to-date: /home/markros2/rosproject/install/slam_toolbox/share/slam_toolbox/srvs/AddSubmap.srv
[1.600s] -- Up-to-date: /home/markros2/rosproject/install/slam_toolbox/share/slam_toolbox/srvs/AddSubmap_Request.msg
[1.600s] -- Up-to-date: /home/markros2/rosproject/install/slam_toolbox/share/slam_toolbox/srvs/AddSubmap_Response.msg
[1.600s] -- Up-to-date: /home/markros2/rosproject/install/slam_toolbox/share/slam_toolbox/srvs/DeserializePoseGraph.srv
[1.600s] -- Up-to-date: /home/markros2/rosproject/install/slam_toolbox/share/slam_toolbox/srvs/DeserializePoseGraph_Request.msg
[1.601s] -- Up-to-date: /home/markros2/rosproject/install/slam_toolbox/share/slam_toolbox/srvs/DeserializePoseGraph_Response.msg
[1.601s] -- Up-to-date: /home/markros2/rosproject/install/slam_toolbox/share/slam_toolbox/srvs/SerializePoseGraph.srv
[1.601s] -- Up-to-date: /home/markros2/rosproject/install/slam_toolbox/share/slam_toolbox/srvs/SerializePoseGraph_Request.msg
[1.601s] -- Up-to-date: /home/markros2/rosproject/install/slam_toolbox/share/slam_toolbox/srvs/SerializePoseGraph_Response.msg
[1.601s] -- Up-to-date: /home/markros2/rosproject/install/slam_toolbox/share/slam_toolbox/rviz_plugins.xml
[1.601s] -- Up-to-date: /home/markros2/rosproject/install/slam_toolbox/share/slam_toolbox/solver_plugins.xml
[1.602s] -- Up-to-date: /home/markros2/rosproject/install/slam_toolbox/lib/slam_toolbox/async_slam_toolbox_node
[1.605s] -- Up-to-date: /home/markros2/rosproject/install/slam_toolbox/lib/slam_toolbox/sync_slam_toolbox_node
[1.607s] -- Up-to-date: /home/markros2/rosproject/install/slam_toolbox/lib/slam_toolbox/localization_slam_toolbox_node
[1.609s] -- Up-to-date: /home/markros2/rosproject/install/slam_toolbox/lib/slam_toolbox/lifelong_slam_toolbox_node
[1.612s] -- Up-to-date: /home/markros2/rosproject/install/slam_toolbox/lib/slam_toolbox/merge_maps_kinematic
[1.614s] -- Up-to-date: /home/markros2/rosproject/install/slam_toolbox/lib/libtoolbox_common.so
[1.616s] -- Up-to-date: /home/markros2/rosproject/install/slam_toolbox/lib/libSlamToolboxPlugin.so
[1.619s] -- Up-to-date: /home/markros2/rosproject/install/slam_toolbox/lib/libceres_solver_plugin.so
[1.621s] -- Up-to-date: /home/markros2/rosproject/install/slam_toolbox/lib/libasync_slam_toolbox.so
[1.623s] -- Up-to-date: /home/markros2/rosproject/install/slam_toolbox/lib/libsync_slam_toolbox.so
[1.625s] -- Up-to-date: /home/markros2/rosproject/install/slam_toolbox/lib/liblocalization_slam_toolbox.so
[1.627s] -- Up-to-date: /home/markros2/rosproject/install/slam_toolbox/lib/liblifelong_slam_toolbox.so
[1.628s] -- Up-to-date: /home/markros2/rosproject/install/slam_toolbox/lib/libSlamToolboxPlugin.so
[1.628s] -- Up-to-date: /home/markros2/rosproject/install/slam_toolbox/include
[1.628s] -- Up-to-date: /home/markros2/rosproject/install/slam_toolbox/include/slam_toolbox
[1.628s] -- Up-to-date: /home/markros2/rosproject/install/slam_toolbox/include/slam_toolbox/slam_toolbox_async.hpp
[1.628s] -- Up-to-date: /home/markros2/rosproject/install/slam_toolbox/include/slam_toolbox/map_saver.hpp
[1.628s] -- Up-to-date: /home/markros2/rosproject/install/slam_toolbox/include/slam_toolbox/slam_toolbox_sync.hpp
[1.628s] -- Up-to-date: /home/markros2/rosproject/install/slam_toolbox/include/slam_toolbox/merge_maps_kinematic.hpp
[1.628s] -- Up-to-date: /home/markros2/rosproject/install/slam_toolbox/include/slam_toolbox/slam_toolbox_localization.hpp
[1.628s] -- Up-to-date: /home/markros2/rosproject/install/slam_toolbox/include/slam_toolbox/snap_utils.hpp
[1.628s] -- Up-to-date: /home/markros2/rosproject/install/slam_toolbox/include/slam_toolbox/laser_utils.hpp
[1.629s] -- Up-to-date: /home/markros2/rosproject/install/slam_toolbox/include/slam_toolbox/slam_toolbox_common.hpp
[1.629s] -- Up-to-date: /home/markros2/rosproject/install/slam_toolbox/include/slam_toolbox/serialization.hpp
[1.629s] -- Up-to-date: /home/markros2/rosproject/install/slam_toolbox/include/slam_toolbox/toolbox_types.hpp
[1.629s] -- Up-to-date: /home/markros2/rosproject/install/slam_toolbox/include/slam_toolbox/get_pose_helper.hpp
[1.629s] -- Up-to-date: /home/markros2/rosproject/install/slam_toolbox/include/slam_toolbox/toolbox_msgs.hpp
[1.629s] -- Up-to-date: /home/markros2/rosproject/install/slam_toolbox/include/slam_toolbox/visualization_utils.hpp
[1.629s] -- Up-to-date: /home/markros2/rosproject/install/slam_toolbox/include/slam_toolbox/experimental
[1.629s] -- Up-to-date: /home/markros2/rosproject/install/slam_toolbox/include/slam_toolbox/experimental/slam_toolbox_lifelong.hpp
[1.629s] -- Up-to-date: /home/markros2/rosproject/install/slam_toolbox/include/slam_toolbox/slam_mapper.hpp
[1.629s] -- Up-to-date: /home/markros2/rosproject/install/slam_toolbox/include/slam_toolbox/loop_closure_assistant.hpp
[1.629s] -- Up-to-date: /home/markros2/rosproject/install/slam_toolbox/share/slam_toolbox/launch
[1.630s] -- Up-to-date: /home/markros2/rosproject/install/slam_toolbox/share/slam_toolbox/launch/lifelong_launch.py
[1.631s] -- Up-to-date: /home/markros2/rosproject/install/slam_toolbox/share/slam_toolbox/launch/localization_launch.py
[1.631s] -- Up-to-date: /home/markros2/rosproject/install/slam_toolbox/share/slam_toolbox/launch/online_async_launch.py
[1.631s] -- Up-to-date: /home/markros2/rosproject/install/slam_toolbox/share/slam_toolbox/launch/online_sync_launch.py
[1.631s] -- Up-to-date: /home/markros2/rosproject/install/slam_toolbox/share/slam_toolbox/launch/merge_maps_kinematic_launch.py
[1.631s] -- Up-to-date: /home/markros2/rosproject/install/slam_toolbox/share/slam_toolbox/launch/offline_launch.py
[1.631s] -- Up-to-date: /home/markros2/rosproject/install/slam_toolbox/share/slam_toolbox/config
[1.632s] -- Up-to-date: /home/markros2/rosproject/install/slam_toolbox/share/slam_toolbox/config/mapper_params_localization.yaml
[1.632s] -- Up-to-date: /home/markros2/rosproject/install/slam_toolbox/share/slam_toolbox/config/mapper_params_online_async.yaml
[1.632s] -- Up-to-date: /home/markros2/rosproject/install/slam_toolbox/share/slam_toolbox/config/mapper_params_online_sync.yaml
[1.632s] -- Up-to-date: /home/markros2/rosproject/install/slam_toolbox/share/slam_toolbox/config/mapper_params_lifelong.yaml
[1.632s] -- Up-to-date: /home/markros2/rosproject/install/slam_toolbox/share/slam_toolbox/config/mapper_params_offline.yaml
[1.632s] -- Up-to-date: /home/markros2/rosproject/install/slam_toolbox/share/slam_toolbox/config/slam_toolbox_default.rviz
[1.632s] -- Up-to-date: /home/markros2/rosproject/install/slam_toolbox/share/solver_plugins.xml
[1.633s] -- Up-to-date: /home/markros2/rosproject/install/slam_toolbox/share/rviz_plugins.xml
[1.633s] -- Up-to-date: /home/markros2/rosproject/install/slam_toolbox/share/ament_index/resource_index/package_run_dependencies/slam_toolbox
[1.634s] -- Up-to-date: /home/markros2/rosproject/install/slam_toolbox/share/ament_index/resource_index/parent_prefix_path/slam_toolbox
[1.634s] -- Up-to-date: /home/markros2/rosproject/install/slam_toolbox/share/slam_toolbox/environment/ament_prefix_path.sh
[1.634s] -- Up-to-date: /home/markros2/rosproject/install/slam_toolbox/share/slam_toolbox/environment/ament_prefix_path.dsv
[1.634s] -- Up-to-date: /home/markros2/rosproject/install/slam_toolbox/share/slam_toolbox/environment/path.sh
[1.634s] -- Up-to-date: /home/markros2/rosproject/install/slam_toolbox/share/slam_toolbox/environment/path.dsv
[1.634s] -- Up-to-date: /home/markros2/rosproject/install/slam_toolbox/share/slam_toolbox/local_setup.bash
[1.634s] -- Up-to-date: /home/markros2/rosproject/install/slam_toolbox/share/slam_toolbox/local_setup.sh
[1.634s] -- Up-to-date: /home/markros2/rosproject/install/slam_toolbox/share/slam_toolbox/local_setup.zsh
[1.634s] -- Up-to-date: /home/markros2/rosproject/install/slam_toolbox/share/slam_toolbox/local_setup.dsv
[1.634s] -- Installing: /home/markros2/rosproject/install/slam_toolbox/share/slam_toolbox/package.dsv
[1.636s] -- Up-to-date: /home/markros2/rosproject/install/slam_toolbox/share/ament_index/resource_index/packages/slam_toolbox
[1.637s] -- Up-to-date: /home/markros2/rosproject/install/slam_toolbox/share/ament_index/resource_index/rviz_common__pluginlib__plugin/slam_toolbox
[1.637s] -- Up-to-date: /home/markros2/rosproject/install/slam_toolbox/share/ament_index/resource_index/slam_toolbox__pluginlib__plugin/slam_toolbox
[1.642s] -- Up-to-date: /home/markros2/rosproject/install/slam_toolbox/share/slam_toolbox/cmake/slam_toolbox__rosidl_generator_cExport.cmake
[1.642s] -- Up-to-date: /home/markros2/rosproject/install/slam_toolbox/share/slam_toolbox/cmake/slam_toolbox__rosidl_generator_cExport-release.cmake
[1.644s] -- Up-to-date: /home/markros2/rosproject/install/slam_toolbox/share/slam_toolbox/cmake/slam_toolbox__rosidl_typesupport_introspection_cExport.cmake
[1.644s] -- Up-to-date: /home/markros2/rosproject/install/slam_toolbox/share/slam_toolbox/cmake/slam_toolbox__rosidl_typesupport_introspection_cExport-release.cmake
[1.646s] -- Up-to-date: /home/markros2/rosproject/install/slam_toolbox/share/slam_toolbox/cmake/slam_toolbox__rosidl_typesupport_cExport.cmake
[1.646s] -- Up-to-date: /home/markros2/rosproject/install/slam_toolbox/share/slam_toolbox/cmake/slam_toolbox__rosidl_typesupport_cExport-release.cmake
[1.647s] -- Up-to-date: /home/markros2/rosproject/install/slam_toolbox/share/slam_toolbox/cmake/slam_toolbox__rosidl_generator_cppExport.cmake
[1.649s] -- Up-to-date: /home/markros2/rosproject/install/slam_toolbox/share/slam_toolbox/cmake/slam_toolbox__rosidl_typesupport_introspection_cppExport.cmake
[1.649s] -- Up-to-date: /home/markros2/rosproject/install/slam_toolbox/share/slam_toolbox/cmake/slam_toolbox__rosidl_typesupport_introspection_cppExport-release.cmake
[1.650s] -- Up-to-date: /home/markros2/rosproject/install/slam_toolbox/share/slam_toolbox/cmake/slam_toolbox__rosidl_typesupport_cppExport.cmake
[1.650s] -- Up-to-date: /home/markros2/rosproject/install/slam_toolbox/share/slam_toolbox/cmake/slam_toolbox__rosidl_typesupport_cppExport-release.cmake
[1.652s] -- Up-to-date: /home/markros2/rosproject/install/slam_toolbox/share/slam_toolbox/cmake/SlamToolboxPluginExport.cmake
[1.652s] -- Up-to-date: /home/markros2/rosproject/install/slam_toolbox/share/slam_toolbox/cmake/SlamToolboxPluginExport-release.cmake
[1.652s] -- Up-to-date: /home/markros2/rosproject/install/slam_toolbox/share/slam_toolbox/cmake/rosidl_cmake-extras.cmake
[1.652s] -- Up-to-date: /home/markros2/rosproject/install/slam_toolbox/share/slam_toolbox/cmake/ament_cmake_export_dependencies-extras.cmake
[1.652s] -- Up-to-date: /home/markros2/rosproject/install/slam_toolbox/share/slam_toolbox/cmake/ament_cmake_export_libraries-extras.cmake
[1.652s] -- Up-to-date: /home/markros2/rosproject/install/slam_toolbox/share/slam_toolbox/cmake/ament_cmake_export_targets-extras.cmake
[1.652s] -- Up-to-date: /home/markros2/rosproject/install/slam_toolbox/share/slam_toolbox/cmake/ament_cmake_export_include_directories-extras.cmake
[1.652s] -- Up-to-date: /home/markros2/rosproject/install/slam_toolbox/share/slam_toolbox/cmake/rosidl_cmake_export_typesupport_libraries-extras.cmake
[1.652s] -- Up-to-date: /home/markros2/rosproject/install/slam_toolbox/share/slam_toolbox/cmake/rosidl_cmake_export_typesupport_targets-extras.cmake
[1.653s] -- Up-to-date: /home/markros2/rosproject/install/slam_toolbox/share/slam_toolbox/cmake/slam_toolboxConfig.cmake
[1.653s] -- Up-to-date: /home/markros2/rosproject/install/slam_toolbox/share/slam_toolbox/cmake/slam_toolboxConfig-version.cmake
[1.653s] -- Up-to-date: /home/markros2/rosproject/install/slam_toolbox/share/slam_toolbox/package.xml
[1.653s] -- Up-to-date: /home/markros2/rosproject/install/slam_toolbox/include/
[1.653s] -- Up-to-date: /home/markros2/rosproject/install/slam_toolbox/include//karto_sdk
[1.654s] -- Up-to-date: /home/markros2/rosproject/install/slam_toolbox/include//karto_sdk/nanoflann_adaptors.h
[1.654s] -- Up-to-date: /home/markros2/rosproject/install/slam_toolbox/include//karto_sdk/Types.h
[1.654s] -- Up-to-date: /home/markros2/rosproject/install/slam_toolbox/include//karto_sdk/Macros.h
[1.654s] -- Up-to-date: /home/markros2/rosproject/install/slam_toolbox/include//karto_sdk/Math.h
[1.654s] -- Up-to-date: /home/markros2/rosproject/install/slam_toolbox/include//karto_sdk/Mapper.h
[1.654s] -- Up-to-date: /home/markros2/rosproject/install/slam_toolbox/include//karto_sdk/nanoflann.hpp
[1.654s] -- Up-to-date: /home/markros2/rosproject/install/slam_toolbox/include//karto_sdk/Karto.h
[1.656s] -- Up-to-date: /home/markros2/rosproject/install/slam_toolbox/lib/libkartoSlamToolbox.so
[1.658s] -- Up-to-date: /home/markros2/rosproject/install/slam_toolbox/share/karto_sdk/environment/library_path.sh
[1.658s] -- Up-to-date: /home/markros2/rosproject/install/slam_toolbox/share/karto_sdk/environment/library_path.dsv
[1.658s] -- Up-to-date: /home/markros2/rosproject/install/slam_toolbox/share/ament_index/resource_index/package_run_dependencies/karto_sdk
[1.658s] -- Up-to-date: /home/markros2/rosproject/install/slam_toolbox/share/ament_index/resource_index/parent_prefix_path/karto_sdk
[1.658s] -- Up-to-date: /home/markros2/rosproject/install/slam_toolbox/share/karto_sdk/environment/ament_prefix_path.sh
[1.659s] -- Up-to-date: /home/markros2/rosproject/install/slam_toolbox/share/karto_sdk/environment/ament_prefix_path.dsv
[1.659s] -- Up-to-date: /home/markros2/rosproject/install/slam_toolbox/share/karto_sdk/environment/path.sh
[1.659s] -- Up-to-date: /home/markros2/rosproject/install/slam_toolbox/share/karto_sdk/environment/path.dsv
[1.659s] -- Up-to-date: /home/markros2/rosproject/install/slam_toolbox/share/karto_sdk/local_setup.bash
[1.659s] -- Up-to-date: /home/markros2/rosproject/install/slam_toolbox/share/karto_sdk/local_setup.sh
[1.659s] -- Up-to-date: /home/markros2/rosproject/install/slam_toolbox/share/karto_sdk/local_setup.zsh
[1.659s] -- Up-to-date: /home/markros2/rosproject/install/slam_toolbox/share/karto_sdk/local_setup.dsv
[1.659s] -- Up-to-date: /home/markros2/rosproject/install/slam_toolbox/share/karto_sdk/package.dsv
[1.659s] -- Up-to-date: /home/markros2/rosproject/install/slam_toolbox/share/ament_index/resource_index/packages/karto_sdk
[1.660s] -- Up-to-date: /home/markros2/rosproject/install/slam_toolbox/share/karto_sdk/cmake/ament_cmake_export_libraries-extras.cmake
[1.660s] -- Up-to-date: /home/markros2/rosproject/install/slam_toolbox/share/karto_sdk/cmake/ament_cmake_export_include_directories-extras.cmake
[1.660s] -- Up-to-date: /home/markros2/rosproject/install/slam_toolbox/share/karto_sdk/cmake/ament_cmake_export_dependencies-extras.cmake
[1.660s] -- Up-to-date: /home/markros2/rosproject/install/slam_toolbox/share/karto_sdk/cmake/karto_sdkConfig.cmake
[1.660s] -- Up-to-date: /home/markros2/rosproject/install/slam_toolbox/share/karto_sdk/cmake/karto_sdkConfig-version.cmake
[1.660s] -- Up-to-date: /home/markros2/rosproject/install/slam_toolbox/share/karto_sdk/package.xml
[1.663s] Invoked command in '/home/markros2/rosproject/build/slam_toolbox' returned '0': CMAKE_PREFIX_PATH=${CMAKE_PREFIX_PATH}:/home/markros2/rosproject/install/pubsub:/home/markros2/rosproject/install/my_vacuum_cleaner:/home/markros2/rosproject/install/my_robot_slam:/home/markros2/rosproject/install/my_robot_navigation:/home/markros2/ros2/install/vacuum:/opt/ros/foxy /usr/bin/cmake --install /home/markros2/rosproject/build/slam_toolbox
