[0.425s] DEBUG:colcon:Command line arguments: ['/usr/bin/colcon', 'build']
[0.425s] DEBUG:colcon:Parsed command line arguments: Namespace(ament_cmake_args=None, base_paths=['.'], build_base='build', catkin_cmake_args=None, catkin_skip_building_tests=False, cmake_args=None, cmake_clean_cache=False, cmake_clean_first=False, cmake_force_configure=False, cmake_target=None, cmake_target_skip_unavailable=False, continue_on_error=False, event_handlers=None, executor='parallel', ignore_user_meta=False, install_base='install', log_base=None, log_level=None, main=<bound method BuildVerb.main of <colcon_core.verb.build.BuildVerb object at 0x7fcee13c03d0>>, merge_install=False, metas=['./colcon.meta'], packages_above=None, packages_above_and_dependencies=None, packages_above_depth=None, packages_end=None, packages_ignore=None, packages_ignore_regex=None, packages_select=None, packages_select_build_failed=False, packages_select_by_dep=None, packages_select_regex=None, packages_select_test_failures=False, packages_skip=None, packages_skip_build_finished=False, packages_skip_by_dep=None, packages_skip_regex=None, packages_skip_test_passed=False, packages_skip_up_to=None, packages_start=None, packages_up_to=None, packages_up_to_regex=None, parallel_workers=12, paths=None, symlink_install=False, test_result_base=None, verb_extension=<colcon_core.verb.build.BuildVerb object at 0x7fcee13c03d0>, verb_name='build', verb_parser=<colcon_defaults.argument_parser.defaults.DefaultArgumentsDecorator object at 0x7fcee13c0910>)
[0.438s] Level 1:colcon.colcon_core.package_discovery:discover_packages(colcon_meta) check parameters
[0.438s] Level 1:colcon.colcon_core.package_discovery:discover_packages(recursive) check parameters
[0.438s] Level 1:colcon.colcon_core.package_discovery:discover_packages(ignore) check parameters
[0.438s] Level 1:colcon.colcon_core.package_discovery:discover_packages(path) check parameters
[0.438s] Level 1:colcon.colcon_core.package_discovery:discover_packages(colcon_meta) discover
[0.439s] Level 1:colcon.colcon_core.package_discovery:discover_packages(recursive) discover
[0.439s] INFO:colcon.colcon_core.package_discovery:Crawling recursively for packages in '/home/markros2/rosproject'
[0.439s] Level 1:colcon.colcon_core.package_identification:_identify(.) by extensions ['ignore', 'ignore_ament_install']
[0.439s] Level 1:colcon.colcon_core.package_identification:_identify(.) by extension 'ignore'
[0.439s] Level 1:colcon.colcon_core.package_identification:_identify(.) by extension 'ignore_ament_install'
[0.439s] Level 1:colcon.colcon_core.package_identification:_identify(.) by extensions ['colcon_pkg']
[0.439s] Level 1:colcon.colcon_core.package_identification:_identify(.) by extension 'colcon_pkg'
[0.439s] Level 1:colcon.colcon_core.package_identification:_identify(.) by extensions ['colcon_meta']
[0.439s] Level 1:colcon.colcon_core.package_identification:_identify(.) by extension 'colcon_meta'
[0.439s] Level 1:colcon.colcon_core.package_identification:_identify(.) by extensions ['ros']
[0.439s] Level 1:colcon.colcon_core.package_identification:_identify(.) by extension 'ros'
[0.450s] Level 1:colcon.colcon_core.package_identification:_identify(.) by extensions ['cmake', 'python']
[0.450s] Level 1:colcon.colcon_core.package_identification:_identify(.) by extension 'cmake'
[0.450s] Level 1:colcon.colcon_core.package_identification:_identify(.) by extension 'python'
[0.450s] Level 1:colcon.colcon_core.package_identification:_identify(.) by extensions ['python_setup_py']
[0.450s] Level 1:colcon.colcon_core.package_identification:_identify(.) by extension 'python_setup_py'
[0.451s] Level 1:colcon.colcon_core.package_identification:_identify(build) by extensions ['ignore', 'ignore_ament_install']
[0.451s] Level 1:colcon.colcon_core.package_identification:_identify(build) by extension 'ignore'
[0.451s] Level 1:colcon.colcon_core.package_identification:_identify(build) ignored
[0.451s] Level 1:colcon.colcon_core.package_identification:_identify(install) by extensions ['ignore', 'ignore_ament_install']
[0.451s] Level 1:colcon.colcon_core.package_identification:_identify(install) by extension 'ignore'
[0.451s] Level 1:colcon.colcon_core.package_identification:_identify(install) ignored
[0.451s] Level 1:colcon.colcon_core.package_identification:_identify(log) by extensions ['ignore', 'ignore_ament_install']
[0.451s] Level 1:colcon.colcon_core.package_identification:_identify(log) by extension 'ignore'
[0.451s] Level 1:colcon.colcon_core.package_identification:_identify(log) ignored
[0.451s] Level 1:colcon.colcon_core.package_identification:_identify(src) by extensions ['ignore', 'ignore_ament_install']
[0.451s] Level 1:colcon.colcon_core.package_identification:_identify(src) by extension 'ignore'
[0.451s] Level 1:colcon.colcon_core.package_identification:_identify(src) by extension 'ignore_ament_install'
[0.452s] Level 1:colcon.colcon_core.package_identification:_identify(src) by extensions ['colcon_pkg']
[0.452s] Level 1:colcon.colcon_core.package_identification:_identify(src) by extension 'colcon_pkg'
[0.452s] Level 1:colcon.colcon_core.package_identification:_identify(src) by extensions ['colcon_meta']
[0.452s] Level 1:colcon.colcon_core.package_identification:_identify(src) by extension 'colcon_meta'
[0.452s] Level 1:colcon.colcon_core.package_identification:_identify(src) by extensions ['ros']
[0.452s] Level 1:colcon.colcon_core.package_identification:_identify(src) by extension 'ros'
[0.452s] Level 1:colcon.colcon_core.package_identification:_identify(src) by extensions ['cmake', 'python']
[0.452s] Level 1:colcon.colcon_core.package_identification:_identify(src) by extension 'cmake'
[0.452s] Level 1:colcon.colcon_core.package_identification:_identify(src) by extension 'python'
[0.452s] Level 1:colcon.colcon_core.package_identification:_identify(src) by extensions ['python_setup_py']
[0.452s] Level 1:colcon.colcon_core.package_identification:_identify(src) by extension 'python_setup_py'
[0.452s] Level 1:colcon.colcon_core.package_identification:_identify(src/my_robot_navigation) by extensions ['ignore', 'ignore_ament_install']
[0.452s] Level 1:colcon.colcon_core.package_identification:_identify(src/my_robot_navigation) by extension 'ignore'
[0.452s] Level 1:colcon.colcon_core.package_identification:_identify(src/my_robot_navigation) by extension 'ignore_ament_install'
[0.452s] Level 1:colcon.colcon_core.package_identification:_identify(src/my_robot_navigation) by extensions ['colcon_pkg']
[0.452s] Level 1:colcon.colcon_core.package_identification:_identify(src/my_robot_navigation) by extension 'colcon_pkg'
[0.452s] Level 1:colcon.colcon_core.package_identification:_identify(src/my_robot_navigation) by extensions ['colcon_meta']
[0.452s] Level 1:colcon.colcon_core.package_identification:_identify(src/my_robot_navigation) by extension 'colcon_meta'
[0.452s] Level 1:colcon.colcon_core.package_identification:_identify(src/my_robot_navigation) by extensions ['ros']
[0.453s] Level 1:colcon.colcon_core.package_identification:_identify(src/my_robot_navigation) by extension 'ros'
[0.456s] DEBUG:colcon.colcon_core.package_identification:Package 'src/my_robot_navigation' with type 'ros.ament_python' and name 'my_robot_navigation'
[0.456s] Level 1:colcon.colcon_core.package_identification:_identify(src/my_robot_slam) by extensions ['ignore', 'ignore_ament_install']
[0.456s] Level 1:colcon.colcon_core.package_identification:_identify(src/my_robot_slam) by extension 'ignore'
[0.456s] Level 1:colcon.colcon_core.package_identification:_identify(src/my_robot_slam) by extension 'ignore_ament_install'
[0.456s] Level 1:colcon.colcon_core.package_identification:_identify(src/my_robot_slam) by extensions ['colcon_pkg']
[0.456s] Level 1:colcon.colcon_core.package_identification:_identify(src/my_robot_slam) by extension 'colcon_pkg'
[0.456s] Level 1:colcon.colcon_core.package_identification:_identify(src/my_robot_slam) by extensions ['colcon_meta']
[0.456s] Level 1:colcon.colcon_core.package_identification:_identify(src/my_robot_slam) by extension 'colcon_meta'
[0.456s] Level 1:colcon.colcon_core.package_identification:_identify(src/my_robot_slam) by extensions ['ros']
[0.456s] Level 1:colcon.colcon_core.package_identification:_identify(src/my_robot_slam) by extension 'ros'
[0.459s] DEBUG:colcon.colcon_core.package_identification:Package 'src/my_robot_slam' with type 'ros.ament_python' and name 'my_robot_slam'
[0.459s] Level 1:colcon.colcon_core.package_identification:_identify(src/my_vacuum_cleaner) by extensions ['ignore', 'ignore_ament_install']
[0.459s] Level 1:colcon.colcon_core.package_identification:_identify(src/my_vacuum_cleaner) by extension 'ignore'
[0.459s] Level 1:colcon.colcon_core.package_identification:_identify(src/my_vacuum_cleaner) by extension 'ignore_ament_install'
[0.459s] Level 1:colcon.colcon_core.package_identification:_identify(src/my_vacuum_cleaner) by extensions ['colcon_pkg']
[0.459s] Level 1:colcon.colcon_core.package_identification:_identify(src/my_vacuum_cleaner) by extension 'colcon_pkg'
[0.459s] Level 1:colcon.colcon_core.package_identification:_identify(src/my_vacuum_cleaner) by extensions ['colcon_meta']
[0.459s] Level 1:colcon.colcon_core.package_identification:_identify(src/my_vacuum_cleaner) by extension 'colcon_meta'
[0.459s] Level 1:colcon.colcon_core.package_identification:_identify(src/my_vacuum_cleaner) by extensions ['ros']
[0.459s] Level 1:colcon.colcon_core.package_identification:_identify(src/my_vacuum_cleaner) by extension 'ros'
[0.460s] DEBUG:colcon.colcon_core.package_identification:Package 'src/my_vacuum_cleaner' with type 'ros.ament_python' and name 'my_vacuum_cleaner'
[0.460s] Level 1:colcon.colcon_core.package_identification:_identify(src/pubsub) by extensions ['ignore', 'ignore_ament_install']
[0.460s] Level 1:colcon.colcon_core.package_identification:_identify(src/pubsub) by extension 'ignore'
[0.460s] Level 1:colcon.colcon_core.package_identification:_identify(src/pubsub) by extension 'ignore_ament_install'
[0.461s] Level 1:colcon.colcon_core.package_identification:_identify(src/pubsub) by extensions ['colcon_pkg']
[0.461s] Level 1:colcon.colcon_core.package_identification:_identify(src/pubsub) by extension 'colcon_pkg'
[0.461s] Level 1:colcon.colcon_core.package_identification:_identify(src/pubsub) by extensions ['colcon_meta']
[0.461s] Level 1:colcon.colcon_core.package_identification:_identify(src/pubsub) by extension 'colcon_meta'
[0.461s] Level 1:colcon.colcon_core.package_identification:_identify(src/pubsub) by extensions ['ros']
[0.461s] Level 1:colcon.colcon_core.package_identification:_identify(src/pubsub) by extension 'ros'
[0.463s] DEBUG:colcon.colcon_core.package_identification:Package 'src/pubsub' with type 'ros.ament_python' and name 'pubsub'
[0.463s] Level 1:colcon.colcon_core.package_identification:_identify(src/slam_toolbox) by extensions ['ignore', 'ignore_ament_install']
[0.463s] Level 1:colcon.colcon_core.package_identification:_identify(src/slam_toolbox) by extension 'ignore'
[0.463s] Level 1:colcon.colcon_core.package_identification:_identify(src/slam_toolbox) by extension 'ignore_ament_install'
[0.463s] Level 1:colcon.colcon_core.package_identification:_identify(src/slam_toolbox) by extensions ['colcon_pkg']
[0.463s] Level 1:colcon.colcon_core.package_identification:_identify(src/slam_toolbox) by extension 'colcon_pkg'
[0.463s] Level 1:colcon.colcon_core.package_identification:_identify(src/slam_toolbox) by extensions ['colcon_meta']
[0.463s] Level 1:colcon.colcon_core.package_identification:_identify(src/slam_toolbox) by extension 'colcon_meta'
[0.463s] Level 1:colcon.colcon_core.package_identification:_identify(src/slam_toolbox) by extensions ['ros']
[0.463s] Level 1:colcon.colcon_core.package_identification:_identify(src/slam_toolbox) by extension 'ros'
[0.465s] DEBUG:colcon.colcon_core.package_identification:Package 'src/slam_toolbox' with type 'ros.ament_cmake' and name 'slam_toolbox'
[0.465s] Level 1:colcon.colcon_core.package_discovery:discover_packages(recursive) using defaults
[0.465s] Level 1:colcon.colcon_core.package_discovery:discover_packages(ignore) discover
[0.465s] Level 1:colcon.colcon_core.package_discovery:discover_packages(ignore) using defaults
[0.465s] Level 1:colcon.colcon_core.package_discovery:discover_packages(path) discover
[0.465s] Level 1:colcon.colcon_core.package_discovery:discover_packages(path) using defaults
[0.495s] Level 5:colcon.colcon_core.verb:set package 'my_robot_navigation' build argument 'cmake_args' from command line to 'None'
[0.495s] Level 5:colcon.colcon_core.verb:set package 'my_robot_navigation' build argument 'cmake_target' from command line to 'None'
[0.495s] Level 5:colcon.colcon_core.verb:set package 'my_robot_navigation' build argument 'cmake_target_skip_unavailable' from command line to 'False'
[0.495s] Level 5:colcon.colcon_core.verb:set package 'my_robot_navigation' build argument 'cmake_clean_cache' from command line to 'False'
[0.495s] Level 5:colcon.colcon_core.verb:set package 'my_robot_navigation' build argument 'cmake_clean_first' from command line to 'False'
[0.495s] Level 5:colcon.colcon_core.verb:set package 'my_robot_navigation' build argument 'cmake_force_configure' from command line to 'False'
[0.495s] Level 5:colcon.colcon_core.verb:set package 'my_robot_navigation' build argument 'ament_cmake_args' from command line to 'None'
[0.495s] Level 5:colcon.colcon_core.verb:set package 'my_robot_navigation' build argument 'catkin_cmake_args' from command line to 'None'
[0.495s] Level 5:colcon.colcon_core.verb:set package 'my_robot_navigation' build argument 'catkin_skip_building_tests' from command line to 'False'
[0.495s] DEBUG:colcon.colcon_core.verb:Building package 'my_robot_navigation' with the following arguments: {'ament_cmake_args': None, 'build_base': '/home/markros2/rosproject/build/my_robot_navigation', 'catkin_cmake_args': None, 'catkin_skip_building_tests': False, 'cmake_args': None, 'cmake_clean_cache': False, 'cmake_clean_first': False, 'cmake_force_configure': False, 'cmake_target': None, 'cmake_target_skip_unavailable': False, 'install_base': '/home/markros2/rosproject/install/my_robot_navigation', 'merge_install': False, 'path': '/home/markros2/rosproject/src/my_robot_navigation', 'symlink_install': False, 'test_result_base': None}
[0.498s] Level 5:colcon.colcon_core.verb:set package 'my_robot_slam' build argument 'cmake_args' from command line to 'None'
[0.498s] Level 5:colcon.colcon_core.verb:set package 'my_robot_slam' build argument 'cmake_target' from command line to 'None'
[0.498s] Level 5:colcon.colcon_core.verb:set package 'my_robot_slam' build argument 'cmake_target_skip_unavailable' from command line to 'False'
[0.498s] Level 5:colcon.colcon_core.verb:set package 'my_robot_slam' build argument 'cmake_clean_cache' from command line to 'False'
[0.498s] Level 5:colcon.colcon_core.verb:set package 'my_robot_slam' build argument 'cmake_clean_first' from command line to 'False'
[0.498s] Level 5:colcon.colcon_core.verb:set package 'my_robot_slam' build argument 'cmake_force_configure' from command line to 'False'
[0.498s] Level 5:colcon.colcon_core.verb:set package 'my_robot_slam' build argument 'ament_cmake_args' from command line to 'None'
[0.498s] Level 5:colcon.colcon_core.verb:set package 'my_robot_slam' build argument 'catkin_cmake_args' from command line to 'None'
[0.498s] Level 5:colcon.colcon_core.verb:set package 'my_robot_slam' build argument 'catkin_skip_building_tests' from command line to 'False'
[0.498s] DEBUG:colcon.colcon_core.verb:Building package 'my_robot_slam' with the following arguments: {'ament_cmake_args': None, 'build_base': '/home/markros2/rosproject/build/my_robot_slam', 'catkin_cmake_args': None, 'catkin_skip_building_tests': False, 'cmake_args': None, 'cmake_clean_cache': False, 'cmake_clean_first': False, 'cmake_force_configure': False, 'cmake_target': None, 'cmake_target_skip_unavailable': False, 'install_base': '/home/markros2/rosproject/install/my_robot_slam', 'merge_install': False, 'path': '/home/markros2/rosproject/src/my_robot_slam', 'symlink_install': False, 'test_result_base': None}
[0.500s] Level 5:colcon.colcon_core.verb:set package 'my_vacuum_cleaner' build argument 'cmake_args' from command line to 'None'
[0.500s] Level 5:colcon.colcon_core.verb:set package 'my_vacuum_cleaner' build argument 'cmake_target' from command line to 'None'
[0.500s] Level 5:colcon.colcon_core.verb:set package 'my_vacuum_cleaner' build argument 'cmake_target_skip_unavailable' from command line to 'False'
[0.500s] Level 5:colcon.colcon_core.verb:set package 'my_vacuum_cleaner' build argument 'cmake_clean_cache' from command line to 'False'
[0.500s] Level 5:colcon.colcon_core.verb:set package 'my_vacuum_cleaner' build argument 'cmake_clean_first' from command line to 'False'
[0.500s] Level 5:colcon.colcon_core.verb:set package 'my_vacuum_cleaner' build argument 'cmake_force_configure' from command line to 'False'
[0.500s] Level 5:colcon.colcon_core.verb:set package 'my_vacuum_cleaner' build argument 'ament_cmake_args' from command line to 'None'
[0.500s] Level 5:colcon.colcon_core.verb:set package 'my_vacuum_cleaner' build argument 'catkin_cmake_args' from command line to 'None'
[0.500s] Level 5:colcon.colcon_core.verb:set package 'my_vacuum_cleaner' build argument 'catkin_skip_building_tests' from command line to 'False'
[0.500s] DEBUG:colcon.colcon_core.verb:Building package 'my_vacuum_cleaner' with the following arguments: {'ament_cmake_args': None, 'build_base': '/home/markros2/rosproject/build/my_vacuum_cleaner', 'catkin_cmake_args': None, 'catkin_skip_building_tests': False, 'cmake_args': None, 'cmake_clean_cache': False, 'cmake_clean_first': False, 'cmake_force_configure': False, 'cmake_target': None, 'cmake_target_skip_unavailable': False, 'install_base': '/home/markros2/rosproject/install/my_vacuum_cleaner', 'merge_install': False, 'path': '/home/markros2/rosproject/src/my_vacuum_cleaner', 'symlink_install': False, 'test_result_base': None}
[0.503s] Level 5:colcon.colcon_core.verb:set package 'pubsub' build argument 'cmake_args' from command line to 'None'
[0.503s] Level 5:colcon.colcon_core.verb:set package 'pubsub' build argument 'cmake_target' from command line to 'None'
[0.503s] Level 5:colcon.colcon_core.verb:set package 'pubsub' build argument 'cmake_target_skip_unavailable' from command line to 'False'
[0.503s] Level 5:colcon.colcon_core.verb:set package 'pubsub' build argument 'cmake_clean_cache' from command line to 'False'
[0.503s] Level 5:colcon.colcon_core.verb:set package 'pubsub' build argument 'cmake_clean_first' from command line to 'False'
[0.503s] Level 5:colcon.colcon_core.verb:set package 'pubsub' build argument 'cmake_force_configure' from command line to 'False'
[0.503s] Level 5:colcon.colcon_core.verb:set package 'pubsub' build argument 'ament_cmake_args' from command line to 'None'
[0.503s] Level 5:colcon.colcon_core.verb:set package 'pubsub' build argument 'catkin_cmake_args' from command line to 'None'
[0.503s] Level 5:colcon.colcon_core.verb:set package 'pubsub' build argument 'catkin_skip_building_tests' from command line to 'False'
[0.503s] DEBUG:colcon.colcon_core.verb:Building package 'pubsub' with the following arguments: {'ament_cmake_args': None, 'build_base': '/home/markros2/rosproject/build/pubsub', 'catkin_cmake_args': None, 'catkin_skip_building_tests': False, 'cmake_args': None, 'cmake_clean_cache': False, 'cmake_clean_first': False, 'cmake_force_configure': False, 'cmake_target': None, 'cmake_target_skip_unavailable': False, 'install_base': '/home/markros2/rosproject/install/pubsub', 'merge_install': False, 'path': '/home/markros2/rosproject/src/pubsub', 'symlink_install': False, 'test_result_base': None}
[0.505s] Level 5:colcon.colcon_core.verb:set package 'slam_toolbox' build argument 'cmake_args' from command line to 'None'
[0.505s] Level 5:colcon.colcon_core.verb:set package 'slam_toolbox' build argument 'cmake_target' from command line to 'None'
[0.505s] Level 5:colcon.colcon_core.verb:set package 'slam_toolbox' build argument 'cmake_target_skip_unavailable' from command line to 'False'
[0.505s] Level 5:colcon.colcon_core.verb:set package 'slam_toolbox' build argument 'cmake_clean_cache' from command line to 'False'
[0.505s] Level 5:colcon.colcon_core.verb:set package 'slam_toolbox' build argument 'cmake_clean_first' from command line to 'False'
[0.505s] Level 5:colcon.colcon_core.verb:set package 'slam_toolbox' build argument 'cmake_force_configure' from command line to 'False'
[0.505s] Level 5:colcon.colcon_core.verb:set package 'slam_toolbox' build argument 'ament_cmake_args' from command line to 'None'
[0.505s] Level 5:colcon.colcon_core.verb:set package 'slam_toolbox' build argument 'catkin_cmake_args' from command line to 'None'
[0.505s] Level 5:colcon.colcon_core.verb:set package 'slam_toolbox' build argument 'catkin_skip_building_tests' from command line to 'False'
[0.505s] DEBUG:colcon.colcon_core.verb:Building package 'slam_toolbox' with the following arguments: {'ament_cmake_args': None, 'build_base': '/home/markros2/rosproject/build/slam_toolbox', 'catkin_cmake_args': None, 'catkin_skip_building_tests': False, 'cmake_args': None, 'cmake_clean_cache': False, 'cmake_clean_first': False, 'cmake_force_configure': False, 'cmake_target': None, 'cmake_target_skip_unavailable': False, 'install_base': '/home/markros2/rosproject/install/slam_toolbox', 'merge_install': False, 'path': '/home/markros2/rosproject/src/slam_toolbox', 'symlink_install': False, 'test_result_base': None}
[0.506s] INFO:colcon.colcon_core.executor:Executing jobs using 'parallel' executor
[0.508s] DEBUG:colcon.colcon_parallel_executor.executor.parallel:run_until_complete
[0.508s] INFO:colcon.colcon_ros.task.ament_python.build:Building ROS package in '/home/markros2/rosproject/src/my_robot_navigation' with build type 'ament_python'
[0.508s] Level 1:colcon.colcon_core.shell:create_environment_hook('my_robot_navigation', 'ament_prefix_path')
[0.518s] INFO:colcon.colcon_core.plugin_system:Skipping extension 'colcon_core.shell.bat': Not used on non-Windows systems
[0.518s] INFO:colcon.colcon_core.shell:Creating environment hook '/home/markros2/rosproject/install/my_robot_navigation/share/my_robot_navigation/hook/ament_prefix_path.ps1'
[0.519s] INFO:colcon.colcon_core.shell:Creating environment descriptor '/home/markros2/rosproject/install/my_robot_navigation/share/my_robot_navigation/hook/ament_prefix_path.dsv'
[0.520s] INFO:colcon.colcon_core.shell:Creating environment hook '/home/markros2/rosproject/install/my_robot_navigation/share/my_robot_navigation/hook/ament_prefix_path.sh'
[0.522s] INFO:colcon.colcon_core.shell:Skip shell extension 'powershell' for command environment: Not usable outside of PowerShell
[0.522s] DEBUG:colcon.colcon_core.shell:Skip shell extension 'dsv' for command environment
[0.528s] DEBUG:colcon.colcon_core.shell:Ignoring prefix path '/opt/ros/foxy'
[0.531s] INFO:colcon.colcon_ros.task.ament_python.build:Building ROS package in '/home/markros2/rosproject/src/my_robot_slam' with build type 'ament_python'
[0.531s] Level 1:colcon.colcon_core.shell:create_environment_hook('my_robot_slam', 'ament_prefix_path')
[0.532s] INFO:colcon.colcon_core.shell:Creating environment hook '/home/markros2/rosproject/install/my_robot_slam/share/my_robot_slam/hook/ament_prefix_path.ps1'
[0.532s] INFO:colcon.colcon_core.shell:Creating environment descriptor '/home/markros2/rosproject/install/my_robot_slam/share/my_robot_slam/hook/ament_prefix_path.dsv'
[0.533s] INFO:colcon.colcon_core.shell:Creating environment hook '/home/markros2/rosproject/install/my_robot_slam/share/my_robot_slam/hook/ament_prefix_path.sh'
[0.534s] INFO:colcon.colcon_core.shell:Skip shell extension 'powershell' for command environment: Not usable outside of PowerShell
[0.534s] DEBUG:colcon.colcon_core.shell:Skip shell extension 'dsv' for command environment
[0.536s] DEBUG:colcon.colcon_core.shell:Ignoring prefix path '/opt/ros/foxy'
[0.537s] INFO:colcon.colcon_ros.task.ament_python.build:Building ROS package in '/home/markros2/rosproject/src/my_vacuum_cleaner' with build type 'ament_python'
[0.537s] Level 1:colcon.colcon_core.shell:create_environment_hook('my_vacuum_cleaner', 'ament_prefix_path')
[0.538s] INFO:colcon.colcon_core.shell:Creating environment hook '/home/markros2/rosproject/install/my_vacuum_cleaner/share/my_vacuum_cleaner/hook/ament_prefix_path.ps1'
[0.539s] INFO:colcon.colcon_core.shell:Creating environment descriptor '/home/markros2/rosproject/install/my_vacuum_cleaner/share/my_vacuum_cleaner/hook/ament_prefix_path.dsv'
[0.539s] INFO:colcon.colcon_core.shell:Creating environment hook '/home/markros2/rosproject/install/my_vacuum_cleaner/share/my_vacuum_cleaner/hook/ament_prefix_path.sh'
[0.540s] INFO:colcon.colcon_core.shell:Skip shell extension 'powershell' for command environment: Not usable outside of PowerShell
[0.540s] DEBUG:colcon.colcon_core.shell:Skip shell extension 'dsv' for command environment
[0.542s] DEBUG:colcon.colcon_core.shell:Ignoring prefix path '/opt/ros/foxy'
[0.543s] INFO:colcon.colcon_ros.task.ament_python.build:Building ROS package in '/home/markros2/rosproject/src/pubsub' with build type 'ament_python'
[0.543s] Level 1:colcon.colcon_core.shell:create_environment_hook('pubsub', 'ament_prefix_path')
[0.544s] INFO:colcon.colcon_core.shell:Creating environment hook '/home/markros2/rosproject/install/pubsub/share/pubsub/hook/ament_prefix_path.ps1'
[0.545s] INFO:colcon.colcon_core.shell:Creating environment descriptor '/home/markros2/rosproject/install/pubsub/share/pubsub/hook/ament_prefix_path.dsv'
[0.545s] INFO:colcon.colcon_core.shell:Creating environment hook '/home/markros2/rosproject/install/pubsub/share/pubsub/hook/ament_prefix_path.sh'
[0.546s] INFO:colcon.colcon_core.shell:Skip shell extension 'powershell' for command environment: Not usable outside of PowerShell
[0.546s] DEBUG:colcon.colcon_core.shell:Skip shell extension 'dsv' for command environment
[0.549s] DEBUG:colcon.colcon_core.shell:Ignoring prefix path '/opt/ros/foxy'
[0.551s] INFO:colcon.colcon_ros.task.ament_cmake.build:Building ROS package in '/home/markros2/rosproject/src/slam_toolbox' with build type 'ament_cmake'
[0.551s] INFO:colcon.colcon_cmake.task.cmake.build:Building CMake package in '/home/markros2/rosproject/src/slam_toolbox'
[0.552s] INFO:colcon.colcon_core.shell:Skip shell extension 'powershell' for command environment: Not usable outside of PowerShell
[0.552s] DEBUG:colcon.colcon_core.shell:Skip shell extension 'dsv' for command environment
[0.554s] DEBUG:colcon.colcon_core.shell:Ignoring prefix path '/opt/ros/foxy'
[0.759s] INFO:colcon.colcon_core.task.python.build:Building Python package in '/home/markros2/rosproject/src/my_robot_navigation'
[0.760s] INFO:colcon.colcon_core.shell:Skip shell extension 'powershell' for command environment: Not usable outside of PowerShell
[0.760s] DEBUG:colcon.colcon_core.shell:Skip shell extension 'dsv' for command environment
[0.762s] DEBUG:colcon.colcon_core.shell:Ignoring prefix path '/opt/ros/foxy'
[0.968s] INFO:colcon.colcon_core.task.python.build:Building Python package in '/home/markros2/rosproject/src/my_robot_slam'
[0.969s] INFO:colcon.colcon_core.shell:Skip shell extension 'powershell' for command environment: Not usable outside of PowerShell
[0.969s] DEBUG:colcon.colcon_core.shell:Skip shell extension 'dsv' for command environment
[0.971s] DEBUG:colcon.colcon_core.shell:Ignoring prefix path '/opt/ros/foxy'
[1.181s] INFO:colcon.colcon_core.task.python.build:Building Python package in '/home/markros2/rosproject/src/my_vacuum_cleaner'
[1.182s] INFO:colcon.colcon_core.shell:Skip shell extension 'powershell' for command environment: Not usable outside of PowerShell
[1.182s] DEBUG:colcon.colcon_core.shell:Skip shell extension 'dsv' for command environment
[1.184s] DEBUG:colcon.colcon_core.shell:Ignoring prefix path '/opt/ros/foxy'
[1.387s] INFO:colcon.colcon_core.task.python.build:Building Python package in '/home/markros2/rosproject/src/pubsub'
[1.388s] INFO:colcon.colcon_core.shell:Skip shell extension 'powershell' for command environment: Not usable outside of PowerShell
[1.388s] DEBUG:colcon.colcon_core.shell:Skip shell extension 'dsv' for command environment
[1.390s] DEBUG:colcon.colcon_core.shell:Ignoring prefix path '/opt/ros/foxy'
[1.396s] DEBUG:colcon.colcon_core.event_handler.log_command:Invoking command in '/home/markros2/rosproject/build/slam_toolbox': CMAKE_PREFIX_PATH=${CMAKE_PREFIX_PATH}:/home/markros2/rosproject/install/pubsub:/home/markros2/rosproject/install/my_vacuum_cleaner:/home/markros2/rosproject/install/my_robot_slam:/home/markros2/rosproject/install/my_robot_navigation:/home/markros2/ros2/install/vacuum:/opt/ros/foxy /usr/bin/cmake --build /home/markros2/rosproject/build/slam_toolbox -- -j12 -l12
[1.408s] DEBUG:colcon.colcon_core.event_handler.log_command:Invoking command in '/home/markros2/rosproject/src/my_robot_navigation': PYTHONPATH=/home/markros2/rosproject/install/my_robot_navigation/lib/python3.8/site-packages:${PYTHONPATH} /usr/bin/python3 setup.py egg_info --egg-base ../../build/my_robot_navigation build --build-base /home/markros2/rosproject/build/my_robot_navigation/build install --prefix /home/markros2/rosproject/install/my_robot_navigation --record /home/markros2/rosproject/build/my_robot_navigation/install.log --single-version-externally-managed
[1.411s] DEBUG:colcon.colcon_core.event_handler.log_command:Invoking command in '/home/markros2/rosproject/src/my_robot_slam': PYTHONPATH=/home/markros2/rosproject/install/my_robot_slam/lib/python3.8/site-packages:${PYTHONPATH} /usr/bin/python3 setup.py egg_info --egg-base ../../build/my_robot_slam build --build-base /home/markros2/rosproject/build/my_robot_slam/build install --prefix /home/markros2/rosproject/install/my_robot_slam --record /home/markros2/rosproject/build/my_robot_slam/install.log --single-version-externally-managed
[1.414s] DEBUG:colcon.colcon_core.event_handler.log_command:Invoking command in '/home/markros2/rosproject/src/my_vacuum_cleaner': PYTHONPATH=/home/markros2/rosproject/install/my_vacuum_cleaner/lib/python3.8/site-packages:${PYTHONPATH} /usr/bin/python3 setup.py egg_info --egg-base ../../build/my_vacuum_cleaner build --build-base /home/markros2/rosproject/build/my_vacuum_cleaner/build install --prefix /home/markros2/rosproject/install/my_vacuum_cleaner --record /home/markros2/rosproject/build/my_vacuum_cleaner/install.log --single-version-externally-managed
[1.416s] DEBUG:colcon.colcon_core.event_handler.log_command:Invoking command in '/home/markros2/rosproject/src/pubsub': PYTHONPATH=/home/markros2/rosproject/install/pubsub/lib/python3.8/site-packages:${PYTHONPATH} /usr/bin/python3 setup.py egg_info --egg-base ../../build/pubsub build --build-base /home/markros2/rosproject/build/pubsub/build install --prefix /home/markros2/rosproject/install/pubsub --record /home/markros2/rosproject/build/pubsub/install.log --single-version-externally-managed
[1.753s] DEBUG:colcon.colcon_core.event_handler.log_command:Invoked command in '/home/markros2/rosproject/src/my_robot_slam' returned '0': PYTHONPATH=/home/markros2/rosproject/install/my_robot_slam/lib/python3.8/site-packages:${PYTHONPATH} /usr/bin/python3 setup.py egg_info --egg-base ../../build/my_robot_slam build --build-base /home/markros2/rosproject/build/my_robot_slam/build install --prefix /home/markros2/rosproject/install/my_robot_slam --record /home/markros2/rosproject/build/my_robot_slam/install.log --single-version-externally-managed
[1.767s] Level 1:colcon.colcon_core.environment:checking '/home/markros2/rosproject/install/my_robot_slam' for CMake module files
[1.768s] Level 1:colcon.colcon_core.environment:checking '/home/markros2/rosproject/install/my_robot_slam' for CMake config files
[1.769s] Level 1:colcon.colcon_core.environment:checking '/home/markros2/rosproject/install/my_robot_slam/lib'
[1.769s] Level 1:colcon.colcon_core.environment:checking '/home/markros2/rosproject/install/my_robot_slam/bin'
[1.769s] Level 1:colcon.colcon_core.environment:checking '/home/markros2/rosproject/install/my_robot_slam/lib/pkgconfig/my_robot_slam.pc'
[1.769s] Level 1:colcon.colcon_core.environment:checking '/home/markros2/rosproject/install/my_robot_slam/lib/python3.8/site-packages'
[1.769s] Level 1:colcon.colcon_core.shell:create_environment_hook('my_robot_slam', 'pythonpath')
[1.770s] INFO:colcon.colcon_core.shell:Creating environment hook '/home/markros2/rosproject/install/my_robot_slam/share/my_robot_slam/hook/pythonpath.ps1'
[1.771s] INFO:colcon.colcon_core.shell:Creating environment descriptor '/home/markros2/rosproject/install/my_robot_slam/share/my_robot_slam/hook/pythonpath.dsv'
[1.771s] INFO:colcon.colcon_core.shell:Creating environment hook '/home/markros2/rosproject/install/my_robot_slam/share/my_robot_slam/hook/pythonpath.sh'
[1.772s] Level 1:colcon.colcon_core.environment:create_environment_scripts_only(my_robot_slam)
[1.773s] INFO:colcon.colcon_core.shell:Creating package script '/home/markros2/rosproject/install/my_robot_slam/share/my_robot_slam/package.ps1'
[1.774s] INFO:colcon.colcon_core.shell:Creating package descriptor '/home/markros2/rosproject/install/my_robot_slam/share/my_robot_slam/package.dsv'
[1.776s] INFO:colcon.colcon_core.shell:Creating package script '/home/markros2/rosproject/install/my_robot_slam/share/my_robot_slam/package.sh'
[1.777s] INFO:colcon.colcon_core.shell:Creating package script '/home/markros2/rosproject/install/my_robot_slam/share/my_robot_slam/package.bash'
[1.778s] INFO:colcon.colcon_core.shell:Creating package script '/home/markros2/rosproject/install/my_robot_slam/share/my_robot_slam/package.zsh'
[1.779s] Level 1:colcon.colcon_core.environment:create_file_with_runtime_dependencies(/home/markros2/rosproject/install/my_robot_slam/share/colcon-core/packages/my_robot_slam)
[1.782s] Level 1:colcon.colcon_core.environment:checking '/home/markros2/rosproject/install/pubsub' for CMake module files
[1.782s] DEBUG:colcon.colcon_core.event_handler.log_command:Invoked command in '/home/markros2/rosproject/src/pubsub' returned '0': PYTHONPATH=/home/markros2/rosproject/install/pubsub/lib/python3.8/site-packages:${PYTHONPATH} /usr/bin/python3 setup.py egg_info --egg-base ../../build/pubsub build --build-base /home/markros2/rosproject/build/pubsub/build install --prefix /home/markros2/rosproject/install/pubsub --record /home/markros2/rosproject/build/pubsub/install.log --single-version-externally-managed
[1.783s] Level 1:colcon.colcon_core.environment:checking '/home/markros2/rosproject/install/pubsub' for CMake config files
[1.783s] Level 1:colcon.colcon_core.environment:checking '/home/markros2/rosproject/install/pubsub/lib'
[1.783s] Level 1:colcon.colcon_core.environment:checking '/home/markros2/rosproject/install/pubsub/bin'
[1.783s] Level 1:colcon.colcon_core.environment:checking '/home/markros2/rosproject/install/pubsub/lib/pkgconfig/pubsub.pc'
[1.783s] Level 1:colcon.colcon_core.environment:checking '/home/markros2/rosproject/install/pubsub/lib/python3.8/site-packages'
[1.784s] Level 1:colcon.colcon_core.shell:create_environment_hook('pubsub', 'pythonpath')
[1.784s] INFO:colcon.colcon_core.shell:Creating environment hook '/home/markros2/rosproject/install/pubsub/share/pubsub/hook/pythonpath.ps1'
[1.784s] INFO:colcon.colcon_core.shell:Creating environment descriptor '/home/markros2/rosproject/install/pubsub/share/pubsub/hook/pythonpath.dsv'
[1.785s] INFO:colcon.colcon_core.shell:Creating environment hook '/home/markros2/rosproject/install/pubsub/share/pubsub/hook/pythonpath.sh'
[1.785s] Level 1:colcon.colcon_core.environment:create_environment_scripts_only(pubsub)
[1.786s] INFO:colcon.colcon_core.shell:Creating package script '/home/markros2/rosproject/install/pubsub/share/pubsub/package.ps1'
[1.786s] INFO:colcon.colcon_core.shell:Creating package descriptor '/home/markros2/rosproject/install/pubsub/share/pubsub/package.dsv'
[1.787s] INFO:colcon.colcon_core.shell:Creating package script '/home/markros2/rosproject/install/pubsub/share/pubsub/package.sh'
[1.787s] INFO:colcon.colcon_core.shell:Creating package script '/home/markros2/rosproject/install/pubsub/share/pubsub/package.bash'
[1.787s] INFO:colcon.colcon_core.shell:Creating package script '/home/markros2/rosproject/install/pubsub/share/pubsub/package.zsh'
[1.788s] Level 1:colcon.colcon_core.environment:create_file_with_runtime_dependencies(/home/markros2/rosproject/install/pubsub/share/colcon-core/packages/pubsub)
[1.789s] Level 1:colcon.colcon_core.environment:checking '/home/markros2/rosproject/install/my_vacuum_cleaner' for CMake module files
[1.790s] Level 1:colcon.colcon_core.environment:checking '/home/markros2/rosproject/install/my_vacuum_cleaner' for CMake config files
[1.790s] DEBUG:colcon.colcon_core.event_handler.log_command:Invoked command in '/home/markros2/rosproject/src/my_vacuum_cleaner' returned '0': PYTHONPATH=/home/markros2/rosproject/install/my_vacuum_cleaner/lib/python3.8/site-packages:${PYTHONPATH} /usr/bin/python3 setup.py egg_info --egg-base ../../build/my_vacuum_cleaner build --build-base /home/markros2/rosproject/build/my_vacuum_cleaner/build install --prefix /home/markros2/rosproject/install/my_vacuum_cleaner --record /home/markros2/rosproject/build/my_vacuum_cleaner/install.log --single-version-externally-managed
[1.791s] Level 1:colcon.colcon_core.environment:checking '/home/markros2/rosproject/install/my_vacuum_cleaner/lib'
[1.791s] Level 1:colcon.colcon_core.environment:checking '/home/markros2/rosproject/install/my_vacuum_cleaner/bin'
[1.791s] Level 1:colcon.colcon_core.environment:checking '/home/markros2/rosproject/install/my_vacuum_cleaner/lib/pkgconfig/my_vacuum_cleaner.pc'
[1.791s] Level 1:colcon.colcon_core.environment:checking '/home/markros2/rosproject/install/my_vacuum_cleaner/lib/python3.8/site-packages'
[1.791s] Level 1:colcon.colcon_core.shell:create_environment_hook('my_vacuum_cleaner', 'pythonpath')
[1.791s] INFO:colcon.colcon_core.shell:Creating environment hook '/home/markros2/rosproject/install/my_vacuum_cleaner/share/my_vacuum_cleaner/hook/pythonpath.ps1'
[1.792s] INFO:colcon.colcon_core.shell:Creating environment descriptor '/home/markros2/rosproject/install/my_vacuum_cleaner/share/my_vacuum_cleaner/hook/pythonpath.dsv'
[1.792s] INFO:colcon.colcon_core.shell:Creating environment hook '/home/markros2/rosproject/install/my_vacuum_cleaner/share/my_vacuum_cleaner/hook/pythonpath.sh'
[1.792s] Level 1:colcon.colcon_core.environment:create_environment_scripts_only(my_vacuum_cleaner)
[1.793s] INFO:colcon.colcon_core.shell:Creating package script '/home/markros2/rosproject/install/my_vacuum_cleaner/share/my_vacuum_cleaner/package.ps1'
[1.794s] INFO:colcon.colcon_core.shell:Creating package descriptor '/home/markros2/rosproject/install/my_vacuum_cleaner/share/my_vacuum_cleaner/package.dsv'
[1.794s] INFO:colcon.colcon_core.shell:Creating package script '/home/markros2/rosproject/install/my_vacuum_cleaner/share/my_vacuum_cleaner/package.sh'
[1.794s] INFO:colcon.colcon_core.shell:Creating package script '/home/markros2/rosproject/install/my_vacuum_cleaner/share/my_vacuum_cleaner/package.bash'
[1.795s] INFO:colcon.colcon_core.shell:Creating package script '/home/markros2/rosproject/install/my_vacuum_cleaner/share/my_vacuum_cleaner/package.zsh'
[1.795s] Level 1:colcon.colcon_core.environment:create_file_with_runtime_dependencies(/home/markros2/rosproject/install/my_vacuum_cleaner/share/colcon-core/packages/my_vacuum_cleaner)
[1.797s] Level 1:colcon.colcon_core.environment:checking '/home/markros2/rosproject/install/my_robot_navigation' for CMake module files
[1.798s] Level 1:colcon.colcon_core.environment:checking '/home/markros2/rosproject/install/my_robot_navigation' for CMake config files
[1.798s] DEBUG:colcon.colcon_core.event_handler.log_command:Invoked command in '/home/markros2/rosproject/src/my_robot_navigation' returned '0': PYTHONPATH=/home/markros2/rosproject/install/my_robot_navigation/lib/python3.8/site-packages:${PYTHONPATH} /usr/bin/python3 setup.py egg_info --egg-base ../../build/my_robot_navigation build --build-base /home/markros2/rosproject/build/my_robot_navigation/build install --prefix /home/markros2/rosproject/install/my_robot_navigation --record /home/markros2/rosproject/build/my_robot_navigation/install.log --single-version-externally-managed
[1.799s] Level 1:colcon.colcon_core.environment:checking '/home/markros2/rosproject/install/my_robot_navigation/lib'
[1.799s] Level 1:colcon.colcon_core.environment:checking '/home/markros2/rosproject/install/my_robot_navigation/bin'
[1.799s] Level 1:colcon.colcon_core.environment:checking '/home/markros2/rosproject/install/my_robot_navigation/lib/pkgconfig/my_robot_navigation.pc'
[1.799s] Level 1:colcon.colcon_core.environment:checking '/home/markros2/rosproject/install/my_robot_navigation/lib/python3.8/site-packages'
[1.799s] Level 1:colcon.colcon_core.shell:create_environment_hook('my_robot_navigation', 'pythonpath')
[1.799s] INFO:colcon.colcon_core.shell:Creating environment hook '/home/markros2/rosproject/install/my_robot_navigation/share/my_robot_navigation/hook/pythonpath.ps1'
[1.800s] INFO:colcon.colcon_core.shell:Creating environment descriptor '/home/markros2/rosproject/install/my_robot_navigation/share/my_robot_navigation/hook/pythonpath.dsv'
[1.800s] INFO:colcon.colcon_core.shell:Creating environment hook '/home/markros2/rosproject/install/my_robot_navigation/share/my_robot_navigation/hook/pythonpath.sh'
[1.800s] Level 1:colcon.colcon_core.environment:create_environment_scripts_only(my_robot_navigation)
[1.801s] INFO:colcon.colcon_core.shell:Creating package script '/home/markros2/rosproject/install/my_robot_navigation/share/my_robot_navigation/package.ps1'
[1.801s] INFO:colcon.colcon_core.shell:Creating package descriptor '/home/markros2/rosproject/install/my_robot_navigation/share/my_robot_navigation/package.dsv'
[1.802s] INFO:colcon.colcon_core.shell:Creating package script '/home/markros2/rosproject/install/my_robot_navigation/share/my_robot_navigation/package.sh'
[1.802s] INFO:colcon.colcon_core.shell:Creating package script '/home/markros2/rosproject/install/my_robot_navigation/share/my_robot_navigation/package.bash'
[1.803s] INFO:colcon.colcon_core.shell:Creating package script '/home/markros2/rosproject/install/my_robot_navigation/share/my_robot_navigation/package.zsh'
[1.803s] Level 1:colcon.colcon_core.environment:create_file_with_runtime_dependencies(/home/markros2/rosproject/install/my_robot_navigation/share/colcon-core/packages/my_robot_navigation)
[1.931s] DEBUG:colcon.colcon_core.event_handler.log_command:Invoked command in '/home/markros2/rosproject/build/slam_toolbox' returned '0': CMAKE_PREFIX_PATH=${CMAKE_PREFIX_PATH}:/home/markros2/rosproject/install/pubsub:/home/markros2/rosproject/install/my_vacuum_cleaner:/home/markros2/rosproject/install/my_robot_slam:/home/markros2/rosproject/install/my_robot_navigation:/home/markros2/ros2/install/vacuum:/opt/ros/foxy /usr/bin/cmake --build /home/markros2/rosproject/build/slam_toolbox -- -j12 -l12
[2.085s] DEBUG:colcon.colcon_core.event_handler.log_command:Invoking command in '/home/markros2/rosproject/build/slam_toolbox': CMAKE_PREFIX_PATH=${CMAKE_PREFIX_PATH}:/home/markros2/rosproject/install/pubsub:/home/markros2/rosproject/install/my_vacuum_cleaner:/home/markros2/rosproject/install/my_robot_slam:/home/markros2/rosproject/install/my_robot_navigation:/home/markros2/ros2/install/vacuum:/opt/ros/foxy /usr/bin/cmake --install /home/markros2/rosproject/build/slam_toolbox
[2.150s] Level 1:colcon.colcon_core.environment:create_environment_scripts_only(slam_toolbox)
[2.151s] Level 1:colcon.colcon_core.environment:checking '/home/markros2/rosproject/install/slam_toolbox' for CMake module files
[2.153s] Level 1:colcon.colcon_core.environment:checking '/home/markros2/rosproject/install/slam_toolbox' for CMake config files
[2.154s] Level 1:colcon.colcon_core.shell:create_environment_hook('slam_toolbox', 'cmake_prefix_path')
[2.155s] INFO:colcon.colcon_core.shell:Creating environment hook '/home/markros2/rosproject/install/slam_toolbox/share/slam_toolbox/hook/cmake_prefix_path.ps1'
[2.155s] INFO:colcon.colcon_core.shell:Creating environment descriptor '/home/markros2/rosproject/install/slam_toolbox/share/slam_toolbox/hook/cmake_prefix_path.dsv'
[2.156s] DEBUG:colcon.colcon_core.event_handler.log_command:Invoked command in '/home/markros2/rosproject/build/slam_toolbox' returned '0': CMAKE_PREFIX_PATH=${CMAKE_PREFIX_PATH}:/home/markros2/rosproject/install/pubsub:/home/markros2/rosproject/install/my_vacuum_cleaner:/home/markros2/rosproject/install/my_robot_slam:/home/markros2/rosproject/install/my_robot_navigation:/home/markros2/ros2/install/vacuum:/opt/ros/foxy /usr/bin/cmake --install /home/markros2/rosproject/build/slam_toolbox
[2.156s] INFO:colcon.colcon_core.shell:Creating environment hook '/home/markros2/rosproject/install/slam_toolbox/share/slam_toolbox/hook/cmake_prefix_path.sh'
[2.156s] Level 1:colcon.colcon_core.environment:checking '/home/markros2/rosproject/install/slam_toolbox/lib'
[2.156s] Level 1:colcon.colcon_core.shell:create_environment_hook('slam_toolbox', 'ld_library_path_lib')
[2.157s] INFO:colcon.colcon_core.shell:Creating environment hook '/home/markros2/rosproject/install/slam_toolbox/share/slam_toolbox/hook/ld_library_path_lib.ps1'
[2.157s] INFO:colcon.colcon_core.shell:Creating environment descriptor '/home/markros2/rosproject/install/slam_toolbox/share/slam_toolbox/hook/ld_library_path_lib.dsv'
[2.158s] INFO:colcon.colcon_core.shell:Creating environment hook '/home/markros2/rosproject/install/slam_toolbox/share/slam_toolbox/hook/ld_library_path_lib.sh'
[2.158s] Level 1:colcon.colcon_core.environment:checking '/home/markros2/rosproject/install/slam_toolbox/bin'
[2.158s] Level 1:colcon.colcon_core.environment:checking '/home/markros2/rosproject/install/slam_toolbox/lib/pkgconfig/slam_toolbox.pc'
[2.158s] Level 1:colcon.colcon_core.environment:checking '/home/markros2/rosproject/install/slam_toolbox/lib/python3.8/site-packages'
[2.158s] Level 1:colcon.colcon_core.shell:create_environment_hook('slam_toolbox', 'pythonpath')
[2.158s] INFO:colcon.colcon_core.shell:Creating environment hook '/home/markros2/rosproject/install/slam_toolbox/share/slam_toolbox/hook/pythonpath.ps1'
[2.159s] INFO:colcon.colcon_core.shell:Creating environment descriptor '/home/markros2/rosproject/install/slam_toolbox/share/slam_toolbox/hook/pythonpath.dsv'
[2.159s] INFO:colcon.colcon_core.shell:Creating environment hook '/home/markros2/rosproject/install/slam_toolbox/share/slam_toolbox/hook/pythonpath.sh'
[2.160s] INFO:colcon.colcon_core.shell:Creating package script '/home/markros2/rosproject/install/slam_toolbox/share/slam_toolbox/package.ps1'
[2.160s] INFO:colcon.colcon_core.shell:Creating package descriptor '/home/markros2/rosproject/install/slam_toolbox/share/slam_toolbox/package.dsv'
[2.161s] INFO:colcon.colcon_core.shell:Creating package script '/home/markros2/rosproject/install/slam_toolbox/share/slam_toolbox/package.sh'
[2.161s] INFO:colcon.colcon_core.shell:Creating package script '/home/markros2/rosproject/install/slam_toolbox/share/slam_toolbox/package.bash'
[2.161s] INFO:colcon.colcon_core.shell:Creating package script '/home/markros2/rosproject/install/slam_toolbox/share/slam_toolbox/package.zsh'
[2.162s] Level 1:colcon.colcon_core.environment:create_file_with_runtime_dependencies(/home/markros2/rosproject/install/slam_toolbox/share/colcon-core/packages/slam_toolbox)
[2.304s] Level 1:colcon.colcon_core.environment:create_environment_scripts_only(slam_toolbox)
[2.305s] Level 1:colcon.colcon_core.environment:checking '/home/markros2/rosproject/install/slam_toolbox' for CMake module files
[2.306s] Level 1:colcon.colcon_core.environment:checking '/home/markros2/rosproject/install/slam_toolbox' for CMake config files
[2.306s] Level 1:colcon.colcon_core.shell:create_environment_hook('slam_toolbox', 'cmake_prefix_path')
[2.306s] INFO:colcon.colcon_core.shell:Creating environment hook '/home/markros2/rosproject/install/slam_toolbox/share/slam_toolbox/hook/cmake_prefix_path.ps1'
[2.307s] INFO:colcon.colcon_core.shell:Creating environment descriptor '/home/markros2/rosproject/install/slam_toolbox/share/slam_toolbox/hook/cmake_prefix_path.dsv'
[2.307s] INFO:colcon.colcon_core.shell:Creating environment hook '/home/markros2/rosproject/install/slam_toolbox/share/slam_toolbox/hook/cmake_prefix_path.sh'
[2.308s] Level 1:colcon.colcon_core.environment:checking '/home/markros2/rosproject/install/slam_toolbox/lib'
[2.308s] Level 1:colcon.colcon_core.shell:create_environment_hook('slam_toolbox', 'ld_library_path_lib')
[2.308s] INFO:colcon.colcon_core.shell:Creating environment hook '/home/markros2/rosproject/install/slam_toolbox/share/slam_toolbox/hook/ld_library_path_lib.ps1'
[2.308s] INFO:colcon.colcon_core.shell:Creating environment descriptor '/home/markros2/rosproject/install/slam_toolbox/share/slam_toolbox/hook/ld_library_path_lib.dsv'
[2.309s] INFO:colcon.colcon_core.shell:Creating environment hook '/home/markros2/rosproject/install/slam_toolbox/share/slam_toolbox/hook/ld_library_path_lib.sh'
[2.309s] Level 1:colcon.colcon_core.environment:checking '/home/markros2/rosproject/install/slam_toolbox/bin'
[2.309s] Level 1:colcon.colcon_core.environment:checking '/home/markros2/rosproject/install/slam_toolbox/lib/pkgconfig/slam_toolbox.pc'
[2.309s] Level 1:colcon.colcon_core.environment:checking '/home/markros2/rosproject/install/slam_toolbox/lib/python3.8/site-packages'
[2.309s] Level 1:colcon.colcon_core.shell:create_environment_hook('slam_toolbox', 'pythonpath')
[2.310s] INFO:colcon.colcon_core.shell:Creating environment hook '/home/markros2/rosproject/install/slam_toolbox/share/slam_toolbox/hook/pythonpath.ps1'
[2.310s] INFO:colcon.colcon_core.shell:Creating environment descriptor '/home/markros2/rosproject/install/slam_toolbox/share/slam_toolbox/hook/pythonpath.dsv'
[2.310s] INFO:colcon.colcon_core.shell:Creating environment hook '/home/markros2/rosproject/install/slam_toolbox/share/slam_toolbox/hook/pythonpath.sh'
[2.311s] INFO:colcon.colcon_core.shell:Creating package script '/home/markros2/rosproject/install/slam_toolbox/share/slam_toolbox/package.ps1'
[2.312s] INFO:colcon.colcon_core.shell:Creating package descriptor '/home/markros2/rosproject/install/slam_toolbox/share/slam_toolbox/package.dsv'
[2.312s] INFO:colcon.colcon_core.shell:Creating package script '/home/markros2/rosproject/install/slam_toolbox/share/slam_toolbox/package.sh'
[2.313s] INFO:colcon.colcon_core.shell:Creating package script '/home/markros2/rosproject/install/slam_toolbox/share/slam_toolbox/package.bash'
[2.313s] INFO:colcon.colcon_core.shell:Creating package script '/home/markros2/rosproject/install/slam_toolbox/share/slam_toolbox/package.zsh'
[2.313s] Level 1:colcon.colcon_core.environment:create_file_with_runtime_dependencies(/home/markros2/rosproject/install/slam_toolbox/share/colcon-core/packages/slam_toolbox)
[2.314s] DEBUG:colcon.colcon_parallel_executor.executor.parallel:closing loop
[2.314s] DEBUG:colcon.colcon_parallel_executor.executor.parallel:loop closed
[2.314s] DEBUG:colcon.colcon_parallel_executor.executor.parallel:run_until_complete finished with '0'
[2.314s] DEBUG:colcon.colcon_core.event_reactor:joining thread
[2.324s] INFO:colcon.colcon_core.plugin_system:Skipping extension 'colcon_notification.desktop_notification.terminal_notifier': Not used on non-Darwin systems
[2.325s] INFO:colcon.colcon_core.plugin_system:Skipping extension 'colcon_notification.desktop_notification.win32': Not used on non-Windows systems
[2.325s] INFO:colcon.colcon_notification.desktop_notification:Sending desktop notification using 'notify2'
[2.341s] DEBUG:colcon.colcon_core.event_reactor:joined thread
[2.342s] INFO:colcon.colcon_core.shell:Creating prefix script '/home/markros2/rosproject/install/local_setup.ps1'
[2.344s] INFO:colcon.colcon_core.shell:Creating prefix util module '/home/markros2/rosproject/install/_local_setup_util_ps1.py'
[2.346s] INFO:colcon.colcon_core.shell:Creating prefix chain script '/home/markros2/rosproject/install/setup.ps1'
[2.350s] INFO:colcon.colcon_core.shell:Creating prefix script '/home/markros2/rosproject/install/local_setup.sh'
[2.351s] INFO:colcon.colcon_core.shell:Creating prefix util module '/home/markros2/rosproject/install/_local_setup_util_sh.py'
[2.352s] INFO:colcon.colcon_core.shell:Creating prefix chain script '/home/markros2/rosproject/install/setup.sh'
[2.355s] INFO:colcon.colcon_core.shell:Creating prefix script '/home/markros2/rosproject/install/local_setup.bash'
[2.356s] INFO:colcon.colcon_core.shell:Creating prefix chain script '/home/markros2/rosproject/install/setup.bash'
[2.359s] INFO:colcon.colcon_core.shell:Creating prefix script '/home/markros2/rosproject/install/local_setup.zsh'
[2.361s] INFO:colcon.colcon_core.shell:Creating prefix chain script '/home/markros2/rosproject/install/setup.zsh'
