[0.412s] Invoking command in '/home/markros2/rosproject/src/my_robot_navigation': PYTHONPATH=/home/markros2/rosproject/install/my_robot_navigation/lib/python3.8/site-packages:${PYTHONPATH} /usr/bin/python3 setup.py egg_info --egg-base ../../build/my_robot_navigation build --build-base /home/markros2/rosproject/build/my_robot_navigation/build install --prefix /home/markros2/rosproject/install/my_robot_navigation --record /home/markros2/rosproject/build/my_robot_navigation/install.log --single-version-externally-managed
[0.620s] running egg_info
[0.620s] creating ../../build/my_robot_navigation/my_robot_navigation.egg-info
[0.620s] writing ../../build/my_robot_navigation/my_robot_navigation.egg-info/PKG-INFO
[0.621s] writing dependency_links to ../../build/my_robot_navigation/my_robot_navigation.egg-info/dependency_links.txt
[0.621s] writing entry points to ../../build/my_robot_navigation/my_robot_navigation.egg-info/entry_points.txt
[0.621s] writing requirements to ../../build/my_robot_navigation/my_robot_navigation.egg-info/requires.txt
[0.622s] writing top-level names to ../../build/my_robot_navigation/my_robot_navigation.egg-info/top_level.txt
[0.622s] writing manifest file '../../build/my_robot_navigation/my_robot_navigation.egg-info/SOURCES.txt'
[0.664s] reading manifest file '../../build/my_robot_navigation/my_robot_navigation.egg-info/SOURCES.txt'
[0.665s] writing manifest file '../../build/my_robot_navigation/my_robot_navigation.egg-info/SOURCES.txt'
[0.665s] running build
[0.665s] running build_py
[0.666s] creating /home/markros2/rosproject/build/my_robot_navigation/build
[0.666s] creating /home/markros2/rosproject/build/my_robot_navigation/build/lib
[0.666s] creating /home/markros2/rosproject/build/my_robot_navigation/build/lib/my_robot_navigation
[0.666s] copying my_robot_navigation/__init__.py -> /home/markros2/rosproject/build/my_robot_navigation/build/lib/my_robot_navigation
[0.666s] running install
[0.667s] running install_lib
[0.668s] creating /home/markros2/rosproject/install/my_robot_navigation/lib/python3.8/site-packages/my_robot_navigation
[0.668s] copying /home/markros2/rosproject/build/my_robot_navigation/build/lib/my_robot_navigation/__init__.py -> /home/markros2/rosproject/install/my_robot_navigation/lib/python3.8/site-packages/my_robot_navigation
[0.669s] byte-compiling /home/markros2/rosproject/install/my_robot_navigation/lib/python3.8/site-packages/my_robot_navigation/__init__.py to __init__.cpython-38.pyc
[0.670s] running install_data
[0.671s] creating /home/markros2/rosproject/install/my_robot_navigation/share/ament_index
[0.671s] creating /home/markros2/rosproject/install/my_robot_navigation/share/ament_index/resource_index
[0.671s] creating /home/markros2/rosproject/install/my_robot_navigation/share/ament_index/resource_index/packages
[0.671s] copying resource/my_robot_navigation -> /home/markros2/rosproject/install/my_robot_navigation/share/ament_index/resource_index/packages
[0.672s] copying package.xml -> /home/markros2/rosproject/install/my_robot_navigation/share/my_robot_navigation
[0.672s] copying launch/navigation.launch.py -> /home/markros2/rosproject/install/my_robot_navigation/share/my_robot_navigation
[0.672s] copying config/nav2_params.yaml -> /home/markros2/rosproject/install/my_robot_navigation/share/my_robot_navigation
[0.672s] running install_egg_info
[0.674s] Copying ../../build/my_robot_navigation/my_robot_navigation.egg-info to /home/markros2/rosproject/install/my_robot_navigation/lib/python3.8/site-packages/my_robot_navigation-0.0.0-py3.8.egg-info
[0.675s] running install_scripts
[0.694s] writing list of installed files to '/home/markros2/rosproject/build/my_robot_navigation/install.log'
[0.714s] Invoked command in '/home/markros2/rosproject/src/my_robot_navigation' returned '0': PYTHONPATH=/home/markros2/rosproject/install/my_robot_navigation/lib/python3.8/site-packages:${PYTHONPATH} /usr/bin/python3 setup.py egg_info --egg-base ../../build/my_robot_navigation build --build-base /home/markros2/rosproject/build/my_robot_navigation/build install --prefix /home/markros2/rosproject/install/my_robot_navigation --record /home/markros2/rosproject/build/my_robot_navigation/install.log --single-version-externally-managed
