[0.249s] DEBUG:colcon:Command line arguments: ['/usr/bin/colcon', 'build']
[0.249s] DEBUG:colcon:Parsed command line arguments: Namespace(ament_cmake_args=None, base_paths=['.'], build_base='build', catkin_cmake_args=None, catkin_skip_building_tests=False, cmake_args=None, cmake_clean_cache=False, cmake_clean_first=False, cmake_force_configure=False, cmake_target=None, cmake_target_skip_unavailable=False, continue_on_error=False, event_handlers=None, executor='parallel', ignore_user_meta=False, install_base='install', log_base=None, log_level=None, main=<bound method BuildVerb.main of <colcon_core.verb.build.BuildVerb object at 0x7f69817b5040>>, merge_install=False, metas=['./colcon.meta'], packages_above=None, packages_above_and_dependencies=None, packages_above_depth=None, packages_end=None, packages_ignore=None, packages_ignore_regex=None, packages_select=None, packages_select_build_failed=False, packages_select_by_dep=None, packages_select_regex=None, packages_select_test_failures=False, packages_skip=None, packages_skip_build_finished=False, packages_skip_by_dep=None, packages_skip_regex=None, packages_skip_test_passed=False, packages_skip_up_to=None, packages_start=None, packages_up_to=None, packages_up_to_regex=None, parallel_workers=12, paths=None, symlink_install=False, test_result_base=None, verb_extension=<colcon_core.verb.build.BuildVerb object at 0x7f69817b5040>, verb_name='build', verb_parser=<colcon_defaults.argument_parser.defaults.DefaultArgumentsDecorator object at 0x7f69817b5550>)
[0.253s] Level 1:colcon.colcon_core.package_discovery:discover_packages(colcon_meta) check parameters
[0.253s] Level 1:colcon.colcon_core.package_discovery:discover_packages(recursive) check parameters
[0.253s] Level 1:colcon.colcon_core.package_discovery:discover_packages(ignore) check parameters
[0.253s] Level 1:colcon.colcon_core.package_discovery:discover_packages(path) check parameters
[0.253s] Level 1:colcon.colcon_core.package_discovery:discover_packages(colcon_meta) discover
[0.253s] Level 1:colcon.colcon_core.package_discovery:discover_packages(recursive) discover
[0.253s] INFO:colcon.colcon_core.package_discovery:Crawling recursively for packages in '/home/markros2/rosproject'
[0.253s] Level 1:colcon.colcon_core.package_identification:_identify(.) by extensions ['ignore', 'ignore_ament_install']
[0.253s] Level 1:colcon.colcon_core.package_identification:_identify(.) by extension 'ignore'
[0.253s] Level 1:colcon.colcon_core.package_identification:_identify(.) by extension 'ignore_ament_install'
[0.253s] Level 1:colcon.colcon_core.package_identification:_identify(.) by extensions ['colcon_pkg']
[0.253s] Level 1:colcon.colcon_core.package_identification:_identify(.) by extension 'colcon_pkg'
[0.254s] Level 1:colcon.colcon_core.package_identification:_identify(.) by extensions ['colcon_meta']
[0.254s] Level 1:colcon.colcon_core.package_identification:_identify(.) by extension 'colcon_meta'
[0.254s] Level 1:colcon.colcon_core.package_identification:_identify(.) by extensions ['ros']
[0.254s] Level 1:colcon.colcon_core.package_identification:_identify(.) by extension 'ros'
[0.263s] Level 1:colcon.colcon_core.package_identification:_identify(.) by extensions ['cmake', 'python']
[0.264s] Level 1:colcon.colcon_core.package_identification:_identify(.) by extension 'cmake'
[0.264s] Level 1:colcon.colcon_core.package_identification:_identify(.) by extension 'python'
[0.264s] Level 1:colcon.colcon_core.package_identification:_identify(.) by extensions ['python_setup_py']
[0.264s] Level 1:colcon.colcon_core.package_identification:_identify(.) by extension 'python_setup_py'
[0.264s] Level 1:colcon.colcon_core.package_identification:_identify(build) by extensions ['ignore', 'ignore_ament_install']
[0.264s] Level 1:colcon.colcon_core.package_identification:_identify(build) by extension 'ignore'
[0.264s] Level 1:colcon.colcon_core.package_identification:_identify(build) ignored
[0.264s] Level 1:colcon.colcon_core.package_identification:_identify(install) by extensions ['ignore', 'ignore_ament_install']
[0.264s] Level 1:colcon.colcon_core.package_identification:_identify(install) by extension 'ignore'
[0.264s] Level 1:colcon.colcon_core.package_identification:_identify(install) ignored
[0.264s] Level 1:colcon.colcon_core.package_identification:_identify(log) by extensions ['ignore', 'ignore_ament_install']
[0.264s] Level 1:colcon.colcon_core.package_identification:_identify(log) by extension 'ignore'
[0.264s] Level 1:colcon.colcon_core.package_identification:_identify(log) ignored
[0.264s] Level 1:colcon.colcon_core.package_identification:_identify(src) by extensions ['ignore', 'ignore_ament_install']
[0.264s] Level 1:colcon.colcon_core.package_identification:_identify(src) by extension 'ignore'
[0.265s] Level 1:colcon.colcon_core.package_identification:_identify(src) by extension 'ignore_ament_install'
[0.265s] Level 1:colcon.colcon_core.package_identification:_identify(src) by extensions ['colcon_pkg']
[0.265s] Level 1:colcon.colcon_core.package_identification:_identify(src) by extension 'colcon_pkg'
[0.265s] Level 1:colcon.colcon_core.package_identification:_identify(src) by extensions ['colcon_meta']
[0.265s] Level 1:colcon.colcon_core.package_identification:_identify(src) by extension 'colcon_meta'
[0.265s] Level 1:colcon.colcon_core.package_identification:_identify(src) by extensions ['ros']
[0.265s] Level 1:colcon.colcon_core.package_identification:_identify(src) by extension 'ros'
[0.265s] Level 1:colcon.colcon_core.package_identification:_identify(src) by extensions ['cmake', 'python']
[0.265s] Level 1:colcon.colcon_core.package_identification:_identify(src) by extension 'cmake'
[0.265s] Level 1:colcon.colcon_core.package_identification:_identify(src) by extension 'python'
[0.265s] Level 1:colcon.colcon_core.package_identification:_identify(src) by extensions ['python_setup_py']
[0.265s] Level 1:colcon.colcon_core.package_identification:_identify(src) by extension 'python_setup_py'
[0.265s] Level 1:colcon.colcon_core.package_identification:_identify(src/my_robot_navigation) by extensions ['ignore', 'ignore_ament_install']
[0.265s] Level 1:colcon.colcon_core.package_identification:_identify(src/my_robot_navigation) by extension 'ignore'
[0.265s] Level 1:colcon.colcon_core.package_identification:_identify(src/my_robot_navigation) by extension 'ignore_ament_install'
[0.265s] Level 1:colcon.colcon_core.package_identification:_identify(src/my_robot_navigation) by extensions ['colcon_pkg']
[0.265s] Level 1:colcon.colcon_core.package_identification:_identify(src/my_robot_navigation) by extension 'colcon_pkg'
[0.265s] Level 1:colcon.colcon_core.package_identification:_identify(src/my_robot_navigation) by extensions ['colcon_meta']
[0.265s] Level 1:colcon.colcon_core.package_identification:_identify(src/my_robot_navigation) by extension 'colcon_meta'
[0.265s] Level 1:colcon.colcon_core.package_identification:_identify(src/my_robot_navigation) by extensions ['ros']
[0.265s] Level 1:colcon.colcon_core.package_identification:_identify(src/my_robot_navigation) by extension 'ros'
[0.267s] DEBUG:colcon.colcon_core.package_identification:Package 'src/my_robot_navigation' with type 'ros.ament_python' and name 'my_robot_navigation'
[0.267s] Level 1:colcon.colcon_core.package_identification:_identify(src/my_robot_slam) by extensions ['ignore', 'ignore_ament_install']
[0.267s] Level 1:colcon.colcon_core.package_identification:_identify(src/my_robot_slam) by extension 'ignore'
[0.268s] Level 1:colcon.colcon_core.package_identification:_identify(src/my_robot_slam) by extension 'ignore_ament_install'
[0.268s] Level 1:colcon.colcon_core.package_identification:_identify(src/my_robot_slam) by extensions ['colcon_pkg']
[0.268s] Level 1:colcon.colcon_core.package_identification:_identify(src/my_robot_slam) by extension 'colcon_pkg'
[0.268s] Level 1:colcon.colcon_core.package_identification:_identify(src/my_robot_slam) by extensions ['colcon_meta']
[0.268s] Level 1:colcon.colcon_core.package_identification:_identify(src/my_robot_slam) by extension 'colcon_meta'
[0.268s] Level 1:colcon.colcon_core.package_identification:_identify(src/my_robot_slam) by extensions ['ros']
[0.268s] Level 1:colcon.colcon_core.package_identification:_identify(src/my_robot_slam) by extension 'ros'
[0.268s] DEBUG:colcon.colcon_core.package_identification:Package 'src/my_robot_slam' with type 'ros.ament_python' and name 'my_robot_slam'
[0.268s] Level 1:colcon.colcon_core.package_identification:_identify(src/my_vacuum_cleaner) by extensions ['ignore', 'ignore_ament_install']
[0.268s] Level 1:colcon.colcon_core.package_identification:_identify(src/my_vacuum_cleaner) by extension 'ignore'
[0.268s] Level 1:colcon.colcon_core.package_identification:_identify(src/my_vacuum_cleaner) by extension 'ignore_ament_install'
[0.269s] Level 1:colcon.colcon_core.package_identification:_identify(src/my_vacuum_cleaner) by extensions ['colcon_pkg']
[0.269s] Level 1:colcon.colcon_core.package_identification:_identify(src/my_vacuum_cleaner) by extension 'colcon_pkg'
[0.269s] Level 1:colcon.colcon_core.package_identification:_identify(src/my_vacuum_cleaner) by extensions ['colcon_meta']
[0.269s] Level 1:colcon.colcon_core.package_identification:_identify(src/my_vacuum_cleaner) by extension 'colcon_meta'
[0.269s] Level 1:colcon.colcon_core.package_identification:_identify(src/my_vacuum_cleaner) by extensions ['ros']
[0.269s] Level 1:colcon.colcon_core.package_identification:_identify(src/my_vacuum_cleaner) by extension 'ros'
[0.269s] DEBUG:colcon.colcon_core.package_identification:Package 'src/my_vacuum_cleaner' with type 'ros.ament_python' and name 'my_vacuum_cleaner'
[0.269s] Level 1:colcon.colcon_core.package_identification:_identify(src/pubsub) by extensions ['ignore', 'ignore_ament_install']
[0.269s] Level 1:colcon.colcon_core.package_identification:_identify(src/pubsub) by extension 'ignore'
[0.269s] Level 1:colcon.colcon_core.package_identification:_identify(src/pubsub) by extension 'ignore_ament_install'
[0.270s] Level 1:colcon.colcon_core.package_identification:_identify(src/pubsub) by extensions ['colcon_pkg']
[0.270s] Level 1:colcon.colcon_core.package_identification:_identify(src/pubsub) by extension 'colcon_pkg'
[0.270s] Level 1:colcon.colcon_core.package_identification:_identify(src/pubsub) by extensions ['colcon_meta']
[0.270s] Level 1:colcon.colcon_core.package_identification:_identify(src/pubsub) by extension 'colcon_meta'
[0.270s] Level 1:colcon.colcon_core.package_identification:_identify(src/pubsub) by extensions ['ros']
[0.270s] Level 1:colcon.colcon_core.package_identification:_identify(src/pubsub) by extension 'ros'
[0.270s] DEBUG:colcon.colcon_core.package_identification:Package 'src/pubsub' with type 'ros.ament_python' and name 'pubsub'
[0.270s] Level 1:colcon.colcon_core.package_identification:_identify(src/slam_toolbox) by extensions ['ignore', 'ignore_ament_install']
[0.270s] Level 1:colcon.colcon_core.package_identification:_identify(src/slam_toolbox) by extension 'ignore'
[0.270s] Level 1:colcon.colcon_core.package_identification:_identify(src/slam_toolbox) by extension 'ignore_ament_install'
[0.270s] Level 1:colcon.colcon_core.package_identification:_identify(src/slam_toolbox) by extensions ['colcon_pkg']
[0.270s] Level 1:colcon.colcon_core.package_identification:_identify(src/slam_toolbox) by extension 'colcon_pkg'
[0.270s] Level 1:colcon.colcon_core.package_identification:_identify(src/slam_toolbox) by extensions ['colcon_meta']
[0.271s] Level 1:colcon.colcon_core.package_identification:_identify(src/slam_toolbox) by extension 'colcon_meta'
[0.271s] Level 1:colcon.colcon_core.package_identification:_identify(src/slam_toolbox) by extensions ['ros']
[0.271s] Level 1:colcon.colcon_core.package_identification:_identify(src/slam_toolbox) by extension 'ros'
[0.272s] DEBUG:colcon.colcon_core.package_identification:Package 'src/slam_toolbox' with type 'ros.ament_cmake' and name 'slam_toolbox'
[0.272s] Level 1:colcon.colcon_core.package_discovery:discover_packages(recursive) using defaults
[0.272s] Level 1:colcon.colcon_core.package_discovery:discover_packages(ignore) discover
[0.272s] Level 1:colcon.colcon_core.package_discovery:discover_packages(ignore) using defaults
[0.272s] Level 1:colcon.colcon_core.package_discovery:discover_packages(path) discover
[0.272s] Level 1:colcon.colcon_core.package_discovery:discover_packages(path) using defaults
[0.289s] Level 5:colcon.colcon_core.verb:set package 'my_robot_navigation' build argument 'cmake_args' from command line to 'None'
[0.289s] Level 5:colcon.colcon_core.verb:set package 'my_robot_navigation' build argument 'cmake_target' from command line to 'None'
[0.289s] Level 5:colcon.colcon_core.verb:set package 'my_robot_navigation' build argument 'cmake_target_skip_unavailable' from command line to 'False'
[0.289s] Level 5:colcon.colcon_core.verb:set package 'my_robot_navigation' build argument 'cmake_clean_cache' from command line to 'False'
[0.289s] Level 5:colcon.colcon_core.verb:set package 'my_robot_navigation' build argument 'cmake_clean_first' from command line to 'False'
[0.289s] Level 5:colcon.colcon_core.verb:set package 'my_robot_navigation' build argument 'cmake_force_configure' from command line to 'False'
[0.289s] Level 5:colcon.colcon_core.verb:set package 'my_robot_navigation' build argument 'ament_cmake_args' from command line to 'None'
[0.289s] Level 5:colcon.colcon_core.verb:set package 'my_robot_navigation' build argument 'catkin_cmake_args' from command line to 'None'
[0.289s] Level 5:colcon.colcon_core.verb:set package 'my_robot_navigation' build argument 'catkin_skip_building_tests' from command line to 'False'
[0.289s] DEBUG:colcon.colcon_core.verb:Building package 'my_robot_navigation' with the following arguments: {'ament_cmake_args': None, 'build_base': '/home/markros2/rosproject/build/my_robot_navigation', 'catkin_cmake_args': None, 'catkin_skip_building_tests': False, 'cmake_args': None, 'cmake_clean_cache': False, 'cmake_clean_first': False, 'cmake_force_configure': False, 'cmake_target': None, 'cmake_target_skip_unavailable': False, 'install_base': '/home/markros2/rosproject/install/my_robot_navigation', 'merge_install': False, 'path': '/home/markros2/rosproject/src/my_robot_navigation', 'symlink_install': False, 'test_result_base': None}
[0.291s] Level 5:colcon.colcon_core.verb:set package 'my_robot_slam' build argument 'cmake_args' from command line to 'None'
[0.291s] Level 5:colcon.colcon_core.verb:set package 'my_robot_slam' build argument 'cmake_target' from command line to 'None'
[0.291s] Level 5:colcon.colcon_core.verb:set package 'my_robot_slam' build argument 'cmake_target_skip_unavailable' from command line to 'False'
[0.291s] Level 5:colcon.colcon_core.verb:set package 'my_robot_slam' build argument 'cmake_clean_cache' from command line to 'False'
[0.291s] Level 5:colcon.colcon_core.verb:set package 'my_robot_slam' build argument 'cmake_clean_first' from command line to 'False'
[0.291s] Level 5:colcon.colcon_core.verb:set package 'my_robot_slam' build argument 'cmake_force_configure' from command line to 'False'
[0.291s] Level 5:colcon.colcon_core.verb:set package 'my_robot_slam' build argument 'ament_cmake_args' from command line to 'None'
[0.291s] Level 5:colcon.colcon_core.verb:set package 'my_robot_slam' build argument 'catkin_cmake_args' from command line to 'None'
[0.291s] Level 5:colcon.colcon_core.verb:set package 'my_robot_slam' build argument 'catkin_skip_building_tests' from command line to 'False'
[0.291s] DEBUG:colcon.colcon_core.verb:Building package 'my_robot_slam' with the following arguments: {'ament_cmake_args': None, 'build_base': '/home/markros2/rosproject/build/my_robot_slam', 'catkin_cmake_args': None, 'catkin_skip_building_tests': False, 'cmake_args': None, 'cmake_clean_cache': False, 'cmake_clean_first': False, 'cmake_force_configure': False, 'cmake_target': None, 'cmake_target_skip_unavailable': False, 'install_base': '/home/markros2/rosproject/install/my_robot_slam', 'merge_install': False, 'path': '/home/markros2/rosproject/src/my_robot_slam', 'symlink_install': False, 'test_result_base': None}
[0.294s] Level 5:colcon.colcon_core.verb:set package 'my_vacuum_cleaner' build argument 'cmake_args' from command line to 'None'
[0.294s] Level 5:colcon.colcon_core.verb:set package 'my_vacuum_cleaner' build argument 'cmake_target' from command line to 'None'
[0.294s] Level 5:colcon.colcon_core.verb:set package 'my_vacuum_cleaner' build argument 'cmake_target_skip_unavailable' from command line to 'False'
[0.294s] Level 5:colcon.colcon_core.verb:set package 'my_vacuum_cleaner' build argument 'cmake_clean_cache' from command line to 'False'
[0.294s] Level 5:colcon.colcon_core.verb:set package 'my_vacuum_cleaner' build argument 'cmake_clean_first' from command line to 'False'
[0.294s] Level 5:colcon.colcon_core.verb:set package 'my_vacuum_cleaner' build argument 'cmake_force_configure' from command line to 'False'
[0.294s] Level 5:colcon.colcon_core.verb:set package 'my_vacuum_cleaner' build argument 'ament_cmake_args' from command line to 'None'
[0.294s] Level 5:colcon.colcon_core.verb:set package 'my_vacuum_cleaner' build argument 'catkin_cmake_args' from command line to 'None'
[0.294s] Level 5:colcon.colcon_core.verb:set package 'my_vacuum_cleaner' build argument 'catkin_skip_building_tests' from command line to 'False'
[0.294s] DEBUG:colcon.colcon_core.verb:Building package 'my_vacuum_cleaner' with the following arguments: {'ament_cmake_args': None, 'build_base': '/home/markros2/rosproject/build/my_vacuum_cleaner', 'catkin_cmake_args': None, 'catkin_skip_building_tests': False, 'cmake_args': None, 'cmake_clean_cache': False, 'cmake_clean_first': False, 'cmake_force_configure': False, 'cmake_target': None, 'cmake_target_skip_unavailable': False, 'install_base': '/home/markros2/rosproject/install/my_vacuum_cleaner', 'merge_install': False, 'path': '/home/markros2/rosproject/src/my_vacuum_cleaner', 'symlink_install': False, 'test_result_base': None}
[0.296s] Level 5:colcon.colcon_core.verb:set package 'pubsub' build argument 'cmake_args' from command line to 'None'
[0.296s] Level 5:colcon.colcon_core.verb:set package 'pubsub' build argument 'cmake_target' from command line to 'None'
[0.296s] Level 5:colcon.colcon_core.verb:set package 'pubsub' build argument 'cmake_target_skip_unavailable' from command line to 'False'
[0.296s] Level 5:colcon.colcon_core.verb:set package 'pubsub' build argument 'cmake_clean_cache' from command line to 'False'
[0.296s] Level 5:colcon.colcon_core.verb:set package 'pubsub' build argument 'cmake_clean_first' from command line to 'False'
[0.296s] Level 5:colcon.colcon_core.verb:set package 'pubsub' build argument 'cmake_force_configure' from command line to 'False'
[0.296s] Level 5:colcon.colcon_core.verb:set package 'pubsub' build argument 'ament_cmake_args' from command line to 'None'
[0.296s] Level 5:colcon.colcon_core.verb:set package 'pubsub' build argument 'catkin_cmake_args' from command line to 'None'
[0.296s] Level 5:colcon.colcon_core.verb:set package 'pubsub' build argument 'catkin_skip_building_tests' from command line to 'False'
[0.296s] DEBUG:colcon.colcon_core.verb:Building package 'pubsub' with the following arguments: {'ament_cmake_args': None, 'build_base': '/home/markros2/rosproject/build/pubsub', 'catkin_cmake_args': None, 'catkin_skip_building_tests': False, 'cmake_args': None, 'cmake_clean_cache': False, 'cmake_clean_first': False, 'cmake_force_configure': False, 'cmake_target': None, 'cmake_target_skip_unavailable': False, 'install_base': '/home/markros2/rosproject/install/pubsub', 'merge_install': False, 'path': '/home/markros2/rosproject/src/pubsub', 'symlink_install': False, 'test_result_base': None}
[0.298s] Level 5:colcon.colcon_core.verb:set package 'slam_toolbox' build argument 'cmake_args' from command line to 'None'
[0.298s] Level 5:colcon.colcon_core.verb:set package 'slam_toolbox' build argument 'cmake_target' from command line to 'None'
[0.298s] Level 5:colcon.colcon_core.verb:set package 'slam_toolbox' build argument 'cmake_target_skip_unavailable' from command line to 'False'
[0.298s] Level 5:colcon.colcon_core.verb:set package 'slam_toolbox' build argument 'cmake_clean_cache' from command line to 'False'
[0.298s] Level 5:colcon.colcon_core.verb:set package 'slam_toolbox' build argument 'cmake_clean_first' from command line to 'False'
[0.298s] Level 5:colcon.colcon_core.verb:set package 'slam_toolbox' build argument 'cmake_force_configure' from command line to 'False'
[0.298s] Level 5:colcon.colcon_core.verb:set package 'slam_toolbox' build argument 'ament_cmake_args' from command line to 'None'
[0.298s] Level 5:colcon.colcon_core.verb:set package 'slam_toolbox' build argument 'catkin_cmake_args' from command line to 'None'
[0.298s] Level 5:colcon.colcon_core.verb:set package 'slam_toolbox' build argument 'catkin_skip_building_tests' from command line to 'False'
[0.299s] DEBUG:colcon.colcon_core.verb:Building package 'slam_toolbox' with the following arguments: {'ament_cmake_args': None, 'build_base': '/home/markros2/rosproject/build/slam_toolbox', 'catkin_cmake_args': None, 'catkin_skip_building_tests': False, 'cmake_args': None, 'cmake_clean_cache': False, 'cmake_clean_first': False, 'cmake_force_configure': False, 'cmake_target': None, 'cmake_target_skip_unavailable': False, 'install_base': '/home/markros2/rosproject/install/slam_toolbox', 'merge_install': False, 'path': '/home/markros2/rosproject/src/slam_toolbox', 'symlink_install': False, 'test_result_base': None}
[0.299s] INFO:colcon.colcon_core.executor:Executing jobs using 'parallel' executor
[0.300s] DEBUG:colcon.colcon_parallel_executor.executor.parallel:run_until_complete
[0.301s] INFO:colcon.colcon_ros.task.ament_python.build:Building ROS package in '/home/markros2/rosproject/src/my_robot_navigation' with build type 'ament_python'
[0.301s] Level 1:colcon.colcon_core.shell:create_environment_hook('my_robot_navigation', 'ament_prefix_path')
[0.304s] INFO:colcon.colcon_core.plugin_system:Skipping extension 'colcon_core.shell.bat': Not used on non-Windows systems
[0.304s] INFO:colcon.colcon_core.shell:Creating environment hook '/home/markros2/rosproject/install/my_robot_navigation/share/my_robot_navigation/hook/ament_prefix_path.ps1'
[0.304s] INFO:colcon.colcon_core.shell:Creating environment descriptor '/home/markros2/rosproject/install/my_robot_navigation/share/my_robot_navigation/hook/ament_prefix_path.dsv'
[0.305s] INFO:colcon.colcon_core.shell:Creating environment hook '/home/markros2/rosproject/install/my_robot_navigation/share/my_robot_navigation/hook/ament_prefix_path.sh'
[0.306s] INFO:colcon.colcon_core.shell:Skip shell extension 'powershell' for command environment: Not usable outside of PowerShell
[0.306s] DEBUG:colcon.colcon_core.shell:Skip shell extension 'dsv' for command environment
[0.308s] DEBUG:colcon.colcon_core.shell:Ignoring prefix path '/opt/ros/foxy'
[0.310s] INFO:colcon.colcon_ros.task.ament_python.build:Building ROS package in '/home/markros2/rosproject/src/my_robot_slam' with build type 'ament_python'
[0.310s] Level 1:colcon.colcon_core.shell:create_environment_hook('my_robot_slam', 'ament_prefix_path')
[0.311s] INFO:colcon.colcon_core.shell:Creating environment hook '/home/markros2/rosproject/install/my_robot_slam/share/my_robot_slam/hook/ament_prefix_path.ps1'
[0.311s] INFO:colcon.colcon_core.shell:Creating environment descriptor '/home/markros2/rosproject/install/my_robot_slam/share/my_robot_slam/hook/ament_prefix_path.dsv'
[0.311s] INFO:colcon.colcon_core.shell:Creating environment hook '/home/markros2/rosproject/install/my_robot_slam/share/my_robot_slam/hook/ament_prefix_path.sh'
[0.312s] INFO:colcon.colcon_core.shell:Skip shell extension 'powershell' for command environment: Not usable outside of PowerShell
[0.312s] DEBUG:colcon.colcon_core.shell:Skip shell extension 'dsv' for command environment
[0.314s] DEBUG:colcon.colcon_core.shell:Ignoring prefix path '/opt/ros/foxy'
[0.315s] INFO:colcon.colcon_ros.task.ament_python.build:Building ROS package in '/home/markros2/rosproject/src/my_vacuum_cleaner' with build type 'ament_python'
[0.316s] Level 1:colcon.colcon_core.shell:create_environment_hook('my_vacuum_cleaner', 'ament_prefix_path')
[0.316s] INFO:colcon.colcon_core.shell:Creating environment hook '/home/markros2/rosproject/install/my_vacuum_cleaner/share/my_vacuum_cleaner/hook/ament_prefix_path.ps1'
[0.317s] INFO:colcon.colcon_core.shell:Creating environment descriptor '/home/markros2/rosproject/install/my_vacuum_cleaner/share/my_vacuum_cleaner/hook/ament_prefix_path.dsv'
[0.317s] INFO:colcon.colcon_core.shell:Creating environment hook '/home/markros2/rosproject/install/my_vacuum_cleaner/share/my_vacuum_cleaner/hook/ament_prefix_path.sh'
[0.318s] INFO:colcon.colcon_core.shell:Skip shell extension 'powershell' for command environment: Not usable outside of PowerShell
[0.318s] DEBUG:colcon.colcon_core.shell:Skip shell extension 'dsv' for command environment
[0.320s] DEBUG:colcon.colcon_core.shell:Ignoring prefix path '/opt/ros/foxy'
[0.321s] INFO:colcon.colcon_ros.task.ament_python.build:Building ROS package in '/home/markros2/rosproject/src/pubsub' with build type 'ament_python'
[0.321s] Level 1:colcon.colcon_core.shell:create_environment_hook('pubsub', 'ament_prefix_path')
[0.322s] INFO:colcon.colcon_core.shell:Creating environment hook '/home/markros2/rosproject/install/pubsub/share/pubsub/hook/ament_prefix_path.ps1'
[0.322s] INFO:colcon.colcon_core.shell:Creating environment descriptor '/home/markros2/rosproject/install/pubsub/share/pubsub/hook/ament_prefix_path.dsv'
[0.323s] INFO:colcon.colcon_core.shell:Creating environment hook '/home/markros2/rosproject/install/pubsub/share/pubsub/hook/ament_prefix_path.sh'
[0.323s] INFO:colcon.colcon_core.shell:Skip shell extension 'powershell' for command environment: Not usable outside of PowerShell
[0.323s] DEBUG:colcon.colcon_core.shell:Skip shell extension 'dsv' for command environment
[0.325s] DEBUG:colcon.colcon_core.shell:Ignoring prefix path '/opt/ros/foxy'
[0.326s] INFO:colcon.colcon_ros.task.ament_cmake.build:Building ROS package in '/home/markros2/rosproject/src/slam_toolbox' with build type 'ament_cmake'
[0.327s] INFO:colcon.colcon_cmake.task.cmake.build:Building CMake package in '/home/markros2/rosproject/src/slam_toolbox'
[0.327s] INFO:colcon.colcon_core.shell:Skip shell extension 'powershell' for command environment: Not usable outside of PowerShell
[0.327s] DEBUG:colcon.colcon_core.shell:Skip shell extension 'dsv' for command environment
[0.329s] DEBUG:colcon.colcon_core.shell:Ignoring prefix path '/opt/ros/foxy'
[0.511s] INFO:colcon.colcon_core.task.python.build:Building Python package in '/home/markros2/rosproject/src/my_robot_navigation'
[0.512s] INFO:colcon.colcon_core.shell:Skip shell extension 'powershell' for command environment: Not usable outside of PowerShell
[0.512s] DEBUG:colcon.colcon_core.shell:Skip shell extension 'dsv' for command environment
[0.514s] DEBUG:colcon.colcon_core.shell:Ignoring prefix path '/opt/ros/foxy'
[0.690s] INFO:colcon.colcon_core.task.python.build:Building Python package in '/home/markros2/rosproject/src/my_robot_slam'
[0.691s] INFO:colcon.colcon_core.shell:Skip shell extension 'powershell' for command environment: Not usable outside of PowerShell
[0.691s] DEBUG:colcon.colcon_core.shell:Skip shell extension 'dsv' for command environment
[0.693s] DEBUG:colcon.colcon_core.shell:Ignoring prefix path '/opt/ros/foxy'
[0.868s] INFO:colcon.colcon_core.task.python.build:Building Python package in '/home/markros2/rosproject/src/my_vacuum_cleaner'
[0.868s] INFO:colcon.colcon_core.shell:Skip shell extension 'powershell' for command environment: Not usable outside of PowerShell
[0.869s] DEBUG:colcon.colcon_core.shell:Skip shell extension 'dsv' for command environment
[0.870s] DEBUG:colcon.colcon_core.shell:Ignoring prefix path '/opt/ros/foxy'
[1.038s] INFO:colcon.colcon_core.task.python.build:Building Python package in '/home/markros2/rosproject/src/pubsub'
[1.039s] INFO:colcon.colcon_core.shell:Skip shell extension 'powershell' for command environment: Not usable outside of PowerShell
[1.039s] DEBUG:colcon.colcon_core.shell:Skip shell extension 'dsv' for command environment
[1.041s] DEBUG:colcon.colcon_core.shell:Ignoring prefix path '/opt/ros/foxy'
[1.047s] DEBUG:colcon.colcon_core.event_handler.log_command:Invoking command in '/home/markros2/rosproject/build/slam_toolbox': CMAKE_PREFIX_PATH=${CMAKE_PREFIX_PATH}:/home/markros2/rosproject/install/pubsub:/home/markros2/rosproject/install/my_vacuum_cleaner:/home/markros2/rosproject/install/my_robot_slam:/home/markros2/rosproject/install/my_robot_navigation:/home/markros2/project/install/slam:/opt/ros/foxy /usr/bin/cmake --build /home/markros2/rosproject/build/slam_toolbox -- -j12 -l12
[1.053s] DEBUG:colcon.colcon_core.event_handler.log_command:Invoking command in '/home/markros2/rosproject/src/my_robot_navigation': PYTHONPATH=/home/markros2/rosproject/install/my_robot_navigation/lib/python3.8/site-packages:${PYTHONPATH} /usr/bin/python3 setup.py egg_info --egg-base ../../build/my_robot_navigation build --build-base /home/markros2/rosproject/build/my_robot_navigation/build install --prefix /home/markros2/rosproject/install/my_robot_navigation --record /home/markros2/rosproject/build/my_robot_navigation/install.log --single-version-externally-managed
[1.056s] DEBUG:colcon.colcon_core.event_handler.log_command:Invoking command in '/home/markros2/rosproject/src/my_robot_slam': PYTHONPATH=/home/markros2/rosproject/install/my_robot_slam/lib/python3.8/site-packages:${PYTHONPATH} /usr/bin/python3 setup.py egg_info --egg-base ../../build/my_robot_slam build --build-base /home/markros2/rosproject/build/my_robot_slam/build install --prefix /home/markros2/rosproject/install/my_robot_slam --record /home/markros2/rosproject/build/my_robot_slam/install.log --single-version-externally-managed
[1.058s] DEBUG:colcon.colcon_core.event_handler.log_command:Invoking command in '/home/markros2/rosproject/src/my_vacuum_cleaner': PYTHONPATH=/home/markros2/rosproject/install/my_vacuum_cleaner/lib/python3.8/site-packages:${PYTHONPATH} /usr/bin/python3 setup.py egg_info --egg-base ../../build/my_vacuum_cleaner build --build-base /home/markros2/rosproject/build/my_vacuum_cleaner/build install --prefix /home/markros2/rosproject/install/my_vacuum_cleaner --record /home/markros2/rosproject/build/my_vacuum_cleaner/install.log --single-version-externally-managed
[1.060s] DEBUG:colcon.colcon_core.event_handler.log_command:Invoking command in '/home/markros2/rosproject/src/pubsub': PYTHONPATH=/home/markros2/rosproject/install/pubsub/lib/python3.8/site-packages:${PYTHONPATH} /usr/bin/python3 setup.py egg_info --egg-base ../../build/pubsub build --build-base /home/markros2/rosproject/build/pubsub/build install --prefix /home/markros2/rosproject/install/pubsub --record /home/markros2/rosproject/build/pubsub/install.log --single-version-externally-managed
[1.338s] DEBUG:colcon.colcon_core.event_handler.log_command:Invoked command in '/home/markros2/rosproject/src/my_robot_navigation' returned '0': PYTHONPATH=/home/markros2/rosproject/install/my_robot_navigation/lib/python3.8/site-packages:${PYTHONPATH} /usr/bin/python3 setup.py egg_info --egg-base ../../build/my_robot_navigation build --build-base /home/markros2/rosproject/build/my_robot_navigation/build install --prefix /home/markros2/rosproject/install/my_robot_navigation --record /home/markros2/rosproject/build/my_robot_navigation/install.log --single-version-externally-managed
[1.341s] Level 1:colcon.colcon_core.environment:checking '/home/markros2/rosproject/install/my_robot_navigation' for CMake module files
[1.342s] Level 1:colcon.colcon_core.environment:checking '/home/markros2/rosproject/install/my_robot_navigation' for CMake config files
[1.343s] Level 1:colcon.colcon_core.environment:checking '/home/markros2/rosproject/install/my_robot_navigation/lib'
[1.343s] Level 1:colcon.colcon_core.environment:checking '/home/markros2/rosproject/install/my_robot_navigation/bin'
[1.343s] Level 1:colcon.colcon_core.environment:checking '/home/markros2/rosproject/install/my_robot_navigation/lib/pkgconfig/my_robot_navigation.pc'
[1.343s] Level 1:colcon.colcon_core.environment:checking '/home/markros2/rosproject/install/my_robot_navigation/lib/python3.8/site-packages'
[1.343s] Level 1:colcon.colcon_core.shell:create_environment_hook('my_robot_navigation', 'pythonpath')
[1.344s] INFO:colcon.colcon_core.shell:Creating environment hook '/home/markros2/rosproject/install/my_robot_navigation/share/my_robot_navigation/hook/pythonpath.ps1'
[1.344s] INFO:colcon.colcon_core.shell:Creating environment descriptor '/home/markros2/rosproject/install/my_robot_navigation/share/my_robot_navigation/hook/pythonpath.dsv'
[1.345s] INFO:colcon.colcon_core.shell:Creating environment hook '/home/markros2/rosproject/install/my_robot_navigation/share/my_robot_navigation/hook/pythonpath.sh'
[1.345s] Level 1:colcon.colcon_core.environment:create_environment_scripts_only(my_robot_navigation)
[1.346s] INFO:colcon.colcon_core.shell:Creating package script '/home/markros2/rosproject/install/my_robot_navigation/share/my_robot_navigation/package.ps1'
[1.346s] INFO:colcon.colcon_core.shell:Creating package descriptor '/home/markros2/rosproject/install/my_robot_navigation/share/my_robot_navigation/package.dsv'
[1.347s] INFO:colcon.colcon_core.shell:Creating package script '/home/markros2/rosproject/install/my_robot_navigation/share/my_robot_navigation/package.sh'
[1.347s] INFO:colcon.colcon_core.shell:Creating package script '/home/markros2/rosproject/install/my_robot_navigation/share/my_robot_navigation/package.bash'
[1.348s] INFO:colcon.colcon_core.shell:Creating package script '/home/markros2/rosproject/install/my_robot_navigation/share/my_robot_navigation/package.zsh'
[1.349s] Level 1:colcon.colcon_core.environment:create_file_with_runtime_dependencies(/home/markros2/rosproject/install/my_robot_navigation/share/colcon-core/packages/my_robot_navigation)
[1.350s] DEBUG:colcon.colcon_core.event_handler.log_command:Invoked command in '/home/markros2/rosproject/build/slam_toolbox' returned '0': CMAKE_PREFIX_PATH=${CMAKE_PREFIX_PATH}:/home/markros2/rosproject/install/pubsub:/home/markros2/rosproject/install/my_vacuum_cleaner:/home/markros2/rosproject/install/my_robot_slam:/home/markros2/rosproject/install/my_robot_navigation:/home/markros2/project/install/slam:/opt/ros/foxy /usr/bin/cmake --build /home/markros2/rosproject/build/slam_toolbox -- -j12 -l12
[1.355s] Level 1:colcon.colcon_core.environment:checking '/home/markros2/rosproject/install/pubsub' for CMake module files
[1.355s] DEBUG:colcon.colcon_core.event_handler.log_command:Invoked command in '/home/markros2/rosproject/src/pubsub' returned '0': PYTHONPATH=/home/markros2/rosproject/install/pubsub/lib/python3.8/site-packages:${PYTHONPATH} /usr/bin/python3 setup.py egg_info --egg-base ../../build/pubsub build --build-base /home/markros2/rosproject/build/pubsub/build install --prefix /home/markros2/rosproject/install/pubsub --record /home/markros2/rosproject/build/pubsub/install.log --single-version-externally-managed
[1.356s] Level 1:colcon.colcon_core.environment:checking '/home/markros2/rosproject/install/pubsub' for CMake config files
[1.356s] Level 1:colcon.colcon_core.environment:checking '/home/markros2/rosproject/install/pubsub/lib'
[1.356s] Level 1:colcon.colcon_core.environment:checking '/home/markros2/rosproject/install/pubsub/bin'
[1.356s] Level 1:colcon.colcon_core.environment:checking '/home/markros2/rosproject/install/pubsub/lib/pkgconfig/pubsub.pc'
[1.356s] Level 1:colcon.colcon_core.environment:checking '/home/markros2/rosproject/install/pubsub/lib/python3.8/site-packages'
[1.357s] Level 1:colcon.colcon_core.shell:create_environment_hook('pubsub', 'pythonpath')
[1.357s] INFO:colcon.colcon_core.shell:Creating environment hook '/home/markros2/rosproject/install/pubsub/share/pubsub/hook/pythonpath.ps1'
[1.357s] INFO:colcon.colcon_core.shell:Creating environment descriptor '/home/markros2/rosproject/install/pubsub/share/pubsub/hook/pythonpath.dsv'
[1.358s] INFO:colcon.colcon_core.shell:Creating environment hook '/home/markros2/rosproject/install/pubsub/share/pubsub/hook/pythonpath.sh'
[1.358s] Level 1:colcon.colcon_core.environment:create_environment_scripts_only(pubsub)
[1.359s] INFO:colcon.colcon_core.shell:Creating package script '/home/markros2/rosproject/install/pubsub/share/pubsub/package.ps1'
[1.359s] INFO:colcon.colcon_core.shell:Creating package descriptor '/home/markros2/rosproject/install/pubsub/share/pubsub/package.dsv'
[1.360s] INFO:colcon.colcon_core.shell:Creating package script '/home/markros2/rosproject/install/pubsub/share/pubsub/package.sh'
[1.360s] INFO:colcon.colcon_core.shell:Creating package script '/home/markros2/rosproject/install/pubsub/share/pubsub/package.bash'
[1.360s] INFO:colcon.colcon_core.shell:Creating package script '/home/markros2/rosproject/install/pubsub/share/pubsub/package.zsh'
[1.360s] Level 1:colcon.colcon_core.environment:create_file_with_runtime_dependencies(/home/markros2/rosproject/install/pubsub/share/colcon-core/packages/pubsub)
[1.385s] Level 1:colcon.colcon_core.environment:checking '/home/markros2/rosproject/install/my_robot_slam' for CMake module files
[1.386s] DEBUG:colcon.colcon_core.event_handler.log_command:Invoked command in '/home/markros2/rosproject/src/my_robot_slam' returned '0': PYTHONPATH=/home/markros2/rosproject/install/my_robot_slam/lib/python3.8/site-packages:${PYTHONPATH} /usr/bin/python3 setup.py egg_info --egg-base ../../build/my_robot_slam build --build-base /home/markros2/rosproject/build/my_robot_slam/build install --prefix /home/markros2/rosproject/install/my_robot_slam --record /home/markros2/rosproject/build/my_robot_slam/install.log --single-version-externally-managed
[1.386s] Level 1:colcon.colcon_core.environment:checking '/home/markros2/rosproject/install/my_robot_slam' for CMake config files
[1.386s] Level 1:colcon.colcon_core.environment:checking '/home/markros2/rosproject/install/my_robot_slam/lib'
[1.387s] Level 1:colcon.colcon_core.environment:checking '/home/markros2/rosproject/install/my_robot_slam/bin'
[1.387s] Level 1:colcon.colcon_core.environment:checking '/home/markros2/rosproject/install/my_robot_slam/lib/pkgconfig/my_robot_slam.pc'
[1.387s] Level 1:colcon.colcon_core.environment:checking '/home/markros2/rosproject/install/my_robot_slam/lib/python3.8/site-packages'
[1.387s] Level 1:colcon.colcon_core.shell:create_environment_hook('my_robot_slam', 'pythonpath')
[1.387s] INFO:colcon.colcon_core.shell:Creating environment hook '/home/markros2/rosproject/install/my_robot_slam/share/my_robot_slam/hook/pythonpath.ps1'
[1.388s] INFO:colcon.colcon_core.shell:Creating environment descriptor '/home/markros2/rosproject/install/my_robot_slam/share/my_robot_slam/hook/pythonpath.dsv'
[1.388s] INFO:colcon.colcon_core.shell:Creating environment hook '/home/markros2/rosproject/install/my_robot_slam/share/my_robot_slam/hook/pythonpath.sh'
[1.388s] Level 1:colcon.colcon_core.environment:create_environment_scripts_only(my_robot_slam)
[1.389s] INFO:colcon.colcon_core.shell:Creating package script '/home/markros2/rosproject/install/my_robot_slam/share/my_robot_slam/package.ps1'
[1.390s] INFO:colcon.colcon_core.shell:Creating package descriptor '/home/markros2/rosproject/install/my_robot_slam/share/my_robot_slam/package.dsv'
[1.390s] INFO:colcon.colcon_core.shell:Creating package script '/home/markros2/rosproject/install/my_robot_slam/share/my_robot_slam/package.sh'
[1.390s] INFO:colcon.colcon_core.shell:Creating package script '/home/markros2/rosproject/install/my_robot_slam/share/my_robot_slam/package.bash'
[1.391s] INFO:colcon.colcon_core.shell:Creating package script '/home/markros2/rosproject/install/my_robot_slam/share/my_robot_slam/package.zsh'
[1.391s] Level 1:colcon.colcon_core.environment:create_file_with_runtime_dependencies(/home/markros2/rosproject/install/my_robot_slam/share/colcon-core/packages/my_robot_slam)
[1.393s] Level 1:colcon.colcon_core.environment:checking '/home/markros2/rosproject/install/my_vacuum_cleaner' for CMake module files
[1.393s] DEBUG:colcon.colcon_core.event_handler.log_command:Invoked command in '/home/markros2/rosproject/src/my_vacuum_cleaner' returned '0': PYTHONPATH=/home/markros2/rosproject/install/my_vacuum_cleaner/lib/python3.8/site-packages:${PYTHONPATH} /usr/bin/python3 setup.py egg_info --egg-base ../../build/my_vacuum_cleaner build --build-base /home/markros2/rosproject/build/my_vacuum_cleaner/build install --prefix /home/markros2/rosproject/install/my_vacuum_cleaner --record /home/markros2/rosproject/build/my_vacuum_cleaner/install.log --single-version-externally-managed
[1.393s] Level 1:colcon.colcon_core.environment:checking '/home/markros2/rosproject/install/my_vacuum_cleaner' for CMake config files
[1.394s] Level 1:colcon.colcon_core.environment:checking '/home/markros2/rosproject/install/my_vacuum_cleaner/lib'
[1.394s] Level 1:colcon.colcon_core.environment:checking '/home/markros2/rosproject/install/my_vacuum_cleaner/bin'
[1.394s] Level 1:colcon.colcon_core.environment:checking '/home/markros2/rosproject/install/my_vacuum_cleaner/lib/pkgconfig/my_vacuum_cleaner.pc'
[1.394s] Level 1:colcon.colcon_core.environment:checking '/home/markros2/rosproject/install/my_vacuum_cleaner/lib/python3.8/site-packages'
[1.394s] Level 1:colcon.colcon_core.shell:create_environment_hook('my_vacuum_cleaner', 'pythonpath')
[1.395s] INFO:colcon.colcon_core.shell:Creating environment hook '/home/markros2/rosproject/install/my_vacuum_cleaner/share/my_vacuum_cleaner/hook/pythonpath.ps1'
[1.395s] INFO:colcon.colcon_core.shell:Creating environment descriptor '/home/markros2/rosproject/install/my_vacuum_cleaner/share/my_vacuum_cleaner/hook/pythonpath.dsv'
[1.395s] INFO:colcon.colcon_core.shell:Creating environment hook '/home/markros2/rosproject/install/my_vacuum_cleaner/share/my_vacuum_cleaner/hook/pythonpath.sh'
[1.395s] Level 1:colcon.colcon_core.environment:create_environment_scripts_only(my_vacuum_cleaner)
[1.396s] INFO:colcon.colcon_core.shell:Creating package script '/home/markros2/rosproject/install/my_vacuum_cleaner/share/my_vacuum_cleaner/package.ps1'
[1.396s] INFO:colcon.colcon_core.shell:Creating package descriptor '/home/markros2/rosproject/install/my_vacuum_cleaner/share/my_vacuum_cleaner/package.dsv'
[1.397s] INFO:colcon.colcon_core.shell:Creating package script '/home/markros2/rosproject/install/my_vacuum_cleaner/share/my_vacuum_cleaner/package.sh'
[1.397s] INFO:colcon.colcon_core.shell:Creating package script '/home/markros2/rosproject/install/my_vacuum_cleaner/share/my_vacuum_cleaner/package.bash'
[1.397s] INFO:colcon.colcon_core.shell:Creating package script '/home/markros2/rosproject/install/my_vacuum_cleaner/share/my_vacuum_cleaner/package.zsh'
[1.398s] Level 1:colcon.colcon_core.environment:create_file_with_runtime_dependencies(/home/markros2/rosproject/install/my_vacuum_cleaner/share/colcon-core/packages/my_vacuum_cleaner)
[1.504s] DEBUG:colcon.colcon_core.event_handler.log_command:Invoking command in '/home/markros2/rosproject/build/slam_toolbox': CMAKE_PREFIX_PATH=${CMAKE_PREFIX_PATH}:/home/markros2/rosproject/install/pubsub:/home/markros2/rosproject/install/my_vacuum_cleaner:/home/markros2/rosproject/install/my_robot_slam:/home/markros2/rosproject/install/my_robot_navigation:/home/markros2/project/install/slam:/opt/ros/foxy /usr/bin/cmake --install /home/markros2/rosproject/build/slam_toolbox
[1.558s] Level 1:colcon.colcon_core.environment:create_environment_scripts_only(slam_toolbox)
[1.559s] Level 1:colcon.colcon_core.environment:checking '/home/markros2/rosproject/install/slam_toolbox' for CMake module files
[1.563s] Level 1:colcon.colcon_core.environment:checking '/home/markros2/rosproject/install/slam_toolbox' for CMake config files
[1.563s] DEBUG:colcon.colcon_core.event_handler.log_command:Invoked command in '/home/markros2/rosproject/build/slam_toolbox' returned '0': CMAKE_PREFIX_PATH=${CMAKE_PREFIX_PATH}:/home/markros2/rosproject/install/pubsub:/home/markros2/rosproject/install/my_vacuum_cleaner:/home/markros2/rosproject/install/my_robot_slam:/home/markros2/rosproject/install/my_robot_navigation:/home/markros2/project/install/slam:/opt/ros/foxy /usr/bin/cmake --install /home/markros2/rosproject/build/slam_toolbox
[1.564s] Level 1:colcon.colcon_core.shell:create_environment_hook('slam_toolbox', 'cmake_prefix_path')
[1.564s] INFO:colcon.colcon_core.shell:Creating environment hook '/home/markros2/rosproject/install/slam_toolbox/share/slam_toolbox/hook/cmake_prefix_path.ps1'
[1.564s] INFO:colcon.colcon_core.shell:Creating environment descriptor '/home/markros2/rosproject/install/slam_toolbox/share/slam_toolbox/hook/cmake_prefix_path.dsv'
[1.565s] INFO:colcon.colcon_core.shell:Creating environment hook '/home/markros2/rosproject/install/slam_toolbox/share/slam_toolbox/hook/cmake_prefix_path.sh'
[1.565s] Level 1:colcon.colcon_core.environment:checking '/home/markros2/rosproject/install/slam_toolbox/lib'
[1.565s] Level 1:colcon.colcon_core.shell:create_environment_hook('slam_toolbox', 'ld_library_path_lib')
[1.566s] INFO:colcon.colcon_core.shell:Creating environment hook '/home/markros2/rosproject/install/slam_toolbox/share/slam_toolbox/hook/ld_library_path_lib.ps1'
[1.566s] INFO:colcon.colcon_core.shell:Creating environment descriptor '/home/markros2/rosproject/install/slam_toolbox/share/slam_toolbox/hook/ld_library_path_lib.dsv'
[1.566s] INFO:colcon.colcon_core.shell:Creating environment hook '/home/markros2/rosproject/install/slam_toolbox/share/slam_toolbox/hook/ld_library_path_lib.sh'
[1.567s] Level 1:colcon.colcon_core.environment:checking '/home/markros2/rosproject/install/slam_toolbox/bin'
[1.567s] Level 1:colcon.colcon_core.environment:checking '/home/markros2/rosproject/install/slam_toolbox/lib/pkgconfig/slam_toolbox.pc'
[1.567s] Level 1:colcon.colcon_core.environment:checking '/home/markros2/rosproject/install/slam_toolbox/lib/python3.8/site-packages'
[1.567s] Level 1:colcon.colcon_core.shell:create_environment_hook('slam_toolbox', 'pythonpath')
[1.567s] INFO:colcon.colcon_core.shell:Creating environment hook '/home/markros2/rosproject/install/slam_toolbox/share/slam_toolbox/hook/pythonpath.ps1'
[1.568s] INFO:colcon.colcon_core.shell:Creating environment descriptor '/home/markros2/rosproject/install/slam_toolbox/share/slam_toolbox/hook/pythonpath.dsv'
[1.568s] INFO:colcon.colcon_core.shell:Creating environment hook '/home/markros2/rosproject/install/slam_toolbox/share/slam_toolbox/hook/pythonpath.sh'
[1.569s] INFO:colcon.colcon_core.shell:Creating package script '/home/markros2/rosproject/install/slam_toolbox/share/slam_toolbox/package.ps1'
[1.569s] INFO:colcon.colcon_core.shell:Creating package descriptor '/home/markros2/rosproject/install/slam_toolbox/share/slam_toolbox/package.dsv'
[1.570s] INFO:colcon.colcon_core.shell:Creating package script '/home/markros2/rosproject/install/slam_toolbox/share/slam_toolbox/package.sh'
[1.570s] INFO:colcon.colcon_core.shell:Creating package script '/home/markros2/rosproject/install/slam_toolbox/share/slam_toolbox/package.bash'
[1.570s] INFO:colcon.colcon_core.shell:Creating package script '/home/markros2/rosproject/install/slam_toolbox/share/slam_toolbox/package.zsh'
[1.571s] Level 1:colcon.colcon_core.environment:create_file_with_runtime_dependencies(/home/markros2/rosproject/install/slam_toolbox/share/colcon-core/packages/slam_toolbox)
[1.698s] Level 1:colcon.colcon_core.environment:create_environment_scripts_only(slam_toolbox)
[1.699s] Level 1:colcon.colcon_core.environment:checking '/home/markros2/rosproject/install/slam_toolbox' for CMake module files
[1.700s] Level 1:colcon.colcon_core.environment:checking '/home/markros2/rosproject/install/slam_toolbox' for CMake config files
[1.700s] Level 1:colcon.colcon_core.shell:create_environment_hook('slam_toolbox', 'cmake_prefix_path')
[1.700s] INFO:colcon.colcon_core.shell:Creating environment hook '/home/markros2/rosproject/install/slam_toolbox/share/slam_toolbox/hook/cmake_prefix_path.ps1'
[1.700s] INFO:colcon.colcon_core.shell:Creating environment descriptor '/home/markros2/rosproject/install/slam_toolbox/share/slam_toolbox/hook/cmake_prefix_path.dsv'
[1.701s] INFO:colcon.colcon_core.shell:Creating environment hook '/home/markros2/rosproject/install/slam_toolbox/share/slam_toolbox/hook/cmake_prefix_path.sh'
[1.701s] Level 1:colcon.colcon_core.environment:checking '/home/markros2/rosproject/install/slam_toolbox/lib'
[1.701s] Level 1:colcon.colcon_core.shell:create_environment_hook('slam_toolbox', 'ld_library_path_lib')
[1.702s] INFO:colcon.colcon_core.shell:Creating environment hook '/home/markros2/rosproject/install/slam_toolbox/share/slam_toolbox/hook/ld_library_path_lib.ps1'
[1.702s] INFO:colcon.colcon_core.shell:Creating environment descriptor '/home/markros2/rosproject/install/slam_toolbox/share/slam_toolbox/hook/ld_library_path_lib.dsv'
[1.702s] INFO:colcon.colcon_core.shell:Creating environment hook '/home/markros2/rosproject/install/slam_toolbox/share/slam_toolbox/hook/ld_library_path_lib.sh'
[1.702s] Level 1:colcon.colcon_core.environment:checking '/home/markros2/rosproject/install/slam_toolbox/bin'
[1.702s] Level 1:colcon.colcon_core.environment:checking '/home/markros2/rosproject/install/slam_toolbox/lib/pkgconfig/slam_toolbox.pc'
[1.702s] Level 1:colcon.colcon_core.environment:checking '/home/markros2/rosproject/install/slam_toolbox/lib/python3.8/site-packages'
[1.703s] Level 1:colcon.colcon_core.shell:create_environment_hook('slam_toolbox', 'pythonpath')
[1.703s] INFO:colcon.colcon_core.shell:Creating environment hook '/home/markros2/rosproject/install/slam_toolbox/share/slam_toolbox/hook/pythonpath.ps1'
[1.703s] INFO:colcon.colcon_core.shell:Creating environment descriptor '/home/markros2/rosproject/install/slam_toolbox/share/slam_toolbox/hook/pythonpath.dsv'
[1.704s] INFO:colcon.colcon_core.shell:Creating environment hook '/home/markros2/rosproject/install/slam_toolbox/share/slam_toolbox/hook/pythonpath.sh'
[1.704s] INFO:colcon.colcon_core.shell:Creating package script '/home/markros2/rosproject/install/slam_toolbox/share/slam_toolbox/package.ps1'
[1.705s] INFO:colcon.colcon_core.shell:Creating package descriptor '/home/markros2/rosproject/install/slam_toolbox/share/slam_toolbox/package.dsv'
[1.705s] INFO:colcon.colcon_core.shell:Creating package script '/home/markros2/rosproject/install/slam_toolbox/share/slam_toolbox/package.sh'
[1.706s] INFO:colcon.colcon_core.shell:Creating package script '/home/markros2/rosproject/install/slam_toolbox/share/slam_toolbox/package.bash'
[1.706s] INFO:colcon.colcon_core.shell:Creating package script '/home/markros2/rosproject/install/slam_toolbox/share/slam_toolbox/package.zsh'
[1.706s] Level 1:colcon.colcon_core.environment:create_file_with_runtime_dependencies(/home/markros2/rosproject/install/slam_toolbox/share/colcon-core/packages/slam_toolbox)
[1.706s] DEBUG:colcon.colcon_parallel_executor.executor.parallel:closing loop
[1.707s] DEBUG:colcon.colcon_parallel_executor.executor.parallel:loop closed
[1.707s] DEBUG:colcon.colcon_parallel_executor.executor.parallel:run_until_complete finished with '0'
[1.707s] DEBUG:colcon.colcon_core.event_reactor:joining thread
[1.711s] INFO:colcon.colcon_core.plugin_system:Skipping extension 'colcon_notification.desktop_notification.terminal_notifier': Not used on non-Darwin systems
[1.711s] INFO:colcon.colcon_core.plugin_system:Skipping extension 'colcon_notification.desktop_notification.win32': Not used on non-Windows systems
[1.711s] INFO:colcon.colcon_notification.desktop_notification:Sending desktop notification using 'notify2'
[1.722s] DEBUG:colcon.colcon_core.event_reactor:joined thread
[1.722s] INFO:colcon.colcon_core.shell:Creating prefix script '/home/markros2/rosproject/install/local_setup.ps1'
[1.723s] INFO:colcon.colcon_core.shell:Creating prefix util module '/home/markros2/rosproject/install/_local_setup_util_ps1.py'
[1.724s] INFO:colcon.colcon_core.shell:Creating prefix chain script '/home/markros2/rosproject/install/setup.ps1'
[1.725s] INFO:colcon.colcon_core.shell:Creating prefix script '/home/markros2/rosproject/install/local_setup.sh'
[1.726s] INFO:colcon.colcon_core.shell:Creating prefix util module '/home/markros2/rosproject/install/_local_setup_util_sh.py'
[1.726s] INFO:colcon.colcon_core.shell:Creating prefix chain script '/home/markros2/rosproject/install/setup.sh'
[1.728s] INFO:colcon.colcon_core.shell:Creating prefix script '/home/markros2/rosproject/install/local_setup.bash'
[1.728s] INFO:colcon.colcon_core.shell:Creating prefix chain script '/home/markros2/rosproject/install/setup.bash'
[1.730s] INFO:colcon.colcon_core.shell:Creating prefix script '/home/markros2/rosproject/install/local_setup.zsh'
[1.730s] INFO:colcon.colcon_core.shell:Creating prefix chain script '/home/markros2/rosproject/install/setup.zsh'
