[0.754s] Invoking command in '/home/markros2/rosproject/src/my_robot_slam': PYTHONPATH=/home/markros2/rosproject/install/my_robot_slam/lib/python3.8/site-packages:${PYTHONPATH} /usr/bin/python3 setup.py egg_info --egg-base ../../build/my_robot_slam build --build-base /home/markros2/rosproject/build/my_robot_slam/build install --prefix /home/markros2/rosproject/install/my_robot_slam --record /home/markros2/rosproject/build/my_robot_slam/install.log --single-version-externally-managed
[0.941s] running egg_info
[0.942s] creating ../../build/my_robot_slam/my_robot_slam.egg-info
[0.942s] writing ../../build/my_robot_slam/my_robot_slam.egg-info/PKG-INFO
[0.942s] writing dependency_links to ../../build/my_robot_slam/my_robot_slam.egg-info/dependency_links.txt
[0.943s] writing entry points to ../../build/my_robot_slam/my_robot_slam.egg-info/entry_points.txt
[0.943s] writing requirements to ../../build/my_robot_slam/my_robot_slam.egg-info/requires.txt
[0.943s] writing top-level names to ../../build/my_robot_slam/my_robot_slam.egg-info/top_level.txt
[0.946s] writing manifest file '../../build/my_robot_slam/my_robot_slam.egg-info/SOURCES.txt'
[0.994s] reading manifest file '../../build/my_robot_slam/my_robot_slam.egg-info/SOURCES.txt'
[0.995s] writing manifest file '../../build/my_robot_slam/my_robot_slam.egg-info/SOURCES.txt'
[0.995s] running build
[0.995s] running build_py
[0.995s] creating /home/markros2/rosproject/build/my_robot_slam/build
[0.996s] creating /home/markros2/rosproject/build/my_robot_slam/build/lib
[0.996s] creating /home/markros2/rosproject/build/my_robot_slam/build/lib/my_robot_slam
[0.996s] copying my_robot_slam/__init__.py -> /home/markros2/rosproject/build/my_robot_slam/build/lib/my_robot_slam
[0.996s] running install
[0.997s] running install_lib
[0.997s] creating /home/markros2/rosproject/install/my_robot_slam/lib/python3.8/site-packages/my_robot_slam
[0.997s] copying /home/markros2/rosproject/build/my_robot_slam/build/lib/my_robot_slam/__init__.py -> /home/markros2/rosproject/install/my_robot_slam/lib/python3.8/site-packages/my_robot_slam
[0.997s] byte-compiling /home/markros2/rosproject/install/my_robot_slam/lib/python3.8/site-packages/my_robot_slam/__init__.py to __init__.cpython-38.pyc
[0.998s] running install_data
[0.998s] creating /home/markros2/rosproject/install/my_robot_slam/share/ament_index
[0.998s] creating /home/markros2/rosproject/install/my_robot_slam/share/ament_index/resource_index
[0.998s] creating /home/markros2/rosproject/install/my_robot_slam/share/ament_index/resource_index/packages
[0.998s] copying resource/my_robot_slam -> /home/markros2/rosproject/install/my_robot_slam/share/ament_index/resource_index/packages
[0.998s] copying package.xml -> /home/markros2/rosproject/install/my_robot_slam/share/my_robot_slam
[0.999s] copying launch/slam_toolbox.launch.py -> /home/markros2/rosproject/install/my_robot_slam/share/my_robot_slam
[0.999s] copying launch/localization.launch.py -> /home/markros2/rosproject/install/my_robot_slam/share/my_robot_slam
[1.000s] copying config/map_params.yaml -> /home/markros2/rosproject/install/my_robot_slam/share/my_robot_slam
[1.000s] copying config/map.yaml -> /home/markros2/rosproject/install/my_robot_slam/share/my_robot_slam
[1.001s] copying config/localization_params.yaml -> /home/markros2/rosproject/install/my_robot_slam/share/my_robot_slam
[1.001s] running install_egg_info
[1.003s] Copying ../../build/my_robot_slam/my_robot_slam.egg-info to /home/markros2/rosproject/install/my_robot_slam/lib/python3.8/site-packages/my_robot_slam-0.0.0-py3.8.egg-info
[1.003s] running install_scripts
[1.020s] writing list of installed files to '/home/markros2/rosproject/build/my_robot_slam/install.log'
[1.070s] Invoked command in '/home/markros2/rosproject/src/my_robot_slam' returned '0': PYTHONPATH=/home/markros2/rosproject/install/my_robot_slam/lib/python3.8/site-packages:${PYTHONPATH} /usr/bin/python3 setup.py egg_info --egg-base ../../build/my_robot_slam build --build-base /home/markros2/rosproject/build/my_robot_slam/build install --prefix /home/markros2/rosproject/install/my_robot_slam --record /home/markros2/rosproject/build/my_robot_slam/install.log --single-version-externally-managed
