[0.762s] Invoking command in '/home/text/rosproject/src/pubsub': PYTHONPATH=/home/text/rosproject/install/pubsub/lib/python3.8/site-packages:${PYTHONPATH} /usr/bin/python3 setup.py egg_info --egg-base ../../build/pubsub build --build-base /home/text/rosproject/build/pubsub/build install --prefix /home/text/rosproject/install/pubsub --record /home/text/rosproject/build/pubsub/install.log --single-version-externally-managed
[0.945s] running egg_info
[0.946s] writing ../../build/pubsub/pubsub.egg-info/PKG-INFO
[0.946s] writing dependency_links to ../../build/pubsub/pubsub.egg-info/dependency_links.txt
[0.946s] writing entry points to ../../build/pubsub/pubsub.egg-info/entry_points.txt
[0.947s] writing requirements to ../../build/pubsub/pubsub.egg-info/requires.txt
[0.947s] writing top-level names to ../../build/pubsub/pubsub.egg-info/top_level.txt
[0.977s] reading manifest file '../../build/pubsub/pubsub.egg-info/SOURCES.txt'
[0.978s] writing manifest file '../../build/pubsub/pubsub.egg-info/SOURCES.txt'
[0.978s] running build
[0.978s] running build_py
[0.978s] running install
[0.979s] running install_lib
[0.980s] running install_data
[0.981s] running install_egg_info
[0.982s] removing '/home/text/rosproject/install/pubsub/lib/python3.8/site-packages/pubsub-0.0.0-py3.8.egg-info' (and everything under it)
[0.982s] Copying ../../build/pubsub/pubsub.egg-info to /home/text/rosproject/install/pubsub/lib/python3.8/site-packages/pubsub-0.0.0-py3.8.egg-info
[0.983s] running install_scripts
[0.998s] Installing publisher script to /home/text/rosproject/install/pubsub/lib/pubsub
[0.998s] writing list of installed files to '/home/text/rosproject/build/pubsub/install.log'
[1.032s] Invoked command in '/home/text/rosproject/src/pubsub' returned '0': PYTHONPATH=/home/text/rosproject/install/pubsub/lib/python3.8/site-packages:${PYTHONPATH} /usr/bin/python3 setup.py egg_info --egg-base ../../build/pubsub build --build-base /home/text/rosproject/build/pubsub/build install --prefix /home/text/rosproject/install/pubsub --record /home/text/rosproject/build/pubsub/install.log --single-version-externally-managed
