[0.791s] Invoking command in '/home/text/rosproject/src/pubsub': PYTHONPATH=/home/text/rosproject/install/pubsub/lib/python3.8/site-packages:${PYTHONPATH} /usr/bin/python3 setup.py egg_info --egg-base ../../build/pubsub build --build-base /home/text/rosproject/build/pubsub/build install --prefix /home/text/rosproject/install/pubsub --record /home/text/rosproject/build/pubsub/install.log --single-version-externally-managed
[0.974s] running egg_info
[0.974s] writing ../../build/pubsub/pubsub.egg-info/PKG-INFO
[0.974s] writing dependency_links to ../../build/pubsub/pubsub.egg-info/dependency_links.txt
[0.975s] writing entry points to ../../build/pubsub/pubsub.egg-info/entry_points.txt
[0.975s] writing requirements to ../../build/pubsub/pubsub.egg-info/requires.txt
[0.976s] writing top-level names to ../../build/pubsub/pubsub.egg-info/top_level.txt
[1.006s] reading manifest file '../../build/pubsub/pubsub.egg-info/SOURCES.txt'
[1.007s] writing manifest file '../../build/pubsub/pubsub.egg-info/SOURCES.txt'
[1.007s] running build
[1.007s] running build_py
[1.007s] running install
[1.008s] running install_lib
[1.009s] running install_data
[1.009s] running install_egg_info
[1.011s] removing '/home/text/rosproject/install/pubsub/lib/python3.8/site-packages/pubsub-0.0.0-py3.8.egg-info' (and everything under it)
[1.011s] Copying ../../build/pubsub/pubsub.egg-info to /home/text/rosproject/install/pubsub/lib/python3.8/site-packages/pubsub-0.0.0-py3.8.egg-info
[1.012s] running install_scripts
[1.028s] Installing publisher script to /home/text/rosproject/install/pubsub/lib/pubsub
[1.028s] writing list of installed files to '/home/text/rosproject/build/pubsub/install.log'
[1.073s] Invoked command in '/home/text/rosproject/src/pubsub' returned '0': PYTHONPATH=/home/text/rosproject/install/pubsub/lib/python3.8/site-packages:${PYTHONPATH} /usr/bin/python3 setup.py egg_info --egg-base ../../build/pubsub build --build-base /home/text/rosproject/build/pubsub/build install --prefix /home/text/rosproject/install/pubsub --record /home/text/rosproject/build/pubsub/install.log --single-version-externally-managed
