[0.613s] Invoking command in '/home/markros2/rosproject/src/pubsub': PYTHONPATH=/home/markros2/rosproject/install/pubsub/lib/python3.8/site-packages:${PYTHONPATH} /usr/bin/python3 setup.py egg_info --egg-base ../../build/pubsub build --build-base /home/markros2/rosproject/build/pubsub/build install --prefix /home/markros2/rosproject/install/pubsub --record /home/markros2/rosproject/build/pubsub/install.log --single-version-externally-managed
[0.830s] running egg_info
[0.831s] writing ../../build/pubsub/pubsub.egg-info/PKG-INFO
[0.831s] writing dependency_links to ../../build/pubsub/pubsub.egg-info/dependency_links.txt
[0.831s] writing entry points to ../../build/pubsub/pubsub.egg-info/entry_points.txt
[0.832s] writing requirements to ../../build/pubsub/pubsub.egg-info/requires.txt
[0.832s] writing top-level names to ../../build/pubsub/pubsub.egg-info/top_level.txt
[0.882s] reading manifest file '../../build/pubsub/pubsub.egg-info/SOURCES.txt'
[0.883s] writing manifest file '../../build/pubsub/pubsub.egg-info/SOURCES.txt'
[0.883s] running build
[0.883s] running build_py
[0.883s] copying pubsub/publisher.py -> /home/markros2/rosproject/build/pubsub/build/lib/pubsub
[0.885s] running install
[0.885s] running install_lib
[0.886s] copying /home/markros2/rosproject/build/pubsub/build/lib/pubsub/publisher.py -> /home/markros2/rosproject/install/pubsub/lib/python3.8/site-packages/pubsub
[0.886s] byte-compiling /home/markros2/rosproject/install/pubsub/lib/python3.8/site-packages/pubsub/publisher.py to publisher.cpython-38.pyc
[0.888s] running install_data
[0.888s] running install_egg_info
[0.890s] removing '/home/markros2/rosproject/install/pubsub/lib/python3.8/site-packages/pubsub-0.0.0-py3.8.egg-info' (and everything under it)
[0.890s] Copying ../../build/pubsub/pubsub.egg-info to /home/markros2/rosproject/install/pubsub/lib/python3.8/site-packages/pubsub-0.0.0-py3.8.egg-info
[0.891s] running install_scripts
[0.914s] Installing publisher script to /home/markros2/rosproject/install/pubsub/lib/pubsub
[0.914s] Installing subscriber script to /home/markros2/rosproject/install/pubsub/lib/pubsub
[0.915s] writing list of installed files to '/home/markros2/rosproject/build/pubsub/install.log'
[0.951s] Invoked command in '/home/markros2/rosproject/src/pubsub' returned '0': PYTHONPATH=/home/markros2/rosproject/install/pubsub/lib/python3.8/site-packages:${PYTHONPATH} /usr/bin/python3 setup.py egg_info --egg-base ../../build/pubsub build --build-base /home/markros2/rosproject/build/pubsub/build install --prefix /home/markros2/rosproject/install/pubsub --record /home/markros2/rosproject/build/pubsub/install.log --single-version-externally-managed
