[0.922s] Invoking command in '/home/text/rosproject/src/my_robot_navigation': PYTHONPATH=/home/text/rosproject/install/my_robot_navigation/lib/python3.8/site-packages:${PYTHONPATH} /usr/bin/python3 setup.py egg_info --egg-base ../../build/my_robot_navigation build --build-base /home/text/rosproject/build/my_robot_navigation/build install --prefix /home/text/rosproject/install/my_robot_navigation --record /home/text/rosproject/build/my_robot_navigation/install.log --single-version-externally-managed
[1.135s] running egg_info
[1.135s] writing ../../build/my_robot_navigation/my_robot_navigation.egg-info/PKG-INFO
[1.136s] writing dependency_links to ../../build/my_robot_navigation/my_robot_navigation.egg-info/dependency_links.txt
[1.136s] writing entry points to ../../build/my_robot_navigation/my_robot_navigation.egg-info/entry_points.txt
[1.136s] writing requirements to ../../build/my_robot_navigation/my_robot_navigation.egg-info/requires.txt
[1.136s] writing top-level names to ../../build/my_robot_navigation/my_robot_navigation.egg-info/top_level.txt
[1.170s] reading manifest file '../../build/my_robot_navigation/my_robot_navigation.egg-info/SOURCES.txt'
[1.171s] writing manifest file '../../build/my_robot_navigation/my_robot_navigation.egg-info/SOURCES.txt'
[1.171s] running build
[1.171s] running build_py
[1.172s] running install
[1.172s] running install_lib
[1.173s] running install_data
[1.174s] running install_egg_info
[1.175s] removing '/home/text/rosproject/install/my_robot_navigation/lib/python3.8/site-packages/my_robot_navigation-0.0.0-py3.8.egg-info' (and everything under it)
[1.175s] Copying ../../build/my_robot_navigation/my_robot_navigation.egg-info to /home/text/rosproject/install/my_robot_navigation/lib/python3.8/site-packages/my_robot_navigation-0.0.0-py3.8.egg-info
[1.176s] running install_scripts
[1.192s] Installing initpose script to /home/text/rosproject/install/my_robot_navigation/lib/my_robot_navigation
[1.192s] writing list of installed files to '/home/text/rosproject/build/my_robot_navigation/install.log'
[1.217s] Invoked command in '/home/text/rosproject/src/my_robot_navigation' returned '0': PYTHONPATH=/home/text/rosproject/install/my_robot_navigation/lib/python3.8/site-packages:${PYTHONPATH} /usr/bin/python3 setup.py egg_info --egg-base ../../build/my_robot_navigation build --build-base /home/text/rosproject/build/my_robot_navigation/build install --prefix /home/text/rosproject/install/my_robot_navigation --record /home/text/rosproject/build/my_robot_navigation/install.log --single-version-externally-managed
