[35m[1mScanning dependencies of target slam_toolbox__cpp[0m
[  1%] [34m[1mGenerating C code for ROS interfaces[0m
[35m[1mScanning dependencies of target kartoSlamToolbox[0m
[  2%] [34m[1mGenerating C++ code for ROS interfaces[0m
[  3%] [32mBuilding CXX object lib/karto_sdk/CMakeFiles/kartoSlamToolbox.dir/src/Karto.cpp.o[0m
[  3%] [32mBuilding CXX object lib/karto_sdk/CMakeFiles/kartoSlamToolbox.dir/src/Mapper.cpp.o[0m
[  3%] Built target slam_toolbox__cpp
[  4%] [34m[1mGenerating C++ type support dispatch for ROS interfaces[0m
[  5%] [34m[1mGenerating C++ type support for eProsima Fast-RTPS[0m
[  6%] [34m[1mGenerating C++ introspection for ROS interfaces[0m
[35m[1mScanning dependencies of target slam_toolbox__rosidl_generator_c[0m
[  7%] [32mBuilding C object CMakeFiles/slam_toolbox__rosidl_generator_c.dir/rosidl_generator_c/slam_toolbox/srv/detail/pause__functions.c.o[0m
[  7%] [32mBuilding C object CMakeFiles/slam_toolbox__rosidl_generator_c.dir/rosidl_generator_c/slam_toolbox/srv/detail/toggle_interactive__functions.c.o[0m
[  8%] [32mBuilding C object CMakeFiles/slam_toolbox__rosidl_generator_c.dir/rosidl_generator_c/slam_toolbox/srv/detail/clear_queue__functions.c.o[0m
[  9%] [32mBuilding C object CMakeFiles/slam_toolbox__rosidl_generator_c.dir/rosidl_generator_c/slam_toolbox/srv/detail/clear__functions.c.o[0m
[  9%] [32mBuilding C object CMakeFiles/slam_toolbox__rosidl_generator_c.dir/rosidl_generator_c/slam_toolbox/srv/detail/save_map__functions.c.o[0m
[ 10%] [32mBuilding C object CMakeFiles/slam_toolbox__rosidl_generator_c.dir/rosidl_generator_c/slam_toolbox/srv/detail/merge_maps__functions.c.o[0m
[ 11%] [32mBuilding C object CMakeFiles/slam_toolbox__rosidl_generator_c.dir/rosidl_generator_c/slam_toolbox/srv/detail/loop_closure__functions.c.o[0m
[ 12%] [32mBuilding C object CMakeFiles/slam_toolbox__rosidl_generator_c.dir/rosidl_generator_c/slam_toolbox/srv/detail/add_submap__functions.c.o[0m
[ 13%] [32mBuilding C object CMakeFiles/slam_toolbox__rosidl_generator_c.dir/rosidl_generator_c/slam_toolbox/srv/detail/serialize_pose_graph__functions.c.o[0m
[ 13%] [32mBuilding C object CMakeFiles/slam_toolbox__rosidl_generator_c.dir/rosidl_generator_c/slam_toolbox/srv/detail/deserialize_pose_graph__functions.c.o[0m
[ 14%] [32m[1mLinking C shared library libslam_toolbox__rosidl_generator_c.so[0m
[ 14%] Built target slam_toolbox__rosidl_generator_c
[ 16%] [34m[1mGenerating C type support dispatch for ROS interfaces[0m
[ 16%] [34m[1mGenerating C introspection for ROS interfaces[0m
[35m[1mScanning dependencies of target slam_toolbox__rosidl_typesupport_cpp[0m
[ 17%] [32mBuilding CXX object CMakeFiles/slam_toolbox__rosidl_typesupport_cpp.dir/rosidl_typesupport_cpp/slam_toolbox/srv/pause__type_support.cpp.o[0m
[ 17%] [32mBuilding CXX object CMakeFiles/slam_toolbox__rosidl_typesupport_cpp.dir/rosidl_typesupport_cpp/slam_toolbox/srv/clear_queue__type_support.cpp.o[0m
[ 18%] [32mBuilding CXX object CMakeFiles/slam_toolbox__rosidl_typesupport_cpp.dir/rosidl_typesupport_cpp/slam_toolbox/srv/toggle_interactive__type_support.cpp.o[0m
[ 19%] [32mBuilding CXX object CMakeFiles/slam_toolbox__rosidl_typesupport_cpp.dir/rosidl_typesupport_cpp/slam_toolbox/srv/clear__type_support.cpp.o[0m
[ 20%] [32mBuilding CXX object CMakeFiles/slam_toolbox__rosidl_typesupport_cpp.dir/rosidl_typesupport_cpp/slam_toolbox/srv/save_map__type_support.cpp.o[0m
[ 20%] [32mBuilding CXX object CMakeFiles/slam_toolbox__rosidl_typesupport_cpp.dir/rosidl_typesupport_cpp/slam_toolbox/srv/loop_closure__type_support.cpp.o[0m
[35m[1mScanning dependencies of target slam_toolbox__rosidl_typesupport_introspection_cpp[0m
[ 21%] [32mBuilding CXX object CMakeFiles/slam_toolbox__rosidl_typesupport_introspection_cpp.dir/rosidl_typesupport_introspection_cpp/slam_toolbox/srv/detail/pause__type_support.cpp.o[0m
[ 22%] [32mBuilding CXX object CMakeFiles/slam_toolbox__rosidl_typesupport_introspection_cpp.dir/rosidl_typesupport_introspection_cpp/slam_toolbox/srv/detail/clear_queue__type_support.cpp.o[0m
[ 23%] [32mBuilding CXX object CMakeFiles/slam_toolbox__rosidl_typesupport_cpp.dir/rosidl_typesupport_cpp/slam_toolbox/srv/merge_maps__type_support.cpp.o[0m
[ 23%] [32mBuilding CXX object CMakeFiles/slam_toolbox__rosidl_typesupport_introspection_cpp.dir/rosidl_typesupport_introspection_cpp/slam_toolbox/srv/detail/toggle_interactive__type_support.cpp.o[0m
[ 24%] [32mBuilding CXX object CMakeFiles/slam_toolbox__rosidl_typesupport_cpp.dir/rosidl_typesupport_cpp/slam_toolbox/srv/add_submap__type_support.cpp.o[0m
[ 24%] [32mBuilding CXX object CMakeFiles/slam_toolbox__rosidl_typesupport_cpp.dir/rosidl_typesupport_cpp/slam_toolbox/srv/deserialize_pose_graph__type_support.cpp.o[0m
[ 25%] [32mBuilding CXX object CMakeFiles/slam_toolbox__rosidl_typesupport_cpp.dir/rosidl_typesupport_cpp/slam_toolbox/srv/serialize_pose_graph__type_support.cpp.o[0m
[35m[1mScanning dependencies of target slam_toolbox__rosidl_typesupport_c[0m
[ 25%] [32mBuilding CXX object CMakeFiles/slam_toolbox__rosidl_typesupport_c.dir/rosidl_typesupport_c/slam_toolbox/srv/pause__type_support.cpp.o[0m
[35m[1mScanning dependencies of target slam_toolbox__rosidl_typesupport_fastrtps_cpp[0m
[ 26%] [32mBuilding CXX object CMakeFiles/slam_toolbox__rosidl_typesupport_c.dir/rosidl_typesupport_c/slam_toolbox/srv/clear_queue__type_support.cpp.o[0m
[ 27%] [32mBuilding CXX object CMakeFiles/slam_toolbox__rosidl_typesupport_introspection_cpp.dir/rosidl_typesupport_introspection_cpp/slam_toolbox/srv/detail/clear__type_support.cpp.o[0m
[ 28%] [32mBuilding CXX object CMakeFiles/slam_toolbox__rosidl_typesupport_c.dir/rosidl_typesupport_c/slam_toolbox/srv/toggle_interactive__type_support.cpp.o[0m
[ 29%] [32mBuilding CXX object CMakeFiles/slam_toolbox__rosidl_typesupport_fastrtps_cpp.dir/rosidl_typesupport_fastrtps_cpp/slam_toolbox/srv/detail/dds_fastrtps/pause__type_support.cpp.o[0m
[ 29%] [32mBuilding CXX object CMakeFiles/slam_toolbox__rosidl_typesupport_c.dir/rosidl_typesupport_c/slam_toolbox/srv/clear__type_support.cpp.o[0m
[ 30%] [32mBuilding CXX object CMakeFiles/slam_toolbox__rosidl_typesupport_c.dir/rosidl_typesupport_c/slam_toolbox/srv/save_map__type_support.cpp.o[0m
[ 31%] [32mBuilding CXX object CMakeFiles/slam_toolbox__rosidl_typesupport_c.dir/rosidl_typesupport_c/slam_toolbox/srv/loop_closure__type_support.cpp.o[0m
[ 32%] [32mBuilding CXX object CMakeFiles/slam_toolbox__rosidl_typesupport_c.dir/rosidl_typesupport_c/slam_toolbox/srv/merge_maps__type_support.cpp.o[0m
[ 32%] [32mBuilding CXX object CMakeFiles/slam_toolbox__rosidl_typesupport_c.dir/rosidl_typesupport_c/slam_toolbox/srv/add_submap__type_support.cpp.o[0m
[ 32%] [32mBuilding CXX object CMakeFiles/slam_toolbox__rosidl_typesupport_fastrtps_cpp.dir/rosidl_typesupport_fastrtps_cpp/slam_toolbox/srv/detail/dds_fastrtps/clear_queue__type_support.cpp.o[0m
[ 33%] [32mBuilding CXX object CMakeFiles/slam_toolbox__rosidl_typesupport_introspection_cpp.dir/rosidl_typesupport_introspection_cpp/slam_toolbox/srv/detail/save_map__type_support.cpp.o[0m
[ 34%] [32mBuilding CXX object CMakeFiles/slam_toolbox__rosidl_typesupport_c.dir/rosidl_typesupport_c/slam_toolbox/srv/deserialize_pose_graph__type_support.cpp.o[0m
[ 35%] [32mBuilding CXX object CMakeFiles/slam_toolbox__rosidl_typesupport_c.dir/rosidl_typesupport_c/slam_toolbox/srv/serialize_pose_graph__type_support.cpp.o[0m
[ 35%] [32mBuilding CXX object CMakeFiles/slam_toolbox__rosidl_typesupport_introspection_cpp.dir/rosidl_typesupport_introspection_cpp/slam_toolbox/srv/detail/loop_closure__type_support.cpp.o[0m
[ 36%] [32mBuilding CXX object CMakeFiles/slam_toolbox__rosidl_typesupport_introspection_cpp.dir/rosidl_typesupport_introspection_cpp/slam_toolbox/srv/detail/merge_maps__type_support.cpp.o[0m
[ 37%] [32m[1mLinking CXX shared library libslam_toolbox__rosidl_typesupport_cpp.so[0m
[35m[1mScanning dependencies of target slam_toolbox__rosidl_typesupport_introspection_c[0m
[ 38%] [32mBuilding CXX object CMakeFiles/slam_toolbox__rosidl_typesupport_introspection_cpp.dir/rosidl_typesupport_introspection_cpp/slam_toolbox/srv/detail/add_submap__type_support.cpp.o[0m
[ 39%] [32m[1mLinking CXX shared library libslam_toolbox__rosidl_typesupport_c.so[0m
[ 40%] [32mBuilding C object CMakeFiles/slam_toolbox__rosidl_typesupport_introspection_c.dir/rosidl_typesupport_introspection_c/slam_toolbox/srv/detail/pause__type_support.c.o[0m
[ 40%] Built target slam_toolbox__rosidl_typesupport_cpp
[ 41%] [32mBuilding CXX object CMakeFiles/slam_toolbox__rosidl_typesupport_fastrtps_cpp.dir/rosidl_typesupport_fastrtps_cpp/slam_toolbox/srv/detail/dds_fastrtps/toggle_interactive__type_support.cpp.o[0m
[ 41%] Built target slam_toolbox__rosidl_typesupport_c
[ 41%] [32mBuilding C object CMakeFiles/slam_toolbox__rosidl_typesupport_introspection_c.dir/rosidl_typesupport_introspection_c/slam_toolbox/srv/detail/clear_queue__type_support.c.o[0m
[ 42%] [32mBuilding C object CMakeFiles/slam_toolbox__rosidl_typesupport_introspection_c.dir/rosidl_typesupport_introspection_c/slam_toolbox/srv/detail/toggle_interactive__type_support.c.o[0m
[ 43%] [32mBuilding CXX object CMakeFiles/slam_toolbox__rosidl_typesupport_introspection_cpp.dir/rosidl_typesupport_introspection_cpp/slam_toolbox/srv/detail/deserialize_pose_graph__type_support.cpp.o[0m
[ 44%] [32mBuilding CXX object CMakeFiles/slam_toolbox__rosidl_typesupport_fastrtps_cpp.dir/rosidl_typesupport_fastrtps_cpp/slam_toolbox/srv/detail/dds_fastrtps/clear__type_support.cpp.o[0m
[ 45%] [32mBuilding C object CMakeFiles/slam_toolbox__rosidl_typesupport_introspection_c.dir/rosidl_typesupport_introspection_c/slam_toolbox/srv/detail/clear__type_support.c.o[0m
[ 45%] [32mBuilding C object CMakeFiles/slam_toolbox__rosidl_typesupport_introspection_c.dir/rosidl_typesupport_introspection_c/slam_toolbox/srv/detail/save_map__type_support.c.o[0m
[ 46%] [32mBuilding C object CMakeFiles/slam_toolbox__rosidl_typesupport_introspection_c.dir/rosidl_typesupport_introspection_c/slam_toolbox/srv/detail/loop_closure__type_support.c.o[0m
[ 47%] [32mBuilding C object CMakeFiles/slam_toolbox__rosidl_typesupport_introspection_c.dir/rosidl_typesupport_introspection_c/slam_toolbox/srv/detail/merge_maps__type_support.c.o[0m
[ 48%] [32mBuilding CXX object CMakeFiles/slam_toolbox__rosidl_typesupport_fastrtps_cpp.dir/rosidl_typesupport_fastrtps_cpp/slam_toolbox/srv/detail/dds_fastrtps/save_map__type_support.cpp.o[0m
[ 49%] [32mBuilding C object CMakeFiles/slam_toolbox__rosidl_typesupport_introspection_c.dir/rosidl_typesupport_introspection_c/slam_toolbox/srv/detail/add_submap__type_support.c.o[0m
[ 49%] [32mBuilding CXX object CMakeFiles/slam_toolbox__rosidl_typesupport_introspection_cpp.dir/rosidl_typesupport_introspection_cpp/slam_toolbox/srv/detail/serialize_pose_graph__type_support.cpp.o[0m
[ 49%] [32mBuilding C object CMakeFiles/slam_toolbox__rosidl_typesupport_introspection_c.dir/rosidl_typesupport_introspection_c/slam_toolbox/srv/detail/deserialize_pose_graph__type_support.c.o[0m
[ 49%] [32mBuilding CXX object CMakeFiles/slam_toolbox__rosidl_typesupport_fastrtps_cpp.dir/rosidl_typesupport_fastrtps_cpp/slam_toolbox/srv/detail/dds_fastrtps/loop_closure__type_support.cpp.o[0m
[ 50%] [32mBuilding C object CMakeFiles/slam_toolbox__rosidl_typesupport_introspection_c.dir/rosidl_typesupport_introspection_c/slam_toolbox/srv/detail/serialize_pose_graph__type_support.c.o[0m
[ 51%] [32mBuilding CXX object CMakeFiles/slam_toolbox__rosidl_typesupport_fastrtps_cpp.dir/rosidl_typesupport_fastrtps_cpp/slam_toolbox/srv/detail/dds_fastrtps/merge_maps__type_support.cpp.o[0m
[ 52%] [32mBuilding CXX object CMakeFiles/slam_toolbox__rosidl_typesupport_fastrtps_cpp.dir/rosidl_typesupport_fastrtps_cpp/slam_toolbox/srv/detail/dds_fastrtps/add_submap__type_support.cpp.o[0m
[ 53%] [32m[1mLinking C shared library libslam_toolbox__rosidl_typesupport_introspection_c.so[0m
[ 53%] Built target slam_toolbox__rosidl_typesupport_introspection_c
[ 54%] [32mBuilding CXX object CMakeFiles/slam_toolbox__rosidl_typesupport_fastrtps_cpp.dir/rosidl_typesupport_fastrtps_cpp/slam_toolbox/srv/detail/dds_fastrtps/deserialize_pose_graph__type_support.cpp.o[0m
[ 54%] [32mBuilding CXX object CMakeFiles/slam_toolbox__rosidl_typesupport_fastrtps_cpp.dir/rosidl_typesupport_fastrtps_cpp/slam_toolbox/srv/detail/dds_fastrtps/serialize_pose_graph__type_support.cpp.o[0m
[ 55%] [32m[1mLinking CXX shared library libslam_toolbox__rosidl_typesupport_introspection_cpp.so[0m
[ 55%] Built target slam_toolbox__rosidl_typesupport_introspection_cpp
[ 56%] [32m[1mLinking CXX shared library libslam_toolbox__rosidl_typesupport_fastrtps_cpp.so[0m
[ 56%] Built target slam_toolbox__rosidl_typesupport_fastrtps_cpp
[ 57%] [34m[1mGenerating C type support for eProsima Fast-RTPS[0m
[35m[1mScanning dependencies of target slam_toolbox__rosidl_typesupport_fastrtps_c[0m
[ 59%] [32mBuilding CXX object CMakeFiles/slam_toolbox__rosidl_typesupport_fastrtps_c.dir/rosidl_typesupport_fastrtps_c/slam_toolbox/srv/detail/clear_queue__type_support_c.cpp.o[0m
[ 60%] [32mBuilding CXX object CMakeFiles/slam_toolbox__rosidl_typesupport_fastrtps_c.dir/rosidl_typesupport_fastrtps_c/slam_toolbox/srv/detail/clear__type_support_c.cpp.o[0m
[ 59%] [32mBuilding CXX object CMakeFiles/slam_toolbox__rosidl_typesupport_fastrtps_c.dir/rosidl_typesupport_fastrtps_c/slam_toolbox/srv/detail/pause__type_support_c.cpp.o[0m
[ 59%] [32mBuilding CXX object CMakeFiles/slam_toolbox__rosidl_typesupport_fastrtps_c.dir/rosidl_typesupport_fastrtps_c/slam_toolbox/srv/detail/toggle_interactive__type_support_c.cpp.o[0m
[ 60%] [32mBuilding CXX object CMakeFiles/slam_toolbox__rosidl_typesupport_fastrtps_c.dir/rosidl_typesupport_fastrtps_c/slam_toolbox/srv/detail/save_map__type_support_c.cpp.o[0m
[ 61%] [32mBuilding CXX object CMakeFiles/slam_toolbox__rosidl_typesupport_fastrtps_c.dir/rosidl_typesupport_fastrtps_c/slam_toolbox/srv/detail/merge_maps__type_support_c.cpp.o[0m
[ 62%] [32mBuilding CXX object CMakeFiles/slam_toolbox__rosidl_typesupport_fastrtps_c.dir/rosidl_typesupport_fastrtps_c/slam_toolbox/srv/detail/loop_closure__type_support_c.cpp.o[0m
[ 63%] [32mBuilding CXX object CMakeFiles/slam_toolbox__rosidl_typesupport_fastrtps_c.dir/rosidl_typesupport_fastrtps_c/slam_toolbox/srv/detail/add_submap__type_support_c.cpp.o[0m
[ 63%] [32mBuilding CXX object CMakeFiles/slam_toolbox__rosidl_typesupport_fastrtps_c.dir/rosidl_typesupport_fastrtps_c/slam_toolbox/srv/detail/deserialize_pose_graph__type_support_c.cpp.o[0m
[ 64%] [32mBuilding CXX object CMakeFiles/slam_toolbox__rosidl_typesupport_fastrtps_c.dir/rosidl_typesupport_fastrtps_c/slam_toolbox/srv/detail/serialize_pose_graph__type_support_c.cpp.o[0m
[ 65%] [32m[1mLinking CXX shared library libslam_toolbox__rosidl_typesupport_fastrtps_c.so[0m
[ 65%] Built target slam_toolbox__rosidl_typesupport_fastrtps_c
[35m[1mScanning dependencies of target slam_toolbox[0m
[ 65%] Built target slam_toolbox
[ 65%] [34m[1mGenerating rviz_plugin/moc_slam_toolbox_rviz_plugin.cpp[0m
[35m[1mScanning dependencies of target slam_toolbox__py[0m
[ 66%] [34m[1mGenerating Python code for ROS interfaces[0m
[35m[1mScanning dependencies of target SlamToolboxPlugin[0m
[ 68%] [32mBuilding CXX object CMakeFiles/SlamToolboxPlugin.dir/rviz_plugin/slam_toolbox_rviz_plugin.cpp.o[0m
[ 68%] [32mBuilding CXX object CMakeFiles/SlamToolboxPlugin.dir/rviz_plugin/moc_slam_toolbox_rviz_plugin.cpp.o[0m
[ 68%] Built target slam_toolbox__py
[35m[1mScanning dependencies of target slam_toolbox__python[0m
[ 70%] [32mBuilding C object CMakeFiles/slam_toolbox__python.dir/rosidl_generator_py/slam_toolbox/srv/_clear_queue_s.c.o[0m
[ 70%] [32mBuilding C object CMakeFiles/slam_toolbox__python.dir/rosidl_generator_py/slam_toolbox/srv/_toggle_interactive_s.c.o[0m
[ 70%] [32mBuilding C object CMakeFiles/slam_toolbox__python.dir/rosidl_generator_py/slam_toolbox/srv/_pause_s.c.o[0m
[ 71%] [32mBuilding C object CMakeFiles/slam_toolbox__python.dir/rosidl_generator_py/slam_toolbox/srv/_clear_s.c.o[0m
[ 72%] [32mBuilding C object CMakeFiles/slam_toolbox__python.dir/rosidl_generator_py/slam_toolbox/srv/_save_map_s.c.o[0m
[ 73%] [32mBuilding C object CMakeFiles/slam_toolbox__python.dir/rosidl_generator_py/slam_toolbox/srv/_merge_maps_s.c.o[0m
[ 74%] [32mBuilding C object CMakeFiles/slam_toolbox__python.dir/rosidl_generator_py/slam_toolbox/srv/_add_submap_s.c.o[0m
[ 74%] [32mBuilding C object CMakeFiles/slam_toolbox__python.dir/rosidl_generator_py/slam_toolbox/srv/_loop_closure_s.c.o[0m
[ 75%] [32mBuilding C object CMakeFiles/slam_toolbox__python.dir/rosidl_generator_py/slam_toolbox/srv/_deserialize_pose_graph_s.c.o[0m
[ 75%] [32mBuilding C object CMakeFiles/slam_toolbox__python.dir/rosidl_generator_py/slam_toolbox/srv/_serialize_pose_graph_s.c.o[0m
[ 76%] [32m[1mLinking C shared library rosidl_generator_py/slam_toolbox/libslam_toolbox__python.so[0m
[ 76%] Built target slam_toolbox__python
[35m[1mScanning dependencies of target slam_toolbox__rosidl_typesupport_introspection_c__pyext[0m
[35m[1mScanning dependencies of target slam_toolbox__rosidl_typesupport_fastrtps_c__pyext[0m
[35m[1mScanning dependencies of target slam_toolbox__rosidl_typesupport_c__pyext[0m
[ 77%] [32mBuilding C object CMakeFiles/slam_toolbox__rosidl_typesupport_introspection_c__pyext.dir/rosidl_generator_py/slam_toolbox/_slam_toolbox_s.ep.rosidl_typesupport_introspection_c.c.o[0m
[ 77%] [32mBuilding C object CMakeFiles/slam_toolbox__rosidl_typesupport_fastrtps_c__pyext.dir/rosidl_generator_py/slam_toolbox/_slam_toolbox_s.ep.rosidl_typesupport_fastrtps_c.c.o[0m
[ 77%] [32mBuilding C object CMakeFiles/slam_toolbox__rosidl_typesupport_c__pyext.dir/rosidl_generator_py/slam_toolbox/_slam_toolbox_s.ep.rosidl_typesupport_c.c.o[0m
[ 78%] [32m[1mLinking CXX shared library rosidl_generator_py/slam_toolbox/slam_toolbox_s__rosidl_typesupport_fastrtps_c.cpython-38-x86_64-linux-gnu.so[0m
[ 78%] Built target slam_toolbox__rosidl_typesupport_fastrtps_c__pyext
[ 78%] [32m[1mLinking C shared library rosidl_generator_py/slam_toolbox/slam_toolbox_s__rosidl_typesupport_introspection_c.cpython-38-x86_64-linux-gnu.so[0m
[ 79%] [32m[1mLinking C shared library rosidl_generator_py/slam_toolbox/slam_toolbox_s__rosidl_typesupport_c.cpython-38-x86_64-linux-gnu.so[0m
[ 79%] Built target slam_toolbox__rosidl_typesupport_introspection_c__pyext
[ 79%] Built target slam_toolbox__rosidl_typesupport_c__pyext
[ 79%] [32m[1mLinking CXX shared library libSlamToolboxPlugin.so[0m
[ 79%] Built target SlamToolboxPlugin
[ 80%] [32m[1mLinking CXX shared library libkartoSlamToolbox.so[0m
[ 80%] Built target kartoSlamToolbox
[35m[1mScanning dependencies of target toolbox_common[0m
[35m[1mScanning dependencies of target ceres_solver_plugin[0m
[ 81%] [32mBuilding CXX object CMakeFiles/ceres_solver_plugin.dir/solvers/ceres_solver.cpp.o[0m
[ 83%] [32mBuilding CXX object CMakeFiles/toolbox_common.dir/src/loop_closure_assistant.cpp.o[0m
[ 83%] [32mBuilding CXX object CMakeFiles/toolbox_common.dir/src/slam_toolbox_common.cpp.o[0m
[ 83%] [32mBuilding CXX object CMakeFiles/toolbox_common.dir/src/map_saver.cpp.o[0m
[ 84%] [32mBuilding CXX object CMakeFiles/toolbox_common.dir/src/laser_utils.cpp.o[0m
[ 85%] [32mBuilding CXX object CMakeFiles/toolbox_common.dir/src/slam_mapper.cpp.o[0m
[ 86%] [32m[1mLinking CXX shared library libceres_solver_plugin.so[0m
[ 86%] Built target ceres_solver_plugin
[ 87%] [32m[1mLinking CXX shared library libtoolbox_common.so[0m
[ 87%] Built target toolbox_common
[35m[1mScanning dependencies of target sync_slam_toolbox[0m
[35m[1mScanning dependencies of target async_slam_toolbox[0m
[35m[1mScanning dependencies of target localization_slam_toolbox[0m
[35m[1mScanning dependencies of target lifelong_slam_toolbox[0m
[35m[1mScanning dependencies of target merge_maps_kinematic[0m
[ 88%] [32mBuilding CXX object CMakeFiles/merge_maps_kinematic.dir/src/merge_maps_kinematic.cpp.o[0m
[ 89%] [32mBuilding CXX object CMakeFiles/sync_slam_toolbox.dir/src/slam_toolbox_sync.cpp.o[0m
[ 90%] [32mBuilding CXX object CMakeFiles/async_slam_toolbox.dir/src/slam_toolbox_async.cpp.o[0m
[ 91%] [32mBuilding CXX object CMakeFiles/localization_slam_toolbox.dir/src/slam_toolbox_localization.cpp.o[0m
[ 92%] [32mBuilding CXX object CMakeFiles/lifelong_slam_toolbox.dir/src/experimental/slam_toolbox_lifelong.cpp.o[0m
[ 93%] [32m[1mLinking CXX shared library libasync_slam_toolbox.so[0m
[ 93%] Built target async_slam_toolbox
[35m[1mScanning dependencies of target async_slam_toolbox_node[0m
[ 94%] [32m[1mLinking CXX shared library liblifelong_slam_toolbox.so[0m
[ 95%] [32mBuilding CXX object CMakeFiles/async_slam_toolbox_node.dir/src/slam_toolbox_async_node.cpp.o[0m
[ 95%] Built target lifelong_slam_toolbox
[35m[1mScanning dependencies of target lifelong_slam_toolbox_node[0m
[ 95%] [32mBuilding CXX object CMakeFiles/lifelong_slam_toolbox_node.dir/src/experimental/slam_toolbox_lifelong_node.cpp.o[0m
[ 96%] [32m[1mLinking CXX shared library libsync_slam_toolbox.so[0m
[ 96%] Built target sync_slam_toolbox
[35m[1mScanning dependencies of target sync_slam_toolbox_node[0m
[ 96%] [32mBuilding CXX object CMakeFiles/sync_slam_toolbox_node.dir/src/slam_toolbox_sync_node.cpp.o[0m
[ 96%] [32m[1mLinking CXX executable merge_maps_kinematic[0m
[ 96%] Built target merge_maps_kinematic
[ 96%] [32m[1mLinking CXX shared library liblocalization_slam_toolbox.so[0m
[ 96%] Built target localization_slam_toolbox
[35m[1mScanning dependencies of target localization_slam_toolbox_node[0m
[ 97%] [32mBuilding CXX object CMakeFiles/localization_slam_toolbox_node.dir/src/slam_toolbox_localization_node.cpp.o[0m
[ 97%] [32m[1mLinking CXX executable async_slam_toolbox_node[0m
[ 97%] Built target async_slam_toolbox_node
[ 98%] [32m[1mLinking CXX executable lifelong_slam_toolbox_node[0m
[ 98%] Built target lifelong_slam_toolbox_node
[ 99%] [32m[1mLinking CXX executable sync_slam_toolbox_node[0m
[ 99%] Built target sync_slam_toolbox_node
[100%] [32m[1mLinking CXX executable localization_slam_toolbox_node[0m
[100%] Built target localization_slam_toolbox_node
-- Install configuration: "Release"
-- Installing: /home/markros2/rosproject/install/slam_toolbox/share/ament_index/resource_index/rosidl_interfaces/slam_toolbox
-- Installing: /home/markros2/rosproject/install/slam_toolbox/include/slam_toolbox
-- Installing: /home/markros2/rosproject/install/slam_toolbox/include/slam_toolbox/msg
-- Installing: /home/markros2/rosproject/install/slam_toolbox/include/slam_toolbox/msg/rosidl_generator_c__visibility_control.h
-- Installing: /home/markros2/rosproject/install/slam_toolbox/include/slam_toolbox/srv
-- Installing: /home/markros2/rosproject/install/slam_toolbox/include/slam_toolbox/srv/add_submap.h
-- Installing: /home/markros2/rosproject/install/slam_toolbox/include/slam_toolbox/srv/toggle_interactive.h
-- Installing: /home/markros2/rosproject/install/slam_toolbox/include/slam_toolbox/srv/loop_closure.h
-- Installing: /home/markros2/rosproject/install/slam_toolbox/include/slam_toolbox/srv/clear_queue.h
-- Installing: /home/markros2/rosproject/install/slam_toolbox/include/slam_toolbox/srv/merge_maps.h
-- Installing: /home/markros2/rosproject/install/slam_toolbox/include/slam_toolbox/srv/detail
-- Installing: /home/markros2/rosproject/install/slam_toolbox/include/slam_toolbox/srv/detail/save_map__struct.h
-- Installing: /home/markros2/rosproject/install/slam_toolbox/include/slam_toolbox/srv/detail/loop_closure__struct.h
-- Installing: /home/markros2/rosproject/install/slam_toolbox/include/slam_toolbox/srv/detail/clear_queue__functions.c
-- Installing: /home/markros2/rosproject/install/slam_toolbox/include/slam_toolbox/srv/detail/serialize_pose_graph__functions.c
-- Installing: /home/markros2/rosproject/install/slam_toolbox/include/slam_toolbox/srv/detail/toggle_interactive__struct.h
-- Installing: /home/markros2/rosproject/install/slam_toolbox/include/slam_toolbox/srv/detail/clear_queue__struct.h
-- Installing: /home/markros2/rosproject/install/slam_toolbox/include/slam_toolbox/srv/detail/toggle_interactive__functions.h
-- Installing: /home/markros2/rosproject/install/slam_toolbox/include/slam_toolbox/srv/detail/loop_closure__type_support.h
-- Installing: /home/markros2/rosproject/install/slam_toolbox/include/slam_toolbox/srv/detail/pause__functions.h
-- Installing: /home/markros2/rosproject/install/slam_toolbox/include/slam_toolbox/srv/detail/merge_maps__struct.h
-- Installing: /home/markros2/rosproject/install/slam_toolbox/include/slam_toolbox/srv/detail/add_submap__type_support.h
-- Installing: /home/markros2/rosproject/install/slam_toolbox/include/slam_toolbox/srv/detail/serialize_pose_graph__functions.h
-- Installing: /home/markros2/rosproject/install/slam_toolbox/include/slam_toolbox/srv/detail/serialize_pose_graph__struct.h
-- Installing: /home/markros2/rosproject/install/slam_toolbox/include/slam_toolbox/srv/detail/save_map__type_support.h
-- Installing: /home/markros2/rosproject/install/slam_toolbox/include/slam_toolbox/srv/detail/deserialize_pose_graph__type_support.h
-- Installing: /home/markros2/rosproject/install/slam_toolbox/include/slam_toolbox/srv/detail/serialize_pose_graph__type_support.h
-- Installing: /home/markros2/rosproject/install/slam_toolbox/include/slam_toolbox/srv/detail/clear_queue__functions.h
-- Installing: /home/markros2/rosproject/install/slam_toolbox/include/slam_toolbox/srv/detail/merge_maps__type_support.h
-- Installing: /home/markros2/rosproject/install/slam_toolbox/include/slam_toolbox/srv/detail/deserialize_pose_graph__struct.h
-- Installing: /home/markros2/rosproject/install/slam_toolbox/include/slam_toolbox/srv/detail/add_submap__struct.h
-- Installing: /home/markros2/rosproject/install/slam_toolbox/include/slam_toolbox/srv/detail/add_submap__functions.c
-- Installing: /home/markros2/rosproject/install/slam_toolbox/include/slam_toolbox/srv/detail/clear__struct.h
-- Installing: /home/markros2/rosproject/install/slam_toolbox/include/slam_toolbox/srv/detail/loop_closure__functions.h
-- Installing: /home/markros2/rosproject/install/slam_toolbox/include/slam_toolbox/srv/detail/clear_queue__type_support.h
-- Installing: /home/markros2/rosproject/install/slam_toolbox/include/slam_toolbox/srv/detail/pause__struct.h
-- Installing: /home/markros2/rosproject/install/slam_toolbox/include/slam_toolbox/srv/detail/merge_maps__functions.c
-- Installing: /home/markros2/rosproject/install/slam_toolbox/include/slam_toolbox/srv/detail/clear__type_support.h
-- Installing: /home/markros2/rosproject/install/slam_toolbox/include/slam_toolbox/srv/detail/clear__functions.h
-- Installing: /home/markros2/rosproject/install/slam_toolbox/include/slam_toolbox/srv/detail/toggle_interactive__functions.c
-- Installing: /home/markros2/rosproject/install/slam_toolbox/include/slam_toolbox/srv/detail/toggle_interactive__type_support.h
-- Installing: /home/markros2/rosproject/install/slam_toolbox/include/slam_toolbox/srv/detail/save_map__functions.h
-- Installing: /home/markros2/rosproject/install/slam_toolbox/include/slam_toolbox/srv/detail/pause__functions.c
-- Installing: /home/markros2/rosproject/install/slam_toolbox/include/slam_toolbox/srv/detail/add_submap__functions.h
-- Installing: /home/markros2/rosproject/install/slam_toolbox/include/slam_toolbox/srv/detail/deserialize_pose_graph__functions.h
-- Installing: /home/markros2/rosproject/install/slam_toolbox/include/slam_toolbox/srv/detail/merge_maps__functions.h
-- Installing: /home/markros2/rosproject/install/slam_toolbox/include/slam_toolbox/srv/detail/loop_closure__functions.c
-- Installing: /home/markros2/rosproject/install/slam_toolbox/include/slam_toolbox/srv/detail/save_map__functions.c
-- Installing: /home/markros2/rosproject/install/slam_toolbox/include/slam_toolbox/srv/detail/pause__type_support.h
-- Installing: /home/markros2/rosproject/install/slam_toolbox/include/slam_toolbox/srv/detail/clear__functions.c
-- Installing: /home/markros2/rosproject/install/slam_toolbox/include/slam_toolbox/srv/detail/deserialize_pose_graph__functions.c
-- Installing: /home/markros2/rosproject/install/slam_toolbox/include/slam_toolbox/srv/save_map.h
-- Installing: /home/markros2/rosproject/install/slam_toolbox/include/slam_toolbox/srv/deserialize_pose_graph.h
-- Installing: /home/markros2/rosproject/install/slam_toolbox/include/slam_toolbox/srv/clear.h
-- Installing: /home/markros2/rosproject/install/slam_toolbox/include/slam_toolbox/srv/serialize_pose_graph.h
-- Installing: /home/markros2/rosproject/install/slam_toolbox/include/slam_toolbox/srv/pause.h
-- Installing: /home/markros2/rosproject/install/slam_toolbox/share/slam_toolbox/environment/library_path.sh
-- Installing: /home/markros2/rosproject/install/slam_toolbox/share/slam_toolbox/environment/library_path.dsv
-- Installing: /home/markros2/rosproject/install/slam_toolbox/lib/libslam_toolbox__rosidl_generator_c.so
-- Set runtime path of "/home/markros2/rosproject/install/slam_toolbox/lib/libslam_toolbox__rosidl_generator_c.so" to ""
-- Up-to-date: /home/markros2/rosproject/install/slam_toolbox/include/slam_toolbox
-- Up-to-date: /home/markros2/rosproject/install/slam_toolbox/include/slam_toolbox/msg
-- Installing: /home/markros2/rosproject/install/slam_toolbox/include/slam_toolbox/msg/rosidl_typesupport_fastrtps_c__visibility_control.h
-- Up-to-date: /home/markros2/rosproject/install/slam_toolbox/include/slam_toolbox/srv
-- Up-to-date: /home/markros2/rosproject/install/slam_toolbox/include/slam_toolbox/srv/detail
-- Installing: /home/markros2/rosproject/install/slam_toolbox/include/slam_toolbox/srv/detail/clear_queue__rosidl_typesupport_fastrtps_c.h
-- Installing: /home/markros2/rosproject/install/slam_toolbox/include/slam_toolbox/srv/detail/deserialize_pose_graph__rosidl_typesupport_fastrtps_c.h
-- Installing: /home/markros2/rosproject/install/slam_toolbox/include/slam_toolbox/srv/detail/clear__rosidl_typesupport_fastrtps_c.h
-- Installing: /home/markros2/rosproject/install/slam_toolbox/include/slam_toolbox/srv/detail/merge_maps__rosidl_typesupport_fastrtps_c.h
-- Installing: /home/markros2/rosproject/install/slam_toolbox/include/slam_toolbox/srv/detail/save_map__rosidl_typesupport_fastrtps_c.h
-- Installing: /home/markros2/rosproject/install/slam_toolbox/include/slam_toolbox/srv/detail/pause__rosidl_typesupport_fastrtps_c.h
-- Installing: /home/markros2/rosproject/install/slam_toolbox/include/slam_toolbox/srv/detail/add_submap__rosidl_typesupport_fastrtps_c.h
-- Installing: /home/markros2/rosproject/install/slam_toolbox/include/slam_toolbox/srv/detail/serialize_pose_graph__rosidl_typesupport_fastrtps_c.h
-- Installing: /home/markros2/rosproject/install/slam_toolbox/include/slam_toolbox/srv/detail/loop_closure__rosidl_typesupport_fastrtps_c.h
-- Installing: /home/markros2/rosproject/install/slam_toolbox/include/slam_toolbox/srv/detail/toggle_interactive__rosidl_typesupport_fastrtps_c.h
-- Installing: /home/markros2/rosproject/install/slam_toolbox/lib/libslam_toolbox__rosidl_typesupport_fastrtps_c.so
-- Set runtime path of "/home/markros2/rosproject/install/slam_toolbox/lib/libslam_toolbox__rosidl_typesupport_fastrtps_c.so" to ""
-- Up-to-date: /home/markros2/rosproject/install/slam_toolbox/include/slam_toolbox
-- Up-to-date: /home/markros2/rosproject/install/slam_toolbox/include/slam_toolbox/msg
-- Installing: /home/markros2/rosproject/install/slam_toolbox/include/slam_toolbox/msg/rosidl_typesupport_fastrtps_cpp__visibility_control.h
-- Up-to-date: /home/markros2/rosproject/install/slam_toolbox/include/slam_toolbox/srv
-- Up-to-date: /home/markros2/rosproject/install/slam_toolbox/include/slam_toolbox/srv/detail
-- Installing: /home/markros2/rosproject/install/slam_toolbox/include/slam_toolbox/srv/detail/loop_closure__rosidl_typesupport_fastrtps_cpp.hpp
-- Installing: /home/markros2/rosproject/install/slam_toolbox/include/slam_toolbox/srv/detail/clear__rosidl_typesupport_fastrtps_cpp.hpp
-- Installing: /home/markros2/rosproject/install/slam_toolbox/include/slam_toolbox/srv/detail/toggle_interactive__rosidl_typesupport_fastrtps_cpp.hpp
-- Installing: /home/markros2/rosproject/install/slam_toolbox/include/slam_toolbox/srv/detail/pause__rosidl_typesupport_fastrtps_cpp.hpp
-- Installing: /home/markros2/rosproject/install/slam_toolbox/include/slam_toolbox/srv/detail/serialize_pose_graph__rosidl_typesupport_fastrtps_cpp.hpp
-- Installing: /home/markros2/rosproject/install/slam_toolbox/include/slam_toolbox/srv/detail/deserialize_pose_graph__rosidl_typesupport_fastrtps_cpp.hpp
-- Installing: /home/markros2/rosproject/install/slam_toolbox/include/slam_toolbox/srv/detail/dds_fastrtps
-- Installing: /home/markros2/rosproject/install/slam_toolbox/include/slam_toolbox/srv/detail/add_submap__rosidl_typesupport_fastrtps_cpp.hpp
-- Installing: /home/markros2/rosproject/install/slam_toolbox/include/slam_toolbox/srv/detail/save_map__rosidl_typesupport_fastrtps_cpp.hpp
-- Installing: /home/markros2/rosproject/install/slam_toolbox/include/slam_toolbox/srv/detail/merge_maps__rosidl_typesupport_fastrtps_cpp.hpp
-- Installing: /home/markros2/rosproject/install/slam_toolbox/include/slam_toolbox/srv/detail/clear_queue__rosidl_typesupport_fastrtps_cpp.hpp
-- Installing: /home/markros2/rosproject/install/slam_toolbox/lib/libslam_toolbox__rosidl_typesupport_fastrtps_cpp.so
-- Set runtime path of "/home/markros2/rosproject/install/slam_toolbox/lib/libslam_toolbox__rosidl_typesupport_fastrtps_cpp.so" to ""
-- Up-to-date: /home/markros2/rosproject/install/slam_toolbox/include/slam_toolbox
-- Up-to-date: /home/markros2/rosproject/install/slam_toolbox/include/slam_toolbox/msg
-- Installing: /home/markros2/rosproject/install/slam_toolbox/include/slam_toolbox/msg/rosidl_typesupport_introspection_c__visibility_control.h
-- Up-to-date: /home/markros2/rosproject/install/slam_toolbox/include/slam_toolbox/srv
-- Up-to-date: /home/markros2/rosproject/install/slam_toolbox/include/slam_toolbox/srv/detail
-- Installing: /home/markros2/rosproject/install/slam_toolbox/include/slam_toolbox/srv/detail/save_map__type_support.c
-- Installing: /home/markros2/rosproject/install/slam_toolbox/include/slam_toolbox/srv/detail/pause__rosidl_typesupport_introspection_c.h
-- Installing: /home/markros2/rosproject/install/slam_toolbox/include/slam_toolbox/srv/detail/add_submap__type_support.c
-- Installing: /home/markros2/rosproject/install/slam_toolbox/include/slam_toolbox/srv/detail/serialize_pose_graph__type_support.c
-- Installing: /home/markros2/rosproject/install/slam_toolbox/include/slam_toolbox/srv/detail/toggle_interactive__rosidl_typesupport_introspection_c.h
-- Installing: /home/markros2/rosproject/install/slam_toolbox/include/slam_toolbox/srv/detail/clear__rosidl_typesupport_introspection_c.h
-- Installing: /home/markros2/rosproject/install/slam_toolbox/include/slam_toolbox/srv/detail/clear_queue__rosidl_typesupport_introspection_c.h
-- Installing: /home/markros2/rosproject/install/slam_toolbox/include/slam_toolbox/srv/detail/serialize_pose_graph__rosidl_typesupport_introspection_c.h
-- Installing: /home/markros2/rosproject/install/slam_toolbox/include/slam_toolbox/srv/detail/toggle_interactive__type_support.c
-- Installing: /home/markros2/rosproject/install/slam_toolbox/include/slam_toolbox/srv/detail/loop_closure__type_support.c
-- Installing: /home/markros2/rosproject/install/slam_toolbox/include/slam_toolbox/srv/detail/deserialize_pose_graph__type_support.c
-- Installing: /home/markros2/rosproject/install/slam_toolbox/include/slam_toolbox/srv/detail/deserialize_pose_graph__rosidl_typesupport_introspection_c.h
-- Installing: /home/markros2/rosproject/install/slam_toolbox/include/slam_toolbox/srv/detail/clear_queue__type_support.c
-- Installing: /home/markros2/rosproject/install/slam_toolbox/include/slam_toolbox/srv/detail/merge_maps__rosidl_typesupport_introspection_c.h
-- Installing: /home/markros2/rosproject/install/slam_toolbox/include/slam_toolbox/srv/detail/merge_maps__type_support.c
-- Installing: /home/markros2/rosproject/install/slam_toolbox/include/slam_toolbox/srv/detail/save_map__rosidl_typesupport_introspection_c.h
-- Installing: /home/markros2/rosproject/install/slam_toolbox/include/slam_toolbox/srv/detail/loop_closure__rosidl_typesupport_introspection_c.h
-- Installing: /home/markros2/rosproject/install/slam_toolbox/include/slam_toolbox/srv/detail/clear__type_support.c
-- Installing: /home/markros2/rosproject/install/slam_toolbox/include/slam_toolbox/srv/detail/add_submap__rosidl_typesupport_introspection_c.h
-- Installing: /home/markros2/rosproject/install/slam_toolbox/include/slam_toolbox/srv/detail/pause__type_support.c
-- Installing: /home/markros2/rosproject/install/slam_toolbox/lib/libslam_toolbox__rosidl_typesupport_introspection_c.so
-- Set runtime path of "/home/markros2/rosproject/install/slam_toolbox/lib/libslam_toolbox__rosidl_typesupport_introspection_c.so" to ""
-- Installing: /home/markros2/rosproject/install/slam_toolbox/lib/libslam_toolbox__rosidl_typesupport_c.so
-- Set runtime path of "/home/markros2/rosproject/install/slam_toolbox/lib/libslam_toolbox__rosidl_typesupport_c.so" to ""
-- Up-to-date: /home/markros2/rosproject/install/slam_toolbox/include/slam_toolbox
-- Up-to-date: /home/markros2/rosproject/install/slam_toolbox/include/slam_toolbox/srv
-- Installing: /home/markros2/rosproject/install/slam_toolbox/include/slam_toolbox/srv/save_map.hpp
-- Installing: /home/markros2/rosproject/install/slam_toolbox/include/slam_toolbox/srv/serialize_pose_graph.hpp
-- Installing: /home/markros2/rosproject/install/slam_toolbox/include/slam_toolbox/srv/pause.hpp
-- Installing: /home/markros2/rosproject/install/slam_toolbox/include/slam_toolbox/srv/toggle_interactive.hpp
-- Installing: /home/markros2/rosproject/install/slam_toolbox/include/slam_toolbox/srv/loop_closure.hpp
-- Installing: /home/markros2/rosproject/install/slam_toolbox/include/slam_toolbox/srv/clear_queue.hpp
-- Installing: /home/markros2/rosproject/install/slam_toolbox/include/slam_toolbox/srv/clear.hpp
-- Up-to-date: /home/markros2/rosproject/install/slam_toolbox/include/slam_toolbox/srv/detail
-- Installing: /home/markros2/rosproject/install/slam_toolbox/include/slam_toolbox/srv/detail/loop_closure__traits.hpp
-- Installing: /home/markros2/rosproject/install/slam_toolbox/include/slam_toolbox/srv/detail/save_map__struct.hpp
-- Installing: /home/markros2/rosproject/install/slam_toolbox/include/slam_toolbox/srv/detail/deserialize_pose_graph__struct.hpp
-- Installing: /home/markros2/rosproject/install/slam_toolbox/include/slam_toolbox/srv/detail/serialize_pose_graph__builder.hpp
-- Installing: /home/markros2/rosproject/install/slam_toolbox/include/slam_toolbox/srv/detail/clear__builder.hpp
-- Installing: /home/markros2/rosproject/install/slam_toolbox/include/slam_toolbox/srv/detail/merge_maps__builder.hpp
-- Installing: /home/markros2/rosproject/install/slam_toolbox/include/slam_toolbox/srv/detail/merge_maps__struct.hpp
-- Installing: /home/markros2/rosproject/install/slam_toolbox/include/slam_toolbox/srv/detail/toggle_interactive__traits.hpp
-- Installing: /home/markros2/rosproject/install/slam_toolbox/include/slam_toolbox/srv/detail/add_submap__traits.hpp
-- Installing: /home/markros2/rosproject/install/slam_toolbox/include/slam_toolbox/srv/detail/serialize_pose_graph__traits.hpp
-- Installing: /home/markros2/rosproject/install/slam_toolbox/include/slam_toolbox/srv/detail/deserialize_pose_graph__traits.hpp
-- Installing: /home/markros2/rosproject/install/slam_toolbox/include/slam_toolbox/srv/detail/toggle_interactive__struct.hpp
-- Installing: /home/markros2/rosproject/install/slam_toolbox/include/slam_toolbox/srv/detail/serialize_pose_graph__struct.hpp
-- Installing: /home/markros2/rosproject/install/slam_toolbox/include/slam_toolbox/srv/detail/add_submap__builder.hpp
-- Installing: /home/markros2/rosproject/install/slam_toolbox/include/slam_toolbox/srv/detail/toggle_interactive__builder.hpp
-- Installing: /home/markros2/rosproject/install/slam_toolbox/include/slam_toolbox/srv/detail/pause__traits.hpp
-- Installing: /home/markros2/rosproject/install/slam_toolbox/include/slam_toolbox/srv/detail/merge_maps__traits.hpp
-- Installing: /home/markros2/rosproject/install/slam_toolbox/include/slam_toolbox/srv/detail/add_submap__struct.hpp
-- Installing: /home/markros2/rosproject/install/slam_toolbox/include/slam_toolbox/srv/detail/clear__traits.hpp
-- Installing: /home/markros2/rosproject/install/slam_toolbox/include/slam_toolbox/srv/detail/clear_queue__traits.hpp
-- Installing: /home/markros2/rosproject/install/slam_toolbox/include/slam_toolbox/srv/detail/save_map__traits.hpp
-- Installing: /home/markros2/rosproject/install/slam_toolbox/include/slam_toolbox/srv/detail/clear_queue__builder.hpp
-- Installing: /home/markros2/rosproject/install/slam_toolbox/include/slam_toolbox/srv/detail/deserialize_pose_graph__builder.hpp
-- Installing: /home/markros2/rosproject/install/slam_toolbox/include/slam_toolbox/srv/detail/pause__builder.hpp
-- Installing: /home/markros2/rosproject/install/slam_toolbox/include/slam_toolbox/srv/detail/clear__struct.hpp
-- Installing: /home/markros2/rosproject/install/slam_toolbox/include/slam_toolbox/srv/detail/pause__struct.hpp
-- Installing: /home/markros2/rosproject/install/slam_toolbox/include/slam_toolbox/srv/detail/save_map__builder.hpp
-- Installing: /home/markros2/rosproject/install/slam_toolbox/include/slam_toolbox/srv/detail/loop_closure__builder.hpp
-- Installing: /home/markros2/rosproject/install/slam_toolbox/include/slam_toolbox/srv/detail/loop_closure__struct.hpp
-- Installing: /home/markros2/rosproject/install/slam_toolbox/include/slam_toolbox/srv/detail/clear_queue__struct.hpp
-- Installing: /home/markros2/rosproject/install/slam_toolbox/include/slam_toolbox/srv/merge_maps.hpp
-- Installing: /home/markros2/rosproject/install/slam_toolbox/include/slam_toolbox/srv/deserialize_pose_graph.hpp
-- Installing: /home/markros2/rosproject/install/slam_toolbox/include/slam_toolbox/srv/add_submap.hpp
-- Up-to-date: /home/markros2/rosproject/install/slam_toolbox/include/slam_toolbox
-- Up-to-date: /home/markros2/rosproject/install/slam_toolbox/include/slam_toolbox/srv
-- Up-to-date: /home/markros2/rosproject/install/slam_toolbox/include/slam_toolbox/srv/detail
-- Installing: /home/markros2/rosproject/install/slam_toolbox/include/slam_toolbox/srv/detail/save_map__type_support.cpp
-- Installing: /home/markros2/rosproject/install/slam_toolbox/include/slam_toolbox/srv/detail/toggle_interactive__type_support.cpp
-- Installing: /home/markros2/rosproject/install/slam_toolbox/include/slam_toolbox/srv/detail/deserialize_pose_graph__rosidl_typesupport_introspection_cpp.hpp
-- Installing: /home/markros2/rosproject/install/slam_toolbox/include/slam_toolbox/srv/detail/pause__type_support.cpp
-- Installing: /home/markros2/rosproject/install/slam_toolbox/include/slam_toolbox/srv/detail/add_submap__rosidl_typesupport_introspection_cpp.hpp
-- Installing: /home/markros2/rosproject/install/slam_toolbox/include/slam_toolbox/srv/detail/merge_maps__rosidl_typesupport_introspection_cpp.hpp
-- Installing: /home/markros2/rosproject/install/slam_toolbox/include/slam_toolbox/srv/detail/deserialize_pose_graph__type_support.cpp
-- Installing: /home/markros2/rosproject/install/slam_toolbox/include/slam_toolbox/srv/detail/save_map__rosidl_typesupport_introspection_cpp.hpp
-- Installing: /home/markros2/rosproject/install/slam_toolbox/include/slam_toolbox/srv/detail/clear_queue__rosidl_typesupport_introspection_cpp.hpp
-- Installing: /home/markros2/rosproject/install/slam_toolbox/include/slam_toolbox/srv/detail/serialize_pose_graph__type_support.cpp
-- Installing: /home/markros2/rosproject/install/slam_toolbox/include/slam_toolbox/srv/detail/merge_maps__type_support.cpp
-- Installing: /home/markros2/rosproject/install/slam_toolbox/include/slam_toolbox/srv/detail/clear__rosidl_typesupport_introspection_cpp.hpp
-- Installing: /home/markros2/rosproject/install/slam_toolbox/include/slam_toolbox/srv/detail/serialize_pose_graph__rosidl_typesupport_introspection_cpp.hpp
-- Installing: /home/markros2/rosproject/install/slam_toolbox/include/slam_toolbox/srv/detail/toggle_interactive__rosidl_typesupport_introspection_cpp.hpp
-- Installing: /home/markros2/rosproject/install/slam_toolbox/include/slam_toolbox/srv/detail/pause__rosidl_typesupport_introspection_cpp.hpp
-- Installing: /home/markros2/rosproject/install/slam_toolbox/include/slam_toolbox/srv/detail/add_submap__type_support.cpp
-- Installing: /home/markros2/rosproject/install/slam_toolbox/include/slam_toolbox/srv/detail/loop_closure__type_support.cpp
-- Installing: /home/markros2/rosproject/install/slam_toolbox/include/slam_toolbox/srv/detail/loop_closure__rosidl_typesupport_introspection_cpp.hpp
-- Installing: /home/markros2/rosproject/install/slam_toolbox/include/slam_toolbox/srv/detail/clear_queue__type_support.cpp
-- Installing: /home/markros2/rosproject/install/slam_toolbox/include/slam_toolbox/srv/detail/clear__type_support.cpp
-- Installing: /home/markros2/rosproject/install/slam_toolbox/lib/libslam_toolbox__rosidl_typesupport_introspection_cpp.so
-- Set runtime path of "/home/markros2/rosproject/install/slam_toolbox/lib/libslam_toolbox__rosidl_typesupport_introspection_cpp.so" to ""
-- Installing: /home/markros2/rosproject/install/slam_toolbox/lib/libslam_toolbox__rosidl_typesupport_cpp.so
-- Set runtime path of "/home/markros2/rosproject/install/slam_toolbox/lib/libslam_toolbox__rosidl_typesupport_cpp.so" to ""
-- Installing: /home/markros2/rosproject/install/slam_toolbox/share/slam_toolbox/environment/pythonpath.sh
-- Installing: /home/markros2/rosproject/install/slam_toolbox/share/slam_toolbox/environment/pythonpath.dsv
-- Installing: /home/markros2/rosproject/install/slam_toolbox/lib/python3.8/site-packages/slam_toolbox/__init__.py
Compiling '/home/markros2/rosproject/install/slam_toolbox/lib/python3.8/site-packages/slam_toolbox/__init__.py'...
-- Installing: /home/markros2/rosproject/install/slam_toolbox/lib/python3.8/site-packages/slam_toolbox/srv
-- Installing: /home/markros2/rosproject/install/slam_toolbox/lib/python3.8/site-packages/slam_toolbox/srv/_toggle_interactive_s.c
-- Installing: /home/markros2/rosproject/install/slam_toolbox/lib/python3.8/site-packages/slam_toolbox/srv/_save_map.py
-- Installing: /home/markros2/rosproject/install/slam_toolbox/lib/python3.8/site-packages/slam_toolbox/srv/_serialize_pose_graph_s.c
-- Installing: /home/markros2/rosproject/install/slam_toolbox/lib/python3.8/site-packages/slam_toolbox/srv/_deserialize_pose_graph_s.c
-- Installing: /home/markros2/rosproject/install/slam_toolbox/lib/python3.8/site-packages/slam_toolbox/srv/_toggle_interactive.py
-- Installing: /home/markros2/rosproject/install/slam_toolbox/lib/python3.8/site-packages/slam_toolbox/srv/_pause.py
-- Installing: /home/markros2/rosproject/install/slam_toolbox/lib/python3.8/site-packages/slam_toolbox/srv/_deserialize_pose_graph.py
-- Installing: /home/markros2/rosproject/install/slam_toolbox/lib/python3.8/site-packages/slam_toolbox/srv/_loop_closure_s.c
-- Installing: /home/markros2/rosproject/install/slam_toolbox/lib/python3.8/site-packages/slam_toolbox/srv/_pause_s.c
-- Installing: /home/markros2/rosproject/install/slam_toolbox/lib/python3.8/site-packages/slam_toolbox/srv/_clear.py
-- Installing: /home/markros2/rosproject/install/slam_toolbox/lib/python3.8/site-packages/slam_toolbox/srv/_merge_maps_s.c
-- Installing: /home/markros2/rosproject/install/slam_toolbox/lib/python3.8/site-packages/slam_toolbox/srv/_add_submap.py
-- Installing: /home/markros2/rosproject/install/slam_toolbox/lib/python3.8/site-packages/slam_toolbox/srv/_merge_maps.py
-- Installing: /home/markros2/rosproject/install/slam_toolbox/lib/python3.8/site-packages/slam_toolbox/srv/_serialize_pose_graph.py
-- Installing: /home/markros2/rosproject/install/slam_toolbox/lib/python3.8/site-packages/slam_toolbox/srv/_clear_queue_s.c
-- Installing: /home/markros2/rosproject/install/slam_toolbox/lib/python3.8/site-packages/slam_toolbox/srv/_loop_closure.py
-- Installing: /home/markros2/rosproject/install/slam_toolbox/lib/python3.8/site-packages/slam_toolbox/srv/_clear_s.c
-- Installing: /home/markros2/rosproject/install/slam_toolbox/lib/python3.8/site-packages/slam_toolbox/srv/__init__.py
-- Installing: /home/markros2/rosproject/install/slam_toolbox/lib/python3.8/site-packages/slam_toolbox/srv/_clear_queue.py
-- Installing: /home/markros2/rosproject/install/slam_toolbox/lib/python3.8/site-packages/slam_toolbox/srv/_save_map_s.c
-- Installing: /home/markros2/rosproject/install/slam_toolbox/lib/python3.8/site-packages/slam_toolbox/srv/_add_submap_s.c
-- Installing: /home/markros2/rosproject/install/slam_toolbox/lib/python3.8/site-packages/slam_toolbox/slam_toolbox_s__rosidl_typesupport_fastrtps_c.cpython-38-x86_64-linux-gnu.so
-- Set runtime path of "/home/markros2/rosproject/install/slam_toolbox/lib/python3.8/site-packages/slam_toolbox/slam_toolbox_s__rosidl_typesupport_fastrtps_c.cpython-38-x86_64-linux-gnu.so" to ""
-- Installing: /home/markros2/rosproject/install/slam_toolbox/lib/python3.8/site-packages/slam_toolbox/slam_toolbox_s__rosidl_typesupport_introspection_c.cpython-38-x86_64-linux-gnu.so
-- Set runtime path of "/home/markros2/rosproject/install/slam_toolbox/lib/python3.8/site-packages/slam_toolbox/slam_toolbox_s__rosidl_typesupport_introspection_c.cpython-38-x86_64-linux-gnu.so" to ""
-- Installing: /home/markros2/rosproject/install/slam_toolbox/lib/python3.8/site-packages/slam_toolbox/slam_toolbox_s__rosidl_typesupport_c.cpython-38-x86_64-linux-gnu.so
-- Set runtime path of "/home/markros2/rosproject/install/slam_toolbox/lib/python3.8/site-packages/slam_toolbox/slam_toolbox_s__rosidl_typesupport_c.cpython-38-x86_64-linux-gnu.so" to ""
-- Installing: /home/markros2/rosproject/install/slam_toolbox/lib/libslam_toolbox__python.so
-- Set runtime path of "/home/markros2/rosproject/install/slam_toolbox/lib/libslam_toolbox__python.so" to ""
-- Installing: /home/markros2/rosproject/install/slam_toolbox/share/slam_toolbox/srv/Pause.idl
-- Installing: /home/markros2/rosproject/install/slam_toolbox/share/slam_toolbox/srv/ClearQueue.idl
-- Installing: /home/markros2/rosproject/install/slam_toolbox/share/slam_toolbox/srv/ToggleInteractive.idl
-- Installing: /home/markros2/rosproject/install/slam_toolbox/share/slam_toolbox/srv/Clear.idl
-- Installing: /home/markros2/rosproject/install/slam_toolbox/share/slam_toolbox/srv/SaveMap.idl
-- Installing: /home/markros2/rosproject/install/slam_toolbox/share/slam_toolbox/srv/LoopClosure.idl
-- Installing: /home/markros2/rosproject/install/slam_toolbox/share/slam_toolbox/srv/MergeMaps.idl
-- Installing: /home/markros2/rosproject/install/slam_toolbox/share/slam_toolbox/srv/AddSubmap.idl
-- Installing: /home/markros2/rosproject/install/slam_toolbox/share/slam_toolbox/srv/DeserializePoseGraph.idl
-- Installing: /home/markros2/rosproject/install/slam_toolbox/share/slam_toolbox/srv/SerializePoseGraph.idl
-- Installing: /home/markros2/rosproject/install/slam_toolbox/share/slam_toolbox/srvs/Pause.srv
-- Installing: /home/markros2/rosproject/install/slam_toolbox/share/slam_toolbox/srvs/Pause_Request.msg
-- Installing: /home/markros2/rosproject/install/slam_toolbox/share/slam_toolbox/srvs/Pause_Response.msg
-- Installing: /home/markros2/rosproject/install/slam_toolbox/share/slam_toolbox/srvs/ClearQueue.srv
-- Installing: /home/markros2/rosproject/install/slam_toolbox/share/slam_toolbox/srvs/ClearQueue_Request.msg
-- Installing: /home/markros2/rosproject/install/slam_toolbox/share/slam_toolbox/srvs/ClearQueue_Response.msg
-- Installing: /home/markros2/rosproject/install/slam_toolbox/share/slam_toolbox/srvs/ToggleInteractive.srv
-- Installing: /home/markros2/rosproject/install/slam_toolbox/share/slam_toolbox/srvs/ToggleInteractive_Request.msg
-- Installing: /home/markros2/rosproject/install/slam_toolbox/share/slam_toolbox/srvs/ToggleInteractive_Response.msg
-- Installing: /home/markros2/rosproject/install/slam_toolbox/share/slam_toolbox/srvs/Clear.srv
-- Installing: /home/markros2/rosproject/install/slam_toolbox/share/slam_toolbox/srvs/Clear_Request.msg
-- Installing: /home/markros2/rosproject/install/slam_toolbox/share/slam_toolbox/srvs/Clear_Response.msg
-- Installing: /home/markros2/rosproject/install/slam_toolbox/share/slam_toolbox/srvs/SaveMap.srv
-- Installing: /home/markros2/rosproject/install/slam_toolbox/share/slam_toolbox/srvs/SaveMap_Request.msg
-- Installing: /home/markros2/rosproject/install/slam_toolbox/share/slam_toolbox/srvs/SaveMap_Response.msg
-- Installing: /home/markros2/rosproject/install/slam_toolbox/share/slam_toolbox/srvs/LoopClosure.srv
-- Installing: /home/markros2/rosproject/install/slam_toolbox/share/slam_toolbox/srvs/LoopClosure_Request.msg
-- Installing: /home/markros2/rosproject/install/slam_toolbox/share/slam_toolbox/srvs/LoopClosure_Response.msg
-- Installing: /home/markros2/rosproject/install/slam_toolbox/share/slam_toolbox/srvs/MergeMaps.srv
-- Installing: /home/markros2/rosproject/install/slam_toolbox/share/slam_toolbox/srvs/MergeMaps_Request.msg
-- Installing: /home/markros2/rosproject/install/slam_toolbox/share/slam_toolbox/srvs/MergeMaps_Response.msg
-- Installing: /home/markros2/rosproject/install/slam_toolbox/share/slam_toolbox/srvs/AddSubmap.srv
-- Installing: /home/markros2/rosproject/install/slam_toolbox/share/slam_toolbox/srvs/AddSubmap_Request.msg
-- Installing: /home/markros2/rosproject/install/slam_toolbox/share/slam_toolbox/srvs/AddSubmap_Response.msg
-- Installing: /home/markros2/rosproject/install/slam_toolbox/share/slam_toolbox/srvs/DeserializePoseGraph.srv
-- Installing: /home/markros2/rosproject/install/slam_toolbox/share/slam_toolbox/srvs/DeserializePoseGraph_Request.msg
-- Installing: /home/markros2/rosproject/install/slam_toolbox/share/slam_toolbox/srvs/DeserializePoseGraph_Response.msg
-- Installing: /home/markros2/rosproject/install/slam_toolbox/share/slam_toolbox/srvs/SerializePoseGraph.srv
-- Installing: /home/markros2/rosproject/install/slam_toolbox/share/slam_toolbox/srvs/SerializePoseGraph_Request.msg
-- Installing: /home/markros2/rosproject/install/slam_toolbox/share/slam_toolbox/srvs/SerializePoseGraph_Response.msg
-- Installing: /home/markros2/rosproject/install/slam_toolbox/share/slam_toolbox/rviz_plugins.xml
-- Installing: /home/markros2/rosproject/install/slam_toolbox/share/slam_toolbox/solver_plugins.xml
-- Installing: /home/markros2/rosproject/install/slam_toolbox/lib/slam_toolbox/async_slam_toolbox_node
-- Set runtime path of "/home/markros2/rosproject/install/slam_toolbox/lib/slam_toolbox/async_slam_toolbox_node" to ""
-- Installing: /home/markros2/rosproject/install/slam_toolbox/lib/slam_toolbox/sync_slam_toolbox_node
-- Set runtime path of "/home/markros2/rosproject/install/slam_toolbox/lib/slam_toolbox/sync_slam_toolbox_node" to ""
-- Installing: /home/markros2/rosproject/install/slam_toolbox/lib/slam_toolbox/localization_slam_toolbox_node
-- Set runtime path of "/home/markros2/rosproject/install/slam_toolbox/lib/slam_toolbox/localization_slam_toolbox_node" to ""
-- Installing: /home/markros2/rosproject/install/slam_toolbox/lib/slam_toolbox/lifelong_slam_toolbox_node
-- Set runtime path of "/home/markros2/rosproject/install/slam_toolbox/lib/slam_toolbox/lifelong_slam_toolbox_node" to ""
-- Installing: /home/markros2/rosproject/install/slam_toolbox/lib/slam_toolbox/merge_maps_kinematic
-- Set runtime path of "/home/markros2/rosproject/install/slam_toolbox/lib/slam_toolbox/merge_maps_kinematic" to ""
-- Installing: /home/markros2/rosproject/install/slam_toolbox/lib/libtoolbox_common.so
-- Set runtime path of "/home/markros2/rosproject/install/slam_toolbox/lib/libtoolbox_common.so" to ""
-- Installing: /home/markros2/rosproject/install/slam_toolbox/lib/libSlamToolboxPlugin.so
-- Set runtime path of "/home/markros2/rosproject/install/slam_toolbox/lib/libSlamToolboxPlugin.so" to ""
-- Installing: /home/markros2/rosproject/install/slam_toolbox/lib/libceres_solver_plugin.so
-- Set runtime path of "/home/markros2/rosproject/install/slam_toolbox/lib/libceres_solver_plugin.so" to ""
-- Installing: /home/markros2/rosproject/install/slam_toolbox/lib/libasync_slam_toolbox.so
-- Set runtime path of "/home/markros2/rosproject/install/slam_toolbox/lib/libasync_slam_toolbox.so" to ""
-- Installing: /home/markros2/rosproject/install/slam_toolbox/lib/libsync_slam_toolbox.so
-- Set runtime path of "/home/markros2/rosproject/install/slam_toolbox/lib/libsync_slam_toolbox.so" to ""
-- Installing: /home/markros2/rosproject/install/slam_toolbox/lib/liblocalization_slam_toolbox.so
-- Set runtime path of "/home/markros2/rosproject/install/slam_toolbox/lib/liblocalization_slam_toolbox.so" to ""
-- Installing: /home/markros2/rosproject/install/slam_toolbox/lib/liblifelong_slam_toolbox.so
-- Set runtime path of "/home/markros2/rosproject/install/slam_toolbox/lib/liblifelong_slam_toolbox.so" to ""
-- Up-to-date: /home/markros2/rosproject/install/slam_toolbox/lib/libSlamToolboxPlugin.so
-- Up-to-date: /home/markros2/rosproject/install/slam_toolbox/include
-- Up-to-date: /home/markros2/rosproject/install/slam_toolbox/include/slam_toolbox
-- Installing: /home/markros2/rosproject/install/slam_toolbox/include/slam_toolbox/slam_toolbox_async.hpp
-- Installing: /home/markros2/rosproject/install/slam_toolbox/include/slam_toolbox/map_saver.hpp
-- Installing: /home/markros2/rosproject/install/slam_toolbox/include/slam_toolbox/slam_toolbox_sync.hpp
-- Installing: /home/markros2/rosproject/install/slam_toolbox/include/slam_toolbox/merge_maps_kinematic.hpp
-- Installing: /home/markros2/rosproject/install/slam_toolbox/include/slam_toolbox/slam_toolbox_localization.hpp
-- Installing: /home/markros2/rosproject/install/slam_toolbox/include/slam_toolbox/snap_utils.hpp
-- Installing: /home/markros2/rosproject/install/slam_toolbox/include/slam_toolbox/laser_utils.hpp
-- Installing: /home/markros2/rosproject/install/slam_toolbox/include/slam_toolbox/slam_toolbox_common.hpp
-- Installing: /home/markros2/rosproject/install/slam_toolbox/include/slam_toolbox/serialization.hpp
-- Installing: /home/markros2/rosproject/install/slam_toolbox/include/slam_toolbox/toolbox_types.hpp
-- Installing: /home/markros2/rosproject/install/slam_toolbox/include/slam_toolbox/get_pose_helper.hpp
-- Installing: /home/markros2/rosproject/install/slam_toolbox/include/slam_toolbox/toolbox_msgs.hpp
-- Installing: /home/markros2/rosproject/install/slam_toolbox/include/slam_toolbox/visualization_utils.hpp
-- Installing: /home/markros2/rosproject/install/slam_toolbox/include/slam_toolbox/experimental
-- Installing: /home/markros2/rosproject/install/slam_toolbox/include/slam_toolbox/experimental/slam_toolbox_lifelong.hpp
-- Installing: /home/markros2/rosproject/install/slam_toolbox/include/slam_toolbox/slam_mapper.hpp
-- Installing: /home/markros2/rosproject/install/slam_toolbox/include/slam_toolbox/loop_closure_assistant.hpp
-- Installing: /home/markros2/rosproject/install/slam_toolbox/share/slam_toolbox/launch
-- Installing: /home/markros2/rosproject/install/slam_toolbox/share/slam_toolbox/launch/lifelong_launch.py
-- Installing: /home/markros2/rosproject/install/slam_toolbox/share/slam_toolbox/launch/localization_launch.py
-- Installing: /home/markros2/rosproject/install/slam_toolbox/share/slam_toolbox/launch/online_async_launch.py
-- Installing: /home/markros2/rosproject/install/slam_toolbox/share/slam_toolbox/launch/online_sync_launch.py
-- Installing: /home/markros2/rosproject/install/slam_toolbox/share/slam_toolbox/launch/merge_maps_kinematic_launch.py
-- Installing: /home/markros2/rosproject/install/slam_toolbox/share/slam_toolbox/launch/offline_launch.py
-- Installing: /home/markros2/rosproject/install/slam_toolbox/share/slam_toolbox/config
-- Installing: /home/markros2/rosproject/install/slam_toolbox/share/slam_toolbox/config/mapper_params_localization.yaml
-- Installing: /home/markros2/rosproject/install/slam_toolbox/share/slam_toolbox/config/mapper_params_online_async.yaml
-- Installing: /home/markros2/rosproject/install/slam_toolbox/share/slam_toolbox/config/mapper_params_online_sync.yaml
-- Installing: /home/markros2/rosproject/install/slam_toolbox/share/slam_toolbox/config/mapper_params_lifelong.yaml
-- Installing: /home/markros2/rosproject/install/slam_toolbox/share/slam_toolbox/config/mapper_params_offline.yaml
-- Installing: /home/markros2/rosproject/install/slam_toolbox/share/slam_toolbox/config/slam_toolbox_default.rviz
-- Installing: /home/markros2/rosproject/install/slam_toolbox/share/solver_plugins.xml
-- Installing: /home/markros2/rosproject/install/slam_toolbox/share/rviz_plugins.xml
-- Installing: /home/markros2/rosproject/install/slam_toolbox/share/ament_index/resource_index/package_run_dependencies/slam_toolbox
-- Installing: /home/markros2/rosproject/install/slam_toolbox/share/ament_index/resource_index/parent_prefix_path/slam_toolbox
-- Installing: /home/markros2/rosproject/install/slam_toolbox/share/slam_toolbox/environment/ament_prefix_path.sh
-- Installing: /home/markros2/rosproject/install/slam_toolbox/share/slam_toolbox/environment/ament_prefix_path.dsv
-- Installing: /home/markros2/rosproject/install/slam_toolbox/share/slam_toolbox/environment/path.sh
-- Installing: /home/markros2/rosproject/install/slam_toolbox/share/slam_toolbox/environment/path.dsv
-- Installing: /home/markros2/rosproject/install/slam_toolbox/share/slam_toolbox/local_setup.bash
-- Installing: /home/markros2/rosproject/install/slam_toolbox/share/slam_toolbox/local_setup.sh
-- Installing: /home/markros2/rosproject/install/slam_toolbox/share/slam_toolbox/local_setup.zsh
-- Installing: /home/markros2/rosproject/install/slam_toolbox/share/slam_toolbox/local_setup.dsv
-- Installing: /home/markros2/rosproject/install/slam_toolbox/share/slam_toolbox/package.dsv
-- Installing: /home/markros2/rosproject/install/slam_toolbox/share/ament_index/resource_index/packages/slam_toolbox
-- Installing: /home/markros2/rosproject/install/slam_toolbox/share/ament_index/resource_index/rviz_common__pluginlib__plugin/slam_toolbox
-- Installing: /home/markros2/rosproject/install/slam_toolbox/share/ament_index/resource_index/slam_toolbox__pluginlib__plugin/slam_toolbox
-- Installing: /home/markros2/rosproject/install/slam_toolbox/share/slam_toolbox/cmake/slam_toolbox__rosidl_generator_cExport.cmake
-- Installing: /home/markros2/rosproject/install/slam_toolbox/share/slam_toolbox/cmake/slam_toolbox__rosidl_generator_cExport-release.cmake
-- Installing: /home/markros2/rosproject/install/slam_toolbox/share/slam_toolbox/cmake/slam_toolbox__rosidl_typesupport_introspection_cExport.cmake
-- Installing: /home/markros2/rosproject/install/slam_toolbox/share/slam_toolbox/cmake/slam_toolbox__rosidl_typesupport_introspection_cExport-release.cmake
-- Installing: /home/markros2/rosproject/install/slam_toolbox/share/slam_toolbox/cmake/slam_toolbox__rosidl_typesupport_cExport.cmake
-- Installing: /home/markros2/rosproject/install/slam_toolbox/share/slam_toolbox/cmake/slam_toolbox__rosidl_typesupport_cExport-release.cmake
-- Installing: /home/markros2/rosproject/install/slam_toolbox/share/slam_toolbox/cmake/slam_toolbox__rosidl_generator_cppExport.cmake
-- Installing: /home/markros2/rosproject/install/slam_toolbox/share/slam_toolbox/cmake/slam_toolbox__rosidl_typesupport_introspection_cppExport.cmake
-- Installing: /home/markros2/rosproject/install/slam_toolbox/share/slam_toolbox/cmake/slam_toolbox__rosidl_typesupport_introspection_cppExport-release.cmake
-- Installing: /home/markros2/rosproject/install/slam_toolbox/share/slam_toolbox/cmake/slam_toolbox__rosidl_typesupport_cppExport.cmake
-- Installing: /home/markros2/rosproject/install/slam_toolbox/share/slam_toolbox/cmake/slam_toolbox__rosidl_typesupport_cppExport-release.cmake
-- Installing: /home/markros2/rosproject/install/slam_toolbox/share/slam_toolbox/cmake/SlamToolboxPluginExport.cmake
-- Installing: /home/markros2/rosproject/install/slam_toolbox/share/slam_toolbox/cmake/SlamToolboxPluginExport-release.cmake
-- Installing: /home/markros2/rosproject/install/slam_toolbox/share/slam_toolbox/cmake/rosidl_cmake-extras.cmake
-- Installing: /home/markros2/rosproject/install/slam_toolbox/share/slam_toolbox/cmake/ament_cmake_export_dependencies-extras.cmake
-- Installing: /home/markros2/rosproject/install/slam_toolbox/share/slam_toolbox/cmake/ament_cmake_export_libraries-extras.cmake
-- Installing: /home/markros2/rosproject/install/slam_toolbox/share/slam_toolbox/cmake/ament_cmake_export_targets-extras.cmake
-- Installing: /home/markros2/rosproject/install/slam_toolbox/share/slam_toolbox/cmake/ament_cmake_export_include_directories-extras.cmake
-- Installing: /home/markros2/rosproject/install/slam_toolbox/share/slam_toolbox/cmake/rosidl_cmake_export_typesupport_libraries-extras.cmake
-- Installing: /home/markros2/rosproject/install/slam_toolbox/share/slam_toolbox/cmake/rosidl_cmake_export_typesupport_targets-extras.cmake
-- Installing: /home/markros2/rosproject/install/slam_toolbox/share/slam_toolbox/cmake/slam_toolboxConfig.cmake
-- Installing: /home/markros2/rosproject/install/slam_toolbox/share/slam_toolbox/cmake/slam_toolboxConfig-version.cmake
-- Installing: /home/markros2/rosproject/install/slam_toolbox/share/slam_toolbox/package.xml
-- Up-to-date: /home/markros2/rosproject/install/slam_toolbox/include/
-- Installing: /home/markros2/rosproject/install/slam_toolbox/include//karto_sdk
-- Installing: /home/markros2/rosproject/install/slam_toolbox/include//karto_sdk/nanoflann_adaptors.h
-- Installing: /home/markros2/rosproject/install/slam_toolbox/include//karto_sdk/Types.h
-- Installing: /home/markros2/rosproject/install/slam_toolbox/include//karto_sdk/Macros.h
-- Installing: /home/markros2/rosproject/install/slam_toolbox/include//karto_sdk/Math.h
-- Installing: /home/markros2/rosproject/install/slam_toolbox/include//karto_sdk/Mapper.h
-- Installing: /home/markros2/rosproject/install/slam_toolbox/include//karto_sdk/nanoflann.hpp
-- Installing: /home/markros2/rosproject/install/slam_toolbox/include//karto_sdk/Karto.h
-- Installing: /home/markros2/rosproject/install/slam_toolbox/lib/libkartoSlamToolbox.so
-- Set runtime path of "/home/markros2/rosproject/install/slam_toolbox/lib/libkartoSlamToolbox.so" to ""
-- Installing: /home/markros2/rosproject/install/slam_toolbox/share/karto_sdk/environment/library_path.sh
-- Installing: /home/markros2/rosproject/install/slam_toolbox/share/karto_sdk/environment/library_path.dsv
-- Installing: /home/markros2/rosproject/install/slam_toolbox/share/ament_index/resource_index/package_run_dependencies/karto_sdk
-- Installing: /home/markros2/rosproject/install/slam_toolbox/share/ament_index/resource_index/parent_prefix_path/karto_sdk
-- Installing: /home/markros2/rosproject/install/slam_toolbox/share/karto_sdk/environment/ament_prefix_path.sh
-- Installing: /home/markros2/rosproject/install/slam_toolbox/share/karto_sdk/environment/ament_prefix_path.dsv
-- Installing: /home/markros2/rosproject/install/slam_toolbox/share/karto_sdk/environment/path.sh
-- Installing: /home/markros2/rosproject/install/slam_toolbox/share/karto_sdk/environment/path.dsv
-- Installing: /home/markros2/rosproject/install/slam_toolbox/share/karto_sdk/local_setup.bash
-- Installing: /home/markros2/rosproject/install/slam_toolbox/share/karto_sdk/local_setup.sh
-- Installing: /home/markros2/rosproject/install/slam_toolbox/share/karto_sdk/local_setup.zsh
-- Installing: /home/markros2/rosproject/install/slam_toolbox/share/karto_sdk/local_setup.dsv
-- Installing: /home/markros2/rosproject/install/slam_toolbox/share/karto_sdk/package.dsv
-- Installing: /home/markros2/rosproject/install/slam_toolbox/share/ament_index/resource_index/packages/karto_sdk
-- Installing: /home/markros2/rosproject/install/slam_toolbox/share/karto_sdk/cmake/ament_cmake_export_libraries-extras.cmake
-- Installing: /home/markros2/rosproject/install/slam_toolbox/share/karto_sdk/cmake/ament_cmake_export_include_directories-extras.cmake
-- Installing: /home/markros2/rosproject/install/slam_toolbox/share/karto_sdk/cmake/ament_cmake_export_dependencies-extras.cmake
-- Installing: /home/markros2/rosproject/install/slam_toolbox/share/karto_sdk/cmake/karto_sdkConfig.cmake
-- Installing: /home/markros2/rosproject/install/slam_toolbox/share/karto_sdk/cmake/karto_sdkConfig-version.cmake
-- Installing: /home/markros2/rosproject/install/slam_toolbox/share/karto_sdk/package.xml
