[0.802s] Invoking command in '/home/markros2/rosproject/src/my_robot_slam': PYTHONPATH=/home/markros2/rosproject/install/my_robot_slam/lib/python3.8/site-packages:${PYTHONPATH} /usr/bin/python3 setup.py egg_info --egg-base ../../build/my_robot_slam build --build-base /home/markros2/rosproject/build/my_robot_slam/build install --prefix /home/markros2/rosproject/install/my_robot_slam --record /home/markros2/rosproject/build/my_robot_slam/install.log --single-version-externally-managed
[1.019s] running egg_info
[1.021s] writing ../../build/my_robot_slam/my_robot_slam.egg-info/PKG-INFO
[1.021s] writing dependency_links to ../../build/my_robot_slam/my_robot_slam.egg-info/dependency_links.txt
[1.021s] writing entry points to ../../build/my_robot_slam/my_robot_slam.egg-info/entry_points.txt
[1.021s] writing requirements to ../../build/my_robot_slam/my_robot_slam.egg-info/requires.txt
[1.021s] writing top-level names to ../../build/my_robot_slam/my_robot_slam.egg-info/top_level.txt
[1.070s] reading manifest file '../../build/my_robot_slam/my_robot_slam.egg-info/SOURCES.txt'
[1.070s] writing manifest file '../../build/my_robot_slam/my_robot_slam.egg-info/SOURCES.txt'
[1.071s] running build
[1.071s] running build_py
[1.071s] running install
[1.072s] running install_lib
[1.073s] running install_data
[1.074s] running install_egg_info
[1.075s] removing '/home/markros2/rosproject/install/my_robot_slam/lib/python3.8/site-packages/my_robot_slam-0.0.0-py3.8.egg-info' (and everything under it)
[1.076s] Copying ../../build/my_robot_slam/my_robot_slam.egg-info to /home/markros2/rosproject/install/my_robot_slam/lib/python3.8/site-packages/my_robot_slam-0.0.0-py3.8.egg-info
[1.077s] running install_scripts
[1.099s] writing list of installed files to '/home/markros2/rosproject/build/my_robot_slam/install.log'
[1.131s] Invoked command in '/home/markros2/rosproject/src/my_robot_slam' returned '0': PYTHONPATH=/home/markros2/rosproject/install/my_robot_slam/lib/python3.8/site-packages:${PYTHONPATH} /usr/bin/python3 setup.py egg_info --egg-base ../../build/my_robot_slam build --build-base /home/markros2/rosproject/build/my_robot_slam/build install --prefix /home/markros2/rosproject/install/my_robot_slam --record /home/markros2/rosproject/build/my_robot_slam/install.log --single-version-externally-managed
