[0.915s] Invoking command in '/home/text/rosproject/src/my_vacuum_cleaner': PYTHONPATH=/home/text/rosproject/install/my_vacuum_cleaner/lib/python3.8/site-packages:${PYTHONPATH} /usr/bin/python3 setup.py egg_info --egg-base ../../build/my_vacuum_cleaner build --build-base /home/text/rosproject/build/my_vacuum_cleaner/build install --prefix /home/text/rosproject/install/my_vacuum_cleaner --record /home/text/rosproject/build/my_vacuum_cleaner/install.log --single-version-externally-managed
[1.129s] running egg_info
[1.130s] writing ../../build/my_vacuum_cleaner/my_vacuum_cleaner.egg-info/PKG-INFO
[1.130s] writing dependency_links to ../../build/my_vacuum_cleaner/my_vacuum_cleaner.egg-info/dependency_links.txt
[1.130s] writing entry points to ../../build/my_vacuum_cleaner/my_vacuum_cleaner.egg-info/entry_points.txt
[1.131s] writing requirements to ../../build/my_vacuum_cleaner/my_vacuum_cleaner.egg-info/requires.txt
[1.131s] writing top-level names to ../../build/my_vacuum_cleaner/my_vacuum_cleaner.egg-info/top_level.txt
[1.182s] reading manifest file '../../build/my_vacuum_cleaner/my_vacuum_cleaner.egg-info/SOURCES.txt'
[1.184s] writing manifest file '../../build/my_vacuum_cleaner/my_vacuum_cleaner.egg-info/SOURCES.txt'
[1.184s] running build
[1.184s] running build_py
[1.184s] copying my_vacuum_cleaner/coverage.py -> /home/text/rosproject/build/my_vacuum_cleaner/build/lib/my_vacuum_cleaner
[1.184s] running install
[1.186s] running install_lib
[1.187s] copying /home/text/rosproject/build/my_vacuum_cleaner/build/lib/my_vacuum_cleaner/coverage.py -> /home/text/rosproject/install/my_vacuum_cleaner/lib/python3.8/site-packages/my_vacuum_cleaner
[1.188s] byte-compiling /home/text/rosproject/install/my_vacuum_cleaner/lib/python3.8/site-packages/my_vacuum_cleaner/coverage.py to coverage.cpython-38.pyc
[1.192s] running install_data
[1.193s] running install_egg_info
[1.195s] removing '/home/text/rosproject/install/my_vacuum_cleaner/lib/python3.8/site-packages/my_vacuum_cleaner-0.0.0-py3.8.egg-info' (and everything under it)
[1.197s] Copying ../../build/my_vacuum_cleaner/my_vacuum_cleaner.egg-info to /home/text/rosproject/install/my_vacuum_cleaner/lib/python3.8/site-packages/my_vacuum_cleaner-0.0.0-py3.8.egg-info
[1.197s] running install_scripts
[1.223s] Installing coverage script to /home/text/rosproject/install/my_vacuum_cleaner/lib/my_vacuum_cleaner
[1.223s] writing list of installed files to '/home/text/rosproject/build/my_vacuum_cleaner/install.log'
[1.251s] Invoked command in '/home/text/rosproject/src/my_vacuum_cleaner' returned '0': PYTHONPATH=/home/text/rosproject/install/my_vacuum_cleaner/lib/python3.8/site-packages:${PYTHONPATH} /usr/bin/python3 setup.py egg_info --egg-base ../../build/my_vacuum_cleaner build --build-base /home/text/rosproject/build/my_vacuum_cleaner/build install --prefix /home/text/rosproject/install/my_vacuum_cleaner --record /home/text/rosproject/build/my_vacuum_cleaner/install.log --single-version-externally-managed
