[0.685s] Invoking command in '/home/markros2/rosproject/src/my_robot_navigation': PYTHONPATH=/home/markros2/rosproject/install/my_robot_navigation/lib/python3.8/site-packages:${PYTHONPATH} /usr/bin/python3 setup.py egg_info --egg-base ../../build/my_robot_navigation build --build-base /home/markros2/rosproject/build/my_robot_navigation/build install --prefix /home/markros2/rosproject/install/my_robot_navigation --record /home/markros2/rosproject/build/my_robot_navigation/install.log --single-version-externally-managed
[0.851s] running egg_info
[0.852s] writing ../../build/my_robot_navigation/my_robot_navigation.egg-info/PKG-INFO
[0.852s] writing dependency_links to ../../build/my_robot_navigation/my_robot_navigation.egg-info/dependency_links.txt
[0.852s] writing entry points to ../../build/my_robot_navigation/my_robot_navigation.egg-info/entry_points.txt
[0.853s] writing requirements to ../../build/my_robot_navigation/my_robot_navigation.egg-info/requires.txt
[0.853s] writing top-level names to ../../build/my_robot_navigation/my_robot_navigation.egg-info/top_level.txt
[0.894s] reading manifest file '../../build/my_robot_navigation/my_robot_navigation.egg-info/SOURCES.txt'
[0.894s] writing manifest file '../../build/my_robot_navigation/my_robot_navigation.egg-info/SOURCES.txt'
[0.895s] running build
[0.895s] running build_py
[0.895s] running install
[0.895s] running install_lib
[0.896s] running install_data
[0.897s] copying config/nav2_params.yaml -> /home/markros2/rosproject/install/my_robot_navigation/share/my_robot_navigation
[0.898s] running install_egg_info
[0.899s] removing '/home/markros2/rosproject/install/my_robot_navigation/lib/python3.8/site-packages/my_robot_navigation-0.0.0-py3.8.egg-info' (and everything under it)
[0.899s] Copying ../../build/my_robot_navigation/my_robot_navigation.egg-info to /home/markros2/rosproject/install/my_robot_navigation/lib/python3.8/site-packages/my_robot_navigation-0.0.0-py3.8.egg-info
[0.900s] running install_scripts
[0.914s] Installing initpose script to /home/markros2/rosproject/install/my_robot_navigation/lib/my_robot_navigation
[0.914s] writing list of installed files to '/home/markros2/rosproject/build/my_robot_navigation/install.log'
[0.954s] Invoked command in '/home/markros2/rosproject/src/my_robot_navigation' returned '0': PYTHONPATH=/home/markros2/rosproject/install/my_robot_navigation/lib/python3.8/site-packages:${PYTHONPATH} /usr/bin/python3 setup.py egg_info --egg-base ../../build/my_robot_navigation build --build-base /home/markros2/rosproject/build/my_robot_navigation/build install --prefix /home/markros2/rosproject/install/my_robot_navigation --record /home/markros2/rosproject/build/my_robot_navigation/install.log --single-version-externally-managed
