[0.233s] Invoking command in '/home/markros2/rosproject/build/slam_toolbox': CMAKE_PREFIX_PATH=${CMAKE_PREFIX_PATH}:/home/markros2/rosproject/install/my_robot_slam:/home/markros2/project/install/slam:/opt/ros/foxy /usr/bin/cmake --build /home/markros2/rosproject/build/slam_toolbox -- -j12 -l12
[0.302s] [  1%] Built target slam_toolbox__cpp
[0.307s] [ 10%] Built target slam_toolbox__rosidl_generator_c
[0.313s] [ 12%] Built target kartoSlamToolbox
[0.337s] [ 21%] Built target slam_toolbox__rosidl_typesupport_cpp
[0.344s] [ 30%] Built target slam_toolbox__rosidl_typesupport_introspection_cpp
[0.345s] [ 39%] Built target slam_toolbox__rosidl_typesupport_c
[0.350s] [ 48%] Built target slam_toolbox__rosidl_typesupport_introspection_c
[0.353s] [ 57%] Built target slam_toolbox__rosidl_typesupport_fastrtps_cpp
[0.391s] [ 66%] Built target slam_toolbox__rosidl_typesupport_fastrtps_c
[0.412s] [ 66%] Built target slam_toolbox
[0.440s] [ 67%] Built target slam_toolbox__py
[0.454s] [ 69%] Built target ceres_solver_plugin
[0.477s] [ 71%] Built target SlamToolboxPlugin
[0.482s] [ 79%] Built target slam_toolbox__python
[0.484s] [ 84%] Built target toolbox_common
[0.524s] [ 85%] Built target slam_toolbox__rosidl_typesupport_introspection_c__pyext
[0.525s] [ 86%] Built target slam_toolbox__rosidl_typesupport_c__pyext
[0.526s] [ 87%] Built target slam_toolbox__rosidl_typesupport_fastrtps_c__pyext
[0.546s] [ 88%] Built target merge_maps_kinematic
[0.553s] [ 92%] Built target async_slam_toolbox
[0.553s] [ 93%] Built target sync_slam_toolbox
[0.553s] [ 94%] Built target lifelong_slam_toolbox
[0.556s] [ 95%] Built target localization_slam_toolbox
[0.604s] [ 96%] Built target lifelong_slam_toolbox_node
[0.608s] [ 97%] Built target sync_slam_toolbox_node
[0.611s] [ 98%] Built target async_slam_toolbox_node
[0.615s] [100%] Built target localization_slam_toolbox_node
[0.631s] Invoked command in '/home/markros2/rosproject/build/slam_toolbox' returned '0': CMAKE_PREFIX_PATH=${CMAKE_PREFIX_PATH}:/home/markros2/rosproject/install/my_robot_slam:/home/markros2/project/install/slam:/opt/ros/foxy /usr/bin/cmake --build /home/markros2/rosproject/build/slam_toolbox -- -j12 -l12
[0.814s] Invoking command in '/home/markros2/rosproject/build/slam_toolbox': CMAKE_PREFIX_PATH=${CMAKE_PREFIX_PATH}:/home/markros2/rosproject/install/my_robot_slam:/home/markros2/project/install/slam:/opt/ros/foxy /usr/bin/cmake --install /home/markros2/rosproject/build/slam_toolbox
[0.823s] -- Install configuration: "Release"
[0.823s] -- Up-to-date: /home/markros2/rosproject/install/slam_toolbox/share/ament_index/resource_index/rosidl_interfaces/slam_toolbox
[0.823s] -- Up-to-date: /home/markros2/rosproject/install/slam_toolbox/include/slam_toolbox
[0.824s] -- Up-to-date: /home/markros2/rosproject/install/slam_toolbox/include/slam_toolbox/msg
[0.824s] -- Up-to-date: /home/markros2/rosproject/install/slam_toolbox/include/slam_toolbox/msg/rosidl_generator_c__visibility_control.h
[0.824s] -- Up-to-date: /home/markros2/rosproject/install/slam_toolbox/include/slam_toolbox/srv
[0.824s] -- Up-to-date: /home/markros2/rosproject/install/slam_toolbox/include/slam_toolbox/srv/add_submap.h
[0.824s] -- Up-to-date: /home/markros2/rosproject/install/slam_toolbox/include/slam_toolbox/srv/toggle_interactive.h
[0.824s] -- Up-to-date: /home/markros2/rosproject/install/slam_toolbox/include/slam_toolbox/srv/loop_closure.h
[0.824s] -- Up-to-date: /home/markros2/rosproject/install/slam_toolbox/include/slam_toolbox/srv/clear_queue.h
[0.824s] -- Up-to-date: /home/markros2/rosproject/install/slam_toolbox/include/slam_toolbox/srv/merge_maps.h
[0.824s] -- Up-to-date: /home/markros2/rosproject/install/slam_toolbox/include/slam_toolbox/srv/detail
[0.825s] -- Up-to-date: /home/markros2/rosproject/install/slam_toolbox/include/slam_toolbox/srv/detail/save_map__struct.h
[0.825s] -- Up-to-date: /home/markros2/rosproject/install/slam_toolbox/include/slam_toolbox/srv/detail/loop_closure__struct.h
[0.825s] -- Up-to-date: /home/markros2/rosproject/install/slam_toolbox/include/slam_toolbox/srv/detail/clear_queue__functions.c
[0.825s] -- Up-to-date: /home/markros2/rosproject/install/slam_toolbox/include/slam_toolbox/srv/detail/serialize_pose_graph__functions.c
[0.825s] -- Up-to-date: /home/markros2/rosproject/install/slam_toolbox/include/slam_toolbox/srv/detail/toggle_interactive__struct.h
[0.825s] -- Up-to-date: /home/markros2/rosproject/install/slam_toolbox/include/slam_toolbox/srv/detail/clear_queue__struct.h
[0.825s] -- Up-to-date: /home/markros2/rosproject/install/slam_toolbox/include/slam_toolbox/srv/detail/toggle_interactive__functions.h
[0.825s] -- Up-to-date: /home/markros2/rosproject/install/slam_toolbox/include/slam_toolbox/srv/detail/loop_closure__type_support.h
[0.825s] -- Up-to-date: /home/markros2/rosproject/install/slam_toolbox/include/slam_toolbox/srv/detail/pause__functions.h
[0.825s] -- Up-to-date: /home/markros2/rosproject/install/slam_toolbox/include/slam_toolbox/srv/detail/merge_maps__struct.h
[0.825s] -- Up-to-date: /home/markros2/rosproject/install/slam_toolbox/include/slam_toolbox/srv/detail/add_submap__type_support.h
[0.826s] -- Up-to-date: /home/markros2/rosproject/install/slam_toolbox/include/slam_toolbox/srv/detail/serialize_pose_graph__functions.h
[0.826s] -- Up-to-date: /home/markros2/rosproject/install/slam_toolbox/include/slam_toolbox/srv/detail/serialize_pose_graph__struct.h
[0.827s] -- Up-to-date: /home/markros2/rosproject/install/slam_toolbox/include/slam_toolbox/srv/detail/save_map__type_support.h
[0.828s] -- Up-to-date: /home/markros2/rosproject/install/slam_toolbox/include/slam_toolbox/srv/detail/deserialize_pose_graph__type_support.h
[0.828s] -- Up-to-date: /home/markros2/rosproject/install/slam_toolbox/include/slam_toolbox/srv/detail/serialize_pose_graph__type_support.h
[0.828s] -- Up-to-date: /home/markros2/rosproject/install/slam_toolbox/include/slam_toolbox/srv/detail/clear_queue__functions.h
[0.828s] -- Up-to-date: /home/markros2/rosproject/install/slam_toolbox/include/slam_toolbox/srv/detail/merge_maps__type_support.h
[0.828s] -- Up-to-date: /home/markros2/rosproject/install/slam_toolbox/include/slam_toolbox/srv/detail/deserialize_pose_graph__struct.h
[0.828s] -- Up-to-date: /home/markros2/rosproject/install/slam_toolbox/include/slam_toolbox/srv/detail/add_submap__struct.h
[0.829s] -- Up-to-date: /home/markros2/rosproject/install/slam_toolbox/include/slam_toolbox/srv/detail/add_submap__functions.c
[0.829s] -- Up-to-date: /home/markros2/rosproject/install/slam_toolbox/include/slam_toolbox/srv/detail/clear__struct.h
[0.829s] -- Up-to-date: /home/markros2/rosproject/install/slam_toolbox/include/slam_toolbox/srv/detail/loop_closure__functions.h
[0.829s] -- Up-to-date: /home/markros2/rosproject/install/slam_toolbox/include/slam_toolbox/srv/detail/clear_queue__type_support.h
[0.829s] -- Up-to-date: /home/markros2/rosproject/install/slam_toolbox/include/slam_toolbox/srv/detail/pause__struct.h
[0.829s] -- Up-to-date: /home/markros2/rosproject/install/slam_toolbox/include/slam_toolbox/srv/detail/merge_maps__functions.c
[0.829s] -- Up-to-date: /home/markros2/rosproject/install/slam_toolbox/include/slam_toolbox/srv/detail/clear__type_support.h
[0.830s] -- Up-to-date: /home/markros2/rosproject/install/slam_toolbox/include/slam_toolbox/srv/detail/clear__functions.h
[0.830s] -- Up-to-date: /home/markros2/rosproject/install/slam_toolbox/include/slam_toolbox/srv/detail/toggle_interactive__functions.c
[0.830s] -- Up-to-date: /home/markros2/rosproject/install/slam_toolbox/include/slam_toolbox/srv/detail/toggle_interactive__type_support.h
[0.830s] -- Up-to-date: /home/markros2/rosproject/install/slam_toolbox/include/slam_toolbox/srv/detail/save_map__functions.h
[0.830s] -- Up-to-date: /home/markros2/rosproject/install/slam_toolbox/include/slam_toolbox/srv/detail/pause__functions.c
[0.830s] -- Up-to-date: /home/markros2/rosproject/install/slam_toolbox/include/slam_toolbox/srv/detail/add_submap__functions.h
[0.830s] -- Up-to-date: /home/markros2/rosproject/install/slam_toolbox/include/slam_toolbox/srv/detail/deserialize_pose_graph__functions.h
[0.830s] -- Up-to-date: /home/markros2/rosproject/install/slam_toolbox/include/slam_toolbox/srv/detail/merge_maps__functions.h
[0.830s] -- Up-to-date: /home/markros2/rosproject/install/slam_toolbox/include/slam_toolbox/srv/detail/loop_closure__functions.c
[0.831s] -- Up-to-date: /home/markros2/rosproject/install/slam_toolbox/include/slam_toolbox/srv/detail/save_map__functions.c
[0.831s] -- Up-to-date: /home/markros2/rosproject/install/slam_toolbox/include/slam_toolbox/srv/detail/pause__type_support.h
[0.831s] -- Up-to-date: /home/markros2/rosproject/install/slam_toolbox/include/slam_toolbox/srv/detail/clear__functions.c
[0.831s] -- Up-to-date: /home/markros2/rosproject/install/slam_toolbox/include/slam_toolbox/srv/detail/deserialize_pose_graph__functions.c
[0.831s] -- Up-to-date: /home/markros2/rosproject/install/slam_toolbox/include/slam_toolbox/srv/save_map.h
[0.831s] -- Up-to-date: /home/markros2/rosproject/install/slam_toolbox/include/slam_toolbox/srv/deserialize_pose_graph.h
[0.831s] -- Up-to-date: /home/markros2/rosproject/install/slam_toolbox/include/slam_toolbox/srv/clear.h
[0.832s] -- Up-to-date: /home/markros2/rosproject/install/slam_toolbox/include/slam_toolbox/srv/serialize_pose_graph.h
[0.832s] -- Up-to-date: /home/markros2/rosproject/install/slam_toolbox/include/slam_toolbox/srv/pause.h
[0.832s] -- Up-to-date: /home/markros2/rosproject/install/slam_toolbox/share/slam_toolbox/environment/library_path.sh
[0.832s] -- Up-to-date: /home/markros2/rosproject/install/slam_toolbox/share/slam_toolbox/environment/library_path.dsv
[0.832s] -- Up-to-date: /home/markros2/rosproject/install/slam_toolbox/lib/libslam_toolbox__rosidl_generator_c.so
[0.832s] -- Up-to-date: /home/markros2/rosproject/install/slam_toolbox/include/slam_toolbox
[0.832s] -- Up-to-date: /home/markros2/rosproject/install/slam_toolbox/include/slam_toolbox/msg
[0.832s] -- Up-to-date: /home/markros2/rosproject/install/slam_toolbox/include/slam_toolbox/msg/rosidl_typesupport_fastrtps_c__visibility_control.h
[0.833s] -- Up-to-date: /home/markros2/rosproject/install/slam_toolbox/include/slam_toolbox/srv
[0.833s] -- Up-to-date: /home/markros2/rosproject/install/slam_toolbox/include/slam_toolbox/srv/detail
[0.833s] -- Up-to-date: /home/markros2/rosproject/install/slam_toolbox/include/slam_toolbox/srv/detail/clear_queue__rosidl_typesupport_fastrtps_c.h
[0.833s] -- Up-to-date: /home/markros2/rosproject/install/slam_toolbox/include/slam_toolbox/srv/detail/deserialize_pose_graph__rosidl_typesupport_fastrtps_c.h
[0.833s] -- Up-to-date: /home/markros2/rosproject/install/slam_toolbox/include/slam_toolbox/srv/detail/clear__rosidl_typesupport_fastrtps_c.h
[0.833s] -- Up-to-date: /home/markros2/rosproject/install/slam_toolbox/include/slam_toolbox/srv/detail/merge_maps__rosidl_typesupport_fastrtps_c.h
[0.833s] -- Up-to-date: /home/markros2/rosproject/install/slam_toolbox/include/slam_toolbox/srv/detail/save_map__rosidl_typesupport_fastrtps_c.h
[0.833s] -- Up-to-date: /home/markros2/rosproject/install/slam_toolbox/include/slam_toolbox/srv/detail/pause__rosidl_typesupport_fastrtps_c.h
[0.834s] -- Up-to-date: /home/markros2/rosproject/install/slam_toolbox/include/slam_toolbox/srv/detail/add_submap__rosidl_typesupport_fastrtps_c.h
[0.834s] -- Up-to-date: /home/markros2/rosproject/install/slam_toolbox/include/slam_toolbox/srv/detail/serialize_pose_graph__rosidl_typesupport_fastrtps_c.h
[0.834s] -- Up-to-date: /home/markros2/rosproject/install/slam_toolbox/include/slam_toolbox/srv/detail/loop_closure__rosidl_typesupport_fastrtps_c.h
[0.834s] -- Up-to-date: /home/markros2/rosproject/install/slam_toolbox/include/slam_toolbox/srv/detail/toggle_interactive__rosidl_typesupport_fastrtps_c.h
[0.834s] -- Up-to-date: /home/markros2/rosproject/install/slam_toolbox/lib/libslam_toolbox__rosidl_typesupport_fastrtps_c.so
[0.834s] -- Up-to-date: /home/markros2/rosproject/install/slam_toolbox/include/slam_toolbox
[0.834s] -- Up-to-date: /home/markros2/rosproject/install/slam_toolbox/include/slam_toolbox/msg
[0.834s] -- Up-to-date: /home/markros2/rosproject/install/slam_toolbox/include/slam_toolbox/msg/rosidl_typesupport_fastrtps_cpp__visibility_control.h
[0.834s] -- Up-to-date: /home/markros2/rosproject/install/slam_toolbox/include/slam_toolbox/srv
[0.834s] -- Up-to-date: /home/markros2/rosproject/install/slam_toolbox/include/slam_toolbox/srv/detail
[0.835s] -- Up-to-date: /home/markros2/rosproject/install/slam_toolbox/include/slam_toolbox/srv/detail/loop_closure__rosidl_typesupport_fastrtps_cpp.hpp
[0.835s] -- Up-to-date: /home/markros2/rosproject/install/slam_toolbox/include/slam_toolbox/srv/detail/clear__rosidl_typesupport_fastrtps_cpp.hpp
[0.835s] -- Up-to-date: /home/markros2/rosproject/install/slam_toolbox/include/slam_toolbox/srv/detail/toggle_interactive__rosidl_typesupport_fastrtps_cpp.hpp
[0.835s] -- Up-to-date: /home/markros2/rosproject/install/slam_toolbox/include/slam_toolbox/srv/detail/pause__rosidl_typesupport_fastrtps_cpp.hpp
[0.835s] -- Up-to-date: /home/markros2/rosproject/install/slam_toolbox/include/slam_toolbox/srv/detail/serialize_pose_graph__rosidl_typesupport_fastrtps_cpp.hpp
[0.835s] -- Up-to-date: /home/markros2/rosproject/install/slam_toolbox/include/slam_toolbox/srv/detail/deserialize_pose_graph__rosidl_typesupport_fastrtps_cpp.hpp
[0.835s] -- Up-to-date: /home/markros2/rosproject/install/slam_toolbox/include/slam_toolbox/srv/detail/dds_fastrtps
[0.835s] -- Up-to-date: /home/markros2/rosproject/install/slam_toolbox/include/slam_toolbox/srv/detail/add_submap__rosidl_typesupport_fastrtps_cpp.hpp
[0.836s] -- Up-to-date: /home/markros2/rosproject/install/slam_toolbox/include/slam_toolbox/srv/detail/save_map__rosidl_typesupport_fastrtps_cpp.hpp
[0.836s] -- Up-to-date: /home/markros2/rosproject/install/slam_toolbox/include/slam_toolbox/srv/detail/merge_maps__rosidl_typesupport_fastrtps_cpp.hpp
[0.836s] -- Up-to-date: /home/markros2/rosproject/install/slam_toolbox/include/slam_toolbox/srv/detail/clear_queue__rosidl_typesupport_fastrtps_cpp.hpp
[0.836s] -- Up-to-date: /home/markros2/rosproject/install/slam_toolbox/lib/libslam_toolbox__rosidl_typesupport_fastrtps_cpp.so
[0.836s] -- Up-to-date: /home/markros2/rosproject/install/slam_toolbox/include/slam_toolbox
[0.836s] -- Up-to-date: /home/markros2/rosproject/install/slam_toolbox/include/slam_toolbox/msg
[0.836s] -- Up-to-date: /home/markros2/rosproject/install/slam_toolbox/include/slam_toolbox/msg/rosidl_typesupport_introspection_c__visibility_control.h
[0.836s] -- Up-to-date: /home/markros2/rosproject/install/slam_toolbox/include/slam_toolbox/srv
[0.837s] -- Up-to-date: /home/markros2/rosproject/install/slam_toolbox/include/slam_toolbox/srv/detail
[0.837s] -- Up-to-date: /home/markros2/rosproject/install/slam_toolbox/include/slam_toolbox/srv/detail/save_map__type_support.c
[0.837s] -- Up-to-date: /home/markros2/rosproject/install/slam_toolbox/include/slam_toolbox/srv/detail/pause__rosidl_typesupport_introspection_c.h
[0.837s] -- Up-to-date: /home/markros2/rosproject/install/slam_toolbox/include/slam_toolbox/srv/detail/add_submap__type_support.c
[0.837s] -- Up-to-date: /home/markros2/rosproject/install/slam_toolbox/include/slam_toolbox/srv/detail/serialize_pose_graph__type_support.c
[0.837s] -- Up-to-date: /home/markros2/rosproject/install/slam_toolbox/include/slam_toolbox/srv/detail/toggle_interactive__rosidl_typesupport_introspection_c.h
[0.837s] -- Up-to-date: /home/markros2/rosproject/install/slam_toolbox/include/slam_toolbox/srv/detail/clear__rosidl_typesupport_introspection_c.h
[0.837s] -- Up-to-date: /home/markros2/rosproject/install/slam_toolbox/include/slam_toolbox/srv/detail/clear_queue__rosidl_typesupport_introspection_c.h
[0.837s] -- Up-to-date: /home/markros2/rosproject/install/slam_toolbox/include/slam_toolbox/srv/detail/serialize_pose_graph__rosidl_typesupport_introspection_c.h
[0.837s] -- Up-to-date: /home/markros2/rosproject/install/slam_toolbox/include/slam_toolbox/srv/detail/toggle_interactive__type_support.c
[0.837s] -- Up-to-date: /home/markros2/rosproject/install/slam_toolbox/include/slam_toolbox/srv/detail/loop_closure__type_support.c
[0.838s] -- Up-to-date: /home/markros2/rosproject/install/slam_toolbox/include/slam_toolbox/srv/detail/deserialize_pose_graph__type_support.c
[0.838s] -- Up-to-date: /home/markros2/rosproject/install/slam_toolbox/include/slam_toolbox/srv/detail/deserialize_pose_graph__rosidl_typesupport_introspection_c.h
[0.838s] -- Up-to-date: /home/markros2/rosproject/install/slam_toolbox/include/slam_toolbox/srv/detail/clear_queue__type_support.c
[0.838s] -- Up-to-date: /home/markros2/rosproject/install/slam_toolbox/include/slam_toolbox/srv/detail/merge_maps__rosidl_typesupport_introspection_c.h
[0.838s] -- Up-to-date: /home/markros2/rosproject/install/slam_toolbox/include/slam_toolbox/srv/detail/merge_maps__type_support.c
[0.838s] -- Up-to-date: /home/markros2/rosproject/install/slam_toolbox/include/slam_toolbox/srv/detail/save_map__rosidl_typesupport_introspection_c.h
[0.838s] -- Up-to-date: /home/markros2/rosproject/install/slam_toolbox/include/slam_toolbox/srv/detail/loop_closure__rosidl_typesupport_introspection_c.h
[0.838s] -- Up-to-date: /home/markros2/rosproject/install/slam_toolbox/include/slam_toolbox/srv/detail/clear__type_support.c
[0.838s] -- Up-to-date: /home/markros2/rosproject/install/slam_toolbox/include/slam_toolbox/srv/detail/add_submap__rosidl_typesupport_introspection_c.h
[0.838s] -- Up-to-date: /home/markros2/rosproject/install/slam_toolbox/include/slam_toolbox/srv/detail/pause__type_support.c
[0.838s] -- Up-to-date: /home/markros2/rosproject/install/slam_toolbox/lib/libslam_toolbox__rosidl_typesupport_introspection_c.so
[0.838s] -- Up-to-date: /home/markros2/rosproject/install/slam_toolbox/lib/libslam_toolbox__rosidl_typesupport_c.so
[0.838s] -- Up-to-date: /home/markros2/rosproject/install/slam_toolbox/include/slam_toolbox
[0.838s] -- Up-to-date: /home/markros2/rosproject/install/slam_toolbox/include/slam_toolbox/srv
[0.839s] -- Up-to-date: /home/markros2/rosproject/install/slam_toolbox/include/slam_toolbox/srv/save_map.hpp
[0.839s] -- Up-to-date: /home/markros2/rosproject/install/slam_toolbox/include/slam_toolbox/srv/serialize_pose_graph.hpp
[0.839s] -- Up-to-date: /home/markros2/rosproject/install/slam_toolbox/include/slam_toolbox/srv/pause.hpp
[0.839s] -- Up-to-date: /home/markros2/rosproject/install/slam_toolbox/include/slam_toolbox/srv/toggle_interactive.hpp
[0.839s] -- Up-to-date: /home/markros2/rosproject/install/slam_toolbox/include/slam_toolbox/srv/loop_closure.hpp
[0.839s] -- Up-to-date: /home/markros2/rosproject/install/slam_toolbox/include/slam_toolbox/srv/clear_queue.hpp
[0.839s] -- Up-to-date: /home/markros2/rosproject/install/slam_toolbox/include/slam_toolbox/srv/clear.hpp
[0.839s] -- Up-to-date: /home/markros2/rosproject/install/slam_toolbox/include/slam_toolbox/srv/detail
[0.839s] -- Up-to-date: /home/markros2/rosproject/install/slam_toolbox/include/slam_toolbox/srv/detail/loop_closure__traits.hpp
[0.839s] -- Up-to-date: /home/markros2/rosproject/install/slam_toolbox/include/slam_toolbox/srv/detail/save_map__struct.hpp
[0.839s] -- Up-to-date: /home/markros2/rosproject/install/slam_toolbox/include/slam_toolbox/srv/detail/deserialize_pose_graph__struct.hpp
[0.839s] -- Up-to-date: /home/markros2/rosproject/install/slam_toolbox/include/slam_toolbox/srv/detail/serialize_pose_graph__builder.hpp
[0.839s] -- Up-to-date: /home/markros2/rosproject/install/slam_toolbox/include/slam_toolbox/srv/detail/clear__builder.hpp
[0.839s] -- Up-to-date: /home/markros2/rosproject/install/slam_toolbox/include/slam_toolbox/srv/detail/merge_maps__builder.hpp
[0.839s] -- Up-to-date: /home/markros2/rosproject/install/slam_toolbox/include/slam_toolbox/srv/detail/merge_maps__struct.hpp
[0.840s] -- Up-to-date: /home/markros2/rosproject/install/slam_toolbox/include/slam_toolbox/srv/detail/toggle_interactive__traits.hpp
[0.840s] -- Up-to-date: /home/markros2/rosproject/install/slam_toolbox/include/slam_toolbox/srv/detail/add_submap__traits.hpp
[0.840s] -- Up-to-date: /home/markros2/rosproject/install/slam_toolbox/include/slam_toolbox/srv/detail/serialize_pose_graph__traits.hpp
[0.840s] -- Up-to-date: /home/markros2/rosproject/install/slam_toolbox/include/slam_toolbox/srv/detail/deserialize_pose_graph__traits.hpp
[0.840s] -- Up-to-date: /home/markros2/rosproject/install/slam_toolbox/include/slam_toolbox/srv/detail/toggle_interactive__struct.hpp
[0.840s] -- Up-to-date: /home/markros2/rosproject/install/slam_toolbox/include/slam_toolbox/srv/detail/serialize_pose_graph__struct.hpp
[0.840s] -- Up-to-date: /home/markros2/rosproject/install/slam_toolbox/include/slam_toolbox/srv/detail/add_submap__builder.hpp
[0.840s] -- Up-to-date: /home/markros2/rosproject/install/slam_toolbox/include/slam_toolbox/srv/detail/toggle_interactive__builder.hpp
[0.840s] -- Up-to-date: /home/markros2/rosproject/install/slam_toolbox/include/slam_toolbox/srv/detail/pause__traits.hpp
[0.840s] -- Up-to-date: /home/markros2/rosproject/install/slam_toolbox/include/slam_toolbox/srv/detail/merge_maps__traits.hpp
[0.840s] -- Up-to-date: /home/markros2/rosproject/install/slam_toolbox/include/slam_toolbox/srv/detail/add_submap__struct.hpp
[0.840s] -- Up-to-date: /home/markros2/rosproject/install/slam_toolbox/include/slam_toolbox/srv/detail/clear__traits.hpp
[0.840s] -- Up-to-date: /home/markros2/rosproject/install/slam_toolbox/include/slam_toolbox/srv/detail/clear_queue__traits.hpp
[0.840s] -- Up-to-date: /home/markros2/rosproject/install/slam_toolbox/include/slam_toolbox/srv/detail/save_map__traits.hpp
[0.841s] -- Up-to-date: /home/markros2/rosproject/install/slam_toolbox/include/slam_toolbox/srv/detail/clear_queue__builder.hpp
[0.841s] -- Up-to-date: /home/markros2/rosproject/install/slam_toolbox/include/slam_toolbox/srv/detail/deserialize_pose_graph__builder.hpp
[0.841s] -- Up-to-date: /home/markros2/rosproject/install/slam_toolbox/include/slam_toolbox/srv/detail/pause__builder.hpp
[0.841s] -- Up-to-date: /home/markros2/rosproject/install/slam_toolbox/include/slam_toolbox/srv/detail/clear__struct.hpp
[0.841s] -- Up-to-date: /home/markros2/rosproject/install/slam_toolbox/include/slam_toolbox/srv/detail/pause__struct.hpp
[0.841s] -- Up-to-date: /home/markros2/rosproject/install/slam_toolbox/include/slam_toolbox/srv/detail/save_map__builder.hpp
[0.841s] -- Up-to-date: /home/markros2/rosproject/install/slam_toolbox/include/slam_toolbox/srv/detail/loop_closure__builder.hpp
[0.841s] -- Up-to-date: /home/markros2/rosproject/install/slam_toolbox/include/slam_toolbox/srv/detail/loop_closure__struct.hpp
[0.841s] -- Up-to-date: /home/markros2/rosproject/install/slam_toolbox/include/slam_toolbox/srv/detail/clear_queue__struct.hpp
[0.841s] -- Up-to-date: /home/markros2/rosproject/install/slam_toolbox/include/slam_toolbox/srv/merge_maps.hpp
[0.841s] -- Up-to-date: /home/markros2/rosproject/install/slam_toolbox/include/slam_toolbox/srv/deserialize_pose_graph.hpp
[0.841s] -- Up-to-date: /home/markros2/rosproject/install/slam_toolbox/include/slam_toolbox/srv/add_submap.hpp
[0.841s] -- Up-to-date: /home/markros2/rosproject/install/slam_toolbox/include/slam_toolbox
[0.841s] -- Up-to-date: /home/markros2/rosproject/install/slam_toolbox/include/slam_toolbox/srv
[0.841s] -- Up-to-date: /home/markros2/rosproject/install/slam_toolbox/include/slam_toolbox/srv/detail
[0.842s] -- Up-to-date: /home/markros2/rosproject/install/slam_toolbox/include/slam_toolbox/srv/detail/save_map__type_support.cpp
[0.842s] -- Up-to-date: /home/markros2/rosproject/install/slam_toolbox/include/slam_toolbox/srv/detail/toggle_interactive__type_support.cpp
[0.842s] -- Up-to-date: /home/markros2/rosproject/install/slam_toolbox/include/slam_toolbox/srv/detail/deserialize_pose_graph__rosidl_typesupport_introspection_cpp.hpp
[0.842s] -- Up-to-date: /home/markros2/rosproject/install/slam_toolbox/include/slam_toolbox/srv/detail/pause__type_support.cpp
[0.842s] -- Up-to-date: /home/markros2/rosproject/install/slam_toolbox/include/slam_toolbox/srv/detail/add_submap__rosidl_typesupport_introspection_cpp.hpp
[0.842s] -- Up-to-date: /home/markros2/rosproject/install/slam_toolbox/include/slam_toolbox/srv/detail/merge_maps__rosidl_typesupport_introspection_cpp.hpp
[0.842s] -- Up-to-date: /home/markros2/rosproject/install/slam_toolbox/include/slam_toolbox/srv/detail/deserialize_pose_graph__type_support.cpp
[0.842s] -- Up-to-date: /home/markros2/rosproject/install/slam_toolbox/include/slam_toolbox/srv/detail/save_map__rosidl_typesupport_introspection_cpp.hpp
[0.842s] -- Up-to-date: /home/markros2/rosproject/install/slam_toolbox/include/slam_toolbox/srv/detail/clear_queue__rosidl_typesupport_introspection_cpp.hpp
[0.842s] -- Up-to-date: /home/markros2/rosproject/install/slam_toolbox/include/slam_toolbox/srv/detail/serialize_pose_graph__type_support.cpp
[0.842s] -- Up-to-date: /home/markros2/rosproject/install/slam_toolbox/include/slam_toolbox/srv/detail/merge_maps__type_support.cpp
[0.842s] -- Up-to-date: /home/markros2/rosproject/install/slam_toolbox/include/slam_toolbox/srv/detail/clear__rosidl_typesupport_introspection_cpp.hpp
[0.842s] -- Up-to-date: /home/markros2/rosproject/install/slam_toolbox/include/slam_toolbox/srv/detail/serialize_pose_graph__rosidl_typesupport_introspection_cpp.hpp
[0.843s] -- Up-to-date: /home/markros2/rosproject/install/slam_toolbox/include/slam_toolbox/srv/detail/toggle_interactive__rosidl_typesupport_introspection_cpp.hpp
[0.843s] -- Up-to-date: /home/markros2/rosproject/install/slam_toolbox/include/slam_toolbox/srv/detail/pause__rosidl_typesupport_introspection_cpp.hpp
[0.843s] -- Up-to-date: /home/markros2/rosproject/install/slam_toolbox/include/slam_toolbox/srv/detail/add_submap__type_support.cpp
[0.843s] -- Up-to-date: /home/markros2/rosproject/install/slam_toolbox/include/slam_toolbox/srv/detail/loop_closure__type_support.cpp
[0.843s] -- Up-to-date: /home/markros2/rosproject/install/slam_toolbox/include/slam_toolbox/srv/detail/loop_closure__rosidl_typesupport_introspection_cpp.hpp
[0.843s] -- Up-to-date: /home/markros2/rosproject/install/slam_toolbox/include/slam_toolbox/srv/detail/clear_queue__type_support.cpp
[0.843s] -- Up-to-date: /home/markros2/rosproject/install/slam_toolbox/include/slam_toolbox/srv/detail/clear__type_support.cpp
[0.843s] -- Up-to-date: /home/markros2/rosproject/install/slam_toolbox/lib/libslam_toolbox__rosidl_typesupport_introspection_cpp.so
[0.843s] -- Up-to-date: /home/markros2/rosproject/install/slam_toolbox/lib/libslam_toolbox__rosidl_typesupport_cpp.so
[0.843s] -- Up-to-date: /home/markros2/rosproject/install/slam_toolbox/share/slam_toolbox/environment/pythonpath.sh
[0.844s] -- Up-to-date: /home/markros2/rosproject/install/slam_toolbox/share/slam_toolbox/environment/pythonpath.dsv
[0.844s] -- Up-to-date: /home/markros2/rosproject/install/slam_toolbox/lib/python3.8/site-packages/slam_toolbox/__init__.py
[0.863s] -- Up-to-date: /home/markros2/rosproject/install/slam_toolbox/lib/python3.8/site-packages/slam_toolbox/srv
[0.863s] -- Up-to-date: /home/markros2/rosproject/install/slam_toolbox/lib/python3.8/site-packages/slam_toolbox/srv/_toggle_interactive_s.c
[0.863s] -- Up-to-date: /home/markros2/rosproject/install/slam_toolbox/lib/python3.8/site-packages/slam_toolbox/srv/_save_map.py
[0.863s] -- Up-to-date: /home/markros2/rosproject/install/slam_toolbox/lib/python3.8/site-packages/slam_toolbox/srv/_serialize_pose_graph_s.c
[0.863s] -- Up-to-date: /home/markros2/rosproject/install/slam_toolbox/lib/python3.8/site-packages/slam_toolbox/srv/_deserialize_pose_graph_s.c
[0.863s] -- Up-to-date: /home/markros2/rosproject/install/slam_toolbox/lib/python3.8/site-packages/slam_toolbox/srv/_toggle_interactive.py
[0.864s] -- Up-to-date: /home/markros2/rosproject/install/slam_toolbox/lib/python3.8/site-packages/slam_toolbox/srv/_pause.py
[0.864s] -- Up-to-date: /home/markros2/rosproject/install/slam_toolbox/lib/python3.8/site-packages/slam_toolbox/srv/_deserialize_pose_graph.py
[0.864s] -- Up-to-date: /home/markros2/rosproject/install/slam_toolbox/lib/python3.8/site-packages/slam_toolbox/srv/_loop_closure_s.c
[0.864s] -- Up-to-date: /home/markros2/rosproject/install/slam_toolbox/lib/python3.8/site-packages/slam_toolbox/srv/_pause_s.c
[0.864s] -- Up-to-date: /home/markros2/rosproject/install/slam_toolbox/lib/python3.8/site-packages/slam_toolbox/srv/_clear.py
[0.864s] -- Up-to-date: /home/markros2/rosproject/install/slam_toolbox/lib/python3.8/site-packages/slam_toolbox/srv/_merge_maps_s.c
[0.864s] -- Up-to-date: /home/markros2/rosproject/install/slam_toolbox/lib/python3.8/site-packages/slam_toolbox/srv/_add_submap.py
[0.864s] -- Up-to-date: /home/markros2/rosproject/install/slam_toolbox/lib/python3.8/site-packages/slam_toolbox/srv/_merge_maps.py
[0.864s] -- Up-to-date: /home/markros2/rosproject/install/slam_toolbox/lib/python3.8/site-packages/slam_toolbox/srv/_serialize_pose_graph.py
[0.865s] -- Up-to-date: /home/markros2/rosproject/install/slam_toolbox/lib/python3.8/site-packages/slam_toolbox/srv/_clear_queue_s.c
[0.865s] -- Up-to-date: /home/markros2/rosproject/install/slam_toolbox/lib/python3.8/site-packages/slam_toolbox/srv/_loop_closure.py
[0.865s] -- Up-to-date: /home/markros2/rosproject/install/slam_toolbox/lib/python3.8/site-packages/slam_toolbox/srv/_clear_s.c
[0.865s] -- Up-to-date: /home/markros2/rosproject/install/slam_toolbox/lib/python3.8/site-packages/slam_toolbox/srv/__init__.py
[0.865s] -- Up-to-date: /home/markros2/rosproject/install/slam_toolbox/lib/python3.8/site-packages/slam_toolbox/srv/_clear_queue.py
[0.865s] -- Up-to-date: /home/markros2/rosproject/install/slam_toolbox/lib/python3.8/site-packages/slam_toolbox/srv/_save_map_s.c
[0.866s] -- Up-to-date: /home/markros2/rosproject/install/slam_toolbox/lib/python3.8/site-packages/slam_toolbox/srv/_add_submap_s.c
[0.866s] -- Up-to-date: /home/markros2/rosproject/install/slam_toolbox/lib/python3.8/site-packages/slam_toolbox/slam_toolbox_s__rosidl_typesupport_fastrtps_c.cpython-38-x86_64-linux-gnu.so
[0.866s] -- Up-to-date: /home/markros2/rosproject/install/slam_toolbox/lib/python3.8/site-packages/slam_toolbox/slam_toolbox_s__rosidl_typesupport_introspection_c.cpython-38-x86_64-linux-gnu.so
[0.866s] -- Up-to-date: /home/markros2/rosproject/install/slam_toolbox/lib/python3.8/site-packages/slam_toolbox/slam_toolbox_s__rosidl_typesupport_c.cpython-38-x86_64-linux-gnu.so
[0.866s] -- Up-to-date: /home/markros2/rosproject/install/slam_toolbox/lib/libslam_toolbox__python.so
[0.866s] -- Up-to-date: /home/markros2/rosproject/install/slam_toolbox/share/slam_toolbox/srv/Pause.idl
[0.866s] -- Up-to-date: /home/markros2/rosproject/install/slam_toolbox/share/slam_toolbox/srv/ClearQueue.idl
[0.866s] -- Up-to-date: /home/markros2/rosproject/install/slam_toolbox/share/slam_toolbox/srv/ToggleInteractive.idl
[0.867s] -- Up-to-date: /home/markros2/rosproject/install/slam_toolbox/share/slam_toolbox/srv/Clear.idl
[0.867s] -- Up-to-date: /home/markros2/rosproject/install/slam_toolbox/share/slam_toolbox/srv/SaveMap.idl
[0.867s] -- Up-to-date: /home/markros2/rosproject/install/slam_toolbox/share/slam_toolbox/srv/LoopClosure.idl
[0.867s] -- Up-to-date: /home/markros2/rosproject/install/slam_toolbox/share/slam_toolbox/srv/MergeMaps.idl
[0.867s] -- Up-to-date: /home/markros2/rosproject/install/slam_toolbox/share/slam_toolbox/srv/AddSubmap.idl
[0.867s] -- Up-to-date: /home/markros2/rosproject/install/slam_toolbox/share/slam_toolbox/srv/DeserializePoseGraph.idl
[0.867s] -- Up-to-date: /home/markros2/rosproject/install/slam_toolbox/share/slam_toolbox/srv/SerializePoseGraph.idl
[0.867s] -- Up-to-date: /home/markros2/rosproject/install/slam_toolbox/share/slam_toolbox/srvs/Pause.srv
[0.867s] -- Up-to-date: /home/markros2/rosproject/install/slam_toolbox/share/slam_toolbox/srvs/Pause_Request.msg
[0.868s] -- Up-to-date: /home/markros2/rosproject/install/slam_toolbox/share/slam_toolbox/srvs/Pause_Response.msg
[0.868s] -- Up-to-date: /home/markros2/rosproject/install/slam_toolbox/share/slam_toolbox/srvs/ClearQueue.srv
[0.868s] -- Up-to-date: /home/markros2/rosproject/install/slam_toolbox/share/slam_toolbox/srvs/ClearQueue_Request.msg
[0.868s] -- Up-to-date: /home/markros2/rosproject/install/slam_toolbox/share/slam_toolbox/srvs/ClearQueue_Response.msg
[0.868s] -- Up-to-date: /home/markros2/rosproject/install/slam_toolbox/share/slam_toolbox/srvs/ToggleInteractive.srv
[0.868s] -- Up-to-date: /home/markros2/rosproject/install/slam_toolbox/share/slam_toolbox/srvs/ToggleInteractive_Request.msg
[0.868s] -- Up-to-date: /home/markros2/rosproject/install/slam_toolbox/share/slam_toolbox/srvs/ToggleInteractive_Response.msg
[0.868s] -- Up-to-date: /home/markros2/rosproject/install/slam_toolbox/share/slam_toolbox/srvs/Clear.srv
[0.868s] -- Up-to-date: /home/markros2/rosproject/install/slam_toolbox/share/slam_toolbox/srvs/Clear_Request.msg
[0.868s] -- Up-to-date: /home/markros2/rosproject/install/slam_toolbox/share/slam_toolbox/srvs/Clear_Response.msg
[0.868s] -- Up-to-date: /home/markros2/rosproject/install/slam_toolbox/share/slam_toolbox/srvs/SaveMap.srv
[0.868s] -- Up-to-date: /home/markros2/rosproject/install/slam_toolbox/share/slam_toolbox/srvs/SaveMap_Request.msg
[0.869s] -- Up-to-date: /home/markros2/rosproject/install/slam_toolbox/share/slam_toolbox/srvs/SaveMap_Response.msg
[0.869s] -- Up-to-date: /home/markros2/rosproject/install/slam_toolbox/share/slam_toolbox/srvs/LoopClosure.srv
[0.869s] -- Up-to-date: /home/markros2/rosproject/install/slam_toolbox/share/slam_toolbox/srvs/LoopClosure_Request.msg
[0.869s] -- Up-to-date: /home/markros2/rosproject/install/slam_toolbox/share/slam_toolbox/srvs/LoopClosure_Response.msg
[0.869s] -- Up-to-date: /home/markros2/rosproject/install/slam_toolbox/share/slam_toolbox/srvs/MergeMaps.srv
[0.869s] -- Up-to-date: /home/markros2/rosproject/install/slam_toolbox/share/slam_toolbox/srvs/MergeMaps_Request.msg
[0.869s] -- Up-to-date: /home/markros2/rosproject/install/slam_toolbox/share/slam_toolbox/srvs/MergeMaps_Response.msg
[0.869s] -- Up-to-date: /home/markros2/rosproject/install/slam_toolbox/share/slam_toolbox/srvs/AddSubmap.srv
[0.869s] -- Up-to-date: /home/markros2/rosproject/install/slam_toolbox/share/slam_toolbox/srvs/AddSubmap_Request.msg
[0.869s] -- Up-to-date: /home/markros2/rosproject/install/slam_toolbox/share/slam_toolbox/srvs/AddSubmap_Response.msg
[0.869s] -- Up-to-date: /home/markros2/rosproject/install/slam_toolbox/share/slam_toolbox/srvs/DeserializePoseGraph.srv
[0.869s] -- Up-to-date: /home/markros2/rosproject/install/slam_toolbox/share/slam_toolbox/srvs/DeserializePoseGraph_Request.msg
[0.869s] -- Up-to-date: /home/markros2/rosproject/install/slam_toolbox/share/slam_toolbox/srvs/DeserializePoseGraph_Response.msg
[0.870s] -- Up-to-date: /home/markros2/rosproject/install/slam_toolbox/share/slam_toolbox/srvs/SerializePoseGraph.srv
[0.870s] -- Up-to-date: /home/markros2/rosproject/install/slam_toolbox/share/slam_toolbox/srvs/SerializePoseGraph_Request.msg
[0.870s] -- Up-to-date: /home/markros2/rosproject/install/slam_toolbox/share/slam_toolbox/srvs/SerializePoseGraph_Response.msg
[0.870s] -- Up-to-date: /home/markros2/rosproject/install/slam_toolbox/share/slam_toolbox/rviz_plugins.xml
[0.870s] -- Up-to-date: /home/markros2/rosproject/install/slam_toolbox/share/slam_toolbox/solver_plugins.xml
[0.870s] -- Up-to-date: /home/markros2/rosproject/install/slam_toolbox/lib/slam_toolbox/async_slam_toolbox_node
[0.870s] -- Up-to-date: /home/markros2/rosproject/install/slam_toolbox/lib/slam_toolbox/sync_slam_toolbox_node
[0.870s] -- Up-to-date: /home/markros2/rosproject/install/slam_toolbox/lib/slam_toolbox/localization_slam_toolbox_node
[0.870s] -- Up-to-date: /home/markros2/rosproject/install/slam_toolbox/lib/slam_toolbox/lifelong_slam_toolbox_node
[0.870s] -- Up-to-date: /home/markros2/rosproject/install/slam_toolbox/lib/slam_toolbox/merge_maps_kinematic
[0.870s] -- Up-to-date: /home/markros2/rosproject/install/slam_toolbox/lib/libtoolbox_common.so
[0.870s] -- Up-to-date: /home/markros2/rosproject/install/slam_toolbox/lib/libSlamToolboxPlugin.so
[0.870s] -- Up-to-date: /home/markros2/rosproject/install/slam_toolbox/lib/libceres_solver_plugin.so
[0.870s] -- Up-to-date: /home/markros2/rosproject/install/slam_toolbox/lib/libasync_slam_toolbox.so
[0.871s] -- Up-to-date: /home/markros2/rosproject/install/slam_toolbox/lib/libsync_slam_toolbox.so
[0.871s] -- Up-to-date: /home/markros2/rosproject/install/slam_toolbox/lib/liblocalization_slam_toolbox.so
[0.871s] -- Up-to-date: /home/markros2/rosproject/install/slam_toolbox/lib/liblifelong_slam_toolbox.so
[0.871s] -- Up-to-date: /home/markros2/rosproject/install/slam_toolbox/lib/libSlamToolboxPlugin.so
[0.872s] -- Up-to-date: /home/markros2/rosproject/install/slam_toolbox/include
[0.872s] -- Up-to-date: /home/markros2/rosproject/install/slam_toolbox/include/slam_toolbox
[0.872s] -- Up-to-date: /home/markros2/rosproject/install/slam_toolbox/include/slam_toolbox/slam_toolbox_async.hpp
[0.872s] -- Up-to-date: /home/markros2/rosproject/install/slam_toolbox/include/slam_toolbox/map_saver.hpp
[0.872s] -- Up-to-date: /home/markros2/rosproject/install/slam_toolbox/include/slam_toolbox/slam_toolbox_sync.hpp
[0.872s] -- Up-to-date: /home/markros2/rosproject/install/slam_toolbox/include/slam_toolbox/merge_maps_kinematic.hpp
[0.872s] -- Up-to-date: /home/markros2/rosproject/install/slam_toolbox/include/slam_toolbox/slam_toolbox_localization.hpp
[0.873s] -- Up-to-date: /home/markros2/rosproject/install/slam_toolbox/include/slam_toolbox/snap_utils.hpp
[0.873s] -- Up-to-date: /home/markros2/rosproject/install/slam_toolbox/include/slam_toolbox/laser_utils.hpp
[0.873s] -- Up-to-date: /home/markros2/rosproject/install/slam_toolbox/include/slam_toolbox/slam_toolbox_common.hpp
[0.873s] -- Up-to-date: /home/markros2/rosproject/install/slam_toolbox/include/slam_toolbox/serialization.hpp
[0.873s] -- Up-to-date: /home/markros2/rosproject/install/slam_toolbox/include/slam_toolbox/toolbox_types.hpp
[0.873s] -- Up-to-date: /home/markros2/rosproject/install/slam_toolbox/include/slam_toolbox/get_pose_helper.hpp
[0.873s] -- Up-to-date: /home/markros2/rosproject/install/slam_toolbox/include/slam_toolbox/toolbox_msgs.hpp
[0.873s] -- Up-to-date: /home/markros2/rosproject/install/slam_toolbox/include/slam_toolbox/visualization_utils.hpp
[0.873s] -- Up-to-date: /home/markros2/rosproject/install/slam_toolbox/include/slam_toolbox/experimental
[0.873s] -- Up-to-date: /home/markros2/rosproject/install/slam_toolbox/include/slam_toolbox/experimental/slam_toolbox_lifelong.hpp
[0.873s] -- Up-to-date: /home/markros2/rosproject/install/slam_toolbox/include/slam_toolbox/slam_mapper.hpp
[0.874s] -- Up-to-date: /home/markros2/rosproject/install/slam_toolbox/include/slam_toolbox/loop_closure_assistant.hpp
[0.874s] -- Up-to-date: /home/markros2/rosproject/install/slam_toolbox/share/slam_toolbox/launch
[0.874s] -- Up-to-date: /home/markros2/rosproject/install/slam_toolbox/share/slam_toolbox/launch/lifelong_launch.py
[0.874s] -- Up-to-date: /home/markros2/rosproject/install/slam_toolbox/share/slam_toolbox/launch/localization_launch.py
[0.874s] -- Up-to-date: /home/markros2/rosproject/install/slam_toolbox/share/slam_toolbox/launch/online_async_launch.py
[0.874s] -- Up-to-date: /home/markros2/rosproject/install/slam_toolbox/share/slam_toolbox/launch/online_sync_launch.py
[0.874s] -- Up-to-date: /home/markros2/rosproject/install/slam_toolbox/share/slam_toolbox/launch/merge_maps_kinematic_launch.py
[0.874s] -- Up-to-date: /home/markros2/rosproject/install/slam_toolbox/share/slam_toolbox/launch/offline_launch.py
[0.874s] -- Up-to-date: /home/markros2/rosproject/install/slam_toolbox/share/slam_toolbox/config
[0.874s] -- Up-to-date: /home/markros2/rosproject/install/slam_toolbox/share/slam_toolbox/config/mapper_params_localization.yaml
[0.874s] -- Up-to-date: /home/markros2/rosproject/install/slam_toolbox/share/slam_toolbox/config/mapper_params_online_async.yaml
[0.874s] -- Up-to-date: /home/markros2/rosproject/install/slam_toolbox/share/slam_toolbox/config/mapper_params_online_sync.yaml
[0.875s] -- Up-to-date: /home/markros2/rosproject/install/slam_toolbox/share/slam_toolbox/config/mapper_params_lifelong.yaml
[0.875s] -- Up-to-date: /home/markros2/rosproject/install/slam_toolbox/share/slam_toolbox/config/mapper_params_offline.yaml
[0.875s] -- Up-to-date: /home/markros2/rosproject/install/slam_toolbox/share/slam_toolbox/config/slam_toolbox_default.rviz
[0.875s] -- Up-to-date: /home/markros2/rosproject/install/slam_toolbox/share/solver_plugins.xml
[0.875s] -- Up-to-date: /home/markros2/rosproject/install/slam_toolbox/share/rviz_plugins.xml
[0.875s] -- Up-to-date: /home/markros2/rosproject/install/slam_toolbox/share/ament_index/resource_index/package_run_dependencies/slam_toolbox
[0.875s] -- Up-to-date: /home/markros2/rosproject/install/slam_toolbox/share/ament_index/resource_index/parent_prefix_path/slam_toolbox
[0.875s] -- Up-to-date: /home/markros2/rosproject/install/slam_toolbox/share/slam_toolbox/environment/ament_prefix_path.sh
[0.875s] -- Up-to-date: /home/markros2/rosproject/install/slam_toolbox/share/slam_toolbox/environment/ament_prefix_path.dsv
[0.875s] -- Up-to-date: /home/markros2/rosproject/install/slam_toolbox/share/slam_toolbox/environment/path.sh
[0.875s] -- Up-to-date: /home/markros2/rosproject/install/slam_toolbox/share/slam_toolbox/environment/path.dsv
[0.875s] -- Up-to-date: /home/markros2/rosproject/install/slam_toolbox/share/slam_toolbox/local_setup.bash
[0.876s] -- Up-to-date: /home/markros2/rosproject/install/slam_toolbox/share/slam_toolbox/local_setup.sh
[0.876s] -- Up-to-date: /home/markros2/rosproject/install/slam_toolbox/share/slam_toolbox/local_setup.zsh
[0.876s] -- Up-to-date: /home/markros2/rosproject/install/slam_toolbox/share/slam_toolbox/local_setup.dsv
[0.876s] -- Installing: /home/markros2/rosproject/install/slam_toolbox/share/slam_toolbox/package.dsv
[0.876s] -- Up-to-date: /home/markros2/rosproject/install/slam_toolbox/share/ament_index/resource_index/packages/slam_toolbox
[0.876s] -- Up-to-date: /home/markros2/rosproject/install/slam_toolbox/share/ament_index/resource_index/rviz_common__pluginlib__plugin/slam_toolbox
[0.876s] -- Up-to-date: /home/markros2/rosproject/install/slam_toolbox/share/ament_index/resource_index/slam_toolbox__pluginlib__plugin/slam_toolbox
[0.876s] -- Up-to-date: /home/markros2/rosproject/install/slam_toolbox/share/slam_toolbox/cmake/slam_toolbox__rosidl_generator_cExport.cmake
[0.876s] -- Up-to-date: /home/markros2/rosproject/install/slam_toolbox/share/slam_toolbox/cmake/slam_toolbox__rosidl_generator_cExport-release.cmake
[0.876s] -- Up-to-date: /home/markros2/rosproject/install/slam_toolbox/share/slam_toolbox/cmake/slam_toolbox__rosidl_typesupport_introspection_cExport.cmake
[0.877s] -- Up-to-date: /home/markros2/rosproject/install/slam_toolbox/share/slam_toolbox/cmake/slam_toolbox__rosidl_typesupport_introspection_cExport-release.cmake
[0.877s] -- Up-to-date: /home/markros2/rosproject/install/slam_toolbox/share/slam_toolbox/cmake/slam_toolbox__rosidl_typesupport_cExport.cmake
[0.877s] -- Up-to-date: /home/markros2/rosproject/install/slam_toolbox/share/slam_toolbox/cmake/slam_toolbox__rosidl_typesupport_cExport-release.cmake
[0.877s] -- Up-to-date: /home/markros2/rosproject/install/slam_toolbox/share/slam_toolbox/cmake/slam_toolbox__rosidl_generator_cppExport.cmake
[0.877s] -- Up-to-date: /home/markros2/rosproject/install/slam_toolbox/share/slam_toolbox/cmake/slam_toolbox__rosidl_typesupport_introspection_cppExport.cmake
[0.877s] -- Up-to-date: /home/markros2/rosproject/install/slam_toolbox/share/slam_toolbox/cmake/slam_toolbox__rosidl_typesupport_introspection_cppExport-release.cmake
[0.877s] -- Up-to-date: /home/markros2/rosproject/install/slam_toolbox/share/slam_toolbox/cmake/slam_toolbox__rosidl_typesupport_cppExport.cmake
[0.877s] -- Up-to-date: /home/markros2/rosproject/install/slam_toolbox/share/slam_toolbox/cmake/slam_toolbox__rosidl_typesupport_cppExport-release.cmake
[0.878s] -- Up-to-date: /home/markros2/rosproject/install/slam_toolbox/share/slam_toolbox/cmake/SlamToolboxPluginExport.cmake
[0.878s] -- Up-to-date: /home/markros2/rosproject/install/slam_toolbox/share/slam_toolbox/cmake/SlamToolboxPluginExport-release.cmake
[0.878s] -- Up-to-date: /home/markros2/rosproject/install/slam_toolbox/share/slam_toolbox/cmake/rosidl_cmake-extras.cmake
[0.878s] -- Up-to-date: /home/markros2/rosproject/install/slam_toolbox/share/slam_toolbox/cmake/ament_cmake_export_dependencies-extras.cmake
[0.878s] -- Up-to-date: /home/markros2/rosproject/install/slam_toolbox/share/slam_toolbox/cmake/ament_cmake_export_libraries-extras.cmake
[0.878s] -- Up-to-date: /home/markros2/rosproject/install/slam_toolbox/share/slam_toolbox/cmake/ament_cmake_export_targets-extras.cmake
[0.878s] -- Up-to-date: /home/markros2/rosproject/install/slam_toolbox/share/slam_toolbox/cmake/ament_cmake_export_include_directories-extras.cmake
[0.878s] -- Up-to-date: /home/markros2/rosproject/install/slam_toolbox/share/slam_toolbox/cmake/rosidl_cmake_export_typesupport_libraries-extras.cmake
[0.878s] -- Up-to-date: /home/markros2/rosproject/install/slam_toolbox/share/slam_toolbox/cmake/rosidl_cmake_export_typesupport_targets-extras.cmake
[0.879s] -- Up-to-date: /home/markros2/rosproject/install/slam_toolbox/share/slam_toolbox/cmake/slam_toolboxConfig.cmake
[0.879s] -- Up-to-date: /home/markros2/rosproject/install/slam_toolbox/share/slam_toolbox/cmake/slam_toolboxConfig-version.cmake
[0.879s] -- Up-to-date: /home/markros2/rosproject/install/slam_toolbox/share/slam_toolbox/package.xml
[0.879s] -- Up-to-date: /home/markros2/rosproject/install/slam_toolbox/include/
[0.879s] -- Up-to-date: /home/markros2/rosproject/install/slam_toolbox/include//karto_sdk
[0.879s] -- Up-to-date: /home/markros2/rosproject/install/slam_toolbox/include//karto_sdk/nanoflann_adaptors.h
[0.879s] -- Up-to-date: /home/markros2/rosproject/install/slam_toolbox/include//karto_sdk/Types.h
[0.879s] -- Up-to-date: /home/markros2/rosproject/install/slam_toolbox/include//karto_sdk/Macros.h
[0.879s] -- Up-to-date: /home/markros2/rosproject/install/slam_toolbox/include//karto_sdk/Math.h
[0.879s] -- Up-to-date: /home/markros2/rosproject/install/slam_toolbox/include//karto_sdk/Mapper.h
[0.879s] -- Up-to-date: /home/markros2/rosproject/install/slam_toolbox/include//karto_sdk/nanoflann.hpp
[0.880s] -- Up-to-date: /home/markros2/rosproject/install/slam_toolbox/include//karto_sdk/Karto.h
[0.880s] -- Up-to-date: /home/markros2/rosproject/install/slam_toolbox/lib/libkartoSlamToolbox.so
[0.880s] -- Up-to-date: /home/markros2/rosproject/install/slam_toolbox/share/karto_sdk/environment/library_path.sh
[0.880s] -- Up-to-date: /home/markros2/rosproject/install/slam_toolbox/share/karto_sdk/environment/library_path.dsv
[0.880s] -- Up-to-date: /home/markros2/rosproject/install/slam_toolbox/share/ament_index/resource_index/package_run_dependencies/karto_sdk
[0.880s] -- Up-to-date: /home/markros2/rosproject/install/slam_toolbox/share/ament_index/resource_index/parent_prefix_path/karto_sdk
[0.882s] -- Up-to-date: /home/markros2/rosproject/install/slam_toolbox/share/karto_sdk/environment/ament_prefix_path.sh
[0.882s] -- Up-to-date: /home/markros2/rosproject/install/slam_toolbox/share/karto_sdk/environment/ament_prefix_path.dsv
[0.882s] -- Up-to-date: /home/markros2/rosproject/install/slam_toolbox/share/karto_sdk/environment/path.sh
[0.882s] -- Up-to-date: /home/markros2/rosproject/install/slam_toolbox/share/karto_sdk/environment/path.dsv
[0.882s] -- Up-to-date: /home/markros2/rosproject/install/slam_toolbox/share/karto_sdk/local_setup.bash
[0.882s] -- Up-to-date: /home/markros2/rosproject/install/slam_toolbox/share/karto_sdk/local_setup.sh
[0.883s] -- Up-to-date: /home/markros2/rosproject/install/slam_toolbox/share/karto_sdk/local_setup.zsh
[0.883s] -- Up-to-date: /home/markros2/rosproject/install/slam_toolbox/share/karto_sdk/local_setup.dsv
[0.883s] -- Up-to-date: /home/markros2/rosproject/install/slam_toolbox/share/karto_sdk/package.dsv
[0.883s] -- Up-to-date: /home/markros2/rosproject/install/slam_toolbox/share/ament_index/resource_index/packages/karto_sdk
[0.883s] -- Up-to-date: /home/markros2/rosproject/install/slam_toolbox/share/karto_sdk/cmake/ament_cmake_export_libraries-extras.cmake
[0.883s] -- Up-to-date: /home/markros2/rosproject/install/slam_toolbox/share/karto_sdk/cmake/ament_cmake_export_include_directories-extras.cmake
[0.883s] -- Up-to-date: /home/markros2/rosproject/install/slam_toolbox/share/karto_sdk/cmake/ament_cmake_export_dependencies-extras.cmake
[0.883s] -- Up-to-date: /home/markros2/rosproject/install/slam_toolbox/share/karto_sdk/cmake/karto_sdkConfig.cmake
[0.884s] -- Up-to-date: /home/markros2/rosproject/install/slam_toolbox/share/karto_sdk/cmake/karto_sdkConfig-version.cmake
[0.884s] -- Up-to-date: /home/markros2/rosproject/install/slam_toolbox/share/karto_sdk/package.xml
[0.884s] Invoked command in '/home/markros2/rosproject/build/slam_toolbox' returned '0': CMAKE_PREFIX_PATH=${CMAKE_PREFIX_PATH}:/home/markros2/rosproject/install/my_robot_slam:/home/markros2/project/install/slam:/opt/ros/foxy /usr/bin/cmake --install /home/markros2/rosproject/build/slam_toolbox
