[0.601s] Invoking command in '/home/markros2/rosproject/src/pubsub': PYTHONPATH=/home/markros2/rosproject/install/pubsub/lib/python3.8/site-packages:${PYTHONPATH} /usr/bin/python3 setup.py egg_info --egg-base ../../build/pubsub build --build-base /home/markros2/rosproject/build/pubsub/build install --prefix /home/markros2/rosproject/install/pubsub --record /home/markros2/rosproject/build/pubsub/install.log --single-version-externally-managed
[0.817s] running egg_info
[0.818s] writing ../../build/pubsub/pubsub.egg-info/PKG-INFO
[0.819s] writing dependency_links to ../../build/pubsub/pubsub.egg-info/dependency_links.txt
[0.819s] writing entry points to ../../build/pubsub/pubsub.egg-info/entry_points.txt
[0.819s] writing requirements to ../../build/pubsub/pubsub.egg-info/requires.txt
[0.820s] writing top-level names to ../../build/pubsub/pubsub.egg-info/top_level.txt
[0.862s] reading manifest file '../../build/pubsub/pubsub.egg-info/SOURCES.txt'
[0.862s] writing manifest file '../../build/pubsub/pubsub.egg-info/SOURCES.txt'
[0.862s] running build
[0.862s] running build_py
[0.863s] copying pubsub/publisher.py -> /home/markros2/rosproject/build/pubsub/build/lib/pubsub
[0.863s] running install
[0.863s] running install_lib
[0.864s] copying /home/markros2/rosproject/build/pubsub/build/lib/pubsub/publisher.py -> /home/markros2/rosproject/install/pubsub/lib/python3.8/site-packages/pubsub
[0.865s] byte-compiling /home/markros2/rosproject/install/pubsub/lib/python3.8/site-packages/pubsub/publisher.py to publisher.cpython-38.pyc
[0.866s] running install_data
[0.867s] running install_egg_info
[0.868s] removing '/home/markros2/rosproject/install/pubsub/lib/python3.8/site-packages/pubsub-0.0.0-py3.8.egg-info' (and everything under it)
[0.869s] Copying ../../build/pubsub/pubsub.egg-info to /home/markros2/rosproject/install/pubsub/lib/python3.8/site-packages/pubsub-0.0.0-py3.8.egg-info
[0.869s] running install_scripts
[0.893s] Installing publisher script to /home/markros2/rosproject/install/pubsub/lib/pubsub
[0.893s] Installing subscriber script to /home/markros2/rosproject/install/pubsub/lib/pubsub
[0.893s] writing list of installed files to '/home/markros2/rosproject/build/pubsub/install.log'
[0.927s] Invoked command in '/home/markros2/rosproject/src/pubsub' returned '0': PYTHONPATH=/home/markros2/rosproject/install/pubsub/lib/python3.8/site-packages:${PYTHONPATH} /usr/bin/python3 setup.py egg_info --egg-base ../../build/pubsub build --build-base /home/markros2/rosproject/build/pubsub/build install --prefix /home/markros2/rosproject/install/pubsub --record /home/markros2/rosproject/build/pubsub/install.log --single-version-externally-managed
