[0.768s] Invoking command in '/home/markros2/rosproject/src/my_vacuum_cleaner': PYTHONPATH=/home/markros2/rosproject/install/my_vacuum_cleaner/lib/python3.8/site-packages:${PYTHONPATH} /usr/bin/python3 setup.py egg_info --egg-base ../../build/my_vacuum_cleaner build --build-base /home/markros2/rosproject/build/my_vacuum_cleaner/build install --prefix /home/markros2/rosproject/install/my_vacuum_cleaner --record /home/markros2/rosproject/build/my_vacuum_cleaner/install.log --single-version-externally-managed
[0.990s] running egg_info
[0.990s] writing ../../build/my_vacuum_cleaner/my_vacuum_cleaner.egg-info/PKG-INFO
[0.991s] writing dependency_links to ../../build/my_vacuum_cleaner/my_vacuum_cleaner.egg-info/dependency_links.txt
[0.991s] writing entry points to ../../build/my_vacuum_cleaner/my_vacuum_cleaner.egg-info/entry_points.txt
[0.991s] writing requirements to ../../build/my_vacuum_cleaner/my_vacuum_cleaner.egg-info/requires.txt
[0.992s] writing top-level names to ../../build/my_vacuum_cleaner/my_vacuum_cleaner.egg-info/top_level.txt
[1.041s] reading manifest file '../../build/my_vacuum_cleaner/my_vacuum_cleaner.egg-info/SOURCES.txt'
[1.041s] writing manifest file '../../build/my_vacuum_cleaner/my_vacuum_cleaner.egg-info/SOURCES.txt'
[1.042s] running build
[1.042s] running build_py
[1.042s] copying my_vacuum_cleaner/coverage.py -> /home/markros2/rosproject/build/my_vacuum_cleaner/build/lib/my_vacuum_cleaner
[1.042s] running install
[1.043s] running install_lib
[1.044s] copying /home/markros2/rosproject/build/my_vacuum_cleaner/build/lib/my_vacuum_cleaner/coverage.py -> /home/markros2/rosproject/install/my_vacuum_cleaner/lib/python3.8/site-packages/my_vacuum_cleaner
[1.044s] byte-compiling /home/markros2/rosproject/install/my_vacuum_cleaner/lib/python3.8/site-packages/my_vacuum_cleaner/coverage.py to coverage.cpython-38.pyc
[1.046s] running install_data
[1.047s] running install_egg_info
[1.049s] removing '/home/markros2/rosproject/install/my_vacuum_cleaner/lib/python3.8/site-packages/my_vacuum_cleaner-0.0.0-py3.8.egg-info' (and everything under it)
[1.049s] Copying ../../build/my_vacuum_cleaner/my_vacuum_cleaner.egg-info to /home/markros2/rosproject/install/my_vacuum_cleaner/lib/python3.8/site-packages/my_vacuum_cleaner-0.0.0-py3.8.egg-info
[1.050s] running install_scripts
[1.068s] Installing coverage script to /home/markros2/rosproject/install/my_vacuum_cleaner/lib/my_vacuum_cleaner
[1.069s] writing list of installed files to '/home/markros2/rosproject/build/my_vacuum_cleaner/install.log'
[1.092s] Invoked command in '/home/markros2/rosproject/src/my_vacuum_cleaner' returned '0': PYTHONPATH=/home/markros2/rosproject/install/my_vacuum_cleaner/lib/python3.8/site-packages:${PYTHONPATH} /usr/bin/python3 setup.py egg_info --egg-base ../../build/my_vacuum_cleaner build --build-base /home/markros2/rosproject/build/my_vacuum_cleaner/build install --prefix /home/markros2/rosproject/install/my_vacuum_cleaner --record /home/markros2/rosproject/build/my_vacuum_cleaner/install.log --single-version-externally-managed
