[0.834s] Invoking command in '/home/markros2/rosproject/src/pubsub': PYTHONPATH=/home/markros2/rosproject/install/pubsub/lib/python3.8/site-packages:${PYTHONPATH} /usr/bin/python3 setup.py egg_info --egg-base ../../build/pubsub build --build-base /home/markros2/rosproject/build/pubsub/build install --prefix /home/markros2/rosproject/install/pubsub --record /home/markros2/rosproject/build/pubsub/install.log --single-version-externally-managed
[1.062s] running egg_info
[1.063s] writing ../../build/pubsub/pubsub.egg-info/PKG-INFO
[1.063s] writing dependency_links to ../../build/pubsub/pubsub.egg-info/dependency_links.txt
[1.064s] writing entry points to ../../build/pubsub/pubsub.egg-info/entry_points.txt
[1.064s] writing requirements to ../../build/pubsub/pubsub.egg-info/requires.txt
[1.065s] writing top-level names to ../../build/pubsub/pubsub.egg-info/top_level.txt
[1.122s] reading manifest file '../../build/pubsub/pubsub.egg-info/SOURCES.txt'
[1.124s] writing manifest file '../../build/pubsub/pubsub.egg-info/SOURCES.txt'
[1.124s] running build
[1.124s] running build_py
[1.124s] running install
[1.125s] running install_lib
[1.128s] running install_data
[1.128s] running install_egg_info
[1.130s] removing '/home/markros2/rosproject/install/pubsub/lib/python3.8/site-packages/pubsub-0.0.0-py3.8.egg-info' (and everything under it)
[1.130s] Copying ../../build/pubsub/pubsub.egg-info to /home/markros2/rosproject/install/pubsub/lib/python3.8/site-packages/pubsub-0.0.0-py3.8.egg-info
[1.132s] running install_scripts
[1.157s] Installing publisher script to /home/markros2/rosproject/install/pubsub/lib/pubsub
[1.158s] writing list of installed files to '/home/markros2/rosproject/build/pubsub/install.log'
[1.203s] Invoked command in '/home/markros2/rosproject/src/pubsub' returned '0': PYTHONPATH=/home/markros2/rosproject/install/pubsub/lib/python3.8/site-packages:${PYTHONPATH} /usr/bin/python3 setup.py egg_info --egg-base ../../build/pubsub build --build-base /home/markros2/rosproject/build/pubsub/build install --prefix /home/markros2/rosproject/install/pubsub --record /home/markros2/rosproject/build/pubsub/install.log --single-version-externally-managed
